Log file created on Wed Feb 26 23:37:38 CET 2020.

Reading input with userInput.input from file neohookean.msh
 ...Adding 903 nodes.
 ...Adding 1692 elements.
 ...Created NodeGroup `left' with 17 nodes.
 ...Created NodeGroup `right' with 17 nodes.

Created a new model named `model'.

Data summary:

  nodes ......................................... 903
  node dofs ..................................... 1806
  node groups ................................... 4
  elements ...................................... 1692
  element groups ................................ 3

userModules.view : loaded configuration data from `neohookean.view'
userModules.view.mesh : building graphics mesh ...
userModules.view.mesh : ready; graphics mesh contains:

  vertices  ...... 903
  faces     ...... 1692
  triangles ...... 1692
  lines     ...... 0
  edges     ...... 2594

*** WARNING: module `userModules.view' : unsupported image type: `png'; supported type is `ppm'
*** WARNING: module `userModules.view' : snapshot files will be saved in PPM format

Application configuration data:

  log	=
  {
    file	= "-neohookean.log";
    rank	= 0;
    pattern	= "*.info";
    logPrefix	= "";
    outPrefix	= "";
    warnPrefix	= "*** WARNING: ";
    errPrefix	= "*** ERROR: ";
  };
  userModules	=
  {
    solver	=
    {
      maxIter	= 20;
      tiny	= 1.00000e-300;
      precision	= 1.00000e-06;
      maxIncr	= 10.0000;
      lineSearch	= false;
      deltaCons	= false;
      updateWhen	= none;
      solver	=
      {
        type	= "SkylineLU";
        lenient	= true;
        precision	= 5.00000e-07;
        zeroThreshold	= 1.49012e-08;
        maxZeroPivots	= 0;
        reorder	= true;
        useThreads	= true;
        printPivots	= false;
      };
    };
    graph	=
    {
      sampleWhen	= "accepted";
      dataSets	= [ "loadDisp" ];
      window	=
      {
        bgColor	= "white";
        title	= "userModules.graph";
        width	= 400;
        height	= 200;
      };
      camera	=
      {
        range	= 1.00000;
        position	= [ -0.00000, -0.00000 ];
        zoom	= 0.00000;
        quality	= 1;
        autoQuality	= false;
      };
      graph	=
      {
        hidden	= false;
        width	= 1.00000;
        height	= 1.00000;
        showKey	= true;
        keyPos	= [ 0.900000, 0.900000 ];
        title	= "";
        xLabel	= "";
        yLabel	= "";
        scaleStep	= 0.100000;
        xRange	= "auto";
        yRange	= "auto";
      };
      loadDisp	=
      {
        key	= "Load-displacement curve";
        maxPoints	= -1;
        pointStyle	= none;
        lineWidth	= 1.20000;
        lineColor	= "black";
        xData	= "model.model.lodi.disp[0]";
        yData	= "model.model.lodi.load[0]";
      };
    };
    view	=
    {
      snapFile	= "neohookean%2i.png";
      configFile	= "neohookean.view";
      updateWhen	= true;
      snapWhen	= false;
      offScreen	= false;
      camera	=
      {
        type	= "Perspective";
        farClip	= 97.9413;
        nearClip	= 17.7413;
        viewAngle	= 40.0000;
        position	= [ 0.0500002, -0.00475669, 57.8413 ];
        zoom	= 0.00000;
        quality	= 1;
        autoQuality	= false;
      };
      disp	=
      {
        type	= "Vector";
        vector	= "state";
        nullValue	= 0.00000;
      };
      stress	=
      {
        type	= "Table";
        table	= "nodes/stress";
        tableType	= "Dense";
        nullValue	= 0.00000;
      };
      dataSets	= [ "disp", "stress" ];
      window	=
      {
        bgColor	= "white";
        title	= "feel.userModules.view";
        width	= 1389;
        height	= 759;
      };
      world	=
      {
        scale	= 1.00000;
        rotmat	= [ 1.00000, 0.00000, 0.00000, 0.00000, 1.00000, 0.00000, 0.00000, 0.00000, 1.00000 ];
        translation	= [ 0.00000, 0.00000, 0.00000 ];
      };
      lights	=
      {
        light0	=
        {
          color	= "white20";
          direction	= [ -1.00000, -0.00000, -0.00000 ];
          enable	= true;
        };
        light1	=
        {
          color	= "white20";
          direction	= [ -0.00000, -1.00000, -0.00000 ];
          enable	= true;
        };
        light2	=
        {
          color	= "white";
          direction	= [ -0.00000, -0.00000, -1.00000 ];
          enable	= true;
        };
        light3	=
        {
          color	= "white20";
          direction	= [ 1.00000, 1.00000, -0.00000 ];
          enable	= false;
        };
        specular	= false;
        ambient	= "white20";
      };
      markerStyles	=
      {
        points	=
        {
          size	= 3.00000;
          color	= "black";
        };
        orbs	=
        {
          size	= -0.0100000;
          quality	= 1;
          color	= "gold";
        };
        numbers	=
        {
          font	= "proportional medium";
          color	= "black";
        };
        circles	=
        {
          size	= "medium";
          color	= "black";
        };
        diamonds	=
        {
          size	= "medium";
          color	= "black";
        };
        discs	=
        {
          size	= "medium";
          color	= "black";
        };
        squares	=
        {
          size	= "medium";
          color	= "black";
        };
        styles	= [];
      };
      palettes	=
      {
        linear	=
        {
          minValue	= 0.00000;
          maxValue	= 1.00000;
          minColor	= "blue";
          maxColor	= "red";
        };
        rainbow	=
        {
          minValue	= 0.00000;
          maxValue	= 1.00000;
        };
        custom	=
        {
          colors	= [ "blue", "green", "yellow", "orange", "red" ];
          ranges	= [ 0.00000, 0.200000, 0.400000, 0.600000, 0.800000, 1.00000 ];
          hideMinMax	= false;
        };
        palettes	= [];
      };
      mesh	=
      {
        elements	= "all";
        scale	= 1.00000;
        rotmat	= [ 1.00000, 0.00000, 0.00000, 0.00000, 1.00000, 0.00000, 0.00000, 0.00000, 1.00000 ];
        translation	= [ 0.00000, 0.00000, 0.00000 ];
        pointSize	= 1.00000;
        lineWidth	= 1.00000;
        shadeModel	= "Smooth";
        color	= "gray";
        material	=
        {
          specular	= "black";
          shininess	= 0.00000;
        };
        edgeColor	= "black";
        nodeColor	= "black";
        showEdges	= true;
        showLines	= true;
        showFaces	= true;
        hidden	= false;
        deformation	=
        {
          scale	= 1.00000;
          autoScale	= false;
          scaleStep	= 0.100000;
          dx	= "disp[dx]";
          dy	= "disp[dy]";
          dz	= "0.000";
        };
        colors	=
        {
          palette	= "custom";
          title	= "";
          data	= "stress[xx]";
          autoScale	= true;
          scaleStep	= 0.100000;
        };
      };
    };
  };
  sample	=
  {
    file	= "lodi.dat";
    header	= "";
    separator	= " ";
    append	= false;
    precision	= 8;
    dataSets	= [ "i", "model.model.lodi.disp[0]", "abs( model.model.lodi.load[0] )" ];
    sampleWhen	= "accepted";
  };
  control	=
  {
    prompt	= ">";
    cmdFile	= "";
    fgMode	= true;
    pause	= -1.00000;
    runWhile	= "i<=1";
  };
  userInput	=
  {
    input	=
    {
      dim	= 2;
      file	= "neohookean.msh";
      doElemGroups	= false;
      lowOrderCopy	= false;
      nodeGroups	= [];
      elemGroups	= [];
    };
    ngroups	=
    {
      nodeGroups	= [ "left", "right" ];
      elemGroups	= [];
      left	=
      {
        all	= false;
        restrictToGroups	= [];
        eps	= 1.00000e-05;
        xtype	= "min";
      };
      right	=
      {
        all	= false;
        restrictToGroups	= [];
        eps	= 1.00000e-05;
        xtype	= "max";
      };
    };
  };
  shapeTable	=
  {
    type	= "Auto";
    boundaryElems	= "";
    interfaceElems	= "";
    maxPrecision	= 0;
  };
  model	=
  {
    type	= "Matrix";
    model	=
    {
      type	= "Multi";
      models	= [ "bulk", "diri", "diri2", "lodi" ];
      bulk	=
      {
        type	= "NLSolid";
        elements	= "all";
        shape	=
        {
          type	= "Triangle3";
          shapeFuncs	=
          {
            type	= "Linear";
          };
          intScheme	= [ "Gauss1", "Gauss2", "Gauss2", "Gauss2" ];
        };
        material	=
        {
          type	= "Holzapfel";
          dim	= 2;
          lambda	= 5000.00;
          mu	= 8000.00;
          beta	= 0.200000;
          k1_a	= 5000.00;
          k2_a	= 1.00000;
          kappam0	= 0.400000;
          kappamu	= 0.400000;
          kappaf0	= 0.400000;
          kappafu	= 0.400000;
          state	= "PLANE_STRAIN";
        };
        thickness	= 1.00000;
      };
      diri	=
      {
        type	= "Dirichlet";
        dispIncr	= 0.100000;
        initDisp	= 0.00000;
        maxDisp	= 20.0000;
        nodeGroups	= [ "right" ];
        dofs	= [ "dx" ];
        factors	= [ 1.00000 ];
      };
      diri2	=
      {
        type	= "Dirichlet";
        dispIncr	= 0.00000;
        initDisp	= 0.00000;
        maxDisp	= 1.79769e+308;
        nodeGroups	= [ "left" ];
        dofs	= [ "dx" ];
        factors	= [ 1.00000 ];
      };
      lodi	=
      {
        type	= "LoadDisp";
        nodes	= [ 1, 2, 43, 44, 45, 46, 47, 48, 49, 50, 51, 52, 53, 54, 55, 56, 57 ];
      };
    };
    debug	= 0;
    linear	= false;
    matrix0	=
    {
      type	= "Sparse";
      symmetric	= false;
      optimize	= "Runtime";
    };
  };
  init	=
  {
    reorder	= false;
    vectors	= [];
  };
  xoutput	=
  {
    write	= true;
    table	= "stress | eqstrain | eqveps | loading";
    interval	= 1;
    dissipation	= true;
    writeCracks	= true;
    writeCohInfo	= false;
  };

*** WARNING: Unknown property: `model.model.bulk.largeDisp'

*** WARNING: Initialization phase completed with warnings.

  Elapsed CPU  time : 0.1000 seconds.
  Elapsed real time : 0.2157 seconds.

Iteration       : 0
Elapsed runtime : 0.2160 seconds

New displacement factor 0.000
New displacement factor 0.000

Starting the Newton-Raphson solver `userModules.solver' ...
module `userModules.solver' : residual scale factor = 0.0000e+00
The Newton-Raphson solver converged in 1 iterations

Iteration       : 1
Elapsed runtime : 0.5248 seconds

New displacement factor 0.1000
New displacement factor 0.000

Starting the Newton-Raphson solver `userModules.solver' ...
module `userModules.solver' : residual scale factor = 5.1970e+02
module `userModules.solver' : iter = 1, scaled residual = 8.4216e-14
The Newton-Raphson solver converged in 1 iterations

Iteration       : 2
Elapsed runtime : 4.777 seconds

New displacement factor 0.2000
New displacement factor 0.000

Starting the Newton-Raphson solver `userModules.solver' ...
module `userModules.solver' : residual scale factor = 1.0416e+03
module `userModules.solver' : iter = 1, scaled residual = 6.2302e-14
The Newton-Raphson solver converged in 1 iterations

Iteration       : 3
Elapsed runtime : 5.021 seconds

New displacement factor 0.3000
New displacement factor 0.000

Starting the Newton-Raphson solver `userModules.solver' ...
module `userModules.solver' : residual scale factor = 1.5647e+03
module `userModules.solver' : iter = 1, scaled residual = 5.5483e-14
The Newton-Raphson solver converged in 1 iterations

Iteration       : 4
Elapsed runtime : 5.257 seconds

New displacement factor 0.4000
New displacement factor 0.000

Starting the Newton-Raphson solver `userModules.solver' ...
module `userModules.solver' : residual scale factor = 2.0889e+03
module `userModules.solver' : iter = 1, scaled residual = 5.5342e-14
The Newton-Raphson solver converged in 1 iterations

Iteration       : 5
Elapsed runtime : 5.494 seconds

New displacement factor 0.5000
New displacement factor 0.000

Starting the Newton-Raphson solver `userModules.solver' ...
module `userModules.solver' : residual scale factor = 2.6143e+03
module `userModules.solver' : iter = 1, scaled residual = 5.0863e-14
The Newton-Raphson solver converged in 1 iterations

Iteration       : 6
Elapsed runtime : 5.731 seconds

New displacement factor 0.6000
New displacement factor 0.000

Starting the Newton-Raphson solver `userModules.solver' ...
module `userModules.solver' : residual scale factor = 3.1408e+03
module `userModules.solver' : iter = 1, scaled residual = 5.7180e-14
The Newton-Raphson solver converged in 1 iterations

Iteration       : 7
Elapsed runtime : 5.967 seconds

New displacement factor 0.7000
New displacement factor 0.000

Starting the Newton-Raphson solver `userModules.solver' ...
module `userModules.solver' : residual scale factor = 3.6686e+03
module `userModules.solver' : iter = 1, scaled residual = 1.7270e-14
The Newton-Raphson solver converged in 1 iterations

Iteration       : 8
Elapsed runtime : 6.204 seconds

New displacement factor 0.8000
New displacement factor 0.000

Starting the Newton-Raphson solver `userModules.solver' ...
module `userModules.solver' : residual scale factor = 4.1977e+03
module `userModules.solver' : iter = 1, scaled residual = 2.4791e-14
The Newton-Raphson solver converged in 1 iterations

Iteration       : 9
Elapsed runtime : 6.440 seconds

New displacement factor 0.9000
New displacement factor 0.000

Starting the Newton-Raphson solver `userModules.solver' ...
module `userModules.solver' : residual scale factor = 4.7280e+03
module `userModules.solver' : iter = 1, scaled residual = 1.7400e-14
The Newton-Raphson solver converged in 1 iterations

Iteration       : 10
Elapsed runtime : 6.675 seconds

New displacement factor 1.000
New displacement factor 0.000

Starting the Newton-Raphson solver `userModules.solver' ...
module `userModules.solver' : residual scale factor = 5.2597e+03
module `userModules.solver' : iter = 1, scaled residual = 2.5823e-14
The Newton-Raphson solver converged in 1 iterations

Iteration       : 11
Elapsed runtime : 6.912 seconds

New displacement factor 1.100
New displacement factor 0.000

Starting the Newton-Raphson solver `userModules.solver' ...
module `userModules.solver' : residual scale factor = 5.7928e+03
module `userModules.solver' : iter = 1, scaled residual = 2.7756e-14
The Newton-Raphson solver converged in 1 iterations

Iteration       : 12
Elapsed runtime : 7.149 seconds

New displacement factor 1.200
New displacement factor 0.000

Starting the Newton-Raphson solver `userModules.solver' ...
module `userModules.solver' : residual scale factor = 6.3272e+03
module `userModules.solver' : iter = 1, scaled residual = 3.9187e-14
The Newton-Raphson solver converged in 1 iterations

Iteration       : 13
Elapsed runtime : 7.385 seconds

New displacement factor 1.300
New displacement factor 0.000

Starting the Newton-Raphson solver `userModules.solver' ...
module `userModules.solver' : residual scale factor = 6.8632e+03
module `userModules.solver' : iter = 1, scaled residual = 2.9346e-14
The Newton-Raphson solver converged in 1 iterations

Iteration       : 14
Elapsed runtime : 7.622 seconds

New displacement factor 1.400
New displacement factor 0.000

Starting the Newton-Raphson solver `userModules.solver' ...
module `userModules.solver' : residual scale factor = 7.4005e+03
module `userModules.solver' : iter = 1, scaled residual = 2.1209e-14
The Newton-Raphson solver converged in 1 iterations

Iteration       : 15
Elapsed runtime : 7.857 seconds

New displacement factor 1.500
New displacement factor 0.000

Starting the Newton-Raphson solver `userModules.solver' ...
module `userModules.solver' : residual scale factor = 7.9394e+03
module `userModules.solver' : iter = 1, scaled residual = 2.1937e-14
The Newton-Raphson solver converged in 1 iterations

Iteration       : 16
Elapsed runtime : 8.094 seconds

New displacement factor 1.600
New displacement factor 0.000

Starting the Newton-Raphson solver `userModules.solver' ...
module `userModules.solver' : residual scale factor = 8.4799e+03
module `userModules.solver' : iter = 1, scaled residual = 1.7657e-14
The Newton-Raphson solver converged in 1 iterations

Iteration       : 17
Elapsed runtime : 8.330 seconds

New displacement factor 1.700
New displacement factor 0.000

Starting the Newton-Raphson solver `userModules.solver' ...
module `userModules.solver' : residual scale factor = 9.0219e+03
module `userModules.solver' : iter = 1, scaled residual = 2.0551e-14
The Newton-Raphson solver converged in 1 iterations

Iteration       : 18
Elapsed runtime : 8.567 seconds

New displacement factor 1.800
New displacement factor 0.000

Starting the Newton-Raphson solver `userModules.solver' ...
module `userModules.solver' : residual scale factor = 9.5656e+03
module `userModules.solver' : iter = 1, scaled residual = 2.0112e-14
The Newton-Raphson solver converged in 1 iterations

Iteration       : 19
Elapsed runtime : 8.803 seconds

New displacement factor 1.900
New displacement factor 0.000

Starting the Newton-Raphson solver `userModules.solver' ...
module `userModules.solver' : residual scale factor = 1.0111e+04
module `userModules.solver' : iter = 1, scaled residual = 1.9117e-14
The Newton-Raphson solver converged in 1 iterations

Iteration       : 20
Elapsed runtime : 9.040 seconds

New displacement factor 2.000
New displacement factor 0.000

Starting the Newton-Raphson solver `userModules.solver' ...
module `userModules.solver' : residual scale factor = 1.0658e+04
module `userModules.solver' : iter = 1, scaled residual = 1.8709e-14
The Newton-Raphson solver converged in 1 iterations

Iteration       : 21
Elapsed runtime : 9.275 seconds

New displacement factor 2.100
New displacement factor 0.000

Starting the Newton-Raphson solver `userModules.solver' ...
module `userModules.solver' : residual scale factor = 1.1207e+04
module `userModules.solver' : iter = 1, scaled residual = 2.2817e-14
The Newton-Raphson solver converged in 1 iterations

Iteration       : 22
Elapsed runtime : 9.512 seconds

New displacement factor 2.200
New displacement factor 0.000

Starting the Newton-Raphson solver `userModules.solver' ...
module `userModules.solver' : residual scale factor = 1.1757e+04
module `userModules.solver' : iter = 1, scaled residual = 2.0882e-14
The Newton-Raphson solver converged in 1 iterations

Iteration       : 23
Elapsed runtime : 9.749 seconds

New displacement factor 2.300
New displacement factor 0.000

Starting the Newton-Raphson solver `userModules.solver' ...
module `userModules.solver' : residual scale factor = 1.2309e+04
module `userModules.solver' : iter = 1, scaled residual = 2.0515e-14
The Newton-Raphson solver converged in 1 iterations

Iteration       : 24
Elapsed runtime : 9.985 seconds

New displacement factor 2.400
New displacement factor 0.000

Starting the Newton-Raphson solver `userModules.solver' ...
module `userModules.solver' : residual scale factor = 1.2864e+04
module `userModules.solver' : iter = 1, scaled residual = 1.8854e-14
The Newton-Raphson solver converged in 1 iterations

Iteration       : 25
Elapsed runtime : 10.22 seconds

New displacement factor 2.500
New displacement factor 0.000

Starting the Newton-Raphson solver `userModules.solver' ...
module `userModules.solver' : residual scale factor = 1.3420e+04
module `userModules.solver' : iter = 1, scaled residual = 1.7179e-14
The Newton-Raphson solver converged in 1 iterations

Iteration       : 26
Elapsed runtime : 10.46 seconds

New displacement factor 2.600
New displacement factor 0.000

Starting the Newton-Raphson solver `userModules.solver' ...
module `userModules.solver' : residual scale factor = 1.3978e+04
module `userModules.solver' : iter = 1, scaled residual = 1.9215e-14
The Newton-Raphson solver converged in 1 iterations

Iteration       : 27
Elapsed runtime : 10.70 seconds

New displacement factor 2.700
New displacement factor 0.000

Starting the Newton-Raphson solver `userModules.solver' ...
module `userModules.solver' : residual scale factor = 1.4538e+04
module `userModules.solver' : iter = 1, scaled residual = 1.9953e-14
The Newton-Raphson solver converged in 1 iterations

Iteration       : 28
Elapsed runtime : 10.94 seconds

New displacement factor 2.800
New displacement factor 0.000

Starting the Newton-Raphson solver `userModules.solver' ...
module `userModules.solver' : residual scale factor = 1.5100e+04
module `userModules.solver' : iter = 1, scaled residual = 2.2134e-14
The Newton-Raphson solver converged in 1 iterations

Iteration       : 29
Elapsed runtime : 11.17 seconds

New displacement factor 2.900
New displacement factor 0.000

Starting the Newton-Raphson solver `userModules.solver' ...
module `userModules.solver' : residual scale factor = 1.5664e+04
module `userModules.solver' : iter = 1, scaled residual = 2.3443e-14
The Newton-Raphson solver converged in 1 iterations

Iteration       : 30
Elapsed runtime : 11.41 seconds

New displacement factor 3.000
New displacement factor 0.000

Starting the Newton-Raphson solver `userModules.solver' ...
module `userModules.solver' : residual scale factor = 1.6230e+04
module `userModules.solver' : iter = 1, scaled residual = 2.1697e-14
The Newton-Raphson solver converged in 1 iterations

Iteration       : 31
Elapsed runtime : 11.64 seconds

New displacement factor 3.100
New displacement factor 0.000

Starting the Newton-Raphson solver `userModules.solver' ...
module `userModules.solver' : residual scale factor = 1.6799e+04
module `userModules.solver' : iter = 1, scaled residual = 1.9018e-14
The Newton-Raphson solver converged in 1 iterations

Iteration       : 32
Elapsed runtime : 11.88 seconds

New displacement factor 3.200
New displacement factor 0.000

Starting the Newton-Raphson solver `userModules.solver' ...
module `userModules.solver' : residual scale factor = 1.7369e+04
module `userModules.solver' : iter = 1, scaled residual = 2.0362e-14
The Newton-Raphson solver converged in 1 iterations

Iteration       : 33
Elapsed runtime : 12.12 seconds

New displacement factor 3.300
New displacement factor 0.000

Starting the Newton-Raphson solver `userModules.solver' ...
module `userModules.solver' : residual scale factor = 1.7942e+04
module `userModules.solver' : iter = 1, scaled residual = 2.0215e-14
The Newton-Raphson solver converged in 1 iterations

Iteration       : 34
Elapsed runtime : 12.35 seconds

New displacement factor 3.400
New displacement factor 0.000

Starting the Newton-Raphson solver `userModules.solver' ...
module `userModules.solver' : residual scale factor = 1.8517e+04
module `userModules.solver' : iter = 1, scaled residual = 1.8309e-14
The Newton-Raphson solver converged in 1 iterations

Iteration       : 35
Elapsed runtime : 12.59 seconds

New displacement factor 3.500
New displacement factor 0.000

Starting the Newton-Raphson solver `userModules.solver' ...
module `userModules.solver' : residual scale factor = 1.9095e+04
module `userModules.solver' : iter = 1, scaled residual = 2.1256e-14
The Newton-Raphson solver converged in 1 iterations

Iteration       : 36
Elapsed runtime : 12.83 seconds

New displacement factor 3.600
New displacement factor 0.000

Starting the Newton-Raphson solver `userModules.solver' ...
module `userModules.solver' : residual scale factor = 1.9675e+04
module `userModules.solver' : iter = 1, scaled residual = 2.0218e-14
The Newton-Raphson solver converged in 1 iterations

Iteration       : 37
Elapsed runtime : 13.06 seconds

New displacement factor 3.700
New displacement factor 0.000

Starting the Newton-Raphson solver `userModules.solver' ...
module `userModules.solver' : residual scale factor = 2.0257e+04
module `userModules.solver' : iter = 1, scaled residual = 1.7947e-14
The Newton-Raphson solver converged in 1 iterations

Iteration       : 38
Elapsed runtime : 13.30 seconds

New displacement factor 3.800
New displacement factor 0.000

Starting the Newton-Raphson solver `userModules.solver' ...
module `userModules.solver' : residual scale factor = 2.0842e+04
module `userModules.solver' : iter = 1, scaled residual = 1.7597e-14
The Newton-Raphson solver converged in 1 iterations

Iteration       : 39
Elapsed runtime : 13.54 seconds

New displacement factor 3.900
New displacement factor 0.000

Starting the Newton-Raphson solver `userModules.solver' ...
module `userModules.solver' : residual scale factor = 2.1429e+04
module `userModules.solver' : iter = 1, scaled residual = 1.6688e-14
The Newton-Raphson solver converged in 1 iterations

Iteration       : 40
Elapsed runtime : 13.78 seconds

New displacement factor 4.000
New displacement factor 0.000

Starting the Newton-Raphson solver `userModules.solver' ...
module `userModules.solver' : residual scale factor = 2.2019e+04
module `userModules.solver' : iter = 1, scaled residual = 1.9475e-14
The Newton-Raphson solver converged in 1 iterations

Iteration       : 41
Elapsed runtime : 14.01 seconds

New displacement factor 4.100
New displacement factor 0.000

Starting the Newton-Raphson solver `userModules.solver' ...
module `userModules.solver' : residual scale factor = 2.2612e+04
module `userModules.solver' : iter = 1, scaled residual = 2.0869e-14
The Newton-Raphson solver converged in 1 iterations

Iteration       : 42
Elapsed runtime : 14.25 seconds

New displacement factor 4.200
New displacement factor 0.000

Starting the Newton-Raphson solver `userModules.solver' ...
module `userModules.solver' : residual scale factor = 2.3207e+04
module `userModules.solver' : iter = 1, scaled residual = 1.9941e-14
The Newton-Raphson solver converged in 1 iterations

Iteration       : 43
Elapsed runtime : 14.49 seconds

New displacement factor 4.300
New displacement factor 0.000

Starting the Newton-Raphson solver `userModules.solver' ...
module `userModules.solver' : residual scale factor = 2.3805e+04
module `userModules.solver' : iter = 1, scaled residual = 1.9934e-14
The Newton-Raphson solver converged in 1 iterations

Iteration       : 44
Elapsed runtime : 14.73 seconds

New displacement factor 4.400
New displacement factor 0.000

Starting the Newton-Raphson solver `userModules.solver' ...
module `userModules.solver' : residual scale factor = 2.4406e+04
module `userModules.solver' : iter = 1, scaled residual = 2.1608e-14
The Newton-Raphson solver converged in 1 iterations

Iteration       : 45
Elapsed runtime : 14.96 seconds

New displacement factor 4.500
New displacement factor 0.000

Starting the Newton-Raphson solver `userModules.solver' ...
module `userModules.solver' : residual scale factor = 2.5009e+04
module `userModules.solver' : iter = 1, scaled residual = 2.0894e-14
The Newton-Raphson solver converged in 1 iterations

Iteration       : 46
Elapsed runtime : 15.20 seconds

New displacement factor 4.600
New displacement factor 0.000

Starting the Newton-Raphson solver `userModules.solver' ...
module `userModules.solver' : residual scale factor = 2.5616e+04
module `userModules.solver' : iter = 1, scaled residual = 2.1358e-14
The Newton-Raphson solver converged in 1 iterations

Iteration       : 47
Elapsed runtime : 15.44 seconds

New displacement factor 4.700
New displacement factor 0.000

Starting the Newton-Raphson solver `userModules.solver' ...
module `userModules.solver' : residual scale factor = 2.6225e+04
module `userModules.solver' : iter = 1, scaled residual = 2.2090e-14
The Newton-Raphson solver converged in 1 iterations

Iteration       : 48
Elapsed runtime : 15.68 seconds

New displacement factor 4.800
New displacement factor 0.000

Starting the Newton-Raphson solver `userModules.solver' ...
module `userModules.solver' : residual scale factor = 2.6838e+04
module `userModules.solver' : iter = 1, scaled residual = 2.0671e-14
The Newton-Raphson solver converged in 1 iterations

Iteration       : 49
Elapsed runtime : 15.91 seconds

New displacement factor 4.900
New displacement factor 0.000

Starting the Newton-Raphson solver `userModules.solver' ...
module `userModules.solver' : residual scale factor = 2.7453e+04
module `userModules.solver' : iter = 1, scaled residual = 2.2749e-14
The Newton-Raphson solver converged in 1 iterations

Iteration       : 50
Elapsed runtime : 16.15 seconds

New displacement factor 5.000
New displacement factor 0.000

Starting the Newton-Raphson solver `userModules.solver' ...
module `userModules.solver' : residual scale factor = 2.8072e+04
module `userModules.solver' : iter = 1, scaled residual = 2.1462e-14
The Newton-Raphson solver converged in 1 iterations

Iteration       : 51
Elapsed runtime : 16.39 seconds

New displacement factor 5.100
New displacement factor 0.000

Starting the Newton-Raphson solver `userModules.solver' ...
module `userModules.solver' : residual scale factor = 2.8694e+04
module `userModules.solver' : iter = 1, scaled residual = 2.1316e-14
The Newton-Raphson solver converged in 1 iterations

Iteration       : 52
Elapsed runtime : 16.62 seconds

New displacement factor 5.200
New displacement factor 0.000

Starting the Newton-Raphson solver `userModules.solver' ...
module `userModules.solver' : residual scale factor = 2.9319e+04
module `userModules.solver' : iter = 1, scaled residual = 2.1279e-14
The Newton-Raphson solver converged in 1 iterations

Iteration       : 53
Elapsed runtime : 16.86 seconds

New displacement factor 5.300
New displacement factor 0.000

Starting the Newton-Raphson solver `userModules.solver' ...
module `userModules.solver' : residual scale factor = 2.9948e+04
module `userModules.solver' : iter = 1, scaled residual = 2.1543e-14
The Newton-Raphson solver converged in 1 iterations

Iteration       : 54
Elapsed runtime : 17.09 seconds

New displacement factor 5.400
New displacement factor 0.000

Starting the Newton-Raphson solver `userModules.solver' ...
module `userModules.solver' : residual scale factor = 3.0580e+04
module `userModules.solver' : iter = 1, scaled residual = 2.3185e-14
The Newton-Raphson solver converged in 1 iterations

Iteration       : 55
Elapsed runtime : 17.33 seconds

New displacement factor 5.500
New displacement factor 0.000

Starting the Newton-Raphson solver `userModules.solver' ...
module `userModules.solver' : residual scale factor = 3.1215e+04
module `userModules.solver' : iter = 1, scaled residual = 2.0916e-14
The Newton-Raphson solver converged in 1 iterations

Iteration       : 56
Elapsed runtime : 17.57 seconds

New displacement factor 5.600
New displacement factor 0.000

Starting the Newton-Raphson solver `userModules.solver' ...
module `userModules.solver' : residual scale factor = 3.1854e+04
module `userModules.solver' : iter = 1, scaled residual = 2.1589e-14
The Newton-Raphson solver converged in 1 iterations

Iteration       : 57
Elapsed runtime : 17.80 seconds

New displacement factor 5.700
New displacement factor 0.000

Starting the Newton-Raphson solver `userModules.solver' ...
module `userModules.solver' : residual scale factor = 3.2496e+04
module `userModules.solver' : iter = 1, scaled residual = 2.2684e-14
The Newton-Raphson solver converged in 1 iterations

Iteration       : 58
Elapsed runtime : 18.04 seconds

New displacement factor 5.800
New displacement factor 0.000

Starting the Newton-Raphson solver `userModules.solver' ...
module `userModules.solver' : residual scale factor = 3.3142e+04
module `userModules.solver' : iter = 1, scaled residual = 2.3884e-14
The Newton-Raphson solver converged in 1 iterations

Iteration       : 59
Elapsed runtime : 18.27 seconds

New displacement factor 5.900
New displacement factor 0.000

Starting the Newton-Raphson solver `userModules.solver' ...
module `userModules.solver' : residual scale factor = 3.3792e+04
module `userModules.solver' : iter = 1, scaled residual = 2.1451e-14
The Newton-Raphson solver converged in 1 iterations

Iteration       : 60
Elapsed runtime : 18.51 seconds

New displacement factor 6.000
New displacement factor 0.000

Starting the Newton-Raphson solver `userModules.solver' ...
module `userModules.solver' : residual scale factor = 3.4445e+04
module `userModules.solver' : iter = 1, scaled residual = 2.3099e-14
The Newton-Raphson solver converged in 1 iterations

Iteration       : 61
Elapsed runtime : 18.75 seconds

New displacement factor 6.100
New displacement factor 0.000

Starting the Newton-Raphson solver `userModules.solver' ...
module `userModules.solver' : residual scale factor = 3.5102e+04
module `userModules.solver' : iter = 1, scaled residual = 2.2208e-14
The Newton-Raphson solver converged in 1 iterations

Iteration       : 62
Elapsed runtime : 18.98 seconds

New displacement factor 6.200
New displacement factor 0.000

Starting the Newton-Raphson solver `userModules.solver' ...
module `userModules.solver' : residual scale factor = 3.5764e+04
module `userModules.solver' : iter = 1, scaled residual = 2.2869e-14
The Newton-Raphson solver converged in 1 iterations

Iteration       : 63
Elapsed runtime : 19.22 seconds

New displacement factor 6.300
New displacement factor 0.000

Starting the Newton-Raphson solver `userModules.solver' ...
module `userModules.solver' : residual scale factor = 3.6429e+04
module `userModules.solver' : iter = 1, scaled residual = 2.2495e-14
The Newton-Raphson solver converged in 1 iterations

Iteration       : 64
Elapsed runtime : 19.45 seconds

New displacement factor 6.400
New displacement factor 0.000

Starting the Newton-Raphson solver `userModules.solver' ...
module `userModules.solver' : residual scale factor = 3.7098e+04
module `userModules.solver' : iter = 1, scaled residual = 2.1846e-14
The Newton-Raphson solver converged in 1 iterations

Iteration       : 65
Elapsed runtime : 19.69 seconds

New displacement factor 6.500
New displacement factor 0.000

Starting the Newton-Raphson solver `userModules.solver' ...
module `userModules.solver' : residual scale factor = 3.7771e+04
module `userModules.solver' : iter = 1, scaled residual = 2.1350e-14
The Newton-Raphson solver converged in 1 iterations

Iteration       : 66
Elapsed runtime : 19.93 seconds

New displacement factor 6.600
New displacement factor 0.000

Starting the Newton-Raphson solver `userModules.solver' ...
module `userModules.solver' : residual scale factor = 3.8449e+04
module `userModules.solver' : iter = 1, scaled residual = 2.1338e-14
The Newton-Raphson solver converged in 1 iterations

Iteration       : 67
Elapsed runtime : 20.16 seconds

New displacement factor 6.700
New displacement factor 0.000

Starting the Newton-Raphson solver `userModules.solver' ...
module `userModules.solver' : residual scale factor = 3.9131e+04
module `userModules.solver' : iter = 1, scaled residual = 2.2578e-14
The Newton-Raphson solver converged in 1 iterations

Iteration       : 68
Elapsed runtime : 20.40 seconds

New displacement factor 6.800
New displacement factor 0.000

Starting the Newton-Raphson solver `userModules.solver' ...
module `userModules.solver' : residual scale factor = 3.9817e+04
module `userModules.solver' : iter = 1, scaled residual = 2.1928e-14
The Newton-Raphson solver converged in 1 iterations

Iteration       : 69
Elapsed runtime : 20.64 seconds

New displacement factor 6.900
New displacement factor 0.000

Starting the Newton-Raphson solver `userModules.solver' ...
module `userModules.solver' : residual scale factor = 4.0507e+04
module `userModules.solver' : iter = 1, scaled residual = 2.0888e-14
The Newton-Raphson solver converged in 1 iterations

Iteration       : 70
Elapsed runtime : 20.88 seconds

New displacement factor 7.000
New displacement factor 0.000

Starting the Newton-Raphson solver `userModules.solver' ...
module `userModules.solver' : residual scale factor = 4.1202e+04
module `userModules.solver' : iter = 1, scaled residual = 2.1307e-14
The Newton-Raphson solver converged in 1 iterations

Iteration       : 71
Elapsed runtime : 21.12 seconds

New displacement factor 7.100
New displacement factor 0.000

Starting the Newton-Raphson solver `userModules.solver' ...
module `userModules.solver' : residual scale factor = 4.1902e+04
module `userModules.solver' : iter = 1, scaled residual = 2.0995e-14
The Newton-Raphson solver converged in 1 iterations

Iteration       : 72
Elapsed runtime : 21.36 seconds

New displacement factor 7.200
New displacement factor 0.000

Starting the Newton-Raphson solver `userModules.solver' ...
module `userModules.solver' : residual scale factor = 4.2606e+04
module `userModules.solver' : iter = 1, scaled residual = 1.9257e-14
The Newton-Raphson solver converged in 1 iterations

Iteration       : 73
Elapsed runtime : 21.59 seconds

New displacement factor 7.300
New displacement factor 0.000

Starting the Newton-Raphson solver `userModules.solver' ...
module `userModules.solver' : residual scale factor = 4.3315e+04
module `userModules.solver' : iter = 1, scaled residual = 2.0577e-14
The Newton-Raphson solver converged in 1 iterations

Iteration       : 74
Elapsed runtime : 21.83 seconds

New displacement factor 7.400
New displacement factor 0.000

Starting the Newton-Raphson solver `userModules.solver' ...
module `userModules.solver' : residual scale factor = 4.4029e+04
module `userModules.solver' : iter = 1, scaled residual = 2.2035e-14
The Newton-Raphson solver converged in 1 iterations

Iteration       : 75
Elapsed runtime : 22.07 seconds

New displacement factor 7.500
New displacement factor 0.000

Starting the Newton-Raphson solver `userModules.solver' ...
module `userModules.solver' : residual scale factor = 4.4748e+04
module `userModules.solver' : iter = 1, scaled residual = 2.3521e-14
The Newton-Raphson solver converged in 1 iterations

Iteration       : 76
Elapsed runtime : 22.30 seconds

New displacement factor 7.600
New displacement factor 0.000

Starting the Newton-Raphson solver `userModules.solver' ...
module `userModules.solver' : residual scale factor = 4.5472e+04
module `userModules.solver' : iter = 1, scaled residual = 2.2814e-14
The Newton-Raphson solver converged in 1 iterations

Iteration       : 77
Elapsed runtime : 22.54 seconds

New displacement factor 7.700
New displacement factor 0.000

Starting the Newton-Raphson solver `userModules.solver' ...
module `userModules.solver' : residual scale factor = 4.6201e+04
module `userModules.solver' : iter = 1, scaled residual = 2.4003e-14
The Newton-Raphson solver converged in 1 iterations

Iteration       : 78
Elapsed runtime : 22.77 seconds

New displacement factor 7.800
New displacement factor 0.000

Starting the Newton-Raphson solver `userModules.solver' ...
module `userModules.solver' : residual scale factor = 4.6935e+04
module `userModules.solver' : iter = 1, scaled residual = 2.2453e-14
The Newton-Raphson solver converged in 1 iterations

Iteration       : 79
Elapsed runtime : 23.01 seconds

New displacement factor 7.900
New displacement factor 0.000

Starting the Newton-Raphson solver `userModules.solver' ...
module `userModules.solver' : residual scale factor = 4.7674e+04
module `userModules.solver' : iter = 1, scaled residual = 2.3431e-14
The Newton-Raphson solver converged in 1 iterations

Iteration       : 80
Elapsed runtime : 23.25 seconds

New displacement factor 8.000
New displacement factor 0.000

Starting the Newton-Raphson solver `userModules.solver' ...
module `userModules.solver' : residual scale factor = 4.8419e+04
module `userModules.solver' : iter = 1, scaled residual = 2.4071e-14
The Newton-Raphson solver converged in 1 iterations

Iteration       : 81
Elapsed runtime : 23.48 seconds

New displacement factor 8.100
New displacement factor 0.000

Starting the Newton-Raphson solver `userModules.solver' ...
module `userModules.solver' : residual scale factor = 4.9169e+04
module `userModules.solver' : iter = 1, scaled residual = 2.3722e-14
The Newton-Raphson solver converged in 1 iterations

Iteration       : 82
Elapsed runtime : 23.72 seconds

New displacement factor 8.200
New displacement factor 0.000

Starting the Newton-Raphson solver `userModules.solver' ...
module `userModules.solver' : residual scale factor = 4.9925e+04
module `userModules.solver' : iter = 1, scaled residual = 2.3186e-14
The Newton-Raphson solver converged in 1 iterations

Iteration       : 83
Elapsed runtime : 23.95 seconds

New displacement factor 8.300
New displacement factor 0.000

Starting the Newton-Raphson solver `userModules.solver' ...
module `userModules.solver' : residual scale factor = 5.0686e+04
module `userModules.solver' : iter = 1, scaled residual = 2.4696e-14
The Newton-Raphson solver converged in 1 iterations

Iteration       : 84
Elapsed runtime : 24.19 seconds

New displacement factor 8.400
New displacement factor 0.000

Starting the Newton-Raphson solver `userModules.solver' ...
module `userModules.solver' : residual scale factor = 5.1453e+04
module `userModules.solver' : iter = 1, scaled residual = 2.4066e-14
The Newton-Raphson solver converged in 1 iterations

Iteration       : 85
Elapsed runtime : 24.43 seconds

New displacement factor 8.500
New displacement factor 0.000

Starting the Newton-Raphson solver `userModules.solver' ...
module `userModules.solver' : residual scale factor = 5.2226e+04
module `userModules.solver' : iter = 1, scaled residual = 2.4023e-14
The Newton-Raphson solver converged in 1 iterations

Iteration       : 86
Elapsed runtime : 24.66 seconds

New displacement factor 8.600
New displacement factor 0.000

Starting the Newton-Raphson solver `userModules.solver' ...
module `userModules.solver' : residual scale factor = 5.3005e+04
module `userModules.solver' : iter = 1, scaled residual = 2.3225e-14
The Newton-Raphson solver converged in 1 iterations

Iteration       : 87
Elapsed runtime : 24.90 seconds

New displacement factor 8.700
New displacement factor 0.000

Starting the Newton-Raphson solver `userModules.solver' ...
module `userModules.solver' : residual scale factor = 5.3790e+04
module `userModules.solver' : iter = 1, scaled residual = 2.4874e-14
The Newton-Raphson solver converged in 1 iterations

Iteration       : 88
Elapsed runtime : 25.14 seconds

New displacement factor 8.800
New displacement factor 0.000

Starting the Newton-Raphson solver `userModules.solver' ...
module `userModules.solver' : residual scale factor = 5.4581e+04
module `userModules.solver' : iter = 1, scaled residual = 2.4851e-14
The Newton-Raphson solver converged in 1 iterations

Iteration       : 89
Elapsed runtime : 25.37 seconds

New displacement factor 8.900
New displacement factor 0.000

Starting the Newton-Raphson solver `userModules.solver' ...
module `userModules.solver' : residual scale factor = 5.5379e+04
module `userModules.solver' : iter = 1, scaled residual = 2.5629e-14
The Newton-Raphson solver converged in 1 iterations

Iteration       : 90
Elapsed runtime : 25.61 seconds

New displacement factor 9.000
New displacement factor 0.000

Starting the Newton-Raphson solver `userModules.solver' ...
module `userModules.solver' : residual scale factor = 5.6183e+04
module `userModules.solver' : iter = 1, scaled residual = 2.5897e-14
The Newton-Raphson solver converged in 1 iterations

Iteration       : 91
Elapsed runtime : 25.85 seconds

New displacement factor 9.100
New displacement factor 0.000

Starting the Newton-Raphson solver `userModules.solver' ...
module `userModules.solver' : residual scale factor = 5.6993e+04
module `userModules.solver' : iter = 1, scaled residual = 2.5406e-14
The Newton-Raphson solver converged in 1 iterations

Iteration       : 92
Elapsed runtime : 26.08 seconds

New displacement factor 9.200
New displacement factor 0.000

Starting the Newton-Raphson solver `userModules.solver' ...
module `userModules.solver' : residual scale factor = 5.7810e+04
module `userModules.solver' : iter = 1, scaled residual = 2.7434e-14
The Newton-Raphson solver converged in 1 iterations

Iteration       : 93
Elapsed runtime : 26.32 seconds

New displacement factor 9.300
New displacement factor 0.000

Starting the Newton-Raphson solver `userModules.solver' ...
module `userModules.solver' : residual scale factor = 5.8634e+04
module `userModules.solver' : iter = 1, scaled residual = 2.5502e-14
The Newton-Raphson solver converged in 1 iterations

Iteration       : 94
Elapsed runtime : 26.56 seconds

New displacement factor 9.400
New displacement factor 0.000

Starting the Newton-Raphson solver `userModules.solver' ...
module `userModules.solver' : residual scale factor = 5.9464e+04
module `userModules.solver' : iter = 1, scaled residual = 2.7128e-14
The Newton-Raphson solver converged in 1 iterations

Iteration       : 95
Elapsed runtime : 26.79 seconds

New displacement factor 9.500
New displacement factor 0.000

Starting the Newton-Raphson solver `userModules.solver' ...
module `userModules.solver' : residual scale factor = 6.0302e+04
module `userModules.solver' : iter = 1, scaled residual = 2.5691e-14
The Newton-Raphson solver converged in 1 iterations

Iteration       : 96
Elapsed runtime : 27.03 seconds

New displacement factor 9.600
New displacement factor 0.000

Starting the Newton-Raphson solver `userModules.solver' ...
module `userModules.solver' : residual scale factor = 6.1146e+04
module `userModules.solver' : iter = 1, scaled residual = 2.6096e-14
The Newton-Raphson solver converged in 1 iterations

Iteration       : 97
Elapsed runtime : 27.27 seconds

New displacement factor 9.700
New displacement factor 0.000

Starting the Newton-Raphson solver `userModules.solver' ...
module `userModules.solver' : residual scale factor = 6.1998e+04
module `userModules.solver' : iter = 1, scaled residual = 2.6871e-14
The Newton-Raphson solver converged in 1 iterations

Iteration       : 98
Elapsed runtime : 27.50 seconds

New displacement factor 9.800
New displacement factor 0.000

Starting the Newton-Raphson solver `userModules.solver' ...
module `userModules.solver' : residual scale factor = 6.2857e+04
module `userModules.solver' : iter = 1, scaled residual = 2.8048e-14
The Newton-Raphson solver converged in 1 iterations

Iteration       : 99
Elapsed runtime : 27.74 seconds

New displacement factor 9.900
New displacement factor 0.000

Starting the Newton-Raphson solver `userModules.solver' ...
module `userModules.solver' : residual scale factor = 6.3723e+04
module `userModules.solver' : iter = 1, scaled residual = 2.8269e-14
The Newton-Raphson solver converged in 1 iterations

Iteration       : 100
Elapsed runtime : 27.98 seconds

New displacement factor 10.00
New displacement factor 0.000

Starting the Newton-Raphson solver `userModules.solver' ...
module `userModules.solver' : residual scale factor = 6.4597e+04
module `userModules.solver' : iter = 1, scaled residual = 2.9841e-14
The Newton-Raphson solver converged in 1 iterations

Iteration       : 101
Elapsed runtime : 28.21 seconds

New displacement factor 10.10
New displacement factor 0.000

Starting the Newton-Raphson solver `userModules.solver' ...
module `userModules.solver' : residual scale factor = 6.5479e+04
module `userModules.solver' : iter = 1, scaled residual = 2.7760e-14
The Newton-Raphson solver converged in 1 iterations

Iteration       : 102
Elapsed runtime : 28.45 seconds

New displacement factor 10.20
New displacement factor 0.000

Starting the Newton-Raphson solver `userModules.solver' ...
module `userModules.solver' : residual scale factor = 6.6369e+04
module `userModules.solver' : iter = 1, scaled residual = 2.9176e-14
The Newton-Raphson solver converged in 1 iterations

Iteration       : 103
Elapsed runtime : 28.68 seconds

New displacement factor 10.30
New displacement factor 0.000

Starting the Newton-Raphson solver `userModules.solver' ...
module `userModules.solver' : residual scale factor = 6.7267e+04
module `userModules.solver' : iter = 1, scaled residual = 2.9972e-14
The Newton-Raphson solver converged in 1 iterations

Iteration       : 104
Elapsed runtime : 28.92 seconds

New displacement factor 10.40
New displacement factor 0.000

Starting the Newton-Raphson solver `userModules.solver' ...
module `userModules.solver' : residual scale factor = 6.8172e+04
module `userModules.solver' : iter = 1, scaled residual = 2.9178e-14
The Newton-Raphson solver converged in 1 iterations

Iteration       : 105
Elapsed runtime : 29.16 seconds

New displacement factor 10.50
New displacement factor 0.000

Starting the Newton-Raphson solver `userModules.solver' ...
module `userModules.solver' : residual scale factor = 6.9086e+04
module `userModules.solver' : iter = 1, scaled residual = 3.1139e-14
The Newton-Raphson solver converged in 1 iterations

Iteration       : 106
Elapsed runtime : 29.39 seconds

New displacement factor 10.60
New displacement factor 0.000

Starting the Newton-Raphson solver `userModules.solver' ...
module `userModules.solver' : residual scale factor = 7.0009e+04
module `userModules.solver' : iter = 1, scaled residual = 3.1105e-14
The Newton-Raphson solver converged in 1 iterations

Iteration       : 107
Elapsed runtime : 29.63 seconds

New displacement factor 10.70
New displacement factor 0.000

Starting the Newton-Raphson solver `userModules.solver' ...
module `userModules.solver' : residual scale factor = 7.0940e+04
module `userModules.solver' : iter = 1, scaled residual = 3.1709e-14
The Newton-Raphson solver converged in 1 iterations

Iteration       : 108
Elapsed runtime : 29.87 seconds

New displacement factor 10.80
New displacement factor 0.000

Starting the Newton-Raphson solver `userModules.solver' ...
module `userModules.solver' : residual scale factor = 7.1880e+04
module `userModules.solver' : iter = 1, scaled residual = 3.0864e-14
The Newton-Raphson solver converged in 1 iterations

Iteration       : 109
Elapsed runtime : 30.10 seconds

New displacement factor 10.90
New displacement factor 0.000

Starting the Newton-Raphson solver `userModules.solver' ...
module `userModules.solver' : residual scale factor = 7.2828e+04
module `userModules.solver' : iter = 1, scaled residual = 3.0133e-14
The Newton-Raphson solver converged in 1 iterations

Iteration       : 110
Elapsed runtime : 30.34 seconds

New displacement factor 11.00
New displacement factor 0.000

Starting the Newton-Raphson solver `userModules.solver' ...
module `userModules.solver' : residual scale factor = 7.3786e+04
module `userModules.solver' : iter = 1, scaled residual = 2.7958e-14
The Newton-Raphson solver converged in 1 iterations

Iteration       : 111
Elapsed runtime : 30.58 seconds

New displacement factor 11.10
New displacement factor 0.000

Starting the Newton-Raphson solver `userModules.solver' ...
module `userModules.solver' : residual scale factor = 7.4753e+04
module `userModules.solver' : iter = 1, scaled residual = 3.2193e-14
The Newton-Raphson solver converged in 1 iterations

Iteration       : 112
Elapsed runtime : 30.82 seconds

New displacement factor 11.20
New displacement factor 0.000

Starting the Newton-Raphson solver `userModules.solver' ...
module `userModules.solver' : residual scale factor = 7.5729e+04
module `userModules.solver' : iter = 1, scaled residual = 3.2634e-14
The Newton-Raphson solver converged in 1 iterations

Iteration       : 113
Elapsed runtime : 31.05 seconds

New displacement factor 11.30
New displacement factor 0.000

Starting the Newton-Raphson solver `userModules.solver' ...
module `userModules.solver' : residual scale factor = 7.6714e+04
module `userModules.solver' : iter = 1, scaled residual = 3.3147e-14
The Newton-Raphson solver converged in 1 iterations

Iteration       : 114
Elapsed runtime : 31.29 seconds

New displacement factor 11.40
New displacement factor 0.000

Starting the Newton-Raphson solver `userModules.solver' ...
module `userModules.solver' : residual scale factor = 7.7710e+04
module `userModules.solver' : iter = 1, scaled residual = 3.4163e-14
The Newton-Raphson solver converged in 1 iterations

Iteration       : 115
Elapsed runtime : 31.53 seconds

New displacement factor 11.50
New displacement factor 0.000

Starting the Newton-Raphson solver `userModules.solver' ...
module `userModules.solver' : residual scale factor = 7.8715e+04
module `userModules.solver' : iter = 1, scaled residual = 3.3344e-14
The Newton-Raphson solver converged in 1 iterations

Iteration       : 116
Elapsed runtime : 31.77 seconds

New displacement factor 11.60
New displacement factor 0.000

Starting the Newton-Raphson solver `userModules.solver' ...
module `userModules.solver' : residual scale factor = 7.9730e+04
module `userModules.solver' : iter = 1, scaled residual = 3.3769e-14
The Newton-Raphson solver converged in 1 iterations

Iteration       : 117
Elapsed runtime : 32.00 seconds

New displacement factor 11.70
New displacement factor 0.000

Starting the Newton-Raphson solver `userModules.solver' ...
module `userModules.solver' : residual scale factor = 8.0755e+04
module `userModules.solver' : iter = 1, scaled residual = 3.3343e-14
The Newton-Raphson solver converged in 1 iterations

Iteration       : 118
Elapsed runtime : 32.24 seconds

New displacement factor 11.80
New displacement factor 0.000

Starting the Newton-Raphson solver `userModules.solver' ...
module `userModules.solver' : residual scale factor = 8.1791e+04
module `userModules.solver' : iter = 1, scaled residual = 3.5370e-14
The Newton-Raphson solver converged in 1 iterations

Iteration       : 119
Elapsed runtime : 32.48 seconds

New displacement factor 11.90
New displacement factor 0.000

Starting the Newton-Raphson solver `userModules.solver' ...
module `userModules.solver' : residual scale factor = 8.2837e+04
module `userModules.solver' : iter = 1, scaled residual = 3.3963e-14
The Newton-Raphson solver converged in 1 iterations

Iteration       : 120
Elapsed runtime : 32.71 seconds

New displacement factor 12.00
New displacement factor 0.000

Starting the Newton-Raphson solver `userModules.solver' ...
module `userModules.solver' : residual scale factor = 8.3894e+04
module `userModules.solver' : iter = 1, scaled residual = 3.5735e-14
The Newton-Raphson solver converged in 1 iterations

Iteration       : 121
Elapsed runtime : 32.95 seconds

New displacement factor 12.10
New displacement factor 0.000

Starting the Newton-Raphson solver `userModules.solver' ...
module `userModules.solver' : residual scale factor = 8.4962e+04
module `userModules.solver' : iter = 1, scaled residual = 3.5082e-14
The Newton-Raphson solver converged in 1 iterations

Iteration       : 122
Elapsed runtime : 51.31 seconds

New displacement factor 12.20
New displacement factor 0.000

Starting the Newton-Raphson solver `userModules.solver' ...
module `userModules.solver' : residual scale factor = 8.6041e+04
module `userModules.solver' : iter = 1, scaled residual = 3.5808e-14
The Newton-Raphson solver converged in 1 iterations

Iteration       : 123
Elapsed runtime : 51.58 seconds

New displacement factor 12.30
New displacement factor 0.000

Starting the Newton-Raphson solver `userModules.solver' ...
module `userModules.solver' : residual scale factor = 8.7131e+04
module `userModules.solver' : iter = 1, scaled residual = 3.7369e-14
The Newton-Raphson solver converged in 1 iterations

Iteration       : 124
Elapsed runtime : 51.82 seconds

New displacement factor 12.40
New displacement factor 0.000

Starting the Newton-Raphson solver `userModules.solver' ...
module `userModules.solver' : residual scale factor = 8.8233e+04
module `userModules.solver' : iter = 1, scaled residual = 3.6902e-14
The Newton-Raphson solver converged in 1 iterations

Iteration       : 125
Elapsed runtime : 52.05 seconds

New displacement factor 12.50
New displacement factor 0.000

Starting the Newton-Raphson solver `userModules.solver' ...
module `userModules.solver' : residual scale factor = 8.9346e+04
module `userModules.solver' : iter = 1, scaled residual = 3.8941e-14
The Newton-Raphson solver converged in 1 iterations

Iteration       : 126
Elapsed runtime : 52.29 seconds

New displacement factor 12.60
New displacement factor 0.000

Starting the Newton-Raphson solver `userModules.solver' ...
module `userModules.solver' : residual scale factor = 9.0471e+04
module `userModules.solver' : iter = 1, scaled residual = 4.0303e-14
The Newton-Raphson solver converged in 1 iterations

Iteration       : 127
Elapsed runtime : 52.53 seconds

New displacement factor 12.70
New displacement factor 0.000

Starting the Newton-Raphson solver `userModules.solver' ...
module `userModules.solver' : residual scale factor = 9.1609e+04
module `userModules.solver' : iter = 1, scaled residual = 3.9880e-14
The Newton-Raphson solver converged in 1 iterations

Iteration       : 128
Elapsed runtime : 52.76 seconds

New displacement factor 12.80
New displacement factor 0.000

Starting the Newton-Raphson solver `userModules.solver' ...
module `userModules.solver' : residual scale factor = 9.2759e+04
module `userModules.solver' : iter = 1, scaled residual = 4.3656e-14
The Newton-Raphson solver converged in 1 iterations

Iteration       : 129
Elapsed runtime : 53.00 seconds

New displacement factor 12.90
New displacement factor 0.000

Starting the Newton-Raphson solver `userModules.solver' ...
module `userModules.solver' : residual scale factor = 9.3921e+04
module `userModules.solver' : iter = 1, scaled residual = 4.8422e-14
The Newton-Raphson solver converged in 1 iterations

Iteration       : 130
Elapsed runtime : 53.23 seconds

New displacement factor 13.00
New displacement factor 0.000

Starting the Newton-Raphson solver `userModules.solver' ...
module `userModules.solver' : residual scale factor = 9.5096e+04
module `userModules.solver' : iter = 1, scaled residual = 5.1884e-14
The Newton-Raphson solver converged in 1 iterations

Iteration       : 131
Elapsed runtime : 53.47 seconds

New displacement factor 13.10
New displacement factor 0.000

Starting the Newton-Raphson solver `userModules.solver' ...
module `userModules.solver' : residual scale factor = 9.6284e+04
module `userModules.solver' : iter = 1, scaled residual = 5.9270e-14
The Newton-Raphson solver converged in 1 iterations

Iteration       : 132
Elapsed runtime : 57.78 seconds

New displacement factor 13.20
New displacement factor 0.000

Starting the Newton-Raphson solver `userModules.solver' ...
module `userModules.solver' : residual scale factor = 9.7485e+04
module `userModules.solver' : iter = 1, scaled residual = 6.8061e-14
The Newton-Raphson solver converged in 1 iterations

Iteration       : 133
Elapsed runtime : 58.02 seconds

New displacement factor 13.30
New displacement factor 0.000

Starting the Newton-Raphson solver `userModules.solver' ...
module `userModules.solver' : residual scale factor = 9.8700e+04
module `userModules.solver' : iter = 1, scaled residual = 7.8758e-14
The Newton-Raphson solver converged in 1 iterations

Iteration       : 134
Elapsed runtime : 58.25 seconds

New displacement factor 13.40
New displacement factor 0.000

Starting the Newton-Raphson solver `userModules.solver' ...
module `userModules.solver' : residual scale factor = 9.9929e+04
module `userModules.solver' : iter = 1, scaled residual = 9.5395e-14
The Newton-Raphson solver converged in 1 iterations

Iteration       : 135
Elapsed runtime : 58.49 seconds

New displacement factor 13.50
New displacement factor 0.000

Starting the Newton-Raphson solver `userModules.solver' ...
module `userModules.solver' : residual scale factor = 1.0117e+05
module `userModules.solver' : iter = 1, scaled residual = 1.2300e-13
The Newton-Raphson solver converged in 1 iterations

Iteration       : 136
Elapsed runtime : 58.73 seconds

New displacement factor 13.60
New displacement factor 0.000

Starting the Newton-Raphson solver `userModules.solver' ...
module `userModules.solver' : residual scale factor = 1.0243e+05
module `userModules.solver' : iter = 1, scaled residual = 1.6425e-13
The Newton-Raphson solver converged in 1 iterations

Iteration       : 137
Elapsed runtime : 58.96 seconds

New displacement factor 13.70
New displacement factor 0.000

Starting the Newton-Raphson solver `userModules.solver' ...
module `userModules.solver' : residual scale factor = 1.0243e+05
module `userModules.solver' : iter = 1, scaled residual = 0.0000e+00
The Newton-Raphson solver converged in 1 iterations

Iteration       : 138
Elapsed runtime : 59.20 seconds

New displacement factor 13.80
New displacement factor 0.000

Starting the Newton-Raphson solver `userModules.solver' ...
module `userModules.solver' : residual scale factor = 0.0000e+00
The Newton-Raphson solver converged in 1 iterations

Iteration       : 139
Elapsed runtime : 59.43 seconds

New displacement factor 13.90
New displacement factor 0.000

Starting the Newton-Raphson solver `userModules.solver' ...
module `userModules.solver' : residual scale factor = 0.0000e+00
The Newton-Raphson solver converged in 1 iterations

Iteration       : 140
Elapsed runtime : 59.67 seconds

New displacement factor 14.00
New displacement factor 0.000

Starting the Newton-Raphson solver `userModules.solver' ...
module `userModules.solver' : residual scale factor = 0.0000e+00
The Newton-Raphson solver converged in 1 iterations

Iteration       : 141
Elapsed runtime : 59.91 seconds

New displacement factor 14.10
New displacement factor 0.000

Starting the Newton-Raphson solver `userModules.solver' ...
module `userModules.solver' : residual scale factor = 0.0000e+00
The Newton-Raphson solver converged in 1 iterations

Iteration       : 142
Elapsed runtime : 62.41 seconds

New displacement factor 14.20
New displacement factor 0.000

Starting the Newton-Raphson solver `userModules.solver' ...
module `userModules.solver' : residual scale factor = 0.0000e+00
The Newton-Raphson solver converged in 1 iterations

Iteration       : 143
Elapsed runtime : 62.68 seconds

New displacement factor 14.30
New displacement factor 0.000

Starting the Newton-Raphson solver `userModules.solver' ...
module `userModules.solver' : residual scale factor = 0.0000e+00
The Newton-Raphson solver converged in 1 iterations

Iteration       : 144
Elapsed runtime : 62.91 seconds

New displacement factor 14.40
New displacement factor 0.000

Starting the Newton-Raphson solver `userModules.solver' ...
module `userModules.solver' : residual scale factor = 0.0000e+00
The Newton-Raphson solver converged in 1 iterations

Iteration       : 145
Elapsed runtime : 63.15 seconds

New displacement factor 14.50
New displacement factor 0.000

Starting the Newton-Raphson solver `userModules.solver' ...
module `userModules.solver' : residual scale factor = 0.0000e+00
The Newton-Raphson solver converged in 1 iterations

Iteration       : 146
Elapsed runtime : 63.39 seconds

New displacement factor 14.60
New displacement factor 0.000

Starting the Newton-Raphson solver `userModules.solver' ...
module `userModules.solver' : residual scale factor = 0.0000e+00
The Newton-Raphson solver converged in 1 iterations

Iteration       : 147
Elapsed runtime : 63.62 seconds

New displacement factor 14.70
New displacement factor 0.000

Starting the Newton-Raphson solver `userModules.solver' ...
module `userModules.solver' : residual scale factor = 0.0000e+00
The Newton-Raphson solver converged in 1 iterations

Iteration       : 148
Elapsed runtime : 63.86 seconds

New displacement factor 14.80
New displacement factor 0.000

Starting the Newton-Raphson solver `userModules.solver' ...
module `userModules.solver' : residual scale factor = 0.0000e+00
The Newton-Raphson solver converged in 1 iterations

Iteration       : 149
Elapsed runtime : 64.09 seconds

New displacement factor 14.90
New displacement factor 0.000

Starting the Newton-Raphson solver `userModules.solver' ...
module `userModules.solver' : residual scale factor = 0.0000e+00
The Newton-Raphson solver converged in 1 iterations

Iteration       : 150
Elapsed runtime : 64.33 seconds

New displacement factor 15.00
New displacement factor 0.000

Starting the Newton-Raphson solver `userModules.solver' ...
module `userModules.solver' : residual scale factor = 0.0000e+00
The Newton-Raphson solver converged in 1 iterations

Iteration       : 151
Elapsed runtime : 64.56 seconds

New displacement factor 15.10
New displacement factor 0.000

Starting the Newton-Raphson solver `userModules.solver' ...
module `userModules.solver' : residual scale factor = 0.0000e+00
The Newton-Raphson solver converged in 1 iterations

Iteration       : 152
Elapsed runtime : 76.35 seconds

New displacement factor 15.20
New displacement factor 0.000

Starting the Newton-Raphson solver `userModules.solver' ...
module `userModules.solver' : residual scale factor = 0.0000e+00
The Newton-Raphson solver converged in 1 iterations

Iteration       : 153
Elapsed runtime : 76.60 seconds

New displacement factor 15.30
New displacement factor 0.000

Starting the Newton-Raphson solver `userModules.solver' ...
module `userModules.solver' : residual scale factor = 0.0000e+00
The Newton-Raphson solver converged in 1 iterations

Iteration       : 154
Elapsed runtime : 76.84 seconds

New displacement factor 15.40
New displacement factor 0.000

Starting the Newton-Raphson solver `userModules.solver' ...
module `userModules.solver' : residual scale factor = 0.0000e+00
The Newton-Raphson solver converged in 1 iterations

Iteration       : 155
Elapsed runtime : 77.07 seconds

New displacement factor 15.50
New displacement factor 0.000

Starting the Newton-Raphson solver `userModules.solver' ...
module `userModules.solver' : residual scale factor = 0.0000e+00
The Newton-Raphson solver converged in 1 iterations

Iteration       : 156
Elapsed runtime : 77.31 seconds

New displacement factor 15.60
New displacement factor 0.000

Starting the Newton-Raphson solver `userModules.solver' ...
module `userModules.solver' : residual scale factor = 0.0000e+00
The Newton-Raphson solver converged in 1 iterations

