Log file created on Mon Jan 20 23:04:44 CET 2020.

Reading input with userInput.input from file neohookean.msh
 ...Adding 241 nodes.
 ...Adding 424 elements.
 ...Created NodeGroup `left' with 9 nodes.
 ...Created NodeGroup `right' with 9 nodes.

Created a new model named `model'.

Data summary:

  nodes ......................................... 241
  node dofs ..................................... 482
  node groups ................................... 4
  elements ...................................... 424
  element groups ................................ 3

userModules.view : loaded configuration data from `neohookean.view'
userModules.view.mesh : building graphics mesh ...
userModules.view.mesh : ready; graphics mesh contains:

  vertices  ...... 241
  faces     ...... 424
  triangles ...... 424
  lines     ...... 0
  edges     ...... 664

*** WARNING: module `userModules.view' : unsupported image type: `png'; supported type is `ppm'
*** WARNING: module `userModules.view' : snapshot files will be saved in PPM format

Application configuration data:

  log	=
  {
    file	= "-neohookean.log";
    rank	= 0;
    pattern	= "*.info";
    logPrefix	= "";
    outPrefix	= "";
    warnPrefix	= "*** WARNING: ";
    errPrefix	= "*** ERROR: ";
  };
  userModules	=
  {
    solver	=
    {
      maxIter	= 20;
      tiny	= 1.00000e-300;
      precision	= 1.00000e-06;
      maxIncr	= 10.0000;
      lineSearch	= false;
      deltaCons	= false;
      updateWhen	= none;
      solver	=
      {
        type	= "SkylineLU";
        lenient	= true;
        precision	= 5.00000e-07;
        zeroThreshold	= 1.49012e-08;
        maxZeroPivots	= 0;
        reorder	= true;
        useThreads	= true;
        printPivots	= false;
      };
    };
    graph	=
    {
      sampleWhen	= "accepted";
      dataSets	= [ "loadDisp" ];
      window	=
      {
        bgColor	= "white";
        title	= "userModules.graph";
        width	= 400;
        height	= 200;
      };
      camera	=
      {
        range	= 1.00000;
        position	= [ -0.00000, -0.00000 ];
        zoom	= 0.00000;
        quality	= 1;
        autoQuality	= false;
      };
      graph	=
      {
        hidden	= false;
        width	= 1.00000;
        height	= 1.00000;
        showKey	= true;
        keyPos	= [ 0.900000, 0.900000 ];
        title	= "";
        xLabel	= "";
        yLabel	= "";
        scaleStep	= 0.100000;
        xRange	= "auto";
        yRange	= "auto";
      };
      loadDisp	=
      {
        key	= "Load-displacement curve";
        maxPoints	= -1;
        pointStyle	= none;
        lineWidth	= 1.20000;
        lineColor	= "black";
        xData	= "model.model.lodi.disp[0]";
        yData	= "model.model.lodi.load[0]";
      };
    };
    view	=
    {
      snapFile	= "neohookean%2i.png";
      configFile	= "neohookean.view";
      updateWhen	= true;
      snapWhen	= false;
      offScreen	= false;
      camera	=
      {
        type	= "Perspective";
        farClip	= 101.354;
        nearClip	= 18.1941;
        viewAngle	= 40.0000;
        position	= [ 0.720000, -0.0777054, 59.7741 ];
        zoom	= 0.00000;
        quality	= 1;
        autoQuality	= false;
      };
      disp	=
      {
        type	= "Vector";
        vector	= "state";
        nullValue	= 0.00000;
      };
      stress	=
      {
        type	= "Table";
        table	= "nodes/stress";
        tableType	= "Dense";
        nullValue	= 0.00000;
      };
      dataSets	= [ "disp", "stress" ];
      window	=
      {
        bgColor	= "white";
        title	= "feel.userModules.view";
        width	= 863;
        height	= 759;
      };
      world	=
      {
        scale	= 1.00000;
        rotmat	= [ 1.00000, 0.00000, 0.00000, 0.00000, 1.00000, 0.00000, 0.00000, 0.00000, 1.00000 ];
        translation	= [ 0.00000, 0.00000, 0.00000 ];
      };
      lights	=
      {
        light0	=
        {
          color	= "white20";
          direction	= [ -1.00000, -0.00000, -0.00000 ];
          enable	= true;
        };
        light1	=
        {
          color	= "white20";
          direction	= [ -0.00000, -1.00000, -0.00000 ];
          enable	= true;
        };
        light2	=
        {
          color	= "white";
          direction	= [ -0.00000, -0.00000, -1.00000 ];
          enable	= true;
        };
        light3	=
        {
          color	= "white20";
          direction	= [ 1.00000, 1.00000, -0.00000 ];
          enable	= false;
        };
        specular	= false;
        ambient	= "white20";
      };
      markerStyles	=
      {
        points	=
        {
          size	= 3.00000;
          color	= "black";
        };
        orbs	=
        {
          size	= -0.0100000;
          quality	= 1;
          color	= "gold";
        };
        numbers	=
        {
          font	= "proportional medium";
          color	= "black";
        };
        circles	=
        {
          size	= "medium";
          color	= "black";
        };
        diamonds	=
        {
          size	= "medium";
          color	= "black";
        };
        discs	=
        {
          size	= "medium";
          color	= "black";
        };
        squares	=
        {
          size	= "medium";
          color	= "black";
        };
        styles	= [];
      };
      palettes	=
      {
        linear	=
        {
          minValue	= 0.00000;
          maxValue	= 1.00000;
          minColor	= "blue";
          maxColor	= "red";
        };
        rainbow	=
        {
          minValue	= 0.00000;
          maxValue	= 1.00000;
        };
        custom	=
        {
          colors	= [ "blue", "green", "yellow", "orange", "red" ];
          ranges	= [ 0.00000, 0.200000, 0.400000, 0.600000, 0.800000, 1.00000 ];
          hideMinMax	= false;
        };
        palettes	= [];
      };
      mesh	=
      {
        elements	= "all";
        scale	= 1.00000;
        rotmat	= [ 1.00000, 0.00000, 0.00000, 0.00000, 1.00000, 0.00000, 0.00000, 0.00000, 1.00000 ];
        translation	= [ 0.00000, 0.00000, 0.00000 ];
        pointSize	= 1.00000;
        lineWidth	= 1.00000;
        shadeModel	= "Smooth";
        color	= "gray";
        material	=
        {
          specular	= "black";
          shininess	= 0.00000;
        };
        edgeColor	= "black";
        nodeColor	= "black";
        showEdges	= true;
        showLines	= true;
        showFaces	= true;
        hidden	= false;
        deformation	=
        {
          scale	= 1.00000;
          autoScale	= false;
          scaleStep	= 0.100000;
          dx	= "disp[dx]";
          dy	= "disp[dy]";
          dz	= "0.000";
        };
        colors	=
        {
          palette	= "custom";
          title	= "";
          data	= "stress[xx]";
          autoScale	= true;
          scaleStep	= 0.100000;
        };
      };
    };
  };
  sample	=
  {
    file	= "lodi.dat";
    header	= "";
    separator	= " ";
    append	= false;
    precision	= 8;
    dataSets	= [ "i", "model.model.lodi.disp[0]", "abs( model.model.lodi.load[0] )" ];
    sampleWhen	= "accepted";
  };
  control	=
  {
    prompt	= ">";
    cmdFile	= "";
    fgMode	= true;
    pause	= -1.00000;
    runWhile	= "i<=1";
  };
  userInput	=
  {
    input	=
    {
      dim	= 2;
      file	= "neohookean.msh";
      doElemGroups	= false;
      lowOrderCopy	= false;
      nodeGroups	= [];
      elemGroups	= [];
    };
    ngroups	=
    {
      nodeGroups	= [ "left", "right" ];
      elemGroups	= [];
      left	=
      {
        all	= false;
        restrictToGroups	= [];
        eps	= 1.00000e-05;
        xtype	= "min";
      };
      right	=
      {
        all	= false;
        restrictToGroups	= [];
        eps	= 1.00000e-05;
        xtype	= "max";
      };
    };
  };
  shapeTable	=
  {
    type	= "Auto";
    boundaryElems	= "";
    interfaceElems	= "";
    maxPrecision	= 0;
  };
  model	=
  {
    type	= "Matrix";
    model	=
    {
      type	= "Multi";
      models	= [ "bulk", "diri", "diri2", "lodi" ];
      bulk	=
      {
        type	= "NLSolid";
        elements	= "all";
        shape	=
        {
          type	= "Triangle3";
          shapeFuncs	=
          {
            type	= "Linear";
          };
          intScheme	= [ "Gauss1", "Gauss2", "Gauss2", "Gauss2" ];
        };
        material	=
        {
          type	= "Holzapfel";
          dim	= 2;
          lambda	= 5000.00;
          mu	= 6000.00;
          beta	= 0.174000;
          k1_a	= 6000.00;
          k2_a	= 1.00000;
          kappam0	= 0.200000;
          kappamu	= 0.200000;
          kappaf0	= 0.200000;
          kappafu	= 0.200000;
          state	= "PLANE_STRAIN";
        };
        thickness	= 1.00000;
      };
      diri	=
      {
        type	= "Dirichlet";
        dispIncr	= 0.0500000;
        initDisp	= 0.00000;
        maxDisp	= 20.0000;
        nodeGroups	= [ "right" ];
        dofs	= [ "dx" ];
        factors	= [ 1.00000 ];
      };
      diri2	=
      {
        type	= "Dirichlet";
        dispIncr	= 0.00000;
        initDisp	= 0.00000;
        maxDisp	= 1.79769e+308;
        nodeGroups	= [ "left" ];
        dofs	= [ "dx" ];
        factors	= [ 1.00000 ];
      };
      lodi	=
      {
        type	= "LoadDisp";
        nodes	= [ 1, 2, 23, 24, 25, 26, 27, 28, 29 ];
      };
    };
    debug	= 0;
    linear	= false;
    matrix0	=
    {
      type	= "Sparse";
      symmetric	= false;
      optimize	= "Runtime";
    };
  };
  init	=
  {
    reorder	= false;
    vectors	= [];
  };
  xoutput	=
  {
    write	= true;
    table	= "stress | eqstrain | eqveps | loading";
    interval	= 1;
    dissipation	= true;
    writeCracks	= true;
    writeCohInfo	= false;
  };

*** WARNING: Unknown property: `model.model.bulk.largeDisp'

*** WARNING: Initialization phase completed with warnings.

  Elapsed CPU  time : 0.05000 seconds.
  Elapsed real time : 0.1657 seconds.

Iteration       : 0
Elapsed runtime : 0.1660 seconds

New displacement factor 0.000
New displacement factor 0.000

Starting the Newton-Raphson solver `userModules.solver' ...
module `userModules.solver' : residual scale factor = 0.0000e+00
The Newton-Raphson solver converged in 1 iterations

Iteration       : 1
Elapsed runtime : 0.2609 seconds

New displacement factor 0.05000
New displacement factor 0.000

Starting the Newton-Raphson solver `userModules.solver' ...
module `userModules.solver' : residual scale factor = 3.6546e+02
module `userModules.solver' : iter = 1, scaled residual = 3.3481e-15
The Newton-Raphson solver converged in 1 iterations

Iteration       : 2
Elapsed runtime : 5.077 seconds

New displacement factor 0.1000
New displacement factor 0.000

Starting the Newton-Raphson solver `userModules.solver' ...
module `userModules.solver' : residual scale factor = 7.3322e+02
module `userModules.solver' : iter = 1, scaled residual = 2.7395e-15
The Newton-Raphson solver converged in 1 iterations

Iteration       : 3
Elapsed runtime : 5.149 seconds

New displacement factor 0.1500
New displacement factor 0.000

Starting the Newton-Raphson solver `userModules.solver' ...
module `userModules.solver' : residual scale factor = 1.1016e+03
module `userModules.solver' : iter = 1, scaled residual = 1.0490e-14
The Newton-Raphson solver converged in 1 iterations

Iteration       : 4
Elapsed runtime : 5.210 seconds

New displacement factor 0.2000
New displacement factor 0.000

Starting the Newton-Raphson solver `userModules.solver' ...
module `userModules.solver' : residual scale factor = 1.4706e+03
module `userModules.solver' : iter = 1, scaled residual = 5.2414e-14
The Newton-Raphson solver converged in 1 iterations

Iteration       : 5
Elapsed runtime : 5.272 seconds

New displacement factor 0.2500
New displacement factor 0.000

Starting the Newton-Raphson solver `userModules.solver' ...
module `userModules.solver' : residual scale factor = 1.8402e+03
module `userModules.solver' : iter = 1, scaled residual = 3.5647e-14
The Newton-Raphson solver converged in 1 iterations

Iteration       : 6
Elapsed runtime : 5.334 seconds

New displacement factor 0.3000
New displacement factor 0.000

Starting the Newton-Raphson solver `userModules.solver' ...
module `userModules.solver' : residual scale factor = 2.2105e+03
module `userModules.solver' : iter = 1, scaled residual = 3.9526e-14
The Newton-Raphson solver converged in 1 iterations

Iteration       : 7
Elapsed runtime : 5.396 seconds

New displacement factor 0.3500
New displacement factor 0.000

Starting the Newton-Raphson solver `userModules.solver' ...
module `userModules.solver' : residual scale factor = 2.5814e+03
module `userModules.solver' : iter = 1, scaled residual = 2.9525e-14
The Newton-Raphson solver converged in 1 iterations

Iteration       : 8
Elapsed runtime : 5.457 seconds

New displacement factor 0.4000
New displacement factor 0.000

Starting the Newton-Raphson solver `userModules.solver' ...
module `userModules.solver' : residual scale factor = 2.9529e+03
module `userModules.solver' : iter = 1, scaled residual = 1.7813e-14
The Newton-Raphson solver converged in 1 iterations

Iteration       : 9
Elapsed runtime : 5.519 seconds

New displacement factor 0.4500
New displacement factor 0.000

Starting the Newton-Raphson solver `userModules.solver' ...
module `userModules.solver' : residual scale factor = 3.3251e+03
module `userModules.solver' : iter = 1, scaled residual = 7.6924e-15
The Newton-Raphson solver converged in 1 iterations

Iteration       : 10
Elapsed runtime : 5.581 seconds

New displacement factor 0.5000
New displacement factor 0.000

Starting the Newton-Raphson solver `userModules.solver' ...
module `userModules.solver' : residual scale factor = 3.6980e+03
module `userModules.solver' : iter = 1, scaled residual = 8.3644e-15
The Newton-Raphson solver converged in 1 iterations

Iteration       : 11
Elapsed runtime : 5.642 seconds

New displacement factor 0.5500
New displacement factor 0.000

Starting the Newton-Raphson solver `userModules.solver' ...
module `userModules.solver' : residual scale factor = 4.0715e+03
module `userModules.solver' : iter = 1, scaled residual = 1.5513e-14
The Newton-Raphson solver converged in 1 iterations

Iteration       : 12
Elapsed runtime : 5.703 seconds

New displacement factor 0.6000
New displacement factor 0.000

Starting the Newton-Raphson solver `userModules.solver' ...
module `userModules.solver' : residual scale factor = 4.4457e+03
module `userModules.solver' : iter = 1, scaled residual = 3.6346e-14
The Newton-Raphson solver converged in 1 iterations

Iteration       : 13
Elapsed runtime : 5.766 seconds

New displacement factor 0.6500
New displacement factor 0.000

Starting the Newton-Raphson solver `userModules.solver' ...
module `userModules.solver' : residual scale factor = 4.8207e+03
module `userModules.solver' : iter = 1, scaled residual = 2.0028e-14
The Newton-Raphson solver converged in 1 iterations

Iteration       : 14
Elapsed runtime : 5.827 seconds

New displacement factor 0.7000
New displacement factor 0.000

Starting the Newton-Raphson solver `userModules.solver' ...
module `userModules.solver' : residual scale factor = 5.1962e+03
module `userModules.solver' : iter = 1, scaled residual = 1.1940e-14
The Newton-Raphson solver converged in 1 iterations

Iteration       : 15
Elapsed runtime : 5.889 seconds

New displacement factor 0.7500
New displacement factor 0.000

Starting the Newton-Raphson solver `userModules.solver' ...
module `userModules.solver' : residual scale factor = 5.5725e+03
module `userModules.solver' : iter = 1, scaled residual = 8.8133e-15
The Newton-Raphson solver converged in 1 iterations

Iteration       : 16
Elapsed runtime : 5.950 seconds

New displacement factor 0.8000
New displacement factor 0.000

Starting the Newton-Raphson solver `userModules.solver' ...
module `userModules.solver' : residual scale factor = 5.9495e+03
module `userModules.solver' : iter = 1, scaled residual = 2.0704e-15
The Newton-Raphson solver converged in 1 iterations

Iteration       : 17
Elapsed runtime : 6.012 seconds

New displacement factor 0.8500
New displacement factor 0.000

Starting the Newton-Raphson solver `userModules.solver' ...
module `userModules.solver' : residual scale factor = 6.3273e+03
module `userModules.solver' : iter = 1, scaled residual = 1.5191e-14
The Newton-Raphson solver converged in 1 iterations

Iteration       : 18
Elapsed runtime : 6.073 seconds

New displacement factor 0.9000
New displacement factor 0.000

Starting the Newton-Raphson solver `userModules.solver' ...
module `userModules.solver' : residual scale factor = 6.7057e+03
module `userModules.solver' : iter = 1, scaled residual = 1.2382e-14
The Newton-Raphson solver converged in 1 iterations

Iteration       : 19
Elapsed runtime : 6.135 seconds

New displacement factor 0.9500
New displacement factor 0.000

Starting the Newton-Raphson solver `userModules.solver' ...
module `userModules.solver' : residual scale factor = 7.0849e+03
module `userModules.solver' : iter = 1, scaled residual = 1.9117e-14
The Newton-Raphson solver converged in 1 iterations

Iteration       : 20
Elapsed runtime : 6.197 seconds

New displacement factor 1.000
New displacement factor 0.000

Starting the Newton-Raphson solver `userModules.solver' ...
module `userModules.solver' : residual scale factor = 7.4648e+03
module `userModules.solver' : iter = 1, scaled residual = 1.4641e-14
The Newton-Raphson solver converged in 1 iterations

Iteration       : 21
Elapsed runtime : 6.259 seconds

New displacement factor 1.050
New displacement factor 0.000

Starting the Newton-Raphson solver `userModules.solver' ...
module `userModules.solver' : residual scale factor = 7.8454e+03
module `userModules.solver' : iter = 1, scaled residual = 1.1302e-14
The Newton-Raphson solver converged in 1 iterations

Iteration       : 22
Elapsed runtime : 6.320 seconds

New displacement factor 1.100
New displacement factor 0.000

Starting the Newton-Raphson solver `userModules.solver' ...
module `userModules.solver' : residual scale factor = 8.2268e+03
module `userModules.solver' : iter = 1, scaled residual = 9.4926e-15
The Newton-Raphson solver converged in 1 iterations

Iteration       : 23
Elapsed runtime : 6.381 seconds

New displacement factor 1.150
New displacement factor 0.000

Starting the Newton-Raphson solver `userModules.solver' ...
module `userModules.solver' : residual scale factor = 8.6090e+03
module `userModules.solver' : iter = 1, scaled residual = 5.7305e-15
The Newton-Raphson solver converged in 1 iterations

Iteration       : 24
Elapsed runtime : 6.443 seconds

New displacement factor 1.200
New displacement factor 0.000

Starting the Newton-Raphson solver `userModules.solver' ...
module `userModules.solver' : residual scale factor = 8.9919e+03
module `userModules.solver' : iter = 1, scaled residual = 9.3307e-15
The Newton-Raphson solver converged in 1 iterations

Iteration       : 25
Elapsed runtime : 6.504 seconds

New displacement factor 1.250
New displacement factor 0.000

Starting the Newton-Raphson solver `userModules.solver' ...
module `userModules.solver' : residual scale factor = 9.3756e+03
module `userModules.solver' : iter = 1, scaled residual = 4.0819e-15
The Newton-Raphson solver converged in 1 iterations

Iteration       : 26
Elapsed runtime : 6.565 seconds

New displacement factor 1.300
New displacement factor 0.000

Starting the Newton-Raphson solver `userModules.solver' ...
module `userModules.solver' : residual scale factor = 9.7601e+03
module `userModules.solver' : iter = 1, scaled residual = 8.4094e-15
The Newton-Raphson solver converged in 1 iterations

Iteration       : 27
Elapsed runtime : 6.627 seconds

New displacement factor 1.350
New displacement factor 0.000

Starting the Newton-Raphson solver `userModules.solver' ...
module `userModules.solver' : residual scale factor = 1.0145e+04
module `userModules.solver' : iter = 1, scaled residual = 9.3790e-15
The Newton-Raphson solver converged in 1 iterations

Iteration       : 28
Elapsed runtime : 6.689 seconds

New displacement factor 1.400
New displacement factor 0.000

Starting the Newton-Raphson solver `userModules.solver' ...
module `userModules.solver' : residual scale factor = 1.0531e+04
module `userModules.solver' : iter = 1, scaled residual = 1.1499e-14
The Newton-Raphson solver converged in 1 iterations

Iteration       : 29
Elapsed runtime : 6.751 seconds

New displacement factor 1.450
New displacement factor 0.000

Starting the Newton-Raphson solver `userModules.solver' ...
module `userModules.solver' : residual scale factor = 1.0918e+04
module `userModules.solver' : iter = 1, scaled residual = 1.7414e-14
The Newton-Raphson solver converged in 1 iterations

Iteration       : 30
Elapsed runtime : 6.813 seconds

New displacement factor 1.500
New displacement factor 0.000

Starting the Newton-Raphson solver `userModules.solver' ...
module `userModules.solver' : residual scale factor = 1.1306e+04
module `userModules.solver' : iter = 1, scaled residual = 1.3102e-14
The Newton-Raphson solver converged in 1 iterations

Iteration       : 31
Elapsed runtime : 6.873 seconds

New displacement factor 1.550
New displacement factor 0.000

Starting the Newton-Raphson solver `userModules.solver' ...
module `userModules.solver' : residual scale factor = 1.1695e+04
module `userModules.solver' : iter = 1, scaled residual = 1.9982e-14
The Newton-Raphson solver converged in 1 iterations

Iteration       : 32
Elapsed runtime : 6.935 seconds

New displacement factor 1.600
New displacement factor 0.000

Starting the Newton-Raphson solver `userModules.solver' ...
module `userModules.solver' : residual scale factor = 1.2084e+04
module `userModules.solver' : iter = 1, scaled residual = 1.3022e-14
The Newton-Raphson solver converged in 1 iterations

Iteration       : 33
Elapsed runtime : 6.997 seconds

New displacement factor 1.650
New displacement factor 0.000

Starting the Newton-Raphson solver `userModules.solver' ...
module `userModules.solver' : residual scale factor = 1.2474e+04
module `userModules.solver' : iter = 1, scaled residual = 9.8230e-15
The Newton-Raphson solver converged in 1 iterations

Iteration       : 34
Elapsed runtime : 7.058 seconds

New displacement factor 1.700
New displacement factor 0.000

Starting the Newton-Raphson solver `userModules.solver' ...
module `userModules.solver' : residual scale factor = 1.2865e+04
module `userModules.solver' : iter = 1, scaled residual = 5.4422e-15
The Newton-Raphson solver converged in 1 iterations

Iteration       : 35
Elapsed runtime : 7.119 seconds

New displacement factor 1.750
New displacement factor 0.000

Starting the Newton-Raphson solver `userModules.solver' ...
module `userModules.solver' : residual scale factor = 1.3257e+04
module `userModules.solver' : iter = 1, scaled residual = 9.1884e-15
The Newton-Raphson solver converged in 1 iterations

Iteration       : 36
Elapsed runtime : 7.181 seconds

New displacement factor 1.800
New displacement factor 0.000

Starting the Newton-Raphson solver `userModules.solver' ...
module `userModules.solver' : residual scale factor = 1.3650e+04
module `userModules.solver' : iter = 1, scaled residual = 6.4532e-15
The Newton-Raphson solver converged in 1 iterations

Iteration       : 37
Elapsed runtime : 7.243 seconds

New displacement factor 1.850
New displacement factor 0.000

Starting the Newton-Raphson solver `userModules.solver' ...
module `userModules.solver' : residual scale factor = 1.4044e+04
module `userModules.solver' : iter = 1, scaled residual = 8.9940e-15
The Newton-Raphson solver converged in 1 iterations

Iteration       : 38
Elapsed runtime : 7.304 seconds

New displacement factor 1.900
New displacement factor 0.000

Starting the Newton-Raphson solver `userModules.solver' ...
module `userModules.solver' : residual scale factor = 1.4438e+04
module `userModules.solver' : iter = 1, scaled residual = 1.1173e-14
The Newton-Raphson solver converged in 1 iterations

Iteration       : 39
Elapsed runtime : 7.366 seconds

New displacement factor 1.950
New displacement factor 0.000

Starting the Newton-Raphson solver `userModules.solver' ...
module `userModules.solver' : residual scale factor = 1.4834e+04
module `userModules.solver' : iter = 1, scaled residual = 6.3843e-15
The Newton-Raphson solver converged in 1 iterations

Iteration       : 40
Elapsed runtime : 7.427 seconds

New displacement factor 2.000
New displacement factor 0.000

Starting the Newton-Raphson solver `userModules.solver' ...
module `userModules.solver' : residual scale factor = 1.5230e+04
module `userModules.solver' : iter = 1, scaled residual = 8.7377e-15
The Newton-Raphson solver converged in 1 iterations

Iteration       : 41
Elapsed runtime : 7.489 seconds

New displacement factor 2.050
New displacement factor 0.000

Starting the Newton-Raphson solver `userModules.solver' ...
module `userModules.solver' : residual scale factor = 1.5627e+04
module `userModules.solver' : iter = 1, scaled residual = 5.6738e-15
The Newton-Raphson solver converged in 1 iterations

Iteration       : 42
Elapsed runtime : 7.551 seconds

New displacement factor 2.100
New displacement factor 0.000

Starting the Newton-Raphson solver `userModules.solver' ...
module `userModules.solver' : residual scale factor = 1.6025e+04
module `userModules.solver' : iter = 1, scaled residual = 1.0435e-14
The Newton-Raphson solver converged in 1 iterations

Iteration       : 43
Elapsed runtime : 7.613 seconds

New displacement factor 2.150
New displacement factor 0.000

Starting the Newton-Raphson solver `userModules.solver' ...
module `userModules.solver' : residual scale factor = 1.6424e+04
module `userModules.solver' : iter = 1, scaled residual = 4.4751e-15
The Newton-Raphson solver converged in 1 iterations

Iteration       : 44
Elapsed runtime : 7.676 seconds

New displacement factor 2.200
New displacement factor 0.000

Starting the Newton-Raphson solver `userModules.solver' ...
module `userModules.solver' : residual scale factor = 1.6824e+04
module `userModules.solver' : iter = 1, scaled residual = 7.5728e-15
The Newton-Raphson solver converged in 1 iterations

Iteration       : 45
Elapsed runtime : 7.736 seconds

New displacement factor 2.250
New displacement factor 0.000

Starting the Newton-Raphson solver `userModules.solver' ...
module `userModules.solver' : residual scale factor = 1.7225e+04
module `userModules.solver' : iter = 1, scaled residual = 7.3699e-15
The Newton-Raphson solver converged in 1 iterations

Iteration       : 46
Elapsed runtime : 7.798 seconds

New displacement factor 2.300
New displacement factor 0.000

Starting the Newton-Raphson solver `userModules.solver' ...
module `userModules.solver' : residual scale factor = 1.7627e+04
module `userModules.solver' : iter = 1, scaled residual = 1.0405e-14
The Newton-Raphson solver converged in 1 iterations

Iteration       : 47
Elapsed runtime : 7.860 seconds

New displacement factor 2.350
New displacement factor 0.000

Starting the Newton-Raphson solver `userModules.solver' ...
module `userModules.solver' : residual scale factor = 1.8030e+04
module `userModules.solver' : iter = 1, scaled residual = 1.0390e-14
The Newton-Raphson solver converged in 1 iterations

Iteration       : 48
Elapsed runtime : 7.921 seconds

New displacement factor 2.400
New displacement factor 0.000

Starting the Newton-Raphson solver `userModules.solver' ...
module `userModules.solver' : residual scale factor = 1.8434e+04
module `userModules.solver' : iter = 1, scaled residual = 1.0330e-14
The Newton-Raphson solver converged in 1 iterations

Iteration       : 49
Elapsed runtime : 7.983 seconds

New displacement factor 2.450
New displacement factor 0.000

Starting the Newton-Raphson solver `userModules.solver' ...
module `userModules.solver' : residual scale factor = 1.8839e+04
module `userModules.solver' : iter = 1, scaled residual = 7.9402e-15
The Newton-Raphson solver converged in 1 iterations

Iteration       : 50
Elapsed runtime : 8.044 seconds

New displacement factor 2.500
New displacement factor 0.000

Starting the Newton-Raphson solver `userModules.solver' ...
module `userModules.solver' : residual scale factor = 1.9244e+04
module `userModules.solver' : iter = 1, scaled residual = 6.0908e-15
The Newton-Raphson solver converged in 1 iterations

Iteration       : 51
Elapsed runtime : 8.106 seconds

New displacement factor 2.550
New displacement factor 0.000

Starting the Newton-Raphson solver `userModules.solver' ...
module `userModules.solver' : residual scale factor = 1.9651e+04
module `userModules.solver' : iter = 1, scaled residual = 1.4268e-14
The Newton-Raphson solver converged in 1 iterations

Iteration       : 52
Elapsed runtime : 8.167 seconds

New displacement factor 2.600
New displacement factor 0.000

Starting the Newton-Raphson solver `userModules.solver' ...
module `userModules.solver' : residual scale factor = 2.0059e+04
module `userModules.solver' : iter = 1, scaled residual = 8.9109e-15
The Newton-Raphson solver converged in 1 iterations

Iteration       : 53
Elapsed runtime : 8.229 seconds

New displacement factor 2.650
New displacement factor 0.000

Starting the Newton-Raphson solver `userModules.solver' ...
module `userModules.solver' : residual scale factor = 2.0468e+04
module `userModules.solver' : iter = 1, scaled residual = 6.8884e-15
The Newton-Raphson solver converged in 1 iterations

Iteration       : 54
Elapsed runtime : 8.291 seconds

New displacement factor 2.700
New displacement factor 0.000

Starting the Newton-Raphson solver `userModules.solver' ...
module `userModules.solver' : residual scale factor = 2.0878e+04
module `userModules.solver' : iter = 1, scaled residual = 6.2520e-15
The Newton-Raphson solver converged in 1 iterations

Iteration       : 55
Elapsed runtime : 8.352 seconds

New displacement factor 2.750
New displacement factor 0.000

Starting the Newton-Raphson solver `userModules.solver' ...
module `userModules.solver' : residual scale factor = 2.1289e+04
module `userModules.solver' : iter = 1, scaled residual = 8.2508e-15
The Newton-Raphson solver converged in 1 iterations

Iteration       : 56
Elapsed runtime : 8.413 seconds

New displacement factor 2.800
New displacement factor 0.000

Starting the Newton-Raphson solver `userModules.solver' ...
module `userModules.solver' : residual scale factor = 2.1701e+04
module `userModules.solver' : iter = 1, scaled residual = 8.8881e-15
The Newton-Raphson solver converged in 1 iterations

Iteration       : 57
Elapsed runtime : 8.474 seconds

New displacement factor 2.850
New displacement factor 0.000

Starting the Newton-Raphson solver `userModules.solver' ...
module `userModules.solver' : residual scale factor = 2.2114e+04
module `userModules.solver' : iter = 1, scaled residual = 8.2410e-15
The Newton-Raphson solver converged in 1 iterations

Iteration       : 58
Elapsed runtime : 8.536 seconds

New displacement factor 2.900
New displacement factor 0.000

Starting the Newton-Raphson solver `userModules.solver' ...
module `userModules.solver' : residual scale factor = 2.2528e+04
module `userModules.solver' : iter = 1, scaled residual = 8.4184e-15
The Newton-Raphson solver converged in 1 iterations

Iteration       : 59
Elapsed runtime : 8.598 seconds

New displacement factor 2.950
New displacement factor 0.000

Starting the Newton-Raphson solver `userModules.solver' ...
module `userModules.solver' : residual scale factor = 2.2943e+04
module `userModules.solver' : iter = 1, scaled residual = 6.0237e-15
The Newton-Raphson solver converged in 1 iterations

Iteration       : 60
Elapsed runtime : 8.659 seconds

New displacement factor 3.000
New displacement factor 0.000

Starting the Newton-Raphson solver `userModules.solver' ...
module `userModules.solver' : residual scale factor = 2.3359e+04
module `userModules.solver' : iter = 1, scaled residual = 8.7540e-15
The Newton-Raphson solver converged in 1 iterations

Iteration       : 61
Elapsed runtime : 8.720 seconds

New displacement factor 3.050
New displacement factor 0.000

Starting the Newton-Raphson solver `userModules.solver' ...
module `userModules.solver' : residual scale factor = 2.3777e+04
module `userModules.solver' : iter = 1, scaled residual = 6.6223e-15
The Newton-Raphson solver converged in 1 iterations

Iteration       : 62
Elapsed runtime : 8.782 seconds

New displacement factor 3.100
New displacement factor 0.000

Starting the Newton-Raphson solver `userModules.solver' ...
module `userModules.solver' : residual scale factor = 2.4195e+04
module `userModules.solver' : iter = 1, scaled residual = 5.4821e-15
The Newton-Raphson solver converged in 1 iterations

Iteration       : 63
Elapsed runtime : 8.844 seconds

New displacement factor 3.150
New displacement factor 0.000

Starting the Newton-Raphson solver `userModules.solver' ...
module `userModules.solver' : residual scale factor = 2.4615e+04
module `userModules.solver' : iter = 1, scaled residual = 5.4386e-15
The Newton-Raphson solver converged in 1 iterations

Iteration       : 64
Elapsed runtime : 8.905 seconds

New displacement factor 3.200
New displacement factor 0.000

Starting the Newton-Raphson solver `userModules.solver' ...
module `userModules.solver' : residual scale factor = 2.5035e+04
module `userModules.solver' : iter = 1, scaled residual = 5.8200e-15
The Newton-Raphson solver converged in 1 iterations

Iteration       : 65
Elapsed runtime : 8.966 seconds

New displacement factor 3.250
New displacement factor 0.000

Starting the Newton-Raphson solver `userModules.solver' ...
module `userModules.solver' : residual scale factor = 2.5457e+04
module `userModules.solver' : iter = 1, scaled residual = 7.1811e-15
The Newton-Raphson solver converged in 1 iterations

Iteration       : 66
Elapsed runtime : 9.029 seconds

New displacement factor 3.300
New displacement factor 0.000

Starting the Newton-Raphson solver `userModules.solver' ...
module `userModules.solver' : residual scale factor = 2.5880e+04
module `userModules.solver' : iter = 1, scaled residual = 6.9549e-15
The Newton-Raphson solver converged in 1 iterations

Iteration       : 67
Elapsed runtime : 9.091 seconds

New displacement factor 3.350
New displacement factor 0.000

Starting the Newton-Raphson solver `userModules.solver' ...
module `userModules.solver' : residual scale factor = 2.6304e+04
module `userModules.solver' : iter = 1, scaled residual = 8.3864e-15
The Newton-Raphson solver converged in 1 iterations

Iteration       : 68
Elapsed runtime : 9.152 seconds

New displacement factor 3.400
New displacement factor 0.000

Starting the Newton-Raphson solver `userModules.solver' ...
module `userModules.solver' : residual scale factor = 2.6730e+04
module `userModules.solver' : iter = 1, scaled residual = 7.7269e-15
The Newton-Raphson solver converged in 1 iterations

Iteration       : 69
Elapsed runtime : 9.214 seconds

New displacement factor 3.450
New displacement factor 0.000

Starting the Newton-Raphson solver `userModules.solver' ...
module `userModules.solver' : residual scale factor = 2.7156e+04
module `userModules.solver' : iter = 1, scaled residual = 7.9728e-15
The Newton-Raphson solver converged in 1 iterations

Iteration       : 70
Elapsed runtime : 9.276 seconds

New displacement factor 3.500
New displacement factor 0.000

Starting the Newton-Raphson solver `userModules.solver' ...
module `userModules.solver' : residual scale factor = 2.7584e+04
module `userModules.solver' : iter = 1, scaled residual = 5.5662e-15
The Newton-Raphson solver converged in 1 iterations

Iteration       : 71
Elapsed runtime : 9.338 seconds

New displacement factor 3.550
New displacement factor 0.000

Starting the Newton-Raphson solver `userModules.solver' ...
module `userModules.solver' : residual scale factor = 2.8013e+04
module `userModules.solver' : iter = 1, scaled residual = 8.2703e-15
The Newton-Raphson solver converged in 1 iterations

Iteration       : 72
Elapsed runtime : 9.399 seconds

New displacement factor 3.600
New displacement factor 0.000

Starting the Newton-Raphson solver `userModules.solver' ...
module `userModules.solver' : residual scale factor = 2.8443e+04
module `userModules.solver' : iter = 1, scaled residual = 7.2299e-15
The Newton-Raphson solver converged in 1 iterations

Iteration       : 73
Elapsed runtime : 9.461 seconds

New displacement factor 3.650
New displacement factor 0.000

Starting the Newton-Raphson solver `userModules.solver' ...
module `userModules.solver' : residual scale factor = 2.8875e+04
module `userModules.solver' : iter = 1, scaled residual = 6.5851e-15
The Newton-Raphson solver converged in 1 iterations

Iteration       : 74
Elapsed runtime : 9.523 seconds

New displacement factor 3.700
New displacement factor 0.000

Starting the Newton-Raphson solver `userModules.solver' ...
module `userModules.solver' : residual scale factor = 2.9307e+04
module `userModules.solver' : iter = 1, scaled residual = 8.7057e-15
The Newton-Raphson solver converged in 1 iterations

Iteration       : 75
Elapsed runtime : 9.584 seconds

New displacement factor 3.750
New displacement factor 0.000

Starting the Newton-Raphson solver `userModules.solver' ...
module `userModules.solver' : residual scale factor = 2.9741e+04
module `userModules.solver' : iter = 1, scaled residual = 9.2792e-15
The Newton-Raphson solver converged in 1 iterations

Iteration       : 76
Elapsed runtime : 9.646 seconds

New displacement factor 3.800
New displacement factor 0.000

Starting the Newton-Raphson solver `userModules.solver' ...
module `userModules.solver' : residual scale factor = 3.0176e+04
module `userModules.solver' : iter = 1, scaled residual = 9.8156e-15
The Newton-Raphson solver converged in 1 iterations

Iteration       : 77
Elapsed runtime : 9.708 seconds

New displacement factor 3.850
New displacement factor 0.000

Starting the Newton-Raphson solver `userModules.solver' ...
module `userModules.solver' : residual scale factor = 3.0613e+04
module `userModules.solver' : iter = 1, scaled residual = 6.9435e-15
The Newton-Raphson solver converged in 1 iterations

Iteration       : 78
Elapsed runtime : 9.769 seconds

New displacement factor 3.900
New displacement factor 0.000

Starting the Newton-Raphson solver `userModules.solver' ...
module `userModules.solver' : residual scale factor = 3.1050e+04
module `userModules.solver' : iter = 1, scaled residual = 7.8386e-15
The Newton-Raphson solver converged in 1 iterations

Iteration       : 79
Elapsed runtime : 9.831 seconds

New displacement factor 3.950
New displacement factor 0.000

Starting the Newton-Raphson solver `userModules.solver' ...
module `userModules.solver' : residual scale factor = 3.1489e+04
module `userModules.solver' : iter = 1, scaled residual = 6.7040e-15
The Newton-Raphson solver converged in 1 iterations

Iteration       : 80
Elapsed runtime : 9.893 seconds

New displacement factor 4.000
New displacement factor 0.000

Starting the Newton-Raphson solver `userModules.solver' ...
module `userModules.solver' : residual scale factor = 3.1930e+04
module `userModules.solver' : iter = 1, scaled residual = 8.5529e-15
The Newton-Raphson solver converged in 1 iterations

Iteration       : 81
Elapsed runtime : 9.954 seconds

New displacement factor 4.050
New displacement factor 0.000

Starting the Newton-Raphson solver `userModules.solver' ...
module `userModules.solver' : residual scale factor = 3.2371e+04
module `userModules.solver' : iter = 1, scaled residual = 7.4164e-15
The Newton-Raphson solver converged in 1 iterations

Iteration       : 82
Elapsed runtime : 10.02 seconds

New displacement factor 4.100
New displacement factor 0.000

Starting the Newton-Raphson solver `userModules.solver' ...
module `userModules.solver' : residual scale factor = 3.2814e+04
module `userModules.solver' : iter = 1, scaled residual = 6.9956e-15
The Newton-Raphson solver converged in 1 iterations

Iteration       : 83
Elapsed runtime : 10.08 seconds

New displacement factor 4.150
New displacement factor 0.000

Starting the Newton-Raphson solver `userModules.solver' ...
module `userModules.solver' : residual scale factor = 3.3258e+04
module `userModules.solver' : iter = 1, scaled residual = 7.5717e-15
The Newton-Raphson solver converged in 1 iterations

Iteration       : 84
Elapsed runtime : 10.14 seconds

New displacement factor 4.200
New displacement factor 0.000

Starting the Newton-Raphson solver `userModules.solver' ...
module `userModules.solver' : residual scale factor = 3.3704e+04
module `userModules.solver' : iter = 1, scaled residual = 8.6604e-15
The Newton-Raphson solver converged in 1 iterations

Iteration       : 85
Elapsed runtime : 10.20 seconds

New displacement factor 4.250
New displacement factor 0.000

Starting the Newton-Raphson solver `userModules.solver' ...
module `userModules.solver' : residual scale factor = 3.4151e+04
module `userModules.solver' : iter = 1, scaled residual = 6.6604e-15
The Newton-Raphson solver converged in 1 iterations

Iteration       : 86
Elapsed runtime : 10.26 seconds

New displacement factor 4.300
New displacement factor 0.000

Starting the Newton-Raphson solver `userModules.solver' ...
module `userModules.solver' : residual scale factor = 3.4600e+04
module `userModules.solver' : iter = 1, scaled residual = 8.3691e-15
The Newton-Raphson solver converged in 1 iterations

Iteration       : 87
Elapsed runtime : 10.32 seconds

New displacement factor 4.350
New displacement factor 0.000

Starting the Newton-Raphson solver `userModules.solver' ...
module `userModules.solver' : residual scale factor = 3.5049e+04
module `userModules.solver' : iter = 1, scaled residual = 8.7489e-15
The Newton-Raphson solver converged in 1 iterations

Iteration       : 88
Elapsed runtime : 10.39 seconds

New displacement factor 4.400
New displacement factor 0.000

Starting the Newton-Raphson solver `userModules.solver' ...
module `userModules.solver' : residual scale factor = 3.5501e+04
module `userModules.solver' : iter = 1, scaled residual = 7.8284e-15
The Newton-Raphson solver converged in 1 iterations

Iteration       : 89
Elapsed runtime : 10.45 seconds

New displacement factor 4.450
New displacement factor 0.000

Starting the Newton-Raphson solver `userModules.solver' ...
module `userModules.solver' : residual scale factor = 3.5953e+04
module `userModules.solver' : iter = 1, scaled residual = 7.1500e-15
The Newton-Raphson solver converged in 1 iterations

Iteration       : 90
Elapsed runtime : 10.51 seconds

New displacement factor 4.500
New displacement factor 0.000

Starting the Newton-Raphson solver `userModules.solver' ...
module `userModules.solver' : residual scale factor = 3.6407e+04
module `userModules.solver' : iter = 1, scaled residual = 6.5597e-15
The Newton-Raphson solver converged in 1 iterations

Iteration       : 91
Elapsed runtime : 10.57 seconds

New displacement factor 4.550
New displacement factor 0.000

Starting the Newton-Raphson solver `userModules.solver' ...
module `userModules.solver' : residual scale factor = 3.6863e+04
module `userModules.solver' : iter = 1, scaled residual = 8.6594e-15
The Newton-Raphson solver converged in 1 iterations

Iteration       : 92
Elapsed runtime : 10.63 seconds

New displacement factor 4.600
New displacement factor 0.000

Starting the Newton-Raphson solver `userModules.solver' ...
module `userModules.solver' : residual scale factor = 3.7320e+04
module `userModules.solver' : iter = 1, scaled residual = 6.5976e-15
The Newton-Raphson solver converged in 1 iterations

Iteration       : 93
Elapsed runtime : 10.70 seconds

New displacement factor 4.650
New displacement factor 0.000

Starting the Newton-Raphson solver `userModules.solver' ...
module `userModules.solver' : residual scale factor = 3.7778e+04
module `userModules.solver' : iter = 1, scaled residual = 8.0910e-15
The Newton-Raphson solver converged in 1 iterations

Iteration       : 94
Elapsed runtime : 10.76 seconds

New displacement factor 4.700
New displacement factor 0.000

Starting the Newton-Raphson solver `userModules.solver' ...
module `userModules.solver' : residual scale factor = 3.8238e+04
module `userModules.solver' : iter = 1, scaled residual = 6.3448e-15
The Newton-Raphson solver converged in 1 iterations

Iteration       : 95
Elapsed runtime : 10.82 seconds

New displacement factor 4.750
New displacement factor 0.000

Starting the Newton-Raphson solver `userModules.solver' ...
module `userModules.solver' : residual scale factor = 3.8700e+04
module `userModules.solver' : iter = 1, scaled residual = 9.1409e-15
The Newton-Raphson solver converged in 1 iterations

Iteration       : 96
Elapsed runtime : 10.88 seconds

New displacement factor 4.800
New displacement factor 0.000

Starting the Newton-Raphson solver `userModules.solver' ...
module `userModules.solver' : residual scale factor = 3.9163e+04
module `userModules.solver' : iter = 1, scaled residual = 7.0562e-15
The Newton-Raphson solver converged in 1 iterations

Iteration       : 97
Elapsed runtime : 10.94 seconds

New displacement factor 4.850
New displacement factor 0.000

Starting the Newton-Raphson solver `userModules.solver' ...
module `userModules.solver' : residual scale factor = 3.9627e+04
module `userModules.solver' : iter = 1, scaled residual = 7.0304e-15
The Newton-Raphson solver converged in 1 iterations

Iteration       : 98
Elapsed runtime : 11.00 seconds

New displacement factor 4.900
New displacement factor 0.000

Starting the Newton-Raphson solver `userModules.solver' ...
module `userModules.solver' : residual scale factor = 4.0093e+04
module `userModules.solver' : iter = 1, scaled residual = 6.4910e-15
The Newton-Raphson solver converged in 1 iterations

Iteration       : 99
Elapsed runtime : 11.07 seconds

New displacement factor 4.950
New displacement factor 0.000

Starting the Newton-Raphson solver `userModules.solver' ...
module `userModules.solver' : residual scale factor = 4.0561e+04
module `userModules.solver' : iter = 1, scaled residual = 6.5862e-15
The Newton-Raphson solver converged in 1 iterations

Iteration       : 100
Elapsed runtime : 11.13 seconds

New displacement factor 5.000
New displacement factor 0.000

Starting the Newton-Raphson solver `userModules.solver' ...
module `userModules.solver' : residual scale factor = 4.1030e+04
module `userModules.solver' : iter = 1, scaled residual = 8.4320e-15
The Newton-Raphson solver converged in 1 iterations

Iteration       : 101
Elapsed runtime : 11.19 seconds

New displacement factor 5.050
New displacement factor 0.000

Starting the Newton-Raphson solver `userModules.solver' ...
module `userModules.solver' : residual scale factor = 4.1501e+04
module `userModules.solver' : iter = 1, scaled residual = 5.2514e-15
The Newton-Raphson solver converged in 1 iterations

Iteration       : 102
Elapsed runtime : 11.25 seconds

New displacement factor 5.100
New displacement factor 0.000

Starting the Newton-Raphson solver `userModules.solver' ...
module `userModules.solver' : residual scale factor = 4.1973e+04
module `userModules.solver' : iter = 1, scaled residual = 9.5907e-15
The Newton-Raphson solver converged in 1 iterations

Iteration       : 103
Elapsed runtime : 11.31 seconds

New displacement factor 5.150
New displacement factor 0.000

Starting the Newton-Raphson solver `userModules.solver' ...
module `userModules.solver' : residual scale factor = 4.2447e+04
module `userModules.solver' : iter = 1, scaled residual = 9.9500e-15
The Newton-Raphson solver converged in 1 iterations

Iteration       : 104
Elapsed runtime : 11.38 seconds

New displacement factor 5.200
New displacement factor 0.000

Starting the Newton-Raphson solver `userModules.solver' ...
module `userModules.solver' : residual scale factor = 4.2922e+04
module `userModules.solver' : iter = 1, scaled residual = 7.1281e-15
The Newton-Raphson solver converged in 1 iterations

Iteration       : 105
Elapsed runtime : 11.44 seconds

New displacement factor 5.250
New displacement factor 0.000

Starting the Newton-Raphson solver `userModules.solver' ...
module `userModules.solver' : residual scale factor = 4.3400e+04
module `userModules.solver' : iter = 1, scaled residual = 7.7330e-15
The Newton-Raphson solver converged in 1 iterations

Iteration       : 106
Elapsed runtime : 11.50 seconds

New displacement factor 5.300
New displacement factor 0.000

Starting the Newton-Raphson solver `userModules.solver' ...
module `userModules.solver' : residual scale factor = 4.3878e+04
module `userModules.solver' : iter = 1, scaled residual = 6.5208e-15
The Newton-Raphson solver converged in 1 iterations

Iteration       : 107
Elapsed runtime : 11.56 seconds

New displacement factor 5.350
New displacement factor 0.000

Starting the Newton-Raphson solver `userModules.solver' ...
module `userModules.solver' : residual scale factor = 4.4359e+04
module `userModules.solver' : iter = 1, scaled residual = 8.6168e-15
The Newton-Raphson solver converged in 1 iterations

Iteration       : 108
Elapsed runtime : 11.62 seconds

New displacement factor 5.400
New displacement factor 0.000

Starting the Newton-Raphson solver `userModules.solver' ...
module `userModules.solver' : residual scale factor = 4.4841e+04
module `userModules.solver' : iter = 1, scaled residual = 8.0846e-15
The Newton-Raphson solver converged in 1 iterations

Iteration       : 109
Elapsed runtime : 11.68 seconds

New displacement factor 5.450
New displacement factor 0.000

Starting the Newton-Raphson solver `userModules.solver' ...
module `userModules.solver' : residual scale factor = 4.5325e+04
module `userModules.solver' : iter = 1, scaled residual = 7.2105e-15
The Newton-Raphson solver converged in 1 iterations

Iteration       : 110
Elapsed runtime : 11.75 seconds

New displacement factor 5.500
New displacement factor 0.000

Starting the Newton-Raphson solver `userModules.solver' ...
module `userModules.solver' : residual scale factor = 4.5811e+04
module `userModules.solver' : iter = 1, scaled residual = 7.7900e-15
The Newton-Raphson solver converged in 1 iterations

Iteration       : 111
Elapsed runtime : 11.81 seconds

New displacement factor 5.550
New displacement factor 0.000

Starting the Newton-Raphson solver `userModules.solver' ...
module `userModules.solver' : residual scale factor = 4.6298e+04
module `userModules.solver' : iter = 1, scaled residual = 7.1937e-15
The Newton-Raphson solver converged in 1 iterations

Iteration       : 112
Elapsed runtime : 11.87 seconds

New displacement factor 5.600
New displacement factor 0.000

Starting the Newton-Raphson solver `userModules.solver' ...
module `userModules.solver' : residual scale factor = 4.6787e+04
module `userModules.solver' : iter = 1, scaled residual = 8.4296e-15
The Newton-Raphson solver converged in 1 iterations

Iteration       : 113
Elapsed runtime : 11.93 seconds

New displacement factor 5.650
New displacement factor 0.000

Starting the Newton-Raphson solver `userModules.solver' ...
module `userModules.solver' : residual scale factor = 4.7278e+04
module `userModules.solver' : iter = 1, scaled residual = 8.0731e-15
The Newton-Raphson solver converged in 1 iterations

Iteration       : 114
Elapsed runtime : 11.99 seconds

New displacement factor 5.700
New displacement factor 0.000

Starting the Newton-Raphson solver `userModules.solver' ...
module `userModules.solver' : residual scale factor = 4.7771e+04
module `userModules.solver' : iter = 1, scaled residual = 8.5352e-15
The Newton-Raphson solver converged in 1 iterations

Iteration       : 115
Elapsed runtime : 12.05 seconds

New displacement factor 5.750
New displacement factor 0.000

Starting the Newton-Raphson solver `userModules.solver' ...
module `userModules.solver' : residual scale factor = 4.8265e+04
module `userModules.solver' : iter = 1, scaled residual = 7.2564e-15
The Newton-Raphson solver converged in 1 iterations

Iteration       : 116
Elapsed runtime : 12.12 seconds

New displacement factor 5.800
New displacement factor 0.000

Starting the Newton-Raphson solver `userModules.solver' ...
module `userModules.solver' : residual scale factor = 4.8761e+04
module `userModules.solver' : iter = 1, scaled residual = 7.7166e-15
The Newton-Raphson solver converged in 1 iterations

Iteration       : 117
Elapsed runtime : 12.18 seconds

New displacement factor 5.850
New displacement factor 0.000

Starting the Newton-Raphson solver `userModules.solver' ...
module `userModules.solver' : residual scale factor = 4.9259e+04
module `userModules.solver' : iter = 1, scaled residual = 7.7922e-15
The Newton-Raphson solver converged in 1 iterations

Iteration       : 118
Elapsed runtime : 12.24 seconds

New displacement factor 5.900
New displacement factor 0.000

Starting the Newton-Raphson solver `userModules.solver' ...
module `userModules.solver' : residual scale factor = 4.9759e+04
module `userModules.solver' : iter = 1, scaled residual = 7.7991e-15
The Newton-Raphson solver converged in 1 iterations

Iteration       : 119
Elapsed runtime : 12.30 seconds

New displacement factor 5.950
New displacement factor 0.000

Starting the Newton-Raphson solver `userModules.solver' ...
module `userModules.solver' : residual scale factor = 5.0261e+04
module `userModules.solver' : iter = 1, scaled residual = 7.1011e-15
The Newton-Raphson solver converged in 1 iterations

Iteration       : 120
Elapsed runtime : 12.36 seconds

New displacement factor 6.000
New displacement factor 0.000

Starting the Newton-Raphson solver `userModules.solver' ...
module `userModules.solver' : residual scale factor = 5.0765e+04
module `userModules.solver' : iter = 1, scaled residual = 9.0524e-15
The Newton-Raphson solver converged in 1 iterations

Iteration       : 121
Elapsed runtime : 12.42 seconds

New displacement factor 6.050
New displacement factor 0.000

Starting the Newton-Raphson solver `userModules.solver' ...
module `userModules.solver' : residual scale factor = 5.1270e+04
module `userModules.solver' : iter = 1, scaled residual = 7.9365e-15
The Newton-Raphson solver converged in 1 iterations

Iteration       : 122
Elapsed runtime : 12.49 seconds

New displacement factor 6.100
New displacement factor 0.000

Starting the Newton-Raphson solver `userModules.solver' ...
module `userModules.solver' : residual scale factor = 5.1778e+04
module `userModules.solver' : iter = 1, scaled residual = 7.1879e-15
The Newton-Raphson solver converged in 1 iterations

Iteration       : 123
Elapsed runtime : 12.55 seconds

New displacement factor 6.150
New displacement factor 0.000

Starting the Newton-Raphson solver `userModules.solver' ...
module `userModules.solver' : residual scale factor = 5.2287e+04
module `userModules.solver' : iter = 1, scaled residual = 8.0234e-15
The Newton-Raphson solver converged in 1 iterations

Iteration       : 124
Elapsed runtime : 12.61 seconds

New displacement factor 6.200
New displacement factor 0.000

Starting the Newton-Raphson solver `userModules.solver' ...
module `userModules.solver' : residual scale factor = 5.2798e+04
module `userModules.solver' : iter = 1, scaled residual = 9.0792e-15
The Newton-Raphson solver converged in 1 iterations

Iteration       : 125
Elapsed runtime : 12.67 seconds

New displacement factor 6.250
New displacement factor 0.000

Starting the Newton-Raphson solver `userModules.solver' ...
module `userModules.solver' : residual scale factor = 5.3311e+04
module `userModules.solver' : iter = 1, scaled residual = 7.8843e-15
The Newton-Raphson solver converged in 1 iterations

Iteration       : 126
Elapsed runtime : 12.73 seconds

New displacement factor 6.300
New displacement factor 0.000

Starting the Newton-Raphson solver `userModules.solver' ...
module `userModules.solver' : residual scale factor = 5.3827e+04
module `userModules.solver' : iter = 1, scaled residual = 7.5449e-15
The Newton-Raphson solver converged in 1 iterations

Iteration       : 127
Elapsed runtime : 12.80 seconds

New displacement factor 6.350
New displacement factor 0.000

Starting the Newton-Raphson solver `userModules.solver' ...
module `userModules.solver' : residual scale factor = 5.4344e+04
module `userModules.solver' : iter = 1, scaled residual = 9.0402e-15
The Newton-Raphson solver converged in 1 iterations

Iteration       : 128
Elapsed runtime : 12.86 seconds

New displacement factor 6.400
New displacement factor 0.000

Starting the Newton-Raphson solver `userModules.solver' ...
module `userModules.solver' : residual scale factor = 5.4863e+04
module `userModules.solver' : iter = 1, scaled residual = 7.5249e-15
The Newton-Raphson solver converged in 1 iterations

Iteration       : 129
Elapsed runtime : 12.92 seconds

New displacement factor 6.450
New displacement factor 0.000

Starting the Newton-Raphson solver `userModules.solver' ...
module `userModules.solver' : residual scale factor = 5.5384e+04
module `userModules.solver' : iter = 1, scaled residual = 7.3160e-15
The Newton-Raphson solver converged in 1 iterations

Iteration       : 130
Elapsed runtime : 12.98 seconds

New displacement factor 6.500
New displacement factor 0.000

Starting the Newton-Raphson solver `userModules.solver' ...
module `userModules.solver' : residual scale factor = 5.5908e+04
module `userModules.solver' : iter = 1, scaled residual = 8.3206e-15
The Newton-Raphson solver converged in 1 iterations

Iteration       : 131
Elapsed runtime : 13.04 seconds

New displacement factor 6.550
New displacement factor 0.000

Starting the Newton-Raphson solver `userModules.solver' ...
module `userModules.solver' : residual scale factor = 5.6433e+04
module `userModules.solver' : iter = 1, scaled residual = 8.0214e-15
The Newton-Raphson solver converged in 1 iterations

Iteration       : 132
Elapsed runtime : 13.10 seconds

New displacement factor 6.600
New displacement factor 0.000

Starting the Newton-Raphson solver `userModules.solver' ...
module `userModules.solver' : residual scale factor = 5.6960e+04
module `userModules.solver' : iter = 1, scaled residual = 7.2802e-15
The Newton-Raphson solver converged in 1 iterations

Iteration       : 133
Elapsed runtime : 13.17 seconds

New displacement factor 6.650
New displacement factor 0.000

Starting the Newton-Raphson solver `userModules.solver' ...
module `userModules.solver' : residual scale factor = 5.7490e+04
module `userModules.solver' : iter = 1, scaled residual = 9.0270e-15
The Newton-Raphson solver converged in 1 iterations

Iteration       : 134
Elapsed runtime : 13.23 seconds

New displacement factor 6.700
New displacement factor 0.000

Starting the Newton-Raphson solver `userModules.solver' ...
module `userModules.solver' : residual scale factor = 5.8022e+04
module `userModules.solver' : iter = 1, scaled residual = 6.7278e-15
The Newton-Raphson solver converged in 1 iterations

Iteration       : 135
Elapsed runtime : 13.29 seconds

New displacement factor 6.750
New displacement factor 0.000

Starting the Newton-Raphson solver `userModules.solver' ...
module `userModules.solver' : residual scale factor = 5.8555e+04
module `userModules.solver' : iter = 1, scaled residual = 7.8143e-15
The Newton-Raphson solver converged in 1 iterations

Iteration       : 136
Elapsed runtime : 13.35 seconds

New displacement factor 6.800
New displacement factor 0.000

Starting the Newton-Raphson solver `userModules.solver' ...
module `userModules.solver' : residual scale factor = 5.9091e+04
module `userModules.solver' : iter = 1, scaled residual = 7.9293e-15
The Newton-Raphson solver converged in 1 iterations

Iteration       : 137
Elapsed runtime : 13.42 seconds

New displacement factor 6.850
New displacement factor 0.000

Starting the Newton-Raphson solver `userModules.solver' ...
module `userModules.solver' : residual scale factor = 5.9629e+04
module `userModules.solver' : iter = 1, scaled residual = 8.6456e-15
The Newton-Raphson solver converged in 1 iterations

Iteration       : 138
Elapsed runtime : 13.48 seconds

New displacement factor 6.900
New displacement factor 0.000

Starting the Newton-Raphson solver `userModules.solver' ...
module `userModules.solver' : residual scale factor = 6.0170e+04
module `userModules.solver' : iter = 1, scaled residual = 8.9530e-15
The Newton-Raphson solver converged in 1 iterations

Iteration       : 139
Elapsed runtime : 13.54 seconds

New displacement factor 6.950
New displacement factor 0.000

Starting the Newton-Raphson solver `userModules.solver' ...
module `userModules.solver' : residual scale factor = 6.0712e+04
module `userModules.solver' : iter = 1, scaled residual = 8.5242e-15
The Newton-Raphson solver converged in 1 iterations

Iteration       : 140
Elapsed runtime : 13.60 seconds

New displacement factor 7.000
New displacement factor 0.000

Starting the Newton-Raphson solver `userModules.solver' ...
module `userModules.solver' : residual scale factor = 6.1257e+04
module `userModules.solver' : iter = 1, scaled residual = 7.8196e-15
The Newton-Raphson solver converged in 1 iterations

Iteration       : 141
Elapsed runtime : 13.66 seconds

New displacement factor 7.050
New displacement factor 0.000

Starting the Newton-Raphson solver `userModules.solver' ...
module `userModules.solver' : residual scale factor = 6.1804e+04
module `userModules.solver' : iter = 1, scaled residual = 7.1639e-15
The Newton-Raphson solver converged in 1 iterations

Iteration       : 142
Elapsed runtime : 13.73 seconds

New displacement factor 7.100
New displacement factor 0.000

Starting the Newton-Raphson solver `userModules.solver' ...
module `userModules.solver' : residual scale factor = 6.2353e+04
module `userModules.solver' : iter = 1, scaled residual = 7.0831e-15
The Newton-Raphson solver converged in 1 iterations

Iteration       : 143
Elapsed runtime : 13.79 seconds

New displacement factor 7.150
New displacement factor 0.000

Starting the Newton-Raphson solver `userModules.solver' ...
module `userModules.solver' : residual scale factor = 6.2905e+04
module `userModules.solver' : iter = 1, scaled residual = 8.2928e-15
The Newton-Raphson solver converged in 1 iterations

Iteration       : 144
Elapsed runtime : 13.85 seconds

New displacement factor 7.200
New displacement factor 0.000

Starting the Newton-Raphson solver `userModules.solver' ...
module `userModules.solver' : residual scale factor = 6.3459e+04
module `userModules.solver' : iter = 1, scaled residual = 8.8268e-15
The Newton-Raphson solver converged in 1 iterations

Iteration       : 145
Elapsed runtime : 13.91 seconds

New displacement factor 7.250
New displacement factor 0.000

Starting the Newton-Raphson solver `userModules.solver' ...
module `userModules.solver' : residual scale factor = 6.4015e+04
module `userModules.solver' : iter = 1, scaled residual = 7.3330e-15
The Newton-Raphson solver converged in 1 iterations

Iteration       : 146
Elapsed runtime : 13.97 seconds

New displacement factor 7.300
New displacement factor 0.000

Starting the Newton-Raphson solver `userModules.solver' ...
module `userModules.solver' : residual scale factor = 6.4573e+04
module `userModules.solver' : iter = 1, scaled residual = 7.3848e-15
The Newton-Raphson solver converged in 1 iterations

Iteration       : 147
Elapsed runtime : 14.03 seconds

New displacement factor 7.350
New displacement factor 0.000

Starting the Newton-Raphson solver `userModules.solver' ...
module `userModules.solver' : residual scale factor = 6.4573e+04
module `userModules.solver' : iter = 1, scaled residual = 0.0000e+00
The Newton-Raphson solver converged in 1 iterations

Iteration       : 148
Elapsed runtime : 14.10 seconds

New displacement factor 7.400
New displacement factor 0.000

Starting the Newton-Raphson solver `userModules.solver' ...
module `userModules.solver' : residual scale factor = 0.0000e+00
The Newton-Raphson solver converged in 1 iterations

Iteration       : 149
Elapsed runtime : 14.16 seconds

New displacement factor 7.450
New displacement factor 0.000

Starting the Newton-Raphson solver `userModules.solver' ...
module `userModules.solver' : residual scale factor = 0.0000e+00
The Newton-Raphson solver converged in 1 iterations

Iteration       : 150
Elapsed runtime : 14.22 seconds

New displacement factor 7.500
New displacement factor 0.000

Starting the Newton-Raphson solver `userModules.solver' ...
module `userModules.solver' : residual scale factor = 0.0000e+00
The Newton-Raphson solver converged in 1 iterations

Iteration       : 151
Elapsed runtime : 14.28 seconds

New displacement factor 7.550
New displacement factor 0.000

Starting the Newton-Raphson solver `userModules.solver' ...
module `userModules.solver' : residual scale factor = 0.0000e+00
The Newton-Raphson solver converged in 1 iterations

Iteration       : 152
Elapsed runtime : 17.93 seconds

New displacement factor 7.600
New displacement factor 0.000

Starting the Newton-Raphson solver `userModules.solver' ...
module `userModules.solver' : residual scale factor = 0.0000e+00
The Newton-Raphson solver converged in 1 iterations

Iteration       : 153
Elapsed runtime : 18.00 seconds

New displacement factor 7.650
New displacement factor 0.000

Starting the Newton-Raphson solver `userModules.solver' ...
module `userModules.solver' : residual scale factor = 0.0000e+00
The Newton-Raphson solver converged in 1 iterations

Iteration       : 154
Elapsed runtime : 18.06 seconds

New displacement factor 7.700
New displacement factor 0.000

Starting the Newton-Raphson solver `userModules.solver' ...
module `userModules.solver' : residual scale factor = 0.0000e+00
The Newton-Raphson solver converged in 1 iterations

Iteration       : 155
Elapsed runtime : 18.13 seconds

New displacement factor 7.750
New displacement factor 0.000

Starting the Newton-Raphson solver `userModules.solver' ...
module `userModules.solver' : residual scale factor = 0.0000e+00
The Newton-Raphson solver converged in 1 iterations

Iteration       : 156
Elapsed runtime : 18.19 seconds

New displacement factor 7.800
New displacement factor 0.000

Starting the Newton-Raphson solver `userModules.solver' ...
module `userModules.solver' : residual scale factor = 0.0000e+00
The Newton-Raphson solver converged in 1 iterations

Iteration       : 157
Elapsed runtime : 18.26 seconds

New displacement factor 7.850
New displacement factor 0.000

Starting the Newton-Raphson solver `userModules.solver' ...
module `userModules.solver' : residual scale factor = 0.0000e+00
The Newton-Raphson solver converged in 1 iterations

Iteration       : 158
Elapsed runtime : 18.32 seconds

New displacement factor 7.900
New displacement factor 0.000

Starting the Newton-Raphson solver `userModules.solver' ...
module `userModules.solver' : residual scale factor = 0.0000e+00
The Newton-Raphson solver converged in 1 iterations

Iteration       : 159
Elapsed runtime : 18.38 seconds

New displacement factor 7.950
New displacement factor 0.000

Starting the Newton-Raphson solver `userModules.solver' ...
module `userModules.solver' : residual scale factor = 0.0000e+00
The Newton-Raphson solver converged in 1 iterations

Iteration       : 160
Elapsed runtime : 18.44 seconds

New displacement factor 8.000
New displacement factor 0.000

Starting the Newton-Raphson solver `userModules.solver' ...
module `userModules.solver' : residual scale factor = 0.0000e+00
The Newton-Raphson solver converged in 1 iterations

Iteration       : 161
Elapsed runtime : 18.50 seconds

New displacement factor 8.050
New displacement factor 0.000

Starting the Newton-Raphson solver `userModules.solver' ...
module `userModules.solver' : residual scale factor = 0.0000e+00
The Newton-Raphson solver converged in 1 iterations

Iteration       : 162
Elapsed runtime : 18.56 seconds

New displacement factor 8.100
New displacement factor 0.000

Starting the Newton-Raphson solver `userModules.solver' ...
module `userModules.solver' : residual scale factor = 0.0000e+00
The Newton-Raphson solver converged in 1 iterations

Iteration       : 163
Elapsed runtime : 18.63 seconds

New displacement factor 8.150
New displacement factor 0.000

Starting the Newton-Raphson solver `userModules.solver' ...
module `userModules.solver' : residual scale factor = 0.0000e+00
The Newton-Raphson solver converged in 1 iterations

Iteration       : 164
Elapsed runtime : 18.69 seconds

New displacement factor 8.200
New displacement factor 0.000

Starting the Newton-Raphson solver `userModules.solver' ...
module `userModules.solver' : residual scale factor = 0.0000e+00
The Newton-Raphson solver converged in 1 iterations

Iteration       : 165
Elapsed runtime : 18.75 seconds

New displacement factor 8.250
New displacement factor 0.000

Starting the Newton-Raphson solver `userModules.solver' ...
module `userModules.solver' : residual scale factor = 0.0000e+00
The Newton-Raphson solver converged in 1 iterations

Iteration       : 166
Elapsed runtime : 18.81 seconds

New displacement factor 8.300
New displacement factor 0.000

Starting the Newton-Raphson solver `userModules.solver' ...
module `userModules.solver' : residual scale factor = 0.0000e+00
The Newton-Raphson solver converged in 1 iterations

Iteration       : 167
Elapsed runtime : 18.87 seconds

New displacement factor 8.350
New displacement factor 0.000

Starting the Newton-Raphson solver `userModules.solver' ...
module `userModules.solver' : residual scale factor = 0.0000e+00
The Newton-Raphson solver converged in 1 iterations

Iteration       : 168
Elapsed runtime : 18.93 seconds

New displacement factor 8.400
New displacement factor 0.000

Starting the Newton-Raphson solver `userModules.solver' ...
module `userModules.solver' : residual scale factor = 0.0000e+00
The Newton-Raphson solver converged in 1 iterations

Iteration       : 169
Elapsed runtime : 19.00 seconds

New displacement factor 8.450
New displacement factor 0.000

Starting the Newton-Raphson solver `userModules.solver' ...
module `userModules.solver' : residual scale factor = 0.0000e+00
The Newton-Raphson solver converged in 1 iterations

Iteration       : 170
Elapsed runtime : 19.06 seconds

New displacement factor 8.500
New displacement factor 0.000

Starting the Newton-Raphson solver `userModules.solver' ...
module `userModules.solver' : residual scale factor = 0.0000e+00
The Newton-Raphson solver converged in 1 iterations

Iteration       : 171
Elapsed runtime : 19.12 seconds

New displacement factor 8.550
New displacement factor 0.000

Starting the Newton-Raphson solver `userModules.solver' ...
module `userModules.solver' : residual scale factor = 0.0000e+00
The Newton-Raphson solver converged in 1 iterations

Iteration       : 172
Elapsed runtime : 26.30 seconds

New displacement factor 8.600
New displacement factor 0.000

Starting the Newton-Raphson solver `userModules.solver' ...
module `userModules.solver' : residual scale factor = 0.0000e+00
The Newton-Raphson solver converged in 1 iterations

Iteration       : 173
Elapsed runtime : 26.37 seconds

New displacement factor 8.650
New displacement factor 0.000

Starting the Newton-Raphson solver `userModules.solver' ...
module `userModules.solver' : residual scale factor = 0.0000e+00
The Newton-Raphson solver converged in 1 iterations

Iteration       : 174
Elapsed runtime : 26.43 seconds

New displacement factor 8.700
New displacement factor 0.000

Starting the Newton-Raphson solver `userModules.solver' ...
module `userModules.solver' : residual scale factor = 0.0000e+00
The Newton-Raphson solver converged in 1 iterations

Iteration       : 175
Elapsed runtime : 26.49 seconds

New displacement factor 8.750
New displacement factor 0.000

Starting the Newton-Raphson solver `userModules.solver' ...
module `userModules.solver' : residual scale factor = 0.0000e+00
The Newton-Raphson solver converged in 1 iterations

Iteration       : 176
Elapsed runtime : 26.56 seconds

New displacement factor 8.800
New displacement factor 0.000

Starting the Newton-Raphson solver `userModules.solver' ...
module `userModules.solver' : residual scale factor = 0.0000e+00
The Newton-Raphson solver converged in 1 iterations

Iteration       : 177
Elapsed runtime : 26.62 seconds

New displacement factor 8.850
New displacement factor 0.000

Starting the Newton-Raphson solver `userModules.solver' ...
module `userModules.solver' : residual scale factor = 0.0000e+00
The Newton-Raphson solver converged in 1 iterations

Iteration       : 178
Elapsed runtime : 26.68 seconds

New displacement factor 8.900
New displacement factor 0.000

Starting the Newton-Raphson solver `userModules.solver' ...
module `userModules.solver' : residual scale factor = 0.0000e+00
The Newton-Raphson solver converged in 1 iterations

Iteration       : 179
Elapsed runtime : 26.74 seconds

New displacement factor 8.950
New displacement factor 0.000

Starting the Newton-Raphson solver `userModules.solver' ...
module `userModules.solver' : residual scale factor = 0.0000e+00
The Newton-Raphson solver converged in 1 iterations

Iteration       : 180
Elapsed runtime : 26.80 seconds

New displacement factor 9.000
New displacement factor 0.000

Starting the Newton-Raphson solver `userModules.solver' ...
module `userModules.solver' : residual scale factor = 0.0000e+00
The Newton-Raphson solver converged in 1 iterations

Iteration       : 181
Elapsed runtime : 26.87 seconds

New displacement factor 9.050
New displacement factor 0.000

Starting the Newton-Raphson solver `userModules.solver' ...
module `userModules.solver' : residual scale factor = 0.0000e+00
The Newton-Raphson solver converged in 1 iterations

Iteration       : 182
Elapsed runtime : 26.93 seconds

New displacement factor 9.100
New displacement factor 0.000

Starting the Newton-Raphson solver `userModules.solver' ...
module `userModules.solver' : residual scale factor = 0.0000e+00
The Newton-Raphson solver converged in 1 iterations

Iteration       : 183
Elapsed runtime : 26.99 seconds

New displacement factor 9.150
New displacement factor 0.000

Starting the Newton-Raphson solver `userModules.solver' ...
module `userModules.solver' : residual scale factor = 0.0000e+00
The Newton-Raphson solver converged in 1 iterations

Iteration       : 184
Elapsed runtime : 27.05 seconds

New displacement factor 9.200
New displacement factor 0.000

Starting the Newton-Raphson solver `userModules.solver' ...
module `userModules.solver' : residual scale factor = 0.0000e+00
The Newton-Raphson solver converged in 1 iterations

Iteration       : 185
Elapsed runtime : 27.11 seconds

New displacement factor 9.250
New displacement factor 0.000

Starting the Newton-Raphson solver `userModules.solver' ...
module `userModules.solver' : residual scale factor = 0.0000e+00
The Newton-Raphson solver converged in 1 iterations

Iteration       : 186
Elapsed runtime : 27.18 seconds

New displacement factor 9.300
New displacement factor 0.000

Starting the Newton-Raphson solver `userModules.solver' ...
module `userModules.solver' : residual scale factor = 0.0000e+00
The Newton-Raphson solver converged in 1 iterations

Iteration       : 187
Elapsed runtime : 27.24 seconds

New displacement factor 9.350
New displacement factor 0.000

Starting the Newton-Raphson solver `userModules.solver' ...
module `userModules.solver' : residual scale factor = 0.0000e+00
The Newton-Raphson solver converged in 1 iterations

Iteration       : 188
Elapsed runtime : 27.30 seconds

New displacement factor 9.400
New displacement factor 0.000

Starting the Newton-Raphson solver `userModules.solver' ...
module `userModules.solver' : residual scale factor = 0.0000e+00
The Newton-Raphson solver converged in 1 iterations

Iteration       : 189
Elapsed runtime : 27.36 seconds

New displacement factor 9.450
New displacement factor 0.000

Starting the Newton-Raphson solver `userModules.solver' ...
module `userModules.solver' : residual scale factor = 0.0000e+00
The Newton-Raphson solver converged in 1 iterations

Iteration       : 190
Elapsed runtime : 27.42 seconds

New displacement factor 9.500
New displacement factor 0.000

Starting the Newton-Raphson solver `userModules.solver' ...
module `userModules.solver' : residual scale factor = 0.0000e+00
The Newton-Raphson solver converged in 1 iterations

Iteration       : 191
Elapsed runtime : 27.48 seconds

New displacement factor 9.550
New displacement factor 0.000

Starting the Newton-Raphson solver `userModules.solver' ...
module `userModules.solver' : residual scale factor = 0.0000e+00
The Newton-Raphson solver converged in 1 iterations

Iteration       : 192
Elapsed runtime : 27.55 seconds

New displacement factor 9.600
New displacement factor 0.000

Starting the Newton-Raphson solver `userModules.solver' ...
module `userModules.solver' : residual scale factor = 0.0000e+00
The Newton-Raphson solver converged in 1 iterations

Iteration       : 193
Elapsed runtime : 27.61 seconds

New displacement factor 9.650
New displacement factor 0.000

Starting the Newton-Raphson solver `userModules.solver' ...
module `userModules.solver' : residual scale factor = 0.0000e+00
The Newton-Raphson solver converged in 1 iterations

Iteration       : 194
Elapsed runtime : 27.67 seconds

New displacement factor 9.700
New displacement factor 0.000

Starting the Newton-Raphson solver `userModules.solver' ...
module `userModules.solver' : residual scale factor = 0.0000e+00
The Newton-Raphson solver converged in 1 iterations

Iteration       : 195
Elapsed runtime : 27.73 seconds

New displacement factor 9.750
New displacement factor 0.000

Starting the Newton-Raphson solver `userModules.solver' ...
module `userModules.solver' : residual scale factor = 0.0000e+00
The Newton-Raphson solver converged in 1 iterations

Iteration       : 196
Elapsed runtime : 27.79 seconds

New displacement factor 9.800
New displacement factor 0.000

Starting the Newton-Raphson solver `userModules.solver' ...
module `userModules.solver' : residual scale factor = 0.0000e+00
The Newton-Raphson solver converged in 1 iterations

Iteration       : 197
Elapsed runtime : 27.86 seconds

New displacement factor 9.850
New displacement factor 0.000

Starting the Newton-Raphson solver `userModules.solver' ...
module `userModules.solver' : residual scale factor = 0.0000e+00
The Newton-Raphson solver converged in 1 iterations

Iteration       : 198
Elapsed runtime : 27.92 seconds

New displacement factor 9.900
New displacement factor 0.000

Starting the Newton-Raphson solver `userModules.solver' ...
module `userModules.solver' : residual scale factor = 0.0000e+00
The Newton-Raphson solver converged in 1 iterations

Iteration       : 199
Elapsed runtime : 27.98 seconds

New displacement factor 9.950
New displacement factor 0.000

Starting the Newton-Raphson solver `userModules.solver' ...
module `userModules.solver' : residual scale factor = 0.0000e+00
The Newton-Raphson solver converged in 1 iterations

Iteration       : 200
Elapsed runtime : 28.04 seconds

New displacement factor 10.00
New displacement factor 0.000

Starting the Newton-Raphson solver `userModules.solver' ...
module `userModules.solver' : residual scale factor = 0.0000e+00
The Newton-Raphson solver converged in 1 iterations

Iteration       : 201
Elapsed runtime : 28.10 seconds

New displacement factor 10.05
New displacement factor 0.000

Starting the Newton-Raphson solver `userModules.solver' ...
module `userModules.solver' : residual scale factor = 0.0000e+00
The Newton-Raphson solver converged in 1 iterations

