Log file created on Thu Jan 23 10:39:44 CET 2020.

Reading input with userInput.input from file neohookean.msh
 ...Adding 1283 nodes.
 ...Adding 2418 elements.
 ...Created NodeGroup `left' with 17 nodes.
 ...Created NodeGroup `right' with 17 nodes.

Created a new model named `model'.

Data summary:

  nodes ......................................... 1283
  node dofs ..................................... 2566
  node groups ................................... 4
  elements ...................................... 2418
  element groups ................................ 3

userModules.view : loaded configuration data from `neohookean.view'
userModules.view.mesh : building graphics mesh ...
userModules.view.mesh : ready; graphics mesh contains:

  vertices  ...... 1283
  faces     ...... 2418
  triangles ...... 2418
  lines     ...... 0
  edges     ...... 3700

*** WARNING: module `userModules.view' : unsupported image type: `png'; supported type is `ppm'
*** WARNING: module `userModules.view' : snapshot files will be saved in PPM format

Application configuration data:

  log	=
  {
    file	= "-neohookean.log";
    rank	= 0;
    pattern	= "*.info";
    logPrefix	= "";
    outPrefix	= "";
    warnPrefix	= "*** WARNING: ";
    errPrefix	= "*** ERROR: ";
  };
  userModules	=
  {
    solver	=
    {
      maxIter	= 50;
      tiny	= 1.00000e-300;
      precision	= 1.00000e-06;
      maxIncr	= 10.0000;
      lineSearch	= false;
      deltaCons	= false;
      updateWhen	= none;
      solver	=
      {
        type	= "SkylineLU";
        lenient	= true;
        precision	= 5.00000e-07;
        zeroThreshold	= 1.49012e-08;
        maxZeroPivots	= 0;
        reorder	= true;
        useThreads	= true;
        printPivots	= false;
      };
    };
    graph	=
    {
      sampleWhen	= "accepted";
      dataSets	= [ "loadDisp" ];
      window	=
      {
        bgColor	= "white";
        title	= "userModules.graph";
        width	= 400;
        height	= 200;
      };
      camera	=
      {
        range	= 1.00000;
        position	= [ -0.00000, -0.00000 ];
        zoom	= 0.00000;
        quality	= 1;
        autoQuality	= false;
      };
      graph	=
      {
        hidden	= false;
        width	= 1.00000;
        height	= 1.00000;
        showKey	= true;
        keyPos	= [ 0.900000, 0.900000 ];
        title	= "";
        xLabel	= "";
        yLabel	= "";
        scaleStep	= 0.100000;
        xRange	= "auto";
        yRange	= "auto";
      };
      loadDisp	=
      {
        key	= "Load-displacement curve";
        maxPoints	= -1;
        pointStyle	= none;
        lineWidth	= 1.20000;
        lineColor	= "black";
        xData	= "model.model.lodi.disp[0]";
        yData	= "model.model.lodi.load[0]";
      };
    };
    view	=
    {
      snapFile	= "neohookean%2i.png";
      configFile	= "neohookean.view";
      updateWhen	= true;
      snapWhen	= false;
      offScreen	= false;
      camera	=
      {
        type	= "Perspective";
        farClip	= 97.9413;
        nearClip	= 17.7413;
        viewAngle	= 40.0000;
        position	= [ 0.0500002, -0.00475669, 57.8413 ];
        zoom	= 0.00000;
        quality	= 1;
        autoQuality	= false;
      };
      disp	=
      {
        type	= "Vector";
        vector	= "state";
        nullValue	= 0.00000;
      };
      stress	=
      {
        type	= "Table";
        table	= "nodes/stress";
        tableType	= "Dense";
        nullValue	= 0.00000;
      };
      dataSets	= [ "disp", "stress" ];
      window	=
      {
        bgColor	= "white";
        title	= "feel.userModules.view";
        width	= 1389;
        height	= 759;
      };
      world	=
      {
        scale	= 1.00000;
        rotmat	= [ 1.00000, 0.00000, 0.00000, 0.00000, 1.00000, 0.00000, 0.00000, 0.00000, 1.00000 ];
        translation	= [ 0.00000, 0.00000, 0.00000 ];
      };
      lights	=
      {
        light0	=
        {
          color	= "white20";
          direction	= [ -1.00000, -0.00000, -0.00000 ];
          enable	= true;
        };
        light1	=
        {
          color	= "white20";
          direction	= [ -0.00000, -1.00000, -0.00000 ];
          enable	= true;
        };
        light2	=
        {
          color	= "white";
          direction	= [ -0.00000, -0.00000, -1.00000 ];
          enable	= true;
        };
        light3	=
        {
          color	= "white20";
          direction	= [ 1.00000, 1.00000, -0.00000 ];
          enable	= false;
        };
        specular	= false;
        ambient	= "white20";
      };
      markerStyles	=
      {
        points	=
        {
          size	= 3.00000;
          color	= "black";
        };
        orbs	=
        {
          size	= -0.0100000;
          quality	= 1;
          color	= "gold";
        };
        numbers	=
        {
          font	= "proportional medium";
          color	= "black";
        };
        circles	=
        {
          size	= "medium";
          color	= "black";
        };
        diamonds	=
        {
          size	= "medium";
          color	= "black";
        };
        discs	=
        {
          size	= "medium";
          color	= "black";
        };
        squares	=
        {
          size	= "medium";
          color	= "black";
        };
        styles	= [];
      };
      palettes	=
      {
        linear	=
        {
          minValue	= 0.00000;
          maxValue	= 1.00000;
          minColor	= "blue";
          maxColor	= "red";
        };
        rainbow	=
        {
          minValue	= 0.00000;
          maxValue	= 1.00000;
        };
        custom	=
        {
          colors	= [ "blue", "green", "yellow", "orange", "red" ];
          ranges	= [ 0.00000, 0.200000, 0.400000, 0.600000, 0.800000, 1.00000 ];
          hideMinMax	= false;
        };
        palettes	= [];
      };
      mesh	=
      {
        elements	= "all";
        scale	= 1.00000;
        rotmat	= [ 1.00000, 0.00000, 0.00000, 0.00000, 1.00000, 0.00000, 0.00000, 0.00000, 1.00000 ];
        translation	= [ 0.00000, 0.00000, 0.00000 ];
        pointSize	= 1.00000;
        lineWidth	= 1.00000;
        shadeModel	= "Smooth";
        color	= "gray";
        material	=
        {
          specular	= "black";
          shininess	= 0.00000;
        };
        edgeColor	= "black";
        nodeColor	= "black";
        showEdges	= true;
        showLines	= true;
        showFaces	= true;
        hidden	= false;
        deformation	=
        {
          scale	= 1.00000;
          autoScale	= false;
          scaleStep	= 0.100000;
          dx	= "disp[dx]";
          dy	= "disp[dy]";
          dz	= "0.000";
        };
        colors	=
        {
          palette	= "custom";
          title	= "";
          data	= "stress[xx]";
          autoScale	= true;
          scaleStep	= 0.100000;
        };
      };
    };
  };
  sample	=
  {
    file	= "lodi.dat";
    header	= "";
    separator	= " ";
    append	= false;
    precision	= 8;
    dataSets	= [ "i", "model.model.lodi.disp[0]", "abs( model.model.lodi.load[0] )" ];
    sampleWhen	= "accepted";
  };
  control	=
  {
    prompt	= ">";
    cmdFile	= "";
    fgMode	= true;
    pause	= -1.00000;
    runWhile	= "i<=1";
  };
  userInput	=
  {
    input	=
    {
      dim	= 2;
      file	= "neohookean.msh";
      doElemGroups	= false;
      lowOrderCopy	= false;
      nodeGroups	= [];
      elemGroups	= [];
    };
    ngroups	=
    {
      nodeGroups	= [ "left", "right" ];
      elemGroups	= [];
      left	=
      {
        all	= false;
        restrictToGroups	= [];
        eps	= 1.00000e-05;
        xtype	= "min";
      };
      right	=
      {
        all	= false;
        restrictToGroups	= [];
        eps	= 1.00000e-05;
        xtype	= "max";
      };
    };
  };
  shapeTable	=
  {
    type	= "Auto";
    boundaryElems	= "";
    interfaceElems	= "";
    maxPrecision	= 0;
  };
  model	=
  {
    type	= "Matrix";
    model	=
    {
      type	= "Multi";
      models	= [ "bulk", "diri", "diri2", "lodi" ];
      bulk	=
      {
        type	= "NLSolid";
        elements	= "all";
        shape	=
        {
          type	= "Triangle3";
          shapeFuncs	=
          {
            type	= "Linear";
          };
          intScheme	= [ "Gauss1", "Gauss2", "Gauss2", "Gauss2" ];
        };
        material	=
        {
          type	= "NeoHooke";
          dim	= 2;
          lambda	= 5000.00;
          mu	= 6000.00;
          kappa0	= 0.200000;
          kappau	= 0.200001;
          state	= "PLANE_STRAIN";
        };
        thickness	= 1.00000;
      };
      diri	=
      {
        type	= "Dirichlet";
        dispIncr	= 0.0500000;
        initDisp	= 0.00000;
        maxDisp	= 20.0000;
        nodeGroups	= [ "right" ];
        dofs	= [ "dx" ];
        factors	= [ 1.00000 ];
      };
      diri2	=
      {
        type	= "Dirichlet";
        dispIncr	= 0.00000;
        initDisp	= 0.00000;
        maxDisp	= 1.79769e+308;
        nodeGroups	= [ "left" ];
        dofs	= [ "dx" ];
        factors	= [ 1.00000 ];
      };
      lodi	=
      {
        type	= "LoadDisp";
        nodes	= [ 1, 2, 47, 48, 49, 50, 51, 52, 53, 54, 55, 56, 57, 58, 59, 60, 61 ];
      };
    };
    debug	= 0;
    linear	= false;
    matrix0	=
    {
      type	= "Sparse";
      symmetric	= false;
      optimize	= "Runtime";
    };
  };
  init	=
  {
    reorder	= false;
    vectors	= [];
  };
  xoutput	=
  {
    write	= true;
    table	= "stress | eqstrain | eqveps | loading";
    interval	= 1;
    dissipation	= true;
    writeCracks	= true;
    writeCohInfo	= false;
  };

*** WARNING: Unknown property: `model.model.bulk.largeDisp'

*** WARNING: Initialization phase completed with warnings.

  Elapsed CPU  time : 0.1800 seconds.
  Elapsed real time : 0.2969 seconds.

Iteration       : 0
Elapsed runtime : 0.2978 seconds

New displacement factor 0.000
New displacement factor 0.000

Starting the Newton-Raphson solver `userModules.solver' ...
module `userModules.solver' : residual scale factor = 0.0000e+00
The Newton-Raphson solver converged in 1 iterations

Iteration       : 1
Elapsed runtime : 0.6443 seconds

New displacement factor 0.05000
New displacement factor 0.000

Starting the Newton-Raphson solver `userModules.solver' ...
module `userModules.solver' : residual scale factor = 9.5695e+01
module `userModules.solver' : iter = 1, scaled residual = 2.3102e-03
module `userModules.solver' : iter = 2, scaled residual = 1.3180e-08
The Newton-Raphson solver converged in 2 iterations

Iteration       : 2
Elapsed runtime : 3.162 seconds

New displacement factor 0.1000
New displacement factor 0.000

Starting the Newton-Raphson solver `userModules.solver' ...
module `userModules.solver' : residual scale factor = 1.9124e+02
module `userModules.solver' : iter = 1, scaled residual = 1.1423e-03
module `userModules.solver' : iter = 2, scaled residual = 6.4500e-09
The Newton-Raphson solver converged in 2 iterations

Iteration       : 3
Elapsed runtime : 3.538 seconds

New displacement factor 0.1500
New displacement factor 0.000

Starting the Newton-Raphson solver `userModules.solver' ...
module `userModules.solver' : residual scale factor = 2.8663e+02
module `userModules.solver' : iter = 1, scaled residual = 7.5321e-04
module `userModules.solver' : iter = 2, scaled residual = 4.2092e-09
The Newton-Raphson solver converged in 2 iterations

Iteration       : 4
Elapsed runtime : 3.867 seconds

New displacement factor 0.2000
New displacement factor 0.000

Starting the Newton-Raphson solver `userModules.solver' ...
module `userModules.solver' : residual scale factor = 3.8187e+02
module `userModules.solver' : iter = 1, scaled residual = 5.5875e-04
module `userModules.solver' : iter = 2, scaled residual = 3.0905e-09
The Newton-Raphson solver converged in 2 iterations

Iteration       : 5
Elapsed runtime : 4.195 seconds

New displacement factor 0.2500
New displacement factor 0.000

Starting the Newton-Raphson solver `userModules.solver' ...
module `userModules.solver' : residual scale factor = 4.7695e+02
module `userModules.solver' : iter = 1, scaled residual = 4.4215e-04
module `userModules.solver' : iter = 2, scaled residual = 2.4206e-09
The Newton-Raphson solver converged in 2 iterations

Iteration       : 6
Elapsed runtime : 4.523 seconds

New displacement factor 0.3000
New displacement factor 0.000

Starting the Newton-Raphson solver `userModules.solver' ...
module `userModules.solver' : residual scale factor = 5.7187e+02
module `userModules.solver' : iter = 1, scaled residual = 3.6448e-04
module `userModules.solver' : iter = 2, scaled residual = 1.9750e-09
The Newton-Raphson solver converged in 2 iterations

Iteration       : 7
Elapsed runtime : 4.852 seconds

New displacement factor 0.3500
New displacement factor 0.000

Starting the Newton-Raphson solver `userModules.solver' ...
module `userModules.solver' : residual scale factor = 6.6664e+02
module `userModules.solver' : iter = 1, scaled residual = 3.0905e-04
module `userModules.solver' : iter = 2, scaled residual = 1.6577e-09
The Newton-Raphson solver converged in 2 iterations

Iteration       : 8
Elapsed runtime : 5.182 seconds

New displacement factor 0.4000
New displacement factor 0.000

Starting the Newton-Raphson solver `userModules.solver' ...
module `userModules.solver' : residual scale factor = 7.6126e+02
module `userModules.solver' : iter = 1, scaled residual = 2.6752e-04
module `userModules.solver' : iter = 2, scaled residual = 1.4204e-09
The Newton-Raphson solver converged in 2 iterations

Iteration       : 9
Elapsed runtime : 5.511 seconds

New displacement factor 0.4500
New displacement factor 0.000

Starting the Newton-Raphson solver `userModules.solver' ...
module `userModules.solver' : residual scale factor = 8.5572e+02
module `userModules.solver' : iter = 1, scaled residual = 2.3526e-04
module `userModules.solver' : iter = 2, scaled residual = 1.2365e-09
The Newton-Raphson solver converged in 2 iterations

Iteration       : 10
Elapsed runtime : 5.839 seconds

New displacement factor 0.5000
New displacement factor 0.000

Starting the Newton-Raphson solver `userModules.solver' ...
module `userModules.solver' : residual scale factor = 9.5003e+02
module `userModules.solver' : iter = 1, scaled residual = 2.0948e-04
module `userModules.solver' : iter = 2, scaled residual = 1.0900e-09
The Newton-Raphson solver converged in 2 iterations

Iteration       : 11
Elapsed runtime : 6.169 seconds

New displacement factor 0.5500
New displacement factor 0.000

Starting the Newton-Raphson solver `userModules.solver' ...
module `userModules.solver' : residual scale factor = 1.0442e+03
module `userModules.solver' : iter = 1, scaled residual = 1.8843e-04
module `userModules.solver' : iter = 2, scaled residual = 9.7058e-10
The Newton-Raphson solver converged in 2 iterations

Iteration       : 12
Elapsed runtime : 6.497 seconds

New displacement factor 0.6000
New displacement factor 0.000

Starting the Newton-Raphson solver `userModules.solver' ...
module `userModules.solver' : residual scale factor = 1.1382e+03
module `userModules.solver' : iter = 1, scaled residual = 1.7091e-04
module `userModules.solver' : iter = 2, scaled residual = 8.7153e-10
The Newton-Raphson solver converged in 2 iterations

Iteration       : 13
Elapsed runtime : 6.825 seconds

New displacement factor 0.6500
New displacement factor 0.000

Starting the Newton-Raphson solver `userModules.solver' ...
module `userModules.solver' : residual scale factor = 1.2320e+03
module `userModules.solver' : iter = 1, scaled residual = 1.5611e-04
module `userModules.solver' : iter = 2, scaled residual = 7.8813e-10
The Newton-Raphson solver converged in 2 iterations

Iteration       : 14
Elapsed runtime : 7.154 seconds

New displacement factor 0.7000
New displacement factor 0.000

Starting the Newton-Raphson solver `userModules.solver' ...
module `userModules.solver' : residual scale factor = 1.3258e+03
module `userModules.solver' : iter = 1, scaled residual = 1.4344e-04
module `userModules.solver' : iter = 2, scaled residual = 7.1701e-10
The Newton-Raphson solver converged in 2 iterations

Iteration       : 15
Elapsed runtime : 7.484 seconds

New displacement factor 0.7500
New displacement factor 0.000

Starting the Newton-Raphson solver `userModules.solver' ...
module `userModules.solver' : residual scale factor = 1.4193e+03
module `userModules.solver' : iter = 1, scaled residual = 1.3249e-04
module `userModules.solver' : iter = 2, scaled residual = 6.5570e-10
The Newton-Raphson solver converged in 2 iterations

Iteration       : 16
Elapsed runtime : 7.814 seconds

New displacement factor 0.8000
New displacement factor 0.000

Starting the Newton-Raphson solver `userModules.solver' ...
module `userModules.solver' : residual scale factor = 1.5127e+03
module `userModules.solver' : iter = 1, scaled residual = 1.2292e-04
module `userModules.solver' : iter = 2, scaled residual = 6.0236e-10
The Newton-Raphson solver converged in 2 iterations

Iteration       : 17
Elapsed runtime : 8.143 seconds

New displacement factor 0.8500
New displacement factor 0.000

Starting the Newton-Raphson solver `userModules.solver' ...
module `userModules.solver' : residual scale factor = 1.6060e+03
module `userModules.solver' : iter = 1, scaled residual = 1.1450e-04
module `userModules.solver' : iter = 2, scaled residual = 5.5557e-10
The Newton-Raphson solver converged in 2 iterations

Iteration       : 18
Elapsed runtime : 8.472 seconds

New displacement factor 0.9000
New displacement factor 0.000

Starting the Newton-Raphson solver `userModules.solver' ...
module `userModules.solver' : residual scale factor = 1.6991e+03
module `userModules.solver' : iter = 1, scaled residual = 1.0703e-04
module `userModules.solver' : iter = 2, scaled residual = 5.1423e-10
The Newton-Raphson solver converged in 2 iterations

Iteration       : 19
Elapsed runtime : 8.800 seconds

New displacement factor 0.9500
New displacement factor 0.000

Starting the Newton-Raphson solver `userModules.solver' ...
module `userModules.solver' : residual scale factor = 1.7920e+03
module `userModules.solver' : iter = 1, scaled residual = 1.0036e-04
module `userModules.solver' : iter = 2, scaled residual = 4.7748e-10
The Newton-Raphson solver converged in 2 iterations

Iteration       : 20
Elapsed runtime : 9.132 seconds

New displacement factor 1.000
New displacement factor 0.000

Starting the Newton-Raphson solver `userModules.solver' ...
module `userModules.solver' : residual scale factor = 1.8849e+03
module `userModules.solver' : iter = 1, scaled residual = 9.4375e-05
module `userModules.solver' : iter = 2, scaled residual = 4.4462e-10
The Newton-Raphson solver converged in 2 iterations

Iteration       : 21
Elapsed runtime : 9.463 seconds

New displacement factor 1.050
New displacement factor 0.000

Starting the Newton-Raphson solver `userModules.solver' ...
module `userModules.solver' : residual scale factor = 1.9775e+03
module `userModules.solver' : iter = 1, scaled residual = 8.8971e-05
module `userModules.solver' : iter = 2, scaled residual = 4.1509e-10
The Newton-Raphson solver converged in 2 iterations

Iteration       : 22
Elapsed runtime : 9.792 seconds

New displacement factor 1.100
New displacement factor 0.000

Starting the Newton-Raphson solver `userModules.solver' ...
module `userModules.solver' : residual scale factor = 2.0701e+03
module `userModules.solver' : iter = 1, scaled residual = 8.4071e-05
module `userModules.solver' : iter = 2, scaled residual = 3.8843e-10
The Newton-Raphson solver converged in 2 iterations

Iteration       : 23
Elapsed runtime : 10.12 seconds

New displacement factor 1.150
New displacement factor 0.000

Starting the Newton-Raphson solver `userModules.solver' ...
module `userModules.solver' : residual scale factor = 2.1624e+03
module `userModules.solver' : iter = 1, scaled residual = 7.9609e-05
module `userModules.solver' : iter = 2, scaled residual = 3.6427e-10
The Newton-Raphson solver converged in 2 iterations

Iteration       : 24
Elapsed runtime : 10.45 seconds

New displacement factor 1.200
New displacement factor 0.000

Starting the Newton-Raphson solver `userModules.solver' ...
module `userModules.solver' : residual scale factor = 2.2547e+03
module `userModules.solver' : iter = 1, scaled residual = 7.5530e-05
module `userModules.solver' : iter = 2, scaled residual = 3.4228e-10
The Newton-Raphson solver converged in 2 iterations

Iteration       : 25
Elapsed runtime : 10.78 seconds

New displacement factor 1.250
New displacement factor 0.000

Starting the Newton-Raphson solver `userModules.solver' ...
module `userModules.solver' : residual scale factor = 2.3468e+03
module `userModules.solver' : iter = 1, scaled residual = 7.1788e-05
module `userModules.solver' : iter = 2, scaled residual = 3.2220e-10
The Newton-Raphson solver converged in 2 iterations

Iteration       : 26
Elapsed runtime : 11.12 seconds

New displacement factor 1.300
New displacement factor 0.000

Starting the Newton-Raphson solver `userModules.solver' ...
module `userModules.solver' : residual scale factor = 2.4387e+03
module `userModules.solver' : iter = 1, scaled residual = 6.8344e-05
module `userModules.solver' : iter = 2, scaled residual = 3.0381e-10
The Newton-Raphson solver converged in 2 iterations

Iteration       : 27
Elapsed runtime : 11.45 seconds

New displacement factor 1.350
New displacement factor 0.000

Starting the Newton-Raphson solver `userModules.solver' ...
module `userModules.solver' : residual scale factor = 2.5305e+03
module `userModules.solver' : iter = 1, scaled residual = 6.5164e-05
module `userModules.solver' : iter = 2, scaled residual = 2.8692e-10
The Newton-Raphson solver converged in 2 iterations

Iteration       : 28
Elapsed runtime : 11.78 seconds

New displacement factor 1.400
New displacement factor 0.000

Starting the Newton-Raphson solver `userModules.solver' ...
module `userModules.solver' : residual scale factor = 2.6222e+03
module `userModules.solver' : iter = 1, scaled residual = 6.2221e-05
module `userModules.solver' : iter = 2, scaled residual = 2.7135e-10
The Newton-Raphson solver converged in 2 iterations

Iteration       : 29
Elapsed runtime : 12.11 seconds

New displacement factor 1.450
New displacement factor 0.000

Starting the Newton-Raphson solver `userModules.solver' ...
module `userModules.solver' : residual scale factor = 2.7137e+03
module `userModules.solver' : iter = 1, scaled residual = 5.9489e-05
module `userModules.solver' : iter = 2, scaled residual = 2.5698e-10
The Newton-Raphson solver converged in 2 iterations

Iteration       : 30
Elapsed runtime : 12.44 seconds

New displacement factor 1.500
New displacement factor 0.000

Starting the Newton-Raphson solver `userModules.solver' ...
module `userModules.solver' : residual scale factor = 2.8050e+03
module `userModules.solver' : iter = 1, scaled residual = 5.6947e-05
module `userModules.solver' : iter = 2, scaled residual = 2.4368e-10
The Newton-Raphson solver converged in 2 iterations

Iteration       : 31
Elapsed runtime : 12.77 seconds

New displacement factor 1.550
New displacement factor 0.000

Starting the Newton-Raphson solver `userModules.solver' ...
module `userModules.solver' : residual scale factor = 2.8963e+03
module `userModules.solver' : iter = 1, scaled residual = 5.4576e-05
module `userModules.solver' : iter = 2, scaled residual = 2.3134e-10
The Newton-Raphson solver converged in 2 iterations

Iteration       : 32
Elapsed runtime : 13.10 seconds

New displacement factor 1.600
New displacement factor 0.000

Starting the Newton-Raphson solver `userModules.solver' ...
module `userModules.solver' : residual scale factor = 2.9874e+03
module `userModules.solver' : iter = 1, scaled residual = 5.2362e-05
module `userModules.solver' : iter = 2, scaled residual = 2.1987e-10
The Newton-Raphson solver converged in 2 iterations

Iteration       : 33
Elapsed runtime : 13.42 seconds

New displacement factor 1.650
New displacement factor 0.000

Starting the Newton-Raphson solver `userModules.solver' ...
module `userModules.solver' : residual scale factor = 3.0783e+03
module `userModules.solver' : iter = 1, scaled residual = 5.0288e-05
module `userModules.solver' : iter = 2, scaled residual = 2.0919e-10
The Newton-Raphson solver converged in 2 iterations

Iteration       : 34
Elapsed runtime : 13.75 seconds

New displacement factor 1.700
New displacement factor 0.000

Starting the Newton-Raphson solver `userModules.solver' ...
module `userModules.solver' : residual scale factor = 3.1691e+03
module `userModules.solver' : iter = 1, scaled residual = 4.8343e-05
module `userModules.solver' : iter = 2, scaled residual = 1.9922e-10
The Newton-Raphson solver converged in 2 iterations

Iteration       : 35
Elapsed runtime : 14.08 seconds

New displacement factor 1.750
New displacement factor 0.000

Starting the Newton-Raphson solver `userModules.solver' ...
module `userModules.solver' : residual scale factor = 3.2598e+03
module `userModules.solver' : iter = 1, scaled residual = 4.6515e-05
module `userModules.solver' : iter = 2, scaled residual = 1.8991e-10
The Newton-Raphson solver converged in 2 iterations

Iteration       : 36
Elapsed runtime : 14.41 seconds

New displacement factor 1.800
New displacement factor 0.000

Starting the Newton-Raphson solver `userModules.solver' ...
module `userModules.solver' : residual scale factor = 3.3503e+03
module `userModules.solver' : iter = 1, scaled residual = 4.4795e-05
module `userModules.solver' : iter = 2, scaled residual = 1.8119e-10
The Newton-Raphson solver converged in 2 iterations

Iteration       : 37
Elapsed runtime : 14.74 seconds

New displacement factor 1.850
New displacement factor 0.000

Starting the Newton-Raphson solver `userModules.solver' ...
module `userModules.solver' : residual scale factor = 3.4407e+03
module `userModules.solver' : iter = 1, scaled residual = 4.3174e-05
module `userModules.solver' : iter = 2, scaled residual = 1.7302e-10
The Newton-Raphson solver converged in 2 iterations

Iteration       : 38
Elapsed runtime : 15.07 seconds

New displacement factor 1.900
New displacement factor 0.000

Starting the Newton-Raphson solver `userModules.solver' ...
module `userModules.solver' : residual scale factor = 3.5310e+03
module `userModules.solver' : iter = 1, scaled residual = 4.1644e-05
module `userModules.solver' : iter = 2, scaled residual = 1.6535e-10
The Newton-Raphson solver converged in 2 iterations

Iteration       : 39
Elapsed runtime : 15.40 seconds

New displacement factor 1.950
New displacement factor 0.000

Starting the Newton-Raphson solver `userModules.solver' ...
module `userModules.solver' : residual scale factor = 3.6211e+03
module `userModules.solver' : iter = 1, scaled residual = 4.0197e-05
module `userModules.solver' : iter = 2, scaled residual = 1.5814e-10
The Newton-Raphson solver converged in 2 iterations

Iteration       : 40
Elapsed runtime : 15.74 seconds

New displacement factor 2.000
New displacement factor 0.000

Starting the Newton-Raphson solver `userModules.solver' ...
module `userModules.solver' : residual scale factor = 3.8136e+03
module `userModules.solver' : iter = 1, scaled residual = 2.3029e-01
module `userModules.solver' : iter = 2, scaled residual = 2.6458e-01
module `userModules.solver' : iter = 3, scaled residual = 2.5682e-01
module `userModules.solver' : iter = 4, scaled residual = 2.8009e-01
module `userModules.solver' : iter = 5, scaled residual = 3.7168e-01
module `userModules.solver' : iter = 6, scaled residual = 2.6890e-01
module `userModules.solver' : iter = 7, scaled residual = 4.1321e-01
module `userModules.solver' : iter = 8, scaled residual = 3.4451e-01
module `userModules.solver' : iter = 9, scaled residual = 4.0462e-01
module `userModules.solver' : iter = 10, scaled residual = 2.3985e-01
module `userModules.solver' : iter = 11, scaled residual = 3.6779e-01
module `userModules.solver' : iter = 12, scaled residual = 3.1648e-01
module `userModules.solver' : iter = 13, scaled residual = 4.9086e-01
module `userModules.solver' : iter = 14, scaled residual = 4.5372e-01
module `userModules.solver' : iter = 15, scaled residual = 4.2828e-01
module `userModules.solver' : iter = 16, scaled residual = 4.1399e-01
module `userModules.solver' : iter = 17, scaled residual = 6.6600e-01
module `userModules.solver' : iter = 18, scaled residual = 4.8939e-01
module `userModules.solver' : iter = 19, scaled residual = 5.0087e-01
module `userModules.solver' : iter = 20, scaled residual = 4.0248e-01
module `userModules.solver' : iter = 21, scaled residual = 3.8209e-01
module `userModules.solver' : iter = 22, scaled residual = 5.3800e-01
module `userModules.solver' : iter = 23, scaled residual = 5.2382e-01
module `userModules.solver' : iter = 24, scaled residual = 3.1660e-01
module `userModules.solver' : iter = 25, scaled residual = 4.4376e-01
module `userModules.solver' : iter = 26, scaled residual = 3.8015e-01
module `userModules.solver' : iter = 27, scaled residual = 4.3388e-01
module `userModules.solver' : iter = 28, scaled residual = 6.5951e-01
module `userModules.solver' : iter = 29, scaled residual = 5.9795e-01
module `userModules.solver' : iter = 30, scaled residual = 4.0598e-01
module `userModules.solver' : iter = 31, scaled residual = 3.4650e-01
module `userModules.solver' : iter = 32, scaled residual = 4.8696e-01
module `userModules.solver' : iter = 33, scaled residual = 5.4970e-01
module `userModules.solver' : iter = 34, scaled residual = 3.0367e-01
module `userModules.solver' : iter = 35, scaled residual = 5.6070e-01
module `userModules.solver' : scaling solution increment with factor 7.2957e-01
module `userModules.solver' : iter = 36, scaled residual = 4.6457e-01
module `userModules.solver' : iter = 37, scaled residual = 2.2427e-01
module `userModules.solver' : iter = 38, scaled residual = 4.9738e-03
module `userModules.solver' : iter = 39, scaled residual = 6.9370e-06
module `userModules.solver' : iter = 40, scaled residual = 4.5111e-12
The Newton-Raphson solver converged in 40 iterations

