Log file created on Thu Jul 04 21:48:53 CEST 2019.

Generating mesh with element size 0.05000 ...

Reading data from `example.data' ...

  example.data, line 2: reading tag `NodeConstraints' ...
  example.data, line 7: done reading tag `NodeConstraints'
  example.data, line 10: reading tag `NodeTable' ...
  example.data, line 12: reading tag `Section' ...
  example.data, line 16: done reading tag `Section'
  example.data, line 18: done reading tag `NodeTable'
  example.data, line 21: reading tag `NodeTable' ...
  example.data, line 23: reading tag `Section' ...
  example.data, line 27: done reading tag `Section'
  example.data, line 29: done reading tag `NodeTable'
  example.data, line 31: reading tag `Function' ...
  example.data, line 39: done reading tag `Function'

shapeTable : updating shape table ...

  creating 5 shapes of type `Triangle3' ...

    precision 0:

      shapeFuncs	=
      {
        type	= "Linear";
      };
      intScheme	= [ "1", "1", "1", "1" ];

    precision 1:

      shapeFuncs	=
      {
        type	= "Linear";
      };
      intScheme	= [ "4", "2", "2", "2" ];

    precision 2:

      shapeFuncs	=
      {
        type	= "Linear";
      };
      intScheme	= [ "13", "3", "3", "3" ];

    precision 3:

      shapeFuncs	=
      {
        type	= "Linear";
      };
      intScheme	= [ "19", "4", "4", "4" ];

    precision 4:

      shapeFuncs	=
      {
        type	= "Linear";
      };
      intScheme	= [ "25", "5", "5", "5" ];

Created a new model named `model'.
jive::util::FlexDofSpace(nodes) : switching to dense storage mode ...

jive::util::Constraints(nodes) : reallocating constraints, kind = COMPRESSED

Initializing (state) vectors ...

  oldState = iniState

Data summary:

  nodes ......................................... 1456
  node dofs ..................................... 1456
  node constraints .............................. 152
  node groups ................................... 4
  node tables ................................... 2
  node data bases ............................... 0
  elements ...................................... 2760
  element groups ................................ 2
  element tables ................................ 0
  element data bases ............................ 0
  boundaries .................................... 0
  boundary groups ............................... 2
  boundary tables ............................... 0
  boundary data bases ........................... 0
  functions ..................................... 1

park3 : restarting

view.mesh : building graphics mesh ...
view.mesh : ready; graphics mesh contains:

  vertices  ...... 1456
  faces     ...... 2760
  triangles ...... 2760
  lines     ...... 0
  edges     ...... 4216

*** WARNING: module `view' : unsupported image type: `png'; supported type is `ppm'
*** WARNING: module `view' : snapshot files will be saved in PPM format

Application configuration data:

  log	=
  {
    file	= "-example.log";
    rank	= 0;
    pattern	= "*.info|*.debug";
    logPrefix	= "";
    outPrefix	= "";
    warnPrefix	= "*** WARNING: ";
    errPrefix	= "*** ERROR: ";
  };
  control	=
  {
    prompt	= ">";
    cmdFile	= "-";
    fgMode	= false;
    pause	= 0.100000;
    runWhile	= "i < 200";
  };
  view	=
  {
    snapFile	= "example%2i.png";
    configFile	= "view.conf";
    updateWhen	= "(view.updateLoad < 0.1) && (view.renderLoad < 0.5)";
    snapWhen	= false;
    offScreen	= false;
    camera	=
    {
      type	= "Perspective";
      farClip	= 10.0000;
      nearClip	= 0.500000;
      viewAngle	= 40.0000;
      position	= [ -0.00000, -0.00000, 3.00000 ];
      zoom	= 0.00000;
      quality	= 1;
      autoQuality	= false;
    };
    state	=
    {
      type	= "Vector";
      vector	= "state";
      nullValue	= 0.00000;
    };
    flux	=
    {
      type	= "Table";
      table	= "nodes/flux";
      tableType	= "Dense";
      nullValue	= 0.00000;
    };
    dataSets	= [ "state", "flux" ];
    window	=
    {
      bgColor	= "steel";
      title	= "heat.view";
      width	= 400;
      height	= 400;
    };
    world	=
    {
      scale	= 1.00000;
      rotmat	= [ 1.00000, 0.00000, 0.00000, 0.00000, 1.00000, 0.00000, 0.00000, 0.00000, 1.00000 ];
      translation	= [ 0.00000, 0.00000, 0.00000 ];
    };
    lights	=
    {
      light0	=
      {
        color	= "white20";
        direction	= [ -1.00000, -0.00000, -0.00000 ];
        enable	= true;
      };
      light1	=
      {
        color	= "white20";
        direction	= [ -0.00000, -1.00000, -0.00000 ];
        enable	= true;
      };
      light2	=
      {
        color	= "white";
        direction	= [ -0.00000, -0.00000, -1.00000 ];
        enable	= true;
      };
      light3	=
      {
        color	= "white20";
        direction	= [ 1.00000, 1.00000, -0.00000 ];
        enable	= false;
      };
      specular	= false;
      ambient	= "white20";
    };
    markerStyles	=
    {
      points	=
      {
        size	= 3.00000;
        color	= "black";
      };
      orbs	=
      {
        size	= -0.0100000;
        quality	= 1;
        color	= "gold";
      };
      numbers	=
      {
        font	= "proportional medium";
        color	= "black";
      };
      circles	=
      {
        size	= "medium";
        color	= "black";
      };
      diamonds	=
      {
        size	= "medium";
        color	= "black";
      };
      discs	=
      {
        size	= "medium";
        color	= "black";
      };
      squares	=
      {
        size	= "medium";
        color	= "black";
      };
      styles	= [];
    };
    palettes	=
    {
      linear	=
      {
        minValue	= 0.00000;
        maxValue	= 1.00000;
        minColor	= [ 0.00000, 0.00000, 1.00000, 0.200000 ];
        maxColor	= [ 1.00000, 0.00000, 0.00000, 0.900000 ];
      };
      rainbow	=
      {
        minValue	= 0.00000;
        maxValue	= 1.00000;
      };
      custom	=
      {
        colors	= [ "blue", "green", "yellow", "orange", "red" ];
        ranges	= [ 0.00000, 0.200000, 0.400000, 0.600000, 0.800000, 1.00000 ];
        hideMinMax	= false;
      };
      palettes	= [];
    };
    mesh	=
    {
      elements	= "all";
      scale	= 1.00000;
      rotmat	= [ 1.00000, 0.00000, 0.00000, 0.00000, 1.00000, 0.00000, 0.00000, 0.00000, 1.00000 ];
      translation	= [ 0.00000, 0.00000, 0.00000 ];
      pointSize	= 1.00000;
      lineWidth	= 0.800000;
      shadeModel	= "Smooth";
      color	= "gold";
      material	=
      {
        specular	= "black";
        shininess	= 0.00000;
      };
      edgeColor	= "black";
      nodeColor	= "black";
      showEdges	= true;
      showLines	= true;
      showFaces	= true;
      hidden	= false;
      deformation	=
      {
        scale	= 1.00000;
        autoScale	= false;
        scaleStep	= 0.100000;
        dx	= "0.000";
        dy	= "0.000";
        dz	= "state{ $$u * ($$u >= 0.2) + 0.2 * ($$u < 0.2) }";
      };
      colors	=
      {
        palette	= "rainbow";
        title	= "";
        data	= "flux{ sqrt( $$x^2 + $$y^2 ) }";
        autoScale	= true;
        scaleStep	= 0.200000;
      };
    };
  };
  output	=
  {
    file	= "example.out.gz";
    append	= false;
    precision	= 6;
    pageWidth	= 200;
    bufsize	= -1;
    vectors	= [ "nodes/state = state" ];
    tables	= [];
    saveWhen	= "(i % 20) < 0.1";
  };
  extra	=
  {
    graph	=
    {
      sampleWhen	= true;
      dataSets	= [ "solverIter" ];
      window	=
      {
        bgColor	= "white";
        title	= "extra.graph";
        width	= 400;
        height	= 200;
      };
      camera	=
      {
        range	= 1.00000;
        position	= [ -0.00000, -0.00000 ];
        zoom	= 0.00000;
        quality	= 1;
        autoQuality	= false;
      };
      graph	=
      {
        hidden	= false;
        width	= 1.00000;
        height	= 1.00000;
        showKey	= true;
        keyPos	= [ 0.900000, 0.900000 ];
        title	= "";
        xLabel	= "";
        yLabel	= "";
        scaleStep	= 0.100000;
        xRange	= "auto";
        yRange	= "auto";
      };
      solverIter	=
      {
        key	= "extra.graph.solverIter";
        maxPoints	= -1;
        pointStyle	= none;
        lineWidth	= 1.20000;
        lineColor	= "black";
        xData	= "i";
        yData	= "linsolve.iterCount";
      };
    };
  };
  meshgen	=
  {
    storageMode	= "Default";
    elemSize	= 0.0500000;
    geometry	=
    {
      type	= "Ring";
      groupNames	=
      {
        innerEdge	= "innerEdge";
        outerEdge	= "outerEdge";
      };
      elemType	= "Triangle3";
      innerNodes	= 32;
      innerRadius	= 0.100000;
      outerRadius	= 1.00000;
    };
    output	= none;
  };
  storageMode	= "Default";
  input	=
  {
    storageMode	= "Default";
    file	= "example.data";
    maxParts	= 0;
    tableFilter	= "*";
    dbaseFilter	= "*";
    funcFilter	= "*";
  };
  shapeTable	=
  {
    type	= "Auto";
    boundaryElems	= "";
    interfaceElems	= "";
    maxPrecision	= 4;
  };
  model	=
  {
    type	= "Matrix";
    model	=
    {
      type	= "Multi";
      models	= [ "transport", "load", "source" ];
      transport	=
      {
        type	= "Transport";
        elements	= "all";
        dofName	= "u";
        precision	= 2;
        flowTable	= "";
        diffusion	= [ 1.00000, 1.00000 ];
      };
      load	=
      {
        type	= "LoadScale";
        model	=
        {
          type	= "Constraints";
          conTable	= "Prescribed";
        };
        loadCase	= "load";
        loadScale	= 1.00000;
        scaleFunc	= "sin(time)";
      };
      source	=
      {
        type	= "Source";
        elements	= "all";
        dofName	= "u";
        sourceTable	= "";
        precision	= 0;
        sourceFunc	= "10 * exp( -2 * sqrt( (x - 0.5 * cos(time))^2 +
        (y - 0.5 * sin(time))^2 ) )";
      };
    };
    debug	= 0;
    linear	= true;
    matrix0	=
    {
      type	= "FEM";
      symmetric	= true;
      optimize	= "Runtime";
    };
    matrix1	=
    {
      type	= "FEM";
      symmetric	= true;
      optimize	= "Runtime";
    };
    matrix2	=
    {
      type	= "FEM";
      symmetric	= true;
      optimize	= "Runtime";
    };
  };
  init	=
  {
    reorder	= false;
    vectors	= [ "oldState = iniState" ];
  };
  park3	=
  {
    deltaTime	= 0.100000;
    rayleigh1	= 0.00000;
    rayleigh2	= 0.00000;
  };
  linsolve	=
  {
    solver	=
    {
      type	= "AGMRES";
      gramSchmidt	=
      {
        type	= "XGS";
      };
      precon	=
      {
        type	= "Diag";
      };
      printInterval	= 2.00000;
      noiseLevel	= 1;
      lenient	= false;
      precision	= 0.100000;
      maxIter	= 2000;
      updatePolicy	= "Auto";
      restartIter	= 100;
      maxVectors	= 200;
    };
  };

*** WARNING: Initialization phase completed with warnings.

  Elapsed CPU  time : 0.08000 seconds.
  Elapsed real time : 0.1185 seconds.

Time step       : 0
Simulation time : 0.000
Elapsed runtime : 0.1186 seconds

model.matrix2 : updating matrix structure ...
model.matrix2 : matrix structure updated.
model.matrix2 : updating sparse matrix structure ...
model.matrix2 : scanning matrix for super rows ...
model.matrix2 : done; found 1456 super rows in 1456 matrix rows.
model.matrix2 : not enough super rows to enable blocking mode.

park3 : restarting

model.matrix0 : updating matrix structure ...
model.matrix0 : matrix structure updated.
model.matrix0 : updating sparse matrix structure ...
model.matrix0 : scanning matrix for super rows ...
model.matrix0 : done; found 1456 super rows in 1456 matrix rows.
model.matrix0 : not enough super rows to enable blocking mode.
model.matrix1 : updating matrix structure ...
model.matrix1 : matrix structure updated.
model.matrix1 : updating sparse matrix structure ...
model.matrix1 : scanning matrix for super rows ...
model.matrix1 : done; found 1456 super rows in 1456 matrix rows.
model.matrix1 : not enough super rows to enable blocking mode.
Assembling the global system of equations ...
Solving the global system of equations ...

Starting solver `linsolve.solver' ...

linsolve.solver : maxIter   = 2000
linsolve.solver : precision =  1.000e-01

linsolve.solver.constrainer : updating constrained matrix ...
linsolve.solver : allocated memory for 4 Krylov vectors
linsolve.solver : allocated memory for 10 Krylov vectors
linsolve.solver : allocated memory for 19 Krylov vectors
linsolve.solver : added preconditioner with size 14
linsolve.solver : iter =   14, actual residual    =  8.774e-02

Solution obtained in   14 iterations ( 1.007e-03 seconds).

Time step       : 1
Simulation time : 0.1000
Elapsed runtime : 0.2450 seconds

Assembling the global system of equations ...
model.matrix0 : updating sparse matrix values ...
Solving the global system of equations ...

Starting solver `linsolve.solver' ...

linsolve.solver : maxIter   = 2000
linsolve.solver : precision =  1.000e-01

linsolve.solver : added preconditioner with size 5
linsolve.solver : iter =    5, actual residual    =  9.326e-02

Solution obtained in    5 iterations ( 4.470e-04 seconds).

Time step       : 2
Simulation time : 0.2000
Elapsed runtime : 0.3517 seconds

Assembling the global system of equations ...
model.matrix0 : updating sparse matrix values ...
Solving the global system of equations ...

Starting solver `linsolve.solver' ...

linsolve.solver : maxIter   = 2000
linsolve.solver : precision =  1.000e-01

linsolve.solver : added preconditioner with size 5
linsolve.solver : iter =    5, actual residual    =  8.406e-02

Solution obtained in    5 iterations ( 2.121e-03 seconds).

Time step       : 3
Simulation time : 0.3000
Elapsed runtime : 0.4816 seconds

Assembling the global system of equations ...
model.matrix0 : updating sparse matrix values ...
Solving the global system of equations ...

Starting solver `linsolve.solver' ...

linsolve.solver : maxIter   = 2000
linsolve.solver : precision =  1.000e-01

linsolve.solver : added preconditioner with size 4
linsolve.solver : iter =    4, actual residual    =  9.034e-02

Solution obtained in    4 iterations ( 2.145e-03 seconds).

Time step       : 4
Simulation time : 0.4000
Elapsed runtime : 0.6104 seconds

Assembling the global system of equations ...
model.matrix0 : updating sparse matrix values ...
Solving the global system of equations ...

Starting solver `linsolve.solver' ...

linsolve.solver : maxIter   = 2000
linsolve.solver : precision =  1.000e-01

linsolve.solver : added preconditioner with size 5
linsolve.solver : iter =    5, actual residual    =  8.535e-02

Solution obtained in    5 iterations ( 2.720e-03 seconds).

Time step       : 5
Simulation time : 0.5000
Elapsed runtime : 0.7417 seconds

Assembling the global system of equations ...
model.matrix0 : updating sparse matrix values ...
Solving the global system of equations ...

Starting solver `linsolve.solver' ...

linsolve.solver : maxIter   = 2000
linsolve.solver : precision =  1.000e-01

linsolve.solver : added preconditioner with size 4
linsolve.solver : iter =    4, actual residual    =  7.976e-02

Solution obtained in    4 iterations ( 3.139e-03 seconds).

Time step       : 6
Simulation time : 0.6000
Elapsed runtime : 0.8758 seconds

Assembling the global system of equations ...
model.matrix0 : updating sparse matrix values ...
Solving the global system of equations ...

Starting solver `linsolve.solver' ...

linsolve.solver : maxIter   = 2000
linsolve.solver : precision =  1.000e-01

linsolve.solver : added preconditioner with size 3
linsolve.solver : iter =    3, actual residual    =  8.986e-02

Solution obtained in    3 iterations ( 2.376e-03 seconds).

Time step       : 7
Simulation time : 0.7000
Elapsed runtime : 1.009 seconds

Assembling the global system of equations ...
model.matrix0 : updating sparse matrix values ...
Solving the global system of equations ...

Starting solver `linsolve.solver' ...

linsolve.solver : maxIter   = 2000
linsolve.solver : precision =  1.000e-01

linsolve.solver : added preconditioner with size 4
linsolve.solver : iter =    4, actual residual    =  8.351e-02

Solution obtained in    4 iterations ( 2.968e-03 seconds).

Time step       : 8
Simulation time : 0.8000
Elapsed runtime : 1.143 seconds

Assembling the global system of equations ...
model.matrix0 : updating sparse matrix values ...
Solving the global system of equations ...

Starting solver `linsolve.solver' ...

linsolve.solver : maxIter   = 2000
linsolve.solver : precision =  1.000e-01

linsolve.solver : added preconditioner with size 2
linsolve.solver : iter =    2, actual residual    =  8.813e-02

Solution obtained in    2 iterations ( 1.993e-03 seconds).

Time step       : 9
Simulation time : 0.9000
Elapsed runtime : 1.275 seconds

Assembling the global system of equations ...
model.matrix0 : updating sparse matrix values ...
Solving the global system of equations ...

Starting solver `linsolve.solver' ...

linsolve.solver : maxIter   = 2000
linsolve.solver : precision =  1.000e-01

linsolve.solver : added preconditioner with size 2
linsolve.solver : iter =    2, actual residual    =  8.595e-02

Solution obtained in    2 iterations ( 2.900e-03 seconds).

Time step       : 10
Simulation time : 1.000
Elapsed runtime : 1.407 seconds

Assembling the global system of equations ...
model.matrix0 : updating sparse matrix values ...
Solving the global system of equations ...

Starting solver `linsolve.solver' ...

linsolve.solver : maxIter   = 2000
linsolve.solver : precision =  1.000e-01

linsolve.solver : added preconditioner with size 2
linsolve.solver : iter =    2, actual residual    =  9.456e-02

Solution obtained in    2 iterations ( 2.356e-03 seconds).

Time step       : 11
Simulation time : 1.100
Elapsed runtime : 1.538 seconds

Assembling the global system of equations ...
model.matrix0 : updating sparse matrix values ...
Solving the global system of equations ...

Starting solver `linsolve.solver' ...

linsolve.solver : maxIter   = 2000
linsolve.solver : precision =  1.000e-01

linsolve.solver : added preconditioner with size 3
linsolve.solver : iter =    3, actual residual    =  8.598e-02

Solution obtained in    3 iterations ( 3.224e-03 seconds).

Time step       : 12
Simulation time : 1.200
Elapsed runtime : 1.671 seconds

Assembling the global system of equations ...
model.matrix0 : updating sparse matrix values ...
Solving the global system of equations ...

Starting solver `linsolve.solver' ...

linsolve.solver : maxIter   = 2000
linsolve.solver : precision =  1.000e-01

linsolve.solver : added preconditioner with size 3
linsolve.solver : iter =    3, actual residual    =  8.782e-02

Solution obtained in    3 iterations ( 3.178e-03 seconds).

Time step       : 13
Simulation time : 1.300
Elapsed runtime : 1.803 seconds

Assembling the global system of equations ...
model.matrix0 : updating sparse matrix values ...
Solving the global system of equations ...

Starting solver `linsolve.solver' ...

linsolve.solver : maxIter   = 2000
linsolve.solver : precision =  1.000e-01

linsolve.solver : added preconditioner with size 3
linsolve.solver : iter =    3, actual residual    =  8.002e-02

Solution obtained in    3 iterations ( 3.257e-03 seconds).

Time step       : 14
Simulation time : 1.400
Elapsed runtime : 1.936 seconds

Assembling the global system of equations ...
model.matrix0 : updating sparse matrix values ...
Solving the global system of equations ...

Starting solver `linsolve.solver' ...

linsolve.solver : maxIter   = 2000
linsolve.solver : precision =  1.000e-01

linsolve.solver : added preconditioner with size 3
linsolve.solver : iter =    3, actual residual    =  8.840e-02

Solution obtained in    3 iterations ( 3.445e-03 seconds).

Time step       : 15
Simulation time : 1.500
Elapsed runtime : 2.070 seconds

Assembling the global system of equations ...
model.matrix0 : updating sparse matrix values ...
Solving the global system of equations ...

Starting solver `linsolve.solver' ...

linsolve.solver : maxIter   = 2000
linsolve.solver : precision =  1.000e-01

linsolve.solver : added preconditioner with size 4
linsolve.solver : iter =    4, actual residual    =  8.116e-02

Solution obtained in    4 iterations ( 4.838e-03 seconds).

Time step       : 16
Simulation time : 1.600
Elapsed runtime : 2.204 seconds

Assembling the global system of equations ...
model.matrix0 : updating sparse matrix values ...
Solving the global system of equations ...

Starting solver `linsolve.solver' ...

linsolve.solver : maxIter   = 2000
linsolve.solver : precision =  1.000e-01

linsolve.solver : added preconditioner with size 3
linsolve.solver : iter =    3, actual residual    =  8.488e-02

Solution obtained in    3 iterations ( 4.210e-03 seconds).

Time step       : 17
Simulation time : 1.700
Elapsed runtime : 2.337 seconds

Assembling the global system of equations ...
model.matrix0 : updating sparse matrix values ...
Solving the global system of equations ...

Starting solver `linsolve.solver' ...

linsolve.solver : maxIter   = 2000
linsolve.solver : precision =  1.000e-01

linsolve.solver : added preconditioner with size 4
linsolve.solver : iter =    4, actual residual    =  8.183e-02

Solution obtained in    4 iterations ( 5.286e-03 seconds).

Time step       : 18
Simulation time : 1.800
Elapsed runtime : 2.471 seconds

Assembling the global system of equations ...
model.matrix0 : updating sparse matrix values ...
Solving the global system of equations ...

Starting solver `linsolve.solver' ...

linsolve.solver : maxIter   = 2000
linsolve.solver : precision =  1.000e-01

linsolve.solver : added preconditioner with size 2
linsolve.solver : iter =    2, actual residual    =  9.309e-02

Solution obtained in    2 iterations ( 3.216e-03 seconds).

Time step       : 19
Simulation time : 1.900
Elapsed runtime : 2.603 seconds

Assembling the global system of equations ...
model.matrix0 : updating sparse matrix values ...
Solving the global system of equations ...

Starting solver `linsolve.solver' ...

linsolve.solver : maxIter   = 2000
linsolve.solver : precision =  1.000e-01

linsolve.solver : added preconditioner with size 3
linsolve.solver : iter =    3, actual residual    =  8.389e-02

Solution obtained in    3 iterations ( 4.112e-03 seconds).

*** ERROR: Fatal runtime error

*** ERROR:   Type    : jem::io::ZipException
*** ERROR:   Context : module `output'
*** ERROR:   Message : can not write zipped output because this version of Jem has been compiled
*** ERROR:             without zlib support

*** ERROR: Stack trace:

*** ERROR:   ./heat(_ZN3jem2io11IOExceptionC2ERKNS_6StringES4_+0x9) [0x561fa9f34789]
*** ERROR:   ./heat(_ZN3jem2io12ZipExceptionC2ERKNS_6StringES4_+0x9) [0x561fa9f4919f]
*** ERROR:   ./heat(_ZN3jem2io8DeflatorC2ENS_3RefINS0_12OutputStreamEEENS0_7ZipModeEii+0x6b)
*** ERROR:   [0x561fa9f67753]
*** ERROR:   ./heat(_ZN3jem2io16GzipOutputStreamC1ENS_3RefINS0_12OutputStreamEEEii+0x101) [0x561fa9f342df]
*** ERROR:   ./heat(_ZN3jem11newInstanceINS_2io16GzipOutputStreamENS_3RefINS1_12OutputStreamEEEEENS3_IT_EERKT0_+0x66)
*** ERROR:   [0x561fa9d46780]
*** ERROR:   ./heat(_ZN4jive3app12OutputModule8RunData_8openFileERKN3jem6StringEiiii+0x223) [0x561fa9d412a9]
*** ERROR:   ./heat(_ZN4jive3app12OutputModule3runERKN3jem4util10PropertiesE+0x19c) [0x561fa9d46160]
*** ERROR:   ./heat(_ZN4jive3app11ChainModule3runERKN3jem4util10PropertiesE+0x155) [0x561fa9d31db3]
*** ERROR:   ./heat(_ZN4jive3app12ReportModule3runERKN3jem4util10PropertiesE+0x41) [0x561fa9d481fb]
*** ERROR:   ./heat(_ZN4jive3app11Application7runLoopERN3jem6StringERNS0_6ModuleERKNS2_4util10PropertiesESA_SA_+0xd7)
*** ERROR:   [0x561fa9d2b95d]
*** ERROR:   ./heat(_ZN4jive3app11Application5Task_3runEv+0x488) [0x561fa9d2ab6c]
*** ERROR:   ./heat(_ZN3jem2mp8MTDriver5startERNS0_11TaskFactoryEiPPc+0x11b) [0x561fa9f05c05]
*** ERROR:   ./heat(_ZN4jive3app11Application5pexecEiPPcPFN3jem3RefINS0_6ModuleEEEvE+0x90) [0x561fa9d2a380]
*** ERROR:   ./heat(main+0x27) [0x561fa9ae1ca3]
*** ERROR:   /lib/x86_64-linux-gnu/libc.so.6(__libc_start_main+0xe7) [0x7fdadbdabb97]
*** ERROR:   ./heat(_start+0x2a) [0x561fa9ae15ca]

