Log file created on Thu Jan 23 10:50:22 CET 2020.

Reading input with userInput.input from file neohookean.msh
 ...Adding 1286 nodes.
 ...Adding 2423 elements.
 ...Created NodeGroup `left' with 17 nodes.
 ...Created NodeGroup `right' with 17 nodes.

Created a new model named `model'.

Data summary:

  nodes ......................................... 1286
  node dofs ..................................... 2572
  node groups ................................... 4
  elements ...................................... 2423
  element groups ................................ 3

userModules.view : loaded configuration data from `neohookean.view'
userModules.view.mesh : building graphics mesh ...
userModules.view.mesh : ready; graphics mesh contains:

  vertices  ...... 1286
  faces     ...... 2423
  triangles ...... 2423
  lines     ...... 0
  edges     ...... 3708

*** WARNING: module `userModules.view' : unsupported image type: `png'; supported type is `ppm'
*** WARNING: module `userModules.view' : snapshot files will be saved in PPM format

Application configuration data:

  log	=
  {
    file	= "-neohookean.log";
    rank	= 0;
    pattern	= "*.info";
    logPrefix	= "";
    outPrefix	= "";
    warnPrefix	= "*** WARNING: ";
    errPrefix	= "*** ERROR: ";
  };
  userModules	=
  {
    solver	=
    {
      maxIter	= 50;
      tiny	= 1.00000e-300;
      precision	= 1.00000e-06;
      maxIncr	= 10.0000;
      lineSearch	= false;
      deltaCons	= false;
      updateWhen	= none;
      solver	=
      {
        type	= "SkylineLU";
        lenient	= true;
        precision	= 5.00000e-07;
        zeroThreshold	= 1.49012e-08;
        maxZeroPivots	= 0;
        reorder	= true;
        useThreads	= true;
        printPivots	= false;
      };
    };
    graph	=
    {
      sampleWhen	= "accepted";
      dataSets	= [ "loadDisp" ];
      window	=
      {
        bgColor	= "white";
        title	= "userModules.graph";
        width	= 400;
        height	= 200;
      };
      camera	=
      {
        range	= 1.00000;
        position	= [ -0.00000, -0.00000 ];
        zoom	= 0.00000;
        quality	= 1;
        autoQuality	= false;
      };
      graph	=
      {
        hidden	= false;
        width	= 1.00000;
        height	= 1.00000;
        showKey	= true;
        keyPos	= [ 0.900000, 0.900000 ];
        title	= "";
        xLabel	= "";
        yLabel	= "";
        scaleStep	= 0.100000;
        xRange	= "auto";
        yRange	= "auto";
      };
      loadDisp	=
      {
        key	= "Load-displacement curve";
        maxPoints	= -1;
        pointStyle	= none;
        lineWidth	= 1.20000;
        lineColor	= "black";
        xData	= "model.model.lodi.disp[0]";
        yData	= "model.model.lodi.load[0]";
      };
    };
    view	=
    {
      snapFile	= "neohookean%2i.png";
      configFile	= "neohookean.view";
      updateWhen	= true;
      snapWhen	= false;
      offScreen	= false;
      camera	=
      {
        type	= "Perspective";
        farClip	= 97.9413;
        nearClip	= 17.7413;
        viewAngle	= 40.0000;
        position	= [ 0.0500002, -0.00475669, 57.8413 ];
        zoom	= 0.00000;
        quality	= 1;
        autoQuality	= false;
      };
      disp	=
      {
        type	= "Vector";
        vector	= "state";
        nullValue	= 0.00000;
      };
      stress	=
      {
        type	= "Table";
        table	= "nodes/stress";
        tableType	= "Dense";
        nullValue	= 0.00000;
      };
      dataSets	= [ "disp", "stress" ];
      window	=
      {
        bgColor	= "white";
        title	= "feel.userModules.view";
        width	= 1389;
        height	= 759;
      };
      world	=
      {
        scale	= 1.00000;
        rotmat	= [ 1.00000, 0.00000, 0.00000, 0.00000, 1.00000, 0.00000, 0.00000, 0.00000, 1.00000 ];
        translation	= [ 0.00000, 0.00000, 0.00000 ];
      };
      lights	=
      {
        light0	=
        {
          color	= "white20";
          direction	= [ -1.00000, -0.00000, -0.00000 ];
          enable	= true;
        };
        light1	=
        {
          color	= "white20";
          direction	= [ -0.00000, -1.00000, -0.00000 ];
          enable	= true;
        };
        light2	=
        {
          color	= "white";
          direction	= [ -0.00000, -0.00000, -1.00000 ];
          enable	= true;
        };
        light3	=
        {
          color	= "white20";
          direction	= [ 1.00000, 1.00000, -0.00000 ];
          enable	= false;
        };
        specular	= false;
        ambient	= "white20";
      };
      markerStyles	=
      {
        points	=
        {
          size	= 3.00000;
          color	= "black";
        };
        orbs	=
        {
          size	= -0.0100000;
          quality	= 1;
          color	= "gold";
        };
        numbers	=
        {
          font	= "proportional medium";
          color	= "black";
        };
        circles	=
        {
          size	= "medium";
          color	= "black";
        };
        diamonds	=
        {
          size	= "medium";
          color	= "black";
        };
        discs	=
        {
          size	= "medium";
          color	= "black";
        };
        squares	=
        {
          size	= "medium";
          color	= "black";
        };
        styles	= [];
      };
      palettes	=
      {
        linear	=
        {
          minValue	= 0.00000;
          maxValue	= 1.00000;
          minColor	= "blue";
          maxColor	= "red";
        };
        rainbow	=
        {
          minValue	= 0.00000;
          maxValue	= 1.00000;
        };
        custom	=
        {
          colors	= [ "blue", "green", "yellow", "orange", "red" ];
          ranges	= [ 0.00000, 0.200000, 0.400000, 0.600000, 0.800000, 1.00000 ];
          hideMinMax	= false;
        };
        palettes	= [];
      };
      mesh	=
      {
        elements	= "all";
        scale	= 1.00000;
        rotmat	= [ 1.00000, 0.00000, 0.00000, 0.00000, 1.00000, 0.00000, 0.00000, 0.00000, 1.00000 ];
        translation	= [ 0.00000, 0.00000, 0.00000 ];
        pointSize	= 1.00000;
        lineWidth	= 1.00000;
        shadeModel	= "Smooth";
        color	= "gray";
        material	=
        {
          specular	= "black";
          shininess	= 0.00000;
        };
        edgeColor	= "black";
        nodeColor	= "black";
        showEdges	= true;
        showLines	= true;
        showFaces	= true;
        hidden	= false;
        deformation	=
        {
          scale	= 1.00000;
          autoScale	= false;
          scaleStep	= 0.100000;
          dx	= "disp[dx]";
          dy	= "disp[dy]";
          dz	= "0.000";
        };
        colors	=
        {
          palette	= "custom";
          title	= "";
          data	= "stress[xx]";
          autoScale	= true;
          scaleStep	= 0.100000;
        };
      };
    };
  };
  sample	=
  {
    file	= "lodi.dat";
    header	= "";
    separator	= " ";
    append	= false;
    precision	= 8;
    dataSets	= [ "i", "model.model.lodi.disp[0]", "abs( model.model.lodi.load[0] )" ];
    sampleWhen	= "accepted";
  };
  control	=
  {
    prompt	= ">";
    cmdFile	= "";
    fgMode	= true;
    pause	= -1.00000;
    runWhile	= "i<=1";
  };
  userInput	=
  {
    input	=
    {
      dim	= 2;
      file	= "neohookean.msh";
      doElemGroups	= false;
      lowOrderCopy	= false;
      nodeGroups	= [];
      elemGroups	= [];
    };
    ngroups	=
    {
      nodeGroups	= [ "left", "right" ];
      elemGroups	= [];
      left	=
      {
        all	= false;
        restrictToGroups	= [];
        eps	= 1.00000e-05;
        xtype	= "min";
      };
      right	=
      {
        all	= false;
        restrictToGroups	= [];
        eps	= 1.00000e-05;
        xtype	= "max";
      };
    };
  };
  shapeTable	=
  {
    type	= "Auto";
    boundaryElems	= "";
    interfaceElems	= "";
    maxPrecision	= 0;
  };
  model	=
  {
    type	= "Matrix";
    model	=
    {
      type	= "Multi";
      models	= [ "bulk", "diri", "diri2", "lodi" ];
      bulk	=
      {
        type	= "NLSolid";
        elements	= "all";
        shape	=
        {
          type	= "Triangle3";
          shapeFuncs	=
          {
            type	= "Linear";
          };
          intScheme	= [ "Gauss1", "Gauss2", "Gauss2", "Gauss2" ];
        };
        material	=
        {
          type	= "NeoHooke";
          dim	= 2;
          lambda	= 5000.00;
          mu	= 6000.00;
          kappa0	= 0.200000;
          kappau	= 0.200001;
          state	= "PLANE_STRAIN";
        };
        thickness	= 1.00000;
      };
      diri	=
      {
        type	= "Dirichlet";
        dispIncr	= 0.0200000;
        initDisp	= 0.00000;
        maxDisp	= 20.0000;
        nodeGroups	= [ "right" ];
        dofs	= [ "dx" ];
        factors	= [ 1.00000 ];
      };
      diri2	=
      {
        type	= "Dirichlet";
        dispIncr	= 0.00000;
        initDisp	= 0.00000;
        maxDisp	= 1.79769e+308;
        nodeGroups	= [ "left" ];
        dofs	= [ "dx" ];
        factors	= [ 1.00000 ];
      };
      lodi	=
      {
        type	= "LoadDisp";
        nodes	= [ 1, 2, 47, 48, 49, 50, 51, 52, 53, 54, 55, 56, 57, 58, 59, 60, 61 ];
      };
    };
    debug	= 0;
    linear	= false;
    matrix0	=
    {
      type	= "Sparse";
      symmetric	= false;
      optimize	= "Runtime";
    };
  };
  init	=
  {
    reorder	= false;
    vectors	= [];
  };
  xoutput	=
  {
    write	= true;
    table	= "stress | eqstrain | eqveps | loading";
    interval	= 1;
    dissipation	= true;
    writeCracks	= true;
    writeCohInfo	= false;
  };

*** WARNING: Unknown property: `model.model.bulk.largeDisp'

*** WARNING: Initialization phase completed with warnings.

  Elapsed CPU  time : 0.1500 seconds.
  Elapsed real time : 0.2671 seconds.

Iteration       : 0
Elapsed runtime : 0.2684 seconds

New displacement factor 0.000
New displacement factor 0.000

Starting the Newton-Raphson solver `userModules.solver' ...
module `userModules.solver' : residual scale factor = 0.0000e+00
The Newton-Raphson solver converged in 1 iterations

Iteration       : 1
Elapsed runtime : 0.5977 seconds

New displacement factor 0.02000
New displacement factor 0.000

Starting the Newton-Raphson solver `userModules.solver' ...
module `userModules.solver' : residual scale factor = 3.8712e+01
module `userModules.solver' : iter = 1, scaled residual = 9.8842e-04
module `userModules.solver' : iter = 2, scaled residual = 5.0877e-09
The Newton-Raphson solver converged in 2 iterations

Iteration       : 2
Elapsed runtime : 3.167 seconds

New displacement factor 0.04000
New displacement factor 0.000

Starting the Newton-Raphson solver `userModules.solver' ...
module `userModules.solver' : residual scale factor = 7.7411e+01
module `userModules.solver' : iter = 1, scaled residual = 4.9049e-04
module `userModules.solver' : iter = 2, scaled residual = 2.4843e-09
The Newton-Raphson solver converged in 2 iterations

Iteration       : 3
Elapsed runtime : 3.563 seconds

New displacement factor 0.06000
New displacement factor 0.000

Starting the Newton-Raphson solver `userModules.solver' ...
module `userModules.solver' : residual scale factor = 1.1609e+02
module `userModules.solver' : iter = 1, scaled residual = 3.2456e-04
module `userModules.solver' : iter = 2, scaled residual = 1.6177e-09
The Newton-Raphson solver converged in 2 iterations

Iteration       : 4
Elapsed runtime : 3.893 seconds

New displacement factor 0.08000
New displacement factor 0.000

Starting the Newton-Raphson solver `userModules.solver' ...
module `userModules.solver' : residual scale factor = 1.5475e+02
module `userModules.solver' : iter = 1, scaled residual = 2.4162e-04
module `userModules.solver' : iter = 2, scaled residual = 1.1851e-09
The Newton-Raphson solver converged in 2 iterations

Iteration       : 5
Elapsed runtime : 4.227 seconds

New displacement factor 0.1000
New displacement factor 0.000

Starting the Newton-Raphson solver `userModules.solver' ...
module `userModules.solver' : residual scale factor = 1.9339e+02
module `userModules.solver' : iter = 1, scaled residual = 1.9188e-04
module `userModules.solver' : iter = 2, scaled residual = 9.2623e-10
The Newton-Raphson solver converged in 2 iterations

Iteration       : 6
Elapsed runtime : 4.557 seconds

New displacement factor 0.1200
New displacement factor 0.000

Starting the Newton-Raphson solver `userModules.solver' ...
module `userModules.solver' : residual scale factor = 2.3202e+02
module `userModules.solver' : iter = 1, scaled residual = 1.5874e-04
module `userModules.solver' : iter = 2, scaled residual = 7.5411e-10
The Newton-Raphson solver converged in 2 iterations

Iteration       : 7
Elapsed runtime : 4.889 seconds

New displacement factor 0.1400
New displacement factor 0.000

Starting the Newton-Raphson solver `userModules.solver' ...
module `userModules.solver' : residual scale factor = 2.7062e+02
module `userModules.solver' : iter = 1, scaled residual = 1.3508e-04
module `userModules.solver' : iter = 2, scaled residual = 6.3158e-10
The Newton-Raphson solver converged in 2 iterations

Iteration       : 8
Elapsed runtime : 5.220 seconds

New displacement factor 0.1600
New displacement factor 0.000

Starting the Newton-Raphson solver `userModules.solver' ...
module `userModules.solver' : residual scale factor = 3.0920e+02
module `userModules.solver' : iter = 1, scaled residual = 1.1735e-04
module `userModules.solver' : iter = 2, scaled residual = 5.4003e-10
The Newton-Raphson solver converged in 2 iterations

Iteration       : 9
Elapsed runtime : 5.549 seconds

New displacement factor 0.1800
New displacement factor 0.000

Starting the Newton-Raphson solver `userModules.solver' ...
module `userModules.solver' : residual scale factor = 3.4777e+02
module `userModules.solver' : iter = 1, scaled residual = 1.0357e-04
module `userModules.solver' : iter = 2, scaled residual = 4.6911e-10
The Newton-Raphson solver converged in 2 iterations

Iteration       : 10
Elapsed runtime : 5.878 seconds

New displacement factor 0.2000
New displacement factor 0.000

Starting the Newton-Raphson solver `userModules.solver' ...
module `userModules.solver' : residual scale factor = 3.8632e+02
module `userModules.solver' : iter = 1, scaled residual = 9.2555e-05
module `userModules.solver' : iter = 2, scaled residual = 4.1264e-10
The Newton-Raphson solver converged in 2 iterations

Iteration       : 11
Elapsed runtime : 6.207 seconds

New displacement factor 0.2200
New displacement factor 0.000

Starting the Newton-Raphson solver `userModules.solver' ...
module `userModules.solver' : residual scale factor = 4.2484e+02
module `userModules.solver' : iter = 1, scaled residual = 8.3550e-05
module `userModules.solver' : iter = 2, scaled residual = 3.6667e-10
The Newton-Raphson solver converged in 2 iterations

Iteration       : 12
Elapsed runtime : 6.537 seconds

New displacement factor 0.2400
New displacement factor 0.000

Starting the Newton-Raphson solver `userModules.solver' ...
module `userModules.solver' : residual scale factor = 4.6335e+02
module `userModules.solver' : iter = 1, scaled residual = 7.6054e-05
module `userModules.solver' : iter = 2, scaled residual = 3.2856e-10
The Newton-Raphson solver converged in 2 iterations

Iteration       : 13
Elapsed runtime : 6.871 seconds

New displacement factor 0.2600
New displacement factor 0.000

Starting the Newton-Raphson solver `userModules.solver' ...
module `userModules.solver' : residual scale factor = 5.0184e+02
module `userModules.solver' : iter = 1, scaled residual = 6.9719e-05
module `userModules.solver' : iter = 2, scaled residual = 2.9650e-10
The Newton-Raphson solver converged in 2 iterations

Iteration       : 14
Elapsed runtime : 7.199 seconds

New displacement factor 0.2800
New displacement factor 0.000

Starting the Newton-Raphson solver `userModules.solver' ...
module `userModules.solver' : residual scale factor = 5.4031e+02
module `userModules.solver' : iter = 1, scaled residual = 6.4294e-05
module `userModules.solver' : iter = 2, scaled residual = 2.6919e-10
The Newton-Raphson solver converged in 2 iterations

Iteration       : 15
Elapsed runtime : 7.528 seconds

New displacement factor 0.3000
New displacement factor 0.000

Starting the Newton-Raphson solver `userModules.solver' ...
module `userModules.solver' : residual scale factor = 5.7875e+02
module `userModules.solver' : iter = 1, scaled residual = 5.9598e-05
module `userModules.solver' : iter = 2, scaled residual = 2.4566e-10
The Newton-Raphson solver converged in 2 iterations

Iteration       : 16
Elapsed runtime : 7.856 seconds

New displacement factor 0.3200
New displacement factor 0.000

Starting the Newton-Raphson solver `userModules.solver' ...
module `userModules.solver' : residual scale factor = 6.1718e+02
module `userModules.solver' : iter = 1, scaled residual = 5.5495e-05
module `userModules.solver' : iter = 2, scaled residual = 2.2521e-10
The Newton-Raphson solver converged in 2 iterations

Iteration       : 17
Elapsed runtime : 8.186 seconds

New displacement factor 0.3400
New displacement factor 0.000

Starting the Newton-Raphson solver `userModules.solver' ...
module `userModules.solver' : residual scale factor = 6.5559e+02
module `userModules.solver' : iter = 1, scaled residual = 5.1879e-05
module `userModules.solver' : iter = 2, scaled residual = 2.0730e-10
The Newton-Raphson solver converged in 2 iterations

Iteration       : 18
Elapsed runtime : 8.516 seconds

New displacement factor 0.3600
New displacement factor 0.000

Starting the Newton-Raphson solver `userModules.solver' ...
module `userModules.solver' : residual scale factor = 6.9398e+02
module `userModules.solver' : iter = 1, scaled residual = 4.8669e-05
module `userModules.solver' : iter = 2, scaled residual = 1.9148e-10
The Newton-Raphson solver converged in 2 iterations

Iteration       : 19
Elapsed runtime : 8.846 seconds

New displacement factor 0.3800
New displacement factor 0.000

Starting the Newton-Raphson solver `userModules.solver' ...
module `userModules.solver' : residual scale factor = 7.3235e+02
module `userModules.solver' : iter = 1, scaled residual = 4.5801e-05
module `userModules.solver' : iter = 2, scaled residual = 1.7744e-10
The Newton-Raphson solver converged in 2 iterations

Iteration       : 20
Elapsed runtime : 9.174 seconds

New displacement factor 0.4000
New displacement factor 0.000

Starting the Newton-Raphson solver `userModules.solver' ...
module `userModules.solver' : residual scale factor = 7.7070e+02
module `userModules.solver' : iter = 1, scaled residual = 4.3224e-05
module `userModules.solver' : iter = 2, scaled residual = 1.6490e-10
The Newton-Raphson solver converged in 2 iterations

Iteration       : 21
Elapsed runtime : 9.507 seconds

New displacement factor 0.4200
New displacement factor 0.000

Starting the Newton-Raphson solver `userModules.solver' ...
module `userModules.solver' : residual scale factor = 8.0903e+02
module `userModules.solver' : iter = 1, scaled residual = 4.0896e-05
module `userModules.solver' : iter = 2, scaled residual = 1.5364e-10
The Newton-Raphson solver converged in 2 iterations

Iteration       : 22
Elapsed runtime : 9.838 seconds

New displacement factor 0.4400
New displacement factor 0.000

Starting the Newton-Raphson solver `userModules.solver' ...
module `userModules.solver' : residual scale factor = 8.4735e+02
module `userModules.solver' : iter = 1, scaled residual = 3.8782e-05
module `userModules.solver' : iter = 2, scaled residual = 1.4349e-10
The Newton-Raphson solver converged in 2 iterations

Iteration       : 23
Elapsed runtime : 10.17 seconds

New displacement factor 0.4600
New displacement factor 0.000

Starting the Newton-Raphson solver `userModules.solver' ...
module `userModules.solver' : residual scale factor = 8.8564e+02
module `userModules.solver' : iter = 1, scaled residual = 3.6856e-05
module `userModules.solver' : iter = 2, scaled residual = 1.3430e-10
The Newton-Raphson solver converged in 2 iterations

Iteration       : 24
Elapsed runtime : 10.50 seconds

New displacement factor 0.4800
New displacement factor 0.000

Starting the Newton-Raphson solver `userModules.solver' ...
module `userModules.solver' : residual scale factor = 9.2391e+02
module `userModules.solver' : iter = 1, scaled residual = 3.5093e-05
module `userModules.solver' : iter = 2, scaled residual = 1.2595e-10
The Newton-Raphson solver converged in 2 iterations

Iteration       : 25
Elapsed runtime : 10.82 seconds

New displacement factor 0.5000
New displacement factor 0.000

Starting the Newton-Raphson solver `userModules.solver' ...
module `userModules.solver' : residual scale factor = 9.6216e+02
module `userModules.solver' : iter = 1, scaled residual = 3.3474e-05
module `userModules.solver' : iter = 2, scaled residual = 1.1833e-10
The Newton-Raphson solver converged in 2 iterations

Iteration       : 26
Elapsed runtime : 11.15 seconds

New displacement factor 0.5200
New displacement factor 0.000

Starting the Newton-Raphson solver `userModules.solver' ...
module `userModules.solver' : residual scale factor = 1.0004e+03
module `userModules.solver' : iter = 1, scaled residual = 3.1983e-05
module `userModules.solver' : iter = 2, scaled residual = 1.1136e-10
The Newton-Raphson solver converged in 2 iterations

Iteration       : 27
Elapsed runtime : 11.48 seconds

New displacement factor 0.5400
New displacement factor 0.000

Starting the Newton-Raphson solver `userModules.solver' ...
module `userModules.solver' : residual scale factor = 1.0386e+03
module `userModules.solver' : iter = 1, scaled residual = 3.0604e-05
module `userModules.solver' : iter = 2, scaled residual = 1.0497e-10
The Newton-Raphson solver converged in 2 iterations

Iteration       : 28
Elapsed runtime : 11.81 seconds

New displacement factor 0.5600
New displacement factor 0.000

Starting the Newton-Raphson solver `userModules.solver' ...
module `userModules.solver' : residual scale factor = 1.0768e+03
module `userModules.solver' : iter = 1, scaled residual = 2.9326e-05
module `userModules.solver' : iter = 2, scaled residual = 9.9085e-11
The Newton-Raphson solver converged in 2 iterations

Iteration       : 29
Elapsed runtime : 12.14 seconds

New displacement factor 0.5800
New displacement factor 0.000

Starting the Newton-Raphson solver `userModules.solver' ...
module `userModules.solver' : residual scale factor = 1.1150e+03
module `userModules.solver' : iter = 1, scaled residual = 2.8138e-05
module `userModules.solver' : iter = 2, scaled residual = 9.3660e-11
The Newton-Raphson solver converged in 2 iterations

Iteration       : 30
Elapsed runtime : 12.47 seconds

New displacement factor 0.6000
New displacement factor 0.000

Starting the Newton-Raphson solver `userModules.solver' ...
module `userModules.solver' : residual scale factor = 1.1531e+03
module `userModules.solver' : iter = 1, scaled residual = 2.7032e-05
module `userModules.solver' : iter = 2, scaled residual = 8.8645e-11
The Newton-Raphson solver converged in 2 iterations

Iteration       : 31
Elapsed runtime : 12.80 seconds

New displacement factor 0.6200
New displacement factor 0.000

Starting the Newton-Raphson solver `userModules.solver' ...
module `userModules.solver' : residual scale factor = 1.1912e+03
module `userModules.solver' : iter = 1, scaled residual = 2.5999e-05
module `userModules.solver' : iter = 2, scaled residual = 8.3998e-11
The Newton-Raphson solver converged in 2 iterations

Iteration       : 32
Elapsed runtime : 13.13 seconds

New displacement factor 0.6400
New displacement factor 0.000

Starting the Newton-Raphson solver `userModules.solver' ...
module `userModules.solver' : residual scale factor = 1.2293e+03
module `userModules.solver' : iter = 1, scaled residual = 2.5032e-05
module `userModules.solver' : iter = 2, scaled residual = 7.9687e-11
The Newton-Raphson solver converged in 2 iterations

Iteration       : 33
Elapsed runtime : 13.46 seconds

New displacement factor 0.6600
New displacement factor 0.000

Starting the Newton-Raphson solver `userModules.solver' ...
module `userModules.solver' : residual scale factor = 1.2674e+03
module `userModules.solver' : iter = 1, scaled residual = 2.4126e-05
module `userModules.solver' : iter = 2, scaled residual = 7.5677e-11
The Newton-Raphson solver converged in 2 iterations

Iteration       : 34
Elapsed runtime : 13.79 seconds

New displacement factor 0.6800
New displacement factor 0.000

Starting the Newton-Raphson solver `userModules.solver' ...
module `userModules.solver' : residual scale factor = 1.3055e+03
module `userModules.solver' : iter = 1, scaled residual = 2.3275e-05
module `userModules.solver' : iter = 2, scaled residual = 7.1939e-11
The Newton-Raphson solver converged in 2 iterations

Iteration       : 35
Elapsed runtime : 14.12 seconds

New displacement factor 0.7000
New displacement factor 0.000

Starting the Newton-Raphson solver `userModules.solver' ...
module `userModules.solver' : residual scale factor = 1.3436e+03
module `userModules.solver' : iter = 1, scaled residual = 2.2475e-05
module `userModules.solver' : iter = 2, scaled residual = 6.8451e-11
The Newton-Raphson solver converged in 2 iterations

Iteration       : 36
Elapsed runtime : 14.45 seconds

New displacement factor 0.7200
New displacement factor 0.000

Starting the Newton-Raphson solver `userModules.solver' ...
module `userModules.solver' : residual scale factor = 1.3816e+03
module `userModules.solver' : iter = 1, scaled residual = 2.1720e-05
module `userModules.solver' : iter = 2, scaled residual = 6.5193e-11
The Newton-Raphson solver converged in 2 iterations

Iteration       : 37
Elapsed runtime : 14.78 seconds

New displacement factor 0.7400
New displacement factor 0.000

Starting the Newton-Raphson solver `userModules.solver' ...
module `userModules.solver' : residual scale factor = 1.4196e+03
module `userModules.solver' : iter = 1, scaled residual = 2.1008e-05
module `userModules.solver' : iter = 2, scaled residual = 6.2142e-11
The Newton-Raphson solver converged in 2 iterations

Iteration       : 38
Elapsed runtime : 15.11 seconds

New displacement factor 0.7600
New displacement factor 0.000

Starting the Newton-Raphson solver `userModules.solver' ...
module `userModules.solver' : residual scale factor = 1.4576e+03
module `userModules.solver' : iter = 1, scaled residual = 2.0334e-05
module `userModules.solver' : iter = 2, scaled residual = 5.9284e-11
The Newton-Raphson solver converged in 2 iterations

Iteration       : 39
Elapsed runtime : 15.44 seconds

New displacement factor 0.7800
New displacement factor 0.000

Starting the Newton-Raphson solver `userModules.solver' ...
module `userModules.solver' : residual scale factor = 1.4955e+03
module `userModules.solver' : iter = 1, scaled residual = 1.9697e-05
module `userModules.solver' : iter = 2, scaled residual = 5.6601e-11
The Newton-Raphson solver converged in 2 iterations

Iteration       : 40
Elapsed runtime : 15.77 seconds

New displacement factor 0.8000
New displacement factor 0.000

Starting the Newton-Raphson solver `userModules.solver' ...
module `userModules.solver' : residual scale factor = 1.5335e+03
module `userModules.solver' : iter = 1, scaled residual = 1.9092e-05
module `userModules.solver' : iter = 2, scaled residual = 5.4078e-11
The Newton-Raphson solver converged in 2 iterations

Iteration       : 41
Elapsed runtime : 16.10 seconds

New displacement factor 0.8200
New displacement factor 0.000

Starting the Newton-Raphson solver `userModules.solver' ...
module `userModules.solver' : residual scale factor = 1.5714e+03
module `userModules.solver' : iter = 1, scaled residual = 1.8519e-05
module `userModules.solver' : iter = 2, scaled residual = 5.1706e-11
The Newton-Raphson solver converged in 2 iterations

Iteration       : 42
Elapsed runtime : 16.43 seconds

New displacement factor 0.8400
New displacement factor 0.000

Starting the Newton-Raphson solver `userModules.solver' ...
module `userModules.solver' : residual scale factor = 1.6093e+03
module `userModules.solver' : iter = 1, scaled residual = 1.7974e-05
module `userModules.solver' : iter = 2, scaled residual = 4.9471e-11
The Newton-Raphson solver converged in 2 iterations

Iteration       : 43
Elapsed runtime : 16.76 seconds

New displacement factor 0.8600
New displacement factor 0.000

Starting the Newton-Raphson solver `userModules.solver' ...
module `userModules.solver' : residual scale factor = 1.6472e+03
module `userModules.solver' : iter = 1, scaled residual = 1.7455e-05
module `userModules.solver' : iter = 2, scaled residual = 4.7361e-11
The Newton-Raphson solver converged in 2 iterations

Iteration       : 44
Elapsed runtime : 17.08 seconds

New displacement factor 0.8800
New displacement factor 0.000

Starting the Newton-Raphson solver `userModules.solver' ...
module `userModules.solver' : residual scale factor = 1.6851e+03
module `userModules.solver' : iter = 1, scaled residual = 1.6962e-05
module `userModules.solver' : iter = 2, scaled residual = 4.5373e-11
The Newton-Raphson solver converged in 2 iterations

Iteration       : 45
Elapsed runtime : 17.41 seconds

New displacement factor 0.9000
New displacement factor 0.000

Starting the Newton-Raphson solver `userModules.solver' ...
module `userModules.solver' : residual scale factor = 1.7229e+03
module `userModules.solver' : iter = 1, scaled residual = 1.6491e-05
module `userModules.solver' : iter = 2, scaled residual = 4.3494e-11
The Newton-Raphson solver converged in 2 iterations

Iteration       : 46
Elapsed runtime : 17.74 seconds

New displacement factor 0.9200
New displacement factor 0.000

Starting the Newton-Raphson solver `userModules.solver' ...
module `userModules.solver' : residual scale factor = 1.7607e+03
module `userModules.solver' : iter = 1, scaled residual = 1.6042e-05
module `userModules.solver' : iter = 2, scaled residual = 4.1716e-11
The Newton-Raphson solver converged in 2 iterations

Iteration       : 47
Elapsed runtime : 18.08 seconds

New displacement factor 0.9400
New displacement factor 0.000

Starting the Newton-Raphson solver `userModules.solver' ...
module `userModules.solver' : residual scale factor = 1.7985e+03
module `userModules.solver' : iter = 1, scaled residual = 1.5613e-05
module `userModules.solver' : iter = 2, scaled residual = 4.0033e-11
The Newton-Raphson solver converged in 2 iterations

Iteration       : 48
Elapsed runtime : 18.41 seconds

New displacement factor 0.9600
New displacement factor 0.000

Starting the Newton-Raphson solver `userModules.solver' ...
module `userModules.solver' : residual scale factor = 1.8363e+03
module `userModules.solver' : iter = 1, scaled residual = 1.5202e-05
module `userModules.solver' : iter = 2, scaled residual = 3.8439e-11
The Newton-Raphson solver converged in 2 iterations

Iteration       : 49
Elapsed runtime : 18.74 seconds

New displacement factor 0.9800
New displacement factor 0.000

Starting the Newton-Raphson solver `userModules.solver' ...
module `userModules.solver' : residual scale factor = 1.8741e+03
module `userModules.solver' : iter = 1, scaled residual = 1.4810e-05
module `userModules.solver' : iter = 2, scaled residual = 3.6927e-11
The Newton-Raphson solver converged in 2 iterations

Iteration       : 50
Elapsed runtime : 19.07 seconds

New displacement factor 1.000
New displacement factor 0.000

Starting the Newton-Raphson solver `userModules.solver' ...
module `userModules.solver' : residual scale factor = 1.9118e+03
module `userModules.solver' : iter = 1, scaled residual = 1.4434e-05
module `userModules.solver' : iter = 2, scaled residual = 3.5493e-11
The Newton-Raphson solver converged in 2 iterations

Iteration       : 51
Elapsed runtime : 19.40 seconds

New displacement factor 1.020
New displacement factor 0.000

Starting the Newton-Raphson solver `userModules.solver' ...
module `userModules.solver' : residual scale factor = 1.9495e+03
module `userModules.solver' : iter = 1, scaled residual = 1.4073e-05
module `userModules.solver' : iter = 2, scaled residual = 3.4130e-11
The Newton-Raphson solver converged in 2 iterations

Iteration       : 52
Elapsed runtime : 19.73 seconds

New displacement factor 1.040
New displacement factor 0.000

Starting the Newton-Raphson solver `userModules.solver' ...
module `userModules.solver' : residual scale factor = 1.9872e+03
module `userModules.solver' : iter = 1, scaled residual = 1.3727e-05
module `userModules.solver' : iter = 2, scaled residual = 3.2836e-11
The Newton-Raphson solver converged in 2 iterations

Iteration       : 53
Elapsed runtime : 20.06 seconds

New displacement factor 1.060
New displacement factor 0.000

Starting the Newton-Raphson solver `userModules.solver' ...
module `userModules.solver' : residual scale factor = 2.0249e+03
module `userModules.solver' : iter = 1, scaled residual = 1.3396e-05
module `userModules.solver' : iter = 2, scaled residual = 3.1605e-11
The Newton-Raphson solver converged in 2 iterations

Iteration       : 54
Elapsed runtime : 20.39 seconds

New displacement factor 1.080
New displacement factor 0.000

Starting the Newton-Raphson solver `userModules.solver' ...
module `userModules.solver' : residual scale factor = 2.0626e+03
module `userModules.solver' : iter = 1, scaled residual = 1.3077e-05
module `userModules.solver' : iter = 2, scaled residual = 3.0431e-11
The Newton-Raphson solver converged in 2 iterations

Iteration       : 55
Elapsed runtime : 20.72 seconds

New displacement factor 1.100
New displacement factor 0.000

Starting the Newton-Raphson solver `userModules.solver' ...
module `userModules.solver' : residual scale factor = 2.1002e+03
module `userModules.solver' : iter = 1, scaled residual = 1.2770e-05
module `userModules.solver' : iter = 2, scaled residual = 2.9316e-11
The Newton-Raphson solver converged in 2 iterations

Iteration       : 56
Elapsed runtime : 21.05 seconds

New displacement factor 1.120
New displacement factor 0.000

Starting the Newton-Raphson solver `userModules.solver' ...
module `userModules.solver' : residual scale factor = 2.1378e+03
module `userModules.solver' : iter = 1, scaled residual = 1.2476e-05
module `userModules.solver' : iter = 2, scaled residual = 2.8253e-11
The Newton-Raphson solver converged in 2 iterations

Iteration       : 57
Elapsed runtime : 21.38 seconds

New displacement factor 1.140
New displacement factor 0.000

Starting the Newton-Raphson solver `userModules.solver' ...
module `userModules.solver' : residual scale factor = 2.1754e+03
module `userModules.solver' : iter = 1, scaled residual = 1.2192e-05
module `userModules.solver' : iter = 2, scaled residual = 2.7240e-11
The Newton-Raphson solver converged in 2 iterations

Iteration       : 58
Elapsed runtime : 21.71 seconds

New displacement factor 1.160
New displacement factor 0.000

Starting the Newton-Raphson solver `userModules.solver' ...
module `userModules.solver' : residual scale factor = 2.2130e+03
module `userModules.solver' : iter = 1, scaled residual = 1.1919e-05
module `userModules.solver' : iter = 2, scaled residual = 2.6272e-11
The Newton-Raphson solver converged in 2 iterations

Iteration       : 59
Elapsed runtime : 22.04 seconds

New displacement factor 1.180
New displacement factor 0.000

Starting the Newton-Raphson solver `userModules.solver' ...
module `userModules.solver' : residual scale factor = 2.2505e+03
module `userModules.solver' : iter = 1, scaled residual = 1.1655e-05
module `userModules.solver' : iter = 2, scaled residual = 2.5351e-11
The Newton-Raphson solver converged in 2 iterations

Iteration       : 60
Elapsed runtime : 22.37 seconds

New displacement factor 1.200
New displacement factor 0.000

Starting the Newton-Raphson solver `userModules.solver' ...
module `userModules.solver' : residual scale factor = 2.2880e+03
module `userModules.solver' : iter = 1, scaled residual = 1.1401e-05
module `userModules.solver' : iter = 2, scaled residual = 2.4468e-11
The Newton-Raphson solver converged in 2 iterations

Iteration       : 61
Elapsed runtime : 22.71 seconds

New displacement factor 1.220
New displacement factor 0.000

Starting the Newton-Raphson solver `userModules.solver' ...
module `userModules.solver' : residual scale factor = 2.3256e+03
module `userModules.solver' : iter = 1, scaled residual = 1.1156e-05
module `userModules.solver' : iter = 2, scaled residual = 2.3625e-11
The Newton-Raphson solver converged in 2 iterations

Iteration       : 62
Elapsed runtime : 23.04 seconds

New displacement factor 1.240
New displacement factor 0.000

Starting the Newton-Raphson solver `userModules.solver' ...
module `userModules.solver' : residual scale factor = 2.3630e+03
module `userModules.solver' : iter = 1, scaled residual = 1.0920e-05
module `userModules.solver' : iter = 2, scaled residual = 2.2820e-11
The Newton-Raphson solver converged in 2 iterations

Iteration       : 63
Elapsed runtime : 23.37 seconds

New displacement factor 1.260
New displacement factor 0.000

Starting the Newton-Raphson solver `userModules.solver' ...
module `userModules.solver' : residual scale factor = 2.4005e+03
module `userModules.solver' : iter = 1, scaled residual = 1.0691e-05
module `userModules.solver' : iter = 2, scaled residual = 2.2049e-11
The Newton-Raphson solver converged in 2 iterations

Iteration       : 64
Elapsed runtime : 23.70 seconds

New displacement factor 1.280
New displacement factor 0.000

Starting the Newton-Raphson solver `userModules.solver' ...
module `userModules.solver' : residual scale factor = 2.4380e+03
module `userModules.solver' : iter = 1, scaled residual = 1.0471e-05
module `userModules.solver' : iter = 2, scaled residual = 2.1312e-11
The Newton-Raphson solver converged in 2 iterations

Iteration       : 65
Elapsed runtime : 24.03 seconds

New displacement factor 1.300
New displacement factor 0.000

Starting the Newton-Raphson solver `userModules.solver' ...
module `userModules.solver' : residual scale factor = 2.4754e+03
module `userModules.solver' : iter = 1, scaled residual = 1.0257e-05
module `userModules.solver' : iter = 2, scaled residual = 2.0606e-11
The Newton-Raphson solver converged in 2 iterations

Iteration       : 66
Elapsed runtime : 24.36 seconds

New displacement factor 1.320
New displacement factor 0.000

Starting the Newton-Raphson solver `userModules.solver' ...
module `userModules.solver' : residual scale factor = 2.5128e+03
module `userModules.solver' : iter = 1, scaled residual = 1.0051e-05
module `userModules.solver' : iter = 2, scaled residual = 1.9929e-11
The Newton-Raphson solver converged in 2 iterations

Iteration       : 67
Elapsed runtime : 24.72 seconds

New displacement factor 1.340
New displacement factor 0.000

Starting the Newton-Raphson solver `userModules.solver' ...
module `userModules.solver' : residual scale factor = 2.5502e+03
module `userModules.solver' : iter = 1, scaled residual = 9.8512e-06
module `userModules.solver' : iter = 2, scaled residual = 1.9281e-11
The Newton-Raphson solver converged in 2 iterations

Iteration       : 68
Elapsed runtime : 25.05 seconds

New displacement factor 1.360
New displacement factor 0.000

Starting the Newton-Raphson solver `userModules.solver' ...
module `userModules.solver' : residual scale factor = 2.5875e+03
module `userModules.solver' : iter = 1, scaled residual = 9.6578e-06
module `userModules.solver' : iter = 2, scaled residual = 1.8659e-11
The Newton-Raphson solver converged in 2 iterations

Iteration       : 69
Elapsed runtime : 25.38 seconds

New displacement factor 1.380
New displacement factor 0.000

Starting the Newton-Raphson solver `userModules.solver' ...
module `userModules.solver' : residual scale factor = 2.6249e+03
module `userModules.solver' : iter = 1, scaled residual = 9.4706e-06
module `userModules.solver' : iter = 2, scaled residual = 1.8063e-11
The Newton-Raphson solver converged in 2 iterations

Iteration       : 70
Elapsed runtime : 25.71 seconds

New displacement factor 1.400
New displacement factor 0.000

Starting the Newton-Raphson solver `userModules.solver' ...
module `userModules.solver' : residual scale factor = 2.6622e+03
module `userModules.solver' : iter = 1, scaled residual = 9.2891e-06
module `userModules.solver' : iter = 2, scaled residual = 1.7491e-11
The Newton-Raphson solver converged in 2 iterations

Iteration       : 71
Elapsed runtime : 26.04 seconds

New displacement factor 1.420
New displacement factor 0.000

Starting the Newton-Raphson solver `userModules.solver' ...
module `userModules.solver' : residual scale factor = 2.6995e+03
module `userModules.solver' : iter = 1, scaled residual = 9.1132e-06
module `userModules.solver' : iter = 2, scaled residual = 1.6941e-11
The Newton-Raphson solver converged in 2 iterations

Iteration       : 72
Elapsed runtime : 26.37 seconds

New displacement factor 1.440
New displacement factor 0.000

Starting the Newton-Raphson solver `userModules.solver' ...
module `userModules.solver' : residual scale factor = 2.7368e+03
module `userModules.solver' : iter = 1, scaled residual = 8.9426e-06
module `userModules.solver' : iter = 2, scaled residual = 1.6414e-11
The Newton-Raphson solver converged in 2 iterations

Iteration       : 73
Elapsed runtime : 26.70 seconds

New displacement factor 1.460
New displacement factor 0.000

Starting the Newton-Raphson solver `userModules.solver' ...
module `userModules.solver' : residual scale factor = 2.7740e+03
module `userModules.solver' : iter = 1, scaled residual = 8.7772e-06
module `userModules.solver' : iter = 2, scaled residual = 1.5908e-11
The Newton-Raphson solver converged in 2 iterations

Iteration       : 74
Elapsed runtime : 27.03 seconds

New displacement factor 1.480
New displacement factor 0.000

Starting the Newton-Raphson solver `userModules.solver' ...
module `userModules.solver' : residual scale factor = 2.8112e+03
module `userModules.solver' : iter = 1, scaled residual = 8.6166e-06
module `userModules.solver' : iter = 2, scaled residual = 1.5420e-11
The Newton-Raphson solver converged in 2 iterations

Iteration       : 75
Elapsed runtime : 27.36 seconds

New displacement factor 1.500
New displacement factor 0.000

Starting the Newton-Raphson solver `userModules.solver' ...
module `userModules.solver' : residual scale factor = 2.8485e+03
module `userModules.solver' : iter = 1, scaled residual = 8.4607e-06
module `userModules.solver' : iter = 2, scaled residual = 1.4952e-11
The Newton-Raphson solver converged in 2 iterations

Iteration       : 76
Elapsed runtime : 27.70 seconds

New displacement factor 1.520
New displacement factor 0.000

Starting the Newton-Raphson solver `userModules.solver' ...
module `userModules.solver' : residual scale factor = 2.8856e+03
module `userModules.solver' : iter = 1, scaled residual = 8.3093e-06
module `userModules.solver' : iter = 2, scaled residual = 1.4502e-11
The Newton-Raphson solver converged in 2 iterations

Iteration       : 77
Elapsed runtime : 28.03 seconds

New displacement factor 1.540
New displacement factor 0.000

Starting the Newton-Raphson solver `userModules.solver' ...
module `userModules.solver' : residual scale factor = 2.9228e+03
module `userModules.solver' : iter = 1, scaled residual = 8.1622e-06
module `userModules.solver' : iter = 2, scaled residual = 1.4069e-11
The Newton-Raphson solver converged in 2 iterations

Iteration       : 78
Elapsed runtime : 28.36 seconds

New displacement factor 1.560
New displacement factor 0.000

Starting the Newton-Raphson solver `userModules.solver' ...
module `userModules.solver' : residual scale factor = 2.9600e+03
module `userModules.solver' : iter = 1, scaled residual = 8.0193e-06
module `userModules.solver' : iter = 2, scaled residual = 1.3652e-11
The Newton-Raphson solver converged in 2 iterations

Iteration       : 79
Elapsed runtime : 28.69 seconds

New displacement factor 1.580
New displacement factor 0.000

Starting the Newton-Raphson solver `userModules.solver' ...
module `userModules.solver' : residual scale factor = 2.9971e+03
module `userModules.solver' : iter = 1, scaled residual = 7.8803e-06
module `userModules.solver' : iter = 2, scaled residual = 1.3251e-11
The Newton-Raphson solver converged in 2 iterations

Iteration       : 80
Elapsed runtime : 29.01 seconds

New displacement factor 1.600
New displacement factor 0.000

Starting the Newton-Raphson solver `userModules.solver' ...
module `userModules.solver' : residual scale factor = 3.0342e+03
module `userModules.solver' : iter = 1, scaled residual = 7.7452e-06
module `userModules.solver' : iter = 2, scaled residual = 1.2864e-11
The Newton-Raphson solver converged in 2 iterations

Iteration       : 81
Elapsed runtime : 29.35 seconds

New displacement factor 1.620
New displacement factor 0.000

Starting the Newton-Raphson solver `userModules.solver' ...
module `userModules.solver' : residual scale factor = 3.0713e+03
module `userModules.solver' : iter = 1, scaled residual = 7.6137e-06
module `userModules.solver' : iter = 2, scaled residual = 1.2492e-11
The Newton-Raphson solver converged in 2 iterations

Iteration       : 82
Elapsed runtime : 29.68 seconds

New displacement factor 1.640
New displacement factor 0.000

Starting the Newton-Raphson solver `userModules.solver' ...
module `userModules.solver' : residual scale factor = 3.1083e+03
module `userModules.solver' : iter = 1, scaled residual = 7.4858e-06
module `userModules.solver' : iter = 2, scaled residual = 1.2132e-11
The Newton-Raphson solver converged in 2 iterations

Iteration       : 83
Elapsed runtime : 30.01 seconds

New displacement factor 1.660
New displacement factor 0.000

Starting the Newton-Raphson solver `userModules.solver' ...
module `userModules.solver' : residual scale factor = 3.1454e+03
module `userModules.solver' : iter = 1, scaled residual = 7.3613e-06
module `userModules.solver' : iter = 2, scaled residual = 1.1787e-11
The Newton-Raphson solver converged in 2 iterations

Iteration       : 84
Elapsed runtime : 30.34 seconds

New displacement factor 1.680
New displacement factor 0.000

Starting the Newton-Raphson solver `userModules.solver' ...
module `userModules.solver' : residual scale factor = 3.1824e+03
module `userModules.solver' : iter = 1, scaled residual = 7.2400e-06
module `userModules.solver' : iter = 2, scaled residual = 1.1454e-11
The Newton-Raphson solver converged in 2 iterations

Iteration       : 85
Elapsed runtime : 30.67 seconds

New displacement factor 1.700
New displacement factor 0.000

Starting the Newton-Raphson solver `userModules.solver' ...
module `userModules.solver' : residual scale factor = 3.2194e+03
module `userModules.solver' : iter = 1, scaled residual = 7.1219e-06
module `userModules.solver' : iter = 2, scaled residual = 1.1133e-11
The Newton-Raphson solver converged in 2 iterations

Iteration       : 86
Elapsed runtime : 31.00 seconds

New displacement factor 1.720
New displacement factor 0.000

Starting the Newton-Raphson solver `userModules.solver' ...
module `userModules.solver' : residual scale factor = 3.2564e+03
module `userModules.solver' : iter = 1, scaled residual = 7.0069e-06
module `userModules.solver' : iter = 2, scaled residual = 1.0820e-11
The Newton-Raphson solver converged in 2 iterations

Iteration       : 87
Elapsed runtime : 31.34 seconds

New displacement factor 1.740
New displacement factor 0.000

Starting the Newton-Raphson solver `userModules.solver' ...
module `userModules.solver' : residual scale factor = 3.2933e+03
module `userModules.solver' : iter = 1, scaled residual = 6.8948e-06
module `userModules.solver' : iter = 2, scaled residual = 1.0522e-11
The Newton-Raphson solver converged in 2 iterations

Iteration       : 88
Elapsed runtime : 31.67 seconds

New displacement factor 1.760
New displacement factor 0.000

Starting the Newton-Raphson solver `userModules.solver' ...
module `userModules.solver' : residual scale factor = 3.3303e+03
module `userModules.solver' : iter = 1, scaled residual = 6.7856e-06
module `userModules.solver' : iter = 2, scaled residual = 1.0233e-11
The Newton-Raphson solver converged in 2 iterations

Iteration       : 89
Elapsed runtime : 32.00 seconds

New displacement factor 1.780
New displacement factor 0.000

Starting the Newton-Raphson solver `userModules.solver' ...
module `userModules.solver' : residual scale factor = 3.3672e+03
module `userModules.solver' : iter = 1, scaled residual = 6.6790e-06
module `userModules.solver' : iter = 2, scaled residual = 9.9537e-12
The Newton-Raphson solver converged in 2 iterations

Iteration       : 90
Elapsed runtime : 32.32 seconds

New displacement factor 1.800
New displacement factor 0.000

Starting the Newton-Raphson solver `userModules.solver' ...
module `userModules.solver' : residual scale factor = 3.4041e+03
module `userModules.solver' : iter = 1, scaled residual = 6.5751e-06
module `userModules.solver' : iter = 2, scaled residual = 9.6840e-12
The Newton-Raphson solver converged in 2 iterations

Iteration       : 91
Elapsed runtime : 32.65 seconds

New displacement factor 1.820
New displacement factor 0.000

Starting the Newton-Raphson solver `userModules.solver' ...
module `userModules.solver' : residual scale factor = 3.4410e+03
module `userModules.solver' : iter = 1, scaled residual = 6.4738e-06
module `userModules.solver' : iter = 2, scaled residual = 9.4228e-12
The Newton-Raphson solver converged in 2 iterations

Iteration       : 92
Elapsed runtime : 49.72 seconds

New displacement factor 1.840
New displacement factor 0.000

Starting the Newton-Raphson solver `userModules.solver' ...
module `userModules.solver' : residual scale factor = 3.4778e+03
module `userModules.solver' : iter = 1, scaled residual = 6.3749e-06
module `userModules.solver' : iter = 2, scaled residual = 9.1718e-12
The Newton-Raphson solver converged in 2 iterations

Iteration       : 93
Elapsed runtime : 50.10 seconds

New displacement factor 1.860
New displacement factor 0.000

Starting the Newton-Raphson solver `userModules.solver' ...
module `userModules.solver' : residual scale factor = 3.5146e+03
module `userModules.solver' : iter = 1, scaled residual = 6.2784e-06
module `userModules.solver' : iter = 2, scaled residual = 8.9282e-12
The Newton-Raphson solver converged in 2 iterations

Iteration       : 94
Elapsed runtime : 50.43 seconds

New displacement factor 1.880
New displacement factor 0.000

Starting the Newton-Raphson solver `userModules.solver' ...
module `userModules.solver' : residual scale factor = 3.5515e+03
module `userModules.solver' : iter = 1, scaled residual = 6.1842e-06
module `userModules.solver' : iter = 2, scaled residual = 8.6933e-12
The Newton-Raphson solver converged in 2 iterations

Iteration       : 95
Elapsed runtime : 50.76 seconds

New displacement factor 1.900
New displacement factor 0.000

Starting the Newton-Raphson solver `userModules.solver' ...
module `userModules.solver' : residual scale factor = 3.5882e+03
module `userModules.solver' : iter = 1, scaled residual = 6.0922e-06
module `userModules.solver' : iter = 2, scaled residual = 8.4663e-12
The Newton-Raphson solver converged in 2 iterations

Iteration       : 96
Elapsed runtime : 51.09 seconds

New displacement factor 1.920
New displacement factor 0.000

Starting the Newton-Raphson solver `userModules.solver' ...
module `userModules.solver' : residual scale factor = 3.6250e+03
module `userModules.solver' : iter = 1, scaled residual = 6.0024e-06
module `userModules.solver' : iter = 2, scaled residual = 8.2456e-12
The Newton-Raphson solver converged in 2 iterations

Iteration       : 97
Elapsed runtime : 51.42 seconds

New displacement factor 1.940
New displacement factor 0.000

Starting the Newton-Raphson solver `userModules.solver' ...
module `userModules.solver' : residual scale factor = 3.6618e+03
module `userModules.solver' : iter = 1, scaled residual = 5.9146e-06
module `userModules.solver' : iter = 2, scaled residual = 8.0330e-12
The Newton-Raphson solver converged in 2 iterations

Iteration       : 98
Elapsed runtime : 51.75 seconds

New displacement factor 1.960
New displacement factor 0.000

Starting the Newton-Raphson solver `userModules.solver' ...
module `userModules.solver' : residual scale factor = 3.6985e+03
module `userModules.solver' : iter = 1, scaled residual = 5.8289e-06
module `userModules.solver' : iter = 2, scaled residual = 7.8274e-12
The Newton-Raphson solver converged in 2 iterations

Iteration       : 99
Elapsed runtime : 52.08 seconds

New displacement factor 1.980
New displacement factor 0.000

Starting the Newton-Raphson solver `userModules.solver' ...
module `userModules.solver' : residual scale factor = 3.8133e+03
module `userModules.solver' : iter = 1, scaled residual = 2.0139e-01
module `userModules.solver' : iter = 2, scaled residual = 2.6226e-01
module `userModules.solver' : iter = 3, scaled residual = 2.2565e-01
module `userModules.solver' : iter = 4, scaled residual = 2.5465e-01
module `userModules.solver' : iter = 5, scaled residual = 2.6504e-01
module `userModules.solver' : iter = 6, scaled residual = 2.6823e-01
module `userModules.solver' : iter = 7, scaled residual = 4.1158e-01
module `userModules.solver' : iter = 8, scaled residual = 5.4542e-01
module `userModules.solver' : iter = 9, scaled residual = 3.9890e-01
module `userModules.solver' : iter = 10, scaled residual = 4.2824e-01
module `userModules.solver' : iter = 11, scaled residual = 4.0396e-01
module `userModules.solver' : iter = 12, scaled residual = 3.7965e-01
module `userModules.solver' : iter = 13, scaled residual = 4.1685e-01
module `userModules.solver' : iter = 14, scaled residual = 2.8890e-01
module `userModules.solver' : iter = 15, scaled residual = 4.1356e-01
module `userModules.solver' : iter = 16, scaled residual = 5.6896e-01
module `userModules.solver' : iter = 17, scaled residual = 5.5858e-01
module `userModules.solver' : iter = 18, scaled residual = 4.2158e-01
module `userModules.solver' : iter = 19, scaled residual = 5.4867e-01
module `userModules.solver' : iter = 20, scaled residual = 3.9436e-01
module `userModules.solver' : iter = 21, scaled residual = 5.8991e-01
module `userModules.solver' : iter = 22, scaled residual = 3.6500e-02
module `userModules.solver' : iter = 23, scaled residual = 9.5691e-05
module `userModules.solver' : iter = 24, scaled residual = 1.2628e-09
The Newton-Raphson solver converged in 24 iterations

Iteration       : 100
Elapsed runtime : 54.14 seconds

New displacement factor 2.000
New displacement factor 0.000

Starting the Newton-Raphson solver `userModules.solver' ...
module `userModules.solver' : residual scale factor = 2.4269e+03
module `userModules.solver' : iter = 1, scaled residual = 2.5998e-05
module `userModules.solver' : iter = 2, scaled residual = 3.5970e-11
The Newton-Raphson solver converged in 2 iterations

Iteration       : 101
Elapsed runtime : 54.48 seconds

New displacement factor 2.020
New displacement factor 0.000

Starting the Newton-Raphson solver `userModules.solver' ...
module `userModules.solver' : residual scale factor = 2.4506e+03
module `userModules.solver' : iter = 1, scaled residual = 2.5654e-05
module `userModules.solver' : iter = 2, scaled residual = 3.5350e-11
The Newton-Raphson solver converged in 2 iterations

Iteration       : 102
Elapsed runtime : 57.37 seconds

New displacement factor 2.040
New displacement factor 0.000

Starting the Newton-Raphson solver `userModules.solver' ...
module `userModules.solver' : residual scale factor = 2.4744e+03
module `userModules.solver' : iter = 1, scaled residual = 2.5318e-05
module `userModules.solver' : iter = 2, scaled residual = 3.4742e-11
The Newton-Raphson solver converged in 2 iterations

Iteration       : 103
Elapsed runtime : 59.17 seconds

New displacement factor 2.060
New displacement factor 0.000

Starting the Newton-Raphson solver `userModules.solver' ...
module `userModules.solver' : residual scale factor = 2.9529e+03
module `userModules.solver' : iter = 1, scaled residual = 5.3321e-01
module `userModules.solver' : iter = 2, scaled residual = 4.9420e-01
module `userModules.solver' : iter = 3, scaled residual = 5.6384e-01
module `userModules.solver' : iter = 4, scaled residual = 5.4625e-01
module `userModules.solver' : iter = 5, scaled residual = 5.0832e-01
module `userModules.solver' : iter = 6, scaled residual = 6.0602e-01
module `userModules.solver' : iter = 7, scaled residual = 7.2990e-01
module `userModules.solver' : iter = 8, scaled residual = 7.2023e-01
module `userModules.solver' : iter = 9, scaled residual = 5.9792e-01
module `userModules.solver' : iter = 10, scaled residual = 8.5056e-01
module `userModules.solver' : iter = 11, scaled residual = 6.4118e-01
module `userModules.solver' : iter = 12, scaled residual = 2.5454e-01
module `userModules.solver' : iter = 13, scaled residual = 3.0669e-03
module `userModules.solver' : iter = 14, scaled residual = 9.4197e-06
module `userModules.solver' : iter = 15, scaled residual = 3.7218e-12
The Newton-Raphson solver converged in 15 iterations

