Log file created on Mon Jan 20 22:58:24 CET 2020.

Reading input with userInput.input from file neohookean.msh
 ...Adding 903 nodes.
 ...Adding 1692 elements.
 ...Created NodeGroup `left' with 17 nodes.
 ...Created NodeGroup `right' with 17 nodes.

Created a new model named `model'.

Data summary:

  nodes ......................................... 903
  node dofs ..................................... 1806
  node groups ................................... 4
  elements ...................................... 1692
  element groups ................................ 3

userModules.view : loaded configuration data from `neohookean.view'
userModules.view.mesh : building graphics mesh ...
userModules.view.mesh : ready; graphics mesh contains:

  vertices  ...... 903
  faces     ...... 1692
  triangles ...... 1692
  lines     ...... 0
  edges     ...... 2594

*** WARNING: module `userModules.view' : unsupported image type: `png'; supported type is `ppm'
*** WARNING: module `userModules.view' : snapshot files will be saved in PPM format

Application configuration data:

  log	=
  {
    file	= "-neohookean.log";
    rank	= 0;
    pattern	= "*.info";
    logPrefix	= "";
    outPrefix	= "";
    warnPrefix	= "*** WARNING: ";
    errPrefix	= "*** ERROR: ";
  };
  userModules	=
  {
    solver	=
    {
      maxIter	= 20;
      tiny	= 1.00000e-300;
      precision	= 1.00000e-06;
      maxIncr	= 10.0000;
      lineSearch	= false;
      deltaCons	= false;
      updateWhen	= none;
      solver	=
      {
        type	= "SkylineLU";
        lenient	= true;
        precision	= 5.00000e-07;
        zeroThreshold	= 1.49012e-08;
        maxZeroPivots	= 0;
        reorder	= true;
        useThreads	= true;
        printPivots	= false;
      };
    };
    graph	=
    {
      sampleWhen	= "accepted";
      dataSets	= [ "loadDisp" ];
      window	=
      {
        bgColor	= "white";
        title	= "userModules.graph";
        width	= 400;
        height	= 200;
      };
      camera	=
      {
        range	= 1.00000;
        position	= [ -0.00000, -0.00000 ];
        zoom	= 0.00000;
        quality	= 1;
        autoQuality	= false;
      };
      graph	=
      {
        hidden	= false;
        width	= 1.00000;
        height	= 1.00000;
        showKey	= true;
        keyPos	= [ 0.900000, 0.900000 ];
        title	= "";
        xLabel	= "";
        yLabel	= "";
        scaleStep	= 0.100000;
        xRange	= "auto";
        yRange	= "auto";
      };
      loadDisp	=
      {
        key	= "Load-displacement curve";
        maxPoints	= -1;
        pointStyle	= none;
        lineWidth	= 1.20000;
        lineColor	= "black";
        xData	= "model.model.lodi.disp[0]";
        yData	= "model.model.lodi.load[0]";
      };
    };
    view	=
    {
      snapFile	= "neohookean%2i.png";
      configFile	= "neohookean.view";
      updateWhen	= true;
      snapWhen	= false;
      offScreen	= false;
      camera	=
      {
        type	= "Perspective";
        farClip	= 101.354;
        nearClip	= 18.1941;
        viewAngle	= 40.0000;
        position	= [ 0.720000, -0.0777054, 59.7741 ];
        zoom	= 0.00000;
        quality	= 1;
        autoQuality	= false;
      };
      disp	=
      {
        type	= "Vector";
        vector	= "state";
        nullValue	= 0.00000;
      };
      stress	=
      {
        type	= "Table";
        table	= "nodes/stress";
        tableType	= "Dense";
        nullValue	= 0.00000;
      };
      dataSets	= [ "disp", "stress" ];
      window	=
      {
        bgColor	= "white";
        title	= "feel.userModules.view";
        width	= 863;
        height	= 759;
      };
      world	=
      {
        scale	= 1.00000;
        rotmat	= [ 1.00000, 0.00000, 0.00000, 0.00000, 1.00000, 0.00000, 0.00000, 0.00000, 1.00000 ];
        translation	= [ 0.00000, 0.00000, 0.00000 ];
      };
      lights	=
      {
        light0	=
        {
          color	= "white20";
          direction	= [ -1.00000, -0.00000, -0.00000 ];
          enable	= true;
        };
        light1	=
        {
          color	= "white20";
          direction	= [ -0.00000, -1.00000, -0.00000 ];
          enable	= true;
        };
        light2	=
        {
          color	= "white";
          direction	= [ -0.00000, -0.00000, -1.00000 ];
          enable	= true;
        };
        light3	=
        {
          color	= "white20";
          direction	= [ 1.00000, 1.00000, -0.00000 ];
          enable	= false;
        };
        specular	= false;
        ambient	= "white20";
      };
      markerStyles	=
      {
        points	=
        {
          size	= 3.00000;
          color	= "black";
        };
        orbs	=
        {
          size	= -0.0100000;
          quality	= 1;
          color	= "gold";
        };
        numbers	=
        {
          font	= "proportional medium";
          color	= "black";
        };
        circles	=
        {
          size	= "medium";
          color	= "black";
        };
        diamonds	=
        {
          size	= "medium";
          color	= "black";
        };
        discs	=
        {
          size	= "medium";
          color	= "black";
        };
        squares	=
        {
          size	= "medium";
          color	= "black";
        };
        styles	= [];
      };
      palettes	=
      {
        linear	=
        {
          minValue	= 0.00000;
          maxValue	= 1.00000;
          minColor	= "blue";
          maxColor	= "red";
        };
        rainbow	=
        {
          minValue	= 0.00000;
          maxValue	= 1.00000;
        };
        custom	=
        {
          colors	= [ "blue", "green", "yellow", "orange", "red" ];
          ranges	= [ 0.00000, 0.200000, 0.400000, 0.600000, 0.800000, 1.00000 ];
          hideMinMax	= false;
        };
        palettes	= [];
      };
      mesh	=
      {
        elements	= "all";
        scale	= 1.00000;
        rotmat	= [ 1.00000, 0.00000, 0.00000, 0.00000, 1.00000, 0.00000, 0.00000, 0.00000, 1.00000 ];
        translation	= [ 0.00000, 0.00000, 0.00000 ];
        pointSize	= 1.00000;
        lineWidth	= 1.00000;
        shadeModel	= "Smooth";
        color	= "gray";
        material	=
        {
          specular	= "black";
          shininess	= 0.00000;
        };
        edgeColor	= "black";
        nodeColor	= "black";
        showEdges	= true;
        showLines	= true;
        showFaces	= true;
        hidden	= false;
        deformation	=
        {
          scale	= 1.00000;
          autoScale	= false;
          scaleStep	= 0.100000;
          dx	= "disp[dx]";
          dy	= "disp[dy]";
          dz	= "0.000";
        };
        colors	=
        {
          palette	= "custom";
          title	= "";
          data	= "stress[xx]";
          autoScale	= true;
          scaleStep	= 0.100000;
        };
      };
    };
  };
  sample	=
  {
    file	= "lodi.dat";
    header	= "";
    separator	= " ";
    append	= false;
    precision	= 8;
    dataSets	= [ "i", "model.model.lodi.disp[0]", "abs( model.model.lodi.load[0] )" ];
    sampleWhen	= "accepted";
  };
  control	=
  {
    prompt	= ">";
    cmdFile	= "";
    fgMode	= true;
    pause	= -1.00000;
    runWhile	= "i<=1";
  };
  userInput	=
  {
    input	=
    {
      dim	= 2;
      file	= "neohookean.msh";
      doElemGroups	= false;
      lowOrderCopy	= false;
      nodeGroups	= [];
      elemGroups	= [];
    };
    ngroups	=
    {
      nodeGroups	= [ "left", "right" ];
      elemGroups	= [];
      left	=
      {
        all	= false;
        restrictToGroups	= [];
        eps	= 1.00000e-05;
        xtype	= "min";
      };
      right	=
      {
        all	= false;
        restrictToGroups	= [];
        eps	= 1.00000e-05;
        xtype	= "max";
      };
    };
  };
  shapeTable	=
  {
    type	= "Auto";
    boundaryElems	= "";
    interfaceElems	= "";
    maxPrecision	= 0;
  };
  model	=
  {
    type	= "Matrix";
    model	=
    {
      type	= "Multi";
      models	= [ "bulk", "diri", "diri2", "lodi" ];
      bulk	=
      {
        type	= "NLSolid";
        elements	= "all";
        shape	=
        {
          type	= "Triangle3";
          shapeFuncs	=
          {
            type	= "Linear";
          };
          intScheme	= [ "Gauss1", "Gauss2", "Gauss2", "Gauss2" ];
        };
        material	=
        {
          type	= "Holzapfel";
          dim	= 2;
          lambda	= 5000.00;
          mu	= 6000.00;
          beta	= 0.174000;
          k1_a	= 6000.00;
          k2_a	= 1.00000;
          kappam0	= 0.200000;
          kappamu	= 0.200000;
          kappaf0	= 0.200000;
          kappafu	= 0.200000;
          state	= "PLANE_STRAIN";
        };
        thickness	= 1.00000;
      };
      diri	=
      {
        type	= "Dirichlet";
        dispIncr	= 0.0500000;
        initDisp	= 0.00000;
        maxDisp	= 20.0000;
        nodeGroups	= [ "right" ];
        dofs	= [ "dx" ];
        factors	= [ 1.00000 ];
      };
      diri2	=
      {
        type	= "Dirichlet";
        dispIncr	= 0.00000;
        initDisp	= 0.00000;
        maxDisp	= 1.79769e+308;
        nodeGroups	= [ "left" ];
        dofs	= [ "dx" ];
        factors	= [ 1.00000 ];
      };
      lodi	=
      {
        type	= "LoadDisp";
        nodes	= [ 1, 2, 43, 44, 45, 46, 47, 48, 49, 50, 51, 52, 53, 54, 55, 56, 57 ];
      };
    };
    debug	= 0;
    linear	= false;
    matrix0	=
    {
      type	= "Sparse";
      symmetric	= false;
      optimize	= "Runtime";
    };
  };
  init	=
  {
    reorder	= false;
    vectors	= [];
  };
  xoutput	=
  {
    write	= true;
    table	= "stress | eqstrain | eqveps | loading";
    interval	= 1;
    dissipation	= true;
    writeCracks	= true;
    writeCohInfo	= false;
  };

*** WARNING: Unknown property: `model.model.bulk.largeDisp'

*** WARNING: Initialization phase completed with warnings.

  Elapsed CPU  time : 0.09000 seconds.
  Elapsed real time : 0.2104 seconds.

Iteration       : 0
Elapsed runtime : 0.2108 seconds

New displacement factor 0.000
New displacement factor 0.000

Starting the Newton-Raphson solver `userModules.solver' ...
module `userModules.solver' : residual scale factor = 0.0000e+00
The Newton-Raphson solver converged in 1 iterations

Iteration       : 1
Elapsed runtime : 0.4944 seconds

New displacement factor 0.05000
New displacement factor 0.000

Starting the Newton-Raphson solver `userModules.solver' ...
module `userModules.solver' : residual scale factor = 2.6269e+02
module `userModules.solver' : iter = 1, scaled residual = 1.1028e-14
The Newton-Raphson solver converged in 1 iterations

Iteration       : 2
Elapsed runtime : 3.997 seconds

New displacement factor 0.1000
New displacement factor 0.000

Starting the Newton-Raphson solver `userModules.solver' ...
module `userModules.solver' : residual scale factor = 5.2703e+02
module `userModules.solver' : iter = 1, scaled residual = 1.6387e-14
The Newton-Raphson solver converged in 1 iterations

Iteration       : 3
Elapsed runtime : 4.240 seconds

New displacement factor 0.1500
New displacement factor 0.000

Starting the Newton-Raphson solver `userModules.solver' ...
module `userModules.solver' : residual scale factor = 7.9182e+02
module `userModules.solver' : iter = 1, scaled residual = 6.4101e-14
The Newton-Raphson solver converged in 1 iterations

Iteration       : 4
Elapsed runtime : 4.476 seconds

New displacement factor 0.2000
New displacement factor 0.000

Starting the Newton-Raphson solver `userModules.solver' ...
module `userModules.solver' : residual scale factor = 1.0570e+03
module `userModules.solver' : iter = 1, scaled residual = 8.3652e-14
The Newton-Raphson solver converged in 1 iterations

Iteration       : 5
Elapsed runtime : 4.713 seconds

New displacement factor 0.2500
New displacement factor 0.000

Starting the Newton-Raphson solver `userModules.solver' ...
module `userModules.solver' : residual scale factor = 1.3227e+03
module `userModules.solver' : iter = 1, scaled residual = 6.0841e-14
The Newton-Raphson solver converged in 1 iterations

Iteration       : 6
Elapsed runtime : 4.949 seconds

New displacement factor 0.3000
New displacement factor 0.000

Starting the Newton-Raphson solver `userModules.solver' ...
module `userModules.solver' : residual scale factor = 1.5889e+03
module `userModules.solver' : iter = 1, scaled residual = 7.0377e-14
The Newton-Raphson solver converged in 1 iterations

Iteration       : 7
Elapsed runtime : 5.196 seconds

New displacement factor 0.3500
New displacement factor 0.000

Starting the Newton-Raphson solver `userModules.solver' ...
module `userModules.solver' : residual scale factor = 1.8555e+03
module `userModules.solver' : iter = 1, scaled residual = 5.2249e-14
The Newton-Raphson solver converged in 1 iterations

Iteration       : 8
Elapsed runtime : 5.434 seconds

New displacement factor 0.4000
New displacement factor 0.000

Starting the Newton-Raphson solver `userModules.solver' ...
module `userModules.solver' : residual scale factor = 2.1225e+03
module `userModules.solver' : iter = 1, scaled residual = 4.5004e-14
The Newton-Raphson solver converged in 1 iterations

Iteration       : 9
Elapsed runtime : 5.671 seconds

New displacement factor 0.4500
New displacement factor 0.000

Starting the Newton-Raphson solver `userModules.solver' ...
module `userModules.solver' : residual scale factor = 2.3901e+03
module `userModules.solver' : iter = 1, scaled residual = 1.8939e-14
The Newton-Raphson solver converged in 1 iterations

Iteration       : 10
Elapsed runtime : 5.906 seconds

New displacement factor 0.5000
New displacement factor 0.000

Starting the Newton-Raphson solver `userModules.solver' ...
module `userModules.solver' : residual scale factor = 2.6581e+03
module `userModules.solver' : iter = 1, scaled residual = 2.8438e-14
The Newton-Raphson solver converged in 1 iterations

Iteration       : 11
Elapsed runtime : 6.142 seconds

New displacement factor 0.5500
New displacement factor 0.000

Starting the Newton-Raphson solver `userModules.solver' ...
module `userModules.solver' : residual scale factor = 2.9266e+03
module `userModules.solver' : iter = 1, scaled residual = 2.7804e-14
The Newton-Raphson solver converged in 1 iterations

Iteration       : 12
Elapsed runtime : 6.378 seconds

New displacement factor 0.6000
New displacement factor 0.000

Starting the Newton-Raphson solver `userModules.solver' ...
module `userModules.solver' : residual scale factor = 3.1956e+03
module `userModules.solver' : iter = 1, scaled residual = 4.8687e-14
The Newton-Raphson solver converged in 1 iterations

Iteration       : 13
Elapsed runtime : 6.615 seconds

New displacement factor 0.6500
New displacement factor 0.000

Starting the Newton-Raphson solver `userModules.solver' ...
module `userModules.solver' : residual scale factor = 3.4651e+03
module `userModules.solver' : iter = 1, scaled residual = 3.0560e-14
The Newton-Raphson solver converged in 1 iterations

Iteration       : 14
Elapsed runtime : 6.851 seconds

New displacement factor 0.7000
New displacement factor 0.000

Starting the Newton-Raphson solver `userModules.solver' ...
module `userModules.solver' : residual scale factor = 3.7350e+03
module `userModules.solver' : iter = 1, scaled residual = 2.2541e-14
The Newton-Raphson solver converged in 1 iterations

Iteration       : 15
Elapsed runtime : 7.087 seconds

New displacement factor 0.7500
New displacement factor 0.000

Starting the Newton-Raphson solver `userModules.solver' ...
module `userModules.solver' : residual scale factor = 4.0055e+03
module `userModules.solver' : iter = 1, scaled residual = 2.8444e-14
The Newton-Raphson solver converged in 1 iterations

Iteration       : 16
Elapsed runtime : 7.323 seconds

New displacement factor 0.8000
New displacement factor 0.000

Starting the Newton-Raphson solver `userModules.solver' ...
module `userModules.solver' : residual scale factor = 4.2765e+03
module `userModules.solver' : iter = 1, scaled residual = 1.8890e-14
The Newton-Raphson solver converged in 1 iterations

Iteration       : 17
Elapsed runtime : 7.560 seconds

New displacement factor 0.8500
New displacement factor 0.000

Starting the Newton-Raphson solver `userModules.solver' ...
module `userModules.solver' : residual scale factor = 4.5480e+03
module `userModules.solver' : iter = 1, scaled residual = 4.0413e-14
The Newton-Raphson solver converged in 1 iterations

Iteration       : 18
Elapsed runtime : 7.797 seconds

New displacement factor 0.9000
New displacement factor 0.000

Starting the Newton-Raphson solver `userModules.solver' ...
module `userModules.solver' : residual scale factor = 4.8200e+03
module `userModules.solver' : iter = 1, scaled residual = 3.1628e-14
The Newton-Raphson solver converged in 1 iterations

Iteration       : 19
Elapsed runtime : 8.033 seconds

New displacement factor 0.9500
New displacement factor 0.000

Starting the Newton-Raphson solver `userModules.solver' ...
module `userModules.solver' : residual scale factor = 5.0926e+03
module `userModules.solver' : iter = 1, scaled residual = 3.2707e-14
The Newton-Raphson solver converged in 1 iterations

Iteration       : 20
Elapsed runtime : 8.270 seconds

New displacement factor 1.000
New displacement factor 0.000

Starting the Newton-Raphson solver `userModules.solver' ...
module `userModules.solver' : residual scale factor = 5.3657e+03
module `userModules.solver' : iter = 1, scaled residual = 2.4225e-14
The Newton-Raphson solver converged in 1 iterations

Iteration       : 21
Elapsed runtime : 8.506 seconds

New displacement factor 1.050
New displacement factor 0.000

Starting the Newton-Raphson solver `userModules.solver' ...
module `userModules.solver' : residual scale factor = 5.6393e+03
module `userModules.solver' : iter = 1, scaled residual = 2.0981e-14
The Newton-Raphson solver converged in 1 iterations

Iteration       : 22
Elapsed runtime : 8.742 seconds

New displacement factor 1.100
New displacement factor 0.000

Starting the Newton-Raphson solver `userModules.solver' ...
module `userModules.solver' : residual scale factor = 5.9134e+03
module `userModules.solver' : iter = 1, scaled residual = 2.1356e-14
The Newton-Raphson solver converged in 1 iterations

Iteration       : 23
Elapsed runtime : 8.979 seconds

New displacement factor 1.150
New displacement factor 0.000

Starting the Newton-Raphson solver `userModules.solver' ...
module `userModules.solver' : residual scale factor = 6.1881e+03
module `userModules.solver' : iter = 1, scaled residual = 1.7257e-14
The Newton-Raphson solver converged in 1 iterations

Iteration       : 24
Elapsed runtime : 9.216 seconds

New displacement factor 1.200
New displacement factor 0.000

Starting the Newton-Raphson solver `userModules.solver' ...
module `userModules.solver' : residual scale factor = 6.4634e+03
module `userModules.solver' : iter = 1, scaled residual = 2.9268e-14
The Newton-Raphson solver converged in 1 iterations

Iteration       : 25
Elapsed runtime : 9.453 seconds

New displacement factor 1.250
New displacement factor 0.000

Starting the Newton-Raphson solver `userModules.solver' ...
module `userModules.solver' : residual scale factor = 6.7392e+03
module `userModules.solver' : iter = 1, scaled residual = 1.6951e-14
The Newton-Raphson solver converged in 1 iterations

Iteration       : 26
Elapsed runtime : 9.689 seconds

New displacement factor 1.300
New displacement factor 0.000

Starting the Newton-Raphson solver `userModules.solver' ...
module `userModules.solver' : residual scale factor = 7.0155e+03
module `userModules.solver' : iter = 1, scaled residual = 2.2010e-14
The Newton-Raphson solver converged in 1 iterations

Iteration       : 27
Elapsed runtime : 9.925 seconds

New displacement factor 1.350
New displacement factor 0.000

Starting the Newton-Raphson solver `userModules.solver' ...
module `userModules.solver' : residual scale factor = 7.2925e+03
module `userModules.solver' : iter = 1, scaled residual = 2.3310e-14
The Newton-Raphson solver converged in 1 iterations

Iteration       : 28
Elapsed runtime : 10.16 seconds

New displacement factor 1.400
New displacement factor 0.000

Starting the Newton-Raphson solver `userModules.solver' ...
module `userModules.solver' : residual scale factor = 7.5700e+03
module `userModules.solver' : iter = 1, scaled residual = 2.5600e-14
The Newton-Raphson solver converged in 1 iterations

Iteration       : 29
Elapsed runtime : 10.40 seconds

New displacement factor 1.450
New displacement factor 0.000

Starting the Newton-Raphson solver `userModules.solver' ...
module `userModules.solver' : residual scale factor = 7.8481e+03
module `userModules.solver' : iter = 1, scaled residual = 2.9731e-14
The Newton-Raphson solver converged in 1 iterations

Iteration       : 30
Elapsed runtime : 10.63 seconds

New displacement factor 1.500
New displacement factor 0.000

Starting the Newton-Raphson solver `userModules.solver' ...
module `userModules.solver' : residual scale factor = 8.1268e+03
module `userModules.solver' : iter = 1, scaled residual = 2.2783e-14
The Newton-Raphson solver converged in 1 iterations

Iteration       : 31
Elapsed runtime : 10.87 seconds

New displacement factor 1.550
New displacement factor 0.000

Starting the Newton-Raphson solver `userModules.solver' ...
module `userModules.solver' : residual scale factor = 8.4060e+03
module `userModules.solver' : iter = 1, scaled residual = 3.4784e-14
The Newton-Raphson solver converged in 1 iterations

Iteration       : 32
Elapsed runtime : 11.11 seconds

New displacement factor 1.600
New displacement factor 0.000

Starting the Newton-Raphson solver `userModules.solver' ...
module `userModules.solver' : residual scale factor = 8.6859e+03
module `userModules.solver' : iter = 1, scaled residual = 2.5117e-14
The Newton-Raphson solver converged in 1 iterations

Iteration       : 33
Elapsed runtime : 11.34 seconds

New displacement factor 1.650
New displacement factor 0.000

Starting the Newton-Raphson solver `userModules.solver' ...
module `userModules.solver' : residual scale factor = 8.9664e+03
module `userModules.solver' : iter = 1, scaled residual = 2.3247e-14
The Newton-Raphson solver converged in 1 iterations

Iteration       : 34
Elapsed runtime : 11.58 seconds

New displacement factor 1.700
New displacement factor 0.000

Starting the Newton-Raphson solver `userModules.solver' ...
module `userModules.solver' : residual scale factor = 9.2475e+03
module `userModules.solver' : iter = 1, scaled residual = 1.8512e-14
The Newton-Raphson solver converged in 1 iterations

Iteration       : 35
Elapsed runtime : 11.82 seconds

New displacement factor 1.750
New displacement factor 0.000

Starting the Newton-Raphson solver `userModules.solver' ...
module `userModules.solver' : residual scale factor = 9.5292e+03
module `userModules.solver' : iter = 1, scaled residual = 1.9411e-14
The Newton-Raphson solver converged in 1 iterations

Iteration       : 36
Elapsed runtime : 12.05 seconds

New displacement factor 1.800
New displacement factor 0.000

Starting the Newton-Raphson solver `userModules.solver' ...
module `userModules.solver' : residual scale factor = 9.8115e+03
module `userModules.solver' : iter = 1, scaled residual = 1.7458e-14
The Newton-Raphson solver converged in 1 iterations

Iteration       : 37
Elapsed runtime : 12.29 seconds

New displacement factor 1.850
New displacement factor 0.000

Starting the Newton-Raphson solver `userModules.solver' ...
module `userModules.solver' : residual scale factor = 1.0094e+04
module `userModules.solver' : iter = 1, scaled residual = 1.8059e-14
The Newton-Raphson solver converged in 1 iterations

Iteration       : 38
Elapsed runtime : 12.53 seconds

New displacement factor 1.900
New displacement factor 0.000

Starting the Newton-Raphson solver `userModules.solver' ...
module `userModules.solver' : residual scale factor = 1.0378e+04
module `userModules.solver' : iter = 1, scaled residual = 2.0281e-14
The Newton-Raphson solver converged in 1 iterations

Iteration       : 39
Elapsed runtime : 12.76 seconds

New displacement factor 1.950
New displacement factor 0.000

Starting the Newton-Raphson solver `userModules.solver' ...
module `userModules.solver' : residual scale factor = 1.0662e+04
module `userModules.solver' : iter = 1, scaled residual = 1.6096e-14
The Newton-Raphson solver converged in 1 iterations

Iteration       : 40
Elapsed runtime : 13.00 seconds

New displacement factor 2.000
New displacement factor 0.000

Starting the Newton-Raphson solver `userModules.solver' ...
module `userModules.solver' : residual scale factor = 1.0947e+04
module `userModules.solver' : iter = 1, scaled residual = 1.6186e-14
The Newton-Raphson solver converged in 1 iterations

Iteration       : 41
Elapsed runtime : 13.23 seconds

New displacement factor 2.050
New displacement factor 0.000

Starting the Newton-Raphson solver `userModules.solver' ...
module `userModules.solver' : residual scale factor = 1.1233e+04
module `userModules.solver' : iter = 1, scaled residual = 1.6834e-14
The Newton-Raphson solver converged in 1 iterations

Iteration       : 42
Elapsed runtime : 13.47 seconds

New displacement factor 2.100
New displacement factor 0.000

Starting the Newton-Raphson solver `userModules.solver' ...
module `userModules.solver' : residual scale factor = 1.1519e+04
module `userModules.solver' : iter = 1, scaled residual = 2.1175e-14
The Newton-Raphson solver converged in 1 iterations

Iteration       : 43
Elapsed runtime : 13.71 seconds

New displacement factor 2.150
New displacement factor 0.000

Starting the Newton-Raphson solver `userModules.solver' ...
module `userModules.solver' : residual scale factor = 1.1806e+04
module `userModules.solver' : iter = 1, scaled residual = 1.5545e-14
The Newton-Raphson solver converged in 1 iterations

Iteration       : 44
Elapsed runtime : 13.94 seconds

New displacement factor 2.200
New displacement factor 0.000

Starting the Newton-Raphson solver `userModules.solver' ...
module `userModules.solver' : residual scale factor = 1.2093e+04
module `userModules.solver' : iter = 1, scaled residual = 1.9189e-14
The Newton-Raphson solver converged in 1 iterations

Iteration       : 45
Elapsed runtime : 14.18 seconds

New displacement factor 2.250
New displacement factor 0.000

Starting the Newton-Raphson solver `userModules.solver' ...
module `userModules.solver' : residual scale factor = 1.2381e+04
module `userModules.solver' : iter = 1, scaled residual = 1.7520e-14
The Newton-Raphson solver converged in 1 iterations

Iteration       : 46
Elapsed runtime : 14.41 seconds

New displacement factor 2.300
New displacement factor 0.000

Starting the Newton-Raphson solver `userModules.solver' ...
module `userModules.solver' : residual scale factor = 1.2670e+04
module `userModules.solver' : iter = 1, scaled residual = 2.0913e-14
The Newton-Raphson solver converged in 1 iterations

Iteration       : 47
Elapsed runtime : 14.65 seconds

New displacement factor 2.350
New displacement factor 0.000

Starting the Newton-Raphson solver `userModules.solver' ...
module `userModules.solver' : residual scale factor = 1.2960e+04
module `userModules.solver' : iter = 1, scaled residual = 2.1616e-14
The Newton-Raphson solver converged in 1 iterations

Iteration       : 48
Elapsed runtime : 14.89 seconds

New displacement factor 2.400
New displacement factor 0.000

Starting the Newton-Raphson solver `userModules.solver' ...
module `userModules.solver' : residual scale factor = 1.3250e+04
module `userModules.solver' : iter = 1, scaled residual = 2.0814e-14
The Newton-Raphson solver converged in 1 iterations

Iteration       : 49
Elapsed runtime : 15.12 seconds

New displacement factor 2.450
New displacement factor 0.000

Starting the Newton-Raphson solver `userModules.solver' ...
module `userModules.solver' : residual scale factor = 1.3541e+04
module `userModules.solver' : iter = 1, scaled residual = 1.9394e-14
The Newton-Raphson solver converged in 1 iterations

Iteration       : 50
Elapsed runtime : 15.36 seconds

New displacement factor 2.500
New displacement factor 0.000

Starting the Newton-Raphson solver `userModules.solver' ...
module `userModules.solver' : residual scale factor = 1.3833e+04
module `userModules.solver' : iter = 1, scaled residual = 1.4758e-14
The Newton-Raphson solver converged in 1 iterations

Iteration       : 51
Elapsed runtime : 15.60 seconds

New displacement factor 2.550
New displacement factor 0.000

Starting the Newton-Raphson solver `userModules.solver' ...
module `userModules.solver' : residual scale factor = 1.4125e+04
module `userModules.solver' : iter = 1, scaled residual = 2.3854e-14
The Newton-Raphson solver converged in 1 iterations

Iteration       : 52
Elapsed runtime : 15.83 seconds

New displacement factor 2.600
New displacement factor 0.000

Starting the Newton-Raphson solver `userModules.solver' ...
module `userModules.solver' : residual scale factor = 1.4418e+04
module `userModules.solver' : iter = 1, scaled residual = 2.0910e-14
The Newton-Raphson solver converged in 1 iterations

Iteration       : 53
Elapsed runtime : 16.07 seconds

New displacement factor 2.650
New displacement factor 0.000

Starting the Newton-Raphson solver `userModules.solver' ...
module `userModules.solver' : residual scale factor = 1.4712e+04
module `userModules.solver' : iter = 1, scaled residual = 1.9307e-14
The Newton-Raphson solver converged in 1 iterations

Iteration       : 54
Elapsed runtime : 16.31 seconds

New displacement factor 2.700
New displacement factor 0.000

Starting the Newton-Raphson solver `userModules.solver' ...
module `userModules.solver' : residual scale factor = 1.5007e+04
module `userModules.solver' : iter = 1, scaled residual = 2.0816e-14
The Newton-Raphson solver converged in 1 iterations

Iteration       : 55
Elapsed runtime : 16.54 seconds

New displacement factor 2.750
New displacement factor 0.000

Starting the Newton-Raphson solver `userModules.solver' ...
module `userModules.solver' : residual scale factor = 1.5302e+04
module `userModules.solver' : iter = 1, scaled residual = 2.0097e-14
The Newton-Raphson solver converged in 1 iterations

Iteration       : 56
Elapsed runtime : 16.78 seconds

New displacement factor 2.800
New displacement factor 0.000

Starting the Newton-Raphson solver `userModules.solver' ...
module `userModules.solver' : residual scale factor = 1.5598e+04
module `userModules.solver' : iter = 1, scaled residual = 2.1713e-14
The Newton-Raphson solver converged in 1 iterations

Iteration       : 57
Elapsed runtime : 17.02 seconds

New displacement factor 2.850
New displacement factor 0.000

Starting the Newton-Raphson solver `userModules.solver' ...
module `userModules.solver' : residual scale factor = 1.5895e+04
module `userModules.solver' : iter = 1, scaled residual = 1.8523e-14
The Newton-Raphson solver converged in 1 iterations

Iteration       : 58
Elapsed runtime : 17.25 seconds

New displacement factor 2.900
New displacement factor 0.000

Starting the Newton-Raphson solver `userModules.solver' ...
module `userModules.solver' : residual scale factor = 1.6193e+04
module `userModules.solver' : iter = 1, scaled residual = 1.9514e-14
The Newton-Raphson solver converged in 1 iterations

Iteration       : 59
Elapsed runtime : 17.49 seconds

New displacement factor 2.950
New displacement factor 0.000

Starting the Newton-Raphson solver `userModules.solver' ...
module `userModules.solver' : residual scale factor = 1.6491e+04
module `userModules.solver' : iter = 1, scaled residual = 1.8491e-14
The Newton-Raphson solver converged in 1 iterations

Iteration       : 60
Elapsed runtime : 17.72 seconds

New displacement factor 3.000
New displacement factor 0.000

Starting the Newton-Raphson solver `userModules.solver' ...
module `userModules.solver' : residual scale factor = 1.6791e+04
module `userModules.solver' : iter = 1, scaled residual = 1.9362e-14
The Newton-Raphson solver converged in 1 iterations

Iteration       : 61
Elapsed runtime : 17.96 seconds

New displacement factor 3.050
New displacement factor 0.000

Starting the Newton-Raphson solver `userModules.solver' ...
module `userModules.solver' : residual scale factor = 1.7091e+04
module `userModules.solver' : iter = 1, scaled residual = 1.9657e-14
The Newton-Raphson solver converged in 1 iterations

Iteration       : 62
Elapsed runtime : 18.19 seconds

New displacement factor 3.100
New displacement factor 0.000

Starting the Newton-Raphson solver `userModules.solver' ...
module `userModules.solver' : residual scale factor = 1.7391e+04
module `userModules.solver' : iter = 1, scaled residual = 1.5814e-14
The Newton-Raphson solver converged in 1 iterations

Iteration       : 63
Elapsed runtime : 18.43 seconds

New displacement factor 3.150
New displacement factor 0.000

Starting the Newton-Raphson solver `userModules.solver' ...
module `userModules.solver' : residual scale factor = 1.7693e+04
module `userModules.solver' : iter = 1, scaled residual = 1.8004e-14
The Newton-Raphson solver converged in 1 iterations

Iteration       : 64
Elapsed runtime : 18.67 seconds

New displacement factor 3.200
New displacement factor 0.000

Starting the Newton-Raphson solver `userModules.solver' ...
module `userModules.solver' : residual scale factor = 1.7995e+04
module `userModules.solver' : iter = 1, scaled residual = 1.6980e-14
The Newton-Raphson solver converged in 1 iterations

Iteration       : 65
Elapsed runtime : 18.90 seconds

New displacement factor 3.250
New displacement factor 0.000

Starting the Newton-Raphson solver `userModules.solver' ...
module `userModules.solver' : residual scale factor = 1.8299e+04
module `userModules.solver' : iter = 1, scaled residual = 1.8507e-14
The Newton-Raphson solver converged in 1 iterations

Iteration       : 66
Elapsed runtime : 19.14 seconds

New displacement factor 3.300
New displacement factor 0.000

Starting the Newton-Raphson solver `userModules.solver' ...
module `userModules.solver' : residual scale factor = 1.8603e+04
module `userModules.solver' : iter = 1, scaled residual = 1.9243e-14
The Newton-Raphson solver converged in 1 iterations

Iteration       : 67
Elapsed runtime : 19.37 seconds

New displacement factor 3.350
New displacement factor 0.000

Starting the Newton-Raphson solver `userModules.solver' ...
module `userModules.solver' : residual scale factor = 1.8908e+04
module `userModules.solver' : iter = 1, scaled residual = 2.1254e-14
The Newton-Raphson solver converged in 1 iterations

Iteration       : 68
Elapsed runtime : 19.61 seconds

New displacement factor 3.400
New displacement factor 0.000

Starting the Newton-Raphson solver `userModules.solver' ...
module `userModules.solver' : residual scale factor = 1.9213e+04
module `userModules.solver' : iter = 1, scaled residual = 1.7998e-14
The Newton-Raphson solver converged in 1 iterations

Iteration       : 69
Elapsed runtime : 19.85 seconds

New displacement factor 3.450
New displacement factor 0.000

Starting the Newton-Raphson solver `userModules.solver' ...
module `userModules.solver' : residual scale factor = 1.9520e+04
module `userModules.solver' : iter = 1, scaled residual = 1.7295e-14
The Newton-Raphson solver converged in 1 iterations

Iteration       : 70
Elapsed runtime : 20.08 seconds

New displacement factor 3.500
New displacement factor 0.000

Starting the Newton-Raphson solver `userModules.solver' ...
module `userModules.solver' : residual scale factor = 1.9827e+04
module `userModules.solver' : iter = 1, scaled residual = 1.9152e-14
The Newton-Raphson solver converged in 1 iterations

Iteration       : 71
Elapsed runtime : 20.32 seconds

New displacement factor 3.550
New displacement factor 0.000

Starting the Newton-Raphson solver `userModules.solver' ...
module `userModules.solver' : residual scale factor = 2.0136e+04
module `userModules.solver' : iter = 1, scaled residual = 1.9126e-14
The Newton-Raphson solver converged in 1 iterations

Iteration       : 72
Elapsed runtime : 20.55 seconds

New displacement factor 3.600
New displacement factor 0.000

Starting the Newton-Raphson solver `userModules.solver' ...
module `userModules.solver' : residual scale factor = 2.0445e+04
module `userModules.solver' : iter = 1, scaled residual = 1.8783e-14
The Newton-Raphson solver converged in 1 iterations

Iteration       : 73
Elapsed runtime : 20.79 seconds

New displacement factor 3.650
New displacement factor 0.000

Starting the Newton-Raphson solver `userModules.solver' ...
module `userModules.solver' : residual scale factor = 2.0755e+04
module `userModules.solver' : iter = 1, scaled residual = 1.8974e-14
The Newton-Raphson solver converged in 1 iterations

Iteration       : 74
Elapsed runtime : 21.03 seconds

New displacement factor 3.700
New displacement factor 0.000

Starting the Newton-Raphson solver `userModules.solver' ...
module `userModules.solver' : residual scale factor = 2.1066e+04
module `userModules.solver' : iter = 1, scaled residual = 2.0419e-14
The Newton-Raphson solver converged in 1 iterations

Iteration       : 75
Elapsed runtime : 21.26 seconds

New displacement factor 3.750
New displacement factor 0.000

Starting the Newton-Raphson solver `userModules.solver' ...
module `userModules.solver' : residual scale factor = 2.1378e+04
module `userModules.solver' : iter = 1, scaled residual = 1.9933e-14
The Newton-Raphson solver converged in 1 iterations

Iteration       : 76
Elapsed runtime : 21.50 seconds

New displacement factor 3.800
New displacement factor 0.000

Starting the Newton-Raphson solver `userModules.solver' ...
module `userModules.solver' : residual scale factor = 2.1690e+04
module `userModules.solver' : iter = 1, scaled residual = 2.0408e-14
The Newton-Raphson solver converged in 1 iterations

Iteration       : 77
Elapsed runtime : 21.73 seconds

New displacement factor 3.850
New displacement factor 0.000

Starting the Newton-Raphson solver `userModules.solver' ...
module `userModules.solver' : residual scale factor = 2.2004e+04
module `userModules.solver' : iter = 1, scaled residual = 1.8166e-14
The Newton-Raphson solver converged in 1 iterations

Iteration       : 78
Elapsed runtime : 21.97 seconds

New displacement factor 3.900
New displacement factor 0.000

Starting the Newton-Raphson solver `userModules.solver' ...
module `userModules.solver' : residual scale factor = 2.2319e+04
module `userModules.solver' : iter = 1, scaled residual = 1.9095e-14
The Newton-Raphson solver converged in 1 iterations

Iteration       : 79
Elapsed runtime : 22.21 seconds

New displacement factor 3.950
New displacement factor 0.000

Starting the Newton-Raphson solver `userModules.solver' ...
module `userModules.solver' : residual scale factor = 2.2634e+04
module `userModules.solver' : iter = 1, scaled residual = 1.8068e-14
The Newton-Raphson solver converged in 1 iterations

Iteration       : 80
Elapsed runtime : 22.44 seconds

New displacement factor 4.000
New displacement factor 0.000

Starting the Newton-Raphson solver `userModules.solver' ...
module `userModules.solver' : residual scale factor = 2.2951e+04
module `userModules.solver' : iter = 1, scaled residual = 1.9743e-14
The Newton-Raphson solver converged in 1 iterations

Iteration       : 81
Elapsed runtime : 22.68 seconds

New displacement factor 4.050
New displacement factor 0.000

Starting the Newton-Raphson solver `userModules.solver' ...
module `userModules.solver' : residual scale factor = 2.3268e+04
module `userModules.solver' : iter = 1, scaled residual = 1.9833e-14
The Newton-Raphson solver converged in 1 iterations

Iteration       : 82
Elapsed runtime : 22.91 seconds

New displacement factor 4.100
New displacement factor 0.000

Starting the Newton-Raphson solver `userModules.solver' ...
module `userModules.solver' : residual scale factor = 2.3587e+04
module `userModules.solver' : iter = 1, scaled residual = 1.9522e-14
The Newton-Raphson solver converged in 1 iterations

Iteration       : 83
Elapsed runtime : 23.15 seconds

New displacement factor 4.150
New displacement factor 0.000

Starting the Newton-Raphson solver `userModules.solver' ...
module `userModules.solver' : residual scale factor = 2.3906e+04
module `userModules.solver' : iter = 1, scaled residual = 2.0822e-14
The Newton-Raphson solver converged in 1 iterations

Iteration       : 84
Elapsed runtime : 23.39 seconds

New displacement factor 4.200
New displacement factor 0.000

Starting the Newton-Raphson solver `userModules.solver' ...
module `userModules.solver' : residual scale factor = 2.4226e+04
module `userModules.solver' : iter = 1, scaled residual = 1.9985e-14
The Newton-Raphson solver converged in 1 iterations

Iteration       : 85
Elapsed runtime : 23.62 seconds

New displacement factor 4.250
New displacement factor 0.000

Starting the Newton-Raphson solver `userModules.solver' ...
module `userModules.solver' : residual scale factor = 2.4548e+04
module `userModules.solver' : iter = 1, scaled residual = 1.8259e-14
The Newton-Raphson solver converged in 1 iterations

Iteration       : 86
Elapsed runtime : 23.86 seconds

New displacement factor 4.300
New displacement factor 0.000

Starting the Newton-Raphson solver `userModules.solver' ...
module `userModules.solver' : residual scale factor = 2.4870e+04
module `userModules.solver' : iter = 1, scaled residual = 2.0191e-14
The Newton-Raphson solver converged in 1 iterations

Iteration       : 87
Elapsed runtime : 24.09 seconds

New displacement factor 4.350
New displacement factor 0.000

Starting the Newton-Raphson solver `userModules.solver' ...
module `userModules.solver' : residual scale factor = 2.5193e+04
module `userModules.solver' : iter = 1, scaled residual = 2.0280e-14
The Newton-Raphson solver converged in 1 iterations

Iteration       : 88
Elapsed runtime : 24.33 seconds

New displacement factor 4.400
New displacement factor 0.000

Starting the Newton-Raphson solver `userModules.solver' ...
module `userModules.solver' : residual scale factor = 2.5518e+04
module `userModules.solver' : iter = 1, scaled residual = 2.1439e-14
The Newton-Raphson solver converged in 1 iterations

Iteration       : 89
Elapsed runtime : 24.57 seconds

New displacement factor 4.450
New displacement factor 0.000

Starting the Newton-Raphson solver `userModules.solver' ...
module `userModules.solver' : residual scale factor = 2.5843e+04
module `userModules.solver' : iter = 1, scaled residual = 1.8456e-14
The Newton-Raphson solver converged in 1 iterations

Iteration       : 90
Elapsed runtime : 24.80 seconds

New displacement factor 4.500
New displacement factor 0.000

Starting the Newton-Raphson solver `userModules.solver' ...
module `userModules.solver' : residual scale factor = 2.6169e+04
module `userModules.solver' : iter = 1, scaled residual = 2.0016e-14
The Newton-Raphson solver converged in 1 iterations

Iteration       : 91
Elapsed runtime : 25.04 seconds

New displacement factor 4.550
New displacement factor 0.000

Starting the Newton-Raphson solver `userModules.solver' ...
module `userModules.solver' : residual scale factor = 2.6497e+04
module `userModules.solver' : iter = 1, scaled residual = 1.9494e-14
The Newton-Raphson solver converged in 1 iterations

Iteration       : 92
Elapsed runtime : 25.27 seconds

New displacement factor 4.600
New displacement factor 0.000

Starting the Newton-Raphson solver `userModules.solver' ...
module `userModules.solver' : residual scale factor = 2.6825e+04
module `userModules.solver' : iter = 1, scaled residual = 2.0493e-14
The Newton-Raphson solver converged in 1 iterations

Iteration       : 93
Elapsed runtime : 25.51 seconds

New displacement factor 4.650
New displacement factor 0.000

Starting the Newton-Raphson solver `userModules.solver' ...
module `userModules.solver' : residual scale factor = 2.7155e+04
module `userModules.solver' : iter = 1, scaled residual = 2.0015e-14
The Newton-Raphson solver converged in 1 iterations

Iteration       : 94
Elapsed runtime : 25.75 seconds

New displacement factor 4.700
New displacement factor 0.000

Starting the Newton-Raphson solver `userModules.solver' ...
module `userModules.solver' : residual scale factor = 2.7485e+04
module `userModules.solver' : iter = 1, scaled residual = 1.9012e-14
The Newton-Raphson solver converged in 1 iterations

Iteration       : 95
Elapsed runtime : 25.98 seconds

New displacement factor 4.750
New displacement factor 0.000

Starting the Newton-Raphson solver `userModules.solver' ...
module `userModules.solver' : residual scale factor = 2.7817e+04
module `userModules.solver' : iter = 1, scaled residual = 2.2009e-14
The Newton-Raphson solver converged in 1 iterations

Iteration       : 96
Elapsed runtime : 26.22 seconds

New displacement factor 4.800
New displacement factor 0.000

Starting the Newton-Raphson solver `userModules.solver' ...
module `userModules.solver' : residual scale factor = 2.8150e+04
module `userModules.solver' : iter = 1, scaled residual = 2.0073e-14
The Newton-Raphson solver converged in 1 iterations

Iteration       : 97
Elapsed runtime : 26.46 seconds

New displacement factor 4.850
New displacement factor 0.000

Starting the Newton-Raphson solver `userModules.solver' ...
module `userModules.solver' : residual scale factor = 2.8484e+04
module `userModules.solver' : iter = 1, scaled residual = 1.8313e-14
The Newton-Raphson solver converged in 1 iterations

Iteration       : 98
Elapsed runtime : 26.69 seconds

New displacement factor 4.900
New displacement factor 0.000

Starting the Newton-Raphson solver `userModules.solver' ...
module `userModules.solver' : residual scale factor = 2.8819e+04
module `userModules.solver' : iter = 1, scaled residual = 2.2098e-14
The Newton-Raphson solver converged in 1 iterations

Iteration       : 99
Elapsed runtime : 26.93 seconds

New displacement factor 4.950
New displacement factor 0.000

Starting the Newton-Raphson solver `userModules.solver' ...
module `userModules.solver' : residual scale factor = 2.9155e+04
module `userModules.solver' : iter = 1, scaled residual = 2.1689e-14
The Newton-Raphson solver converged in 1 iterations

Iteration       : 100
Elapsed runtime : 27.17 seconds

New displacement factor 5.000
New displacement factor 0.000

Starting the Newton-Raphson solver `userModules.solver' ...
module `userModules.solver' : residual scale factor = 2.9492e+04
module `userModules.solver' : iter = 1, scaled residual = 2.2572e-14
The Newton-Raphson solver converged in 1 iterations

Iteration       : 101
Elapsed runtime : 27.40 seconds

New displacement factor 5.050
New displacement factor 0.000

Starting the Newton-Raphson solver `userModules.solver' ...
module `userModules.solver' : residual scale factor = 2.9830e+04
module `userModules.solver' : iter = 1, scaled residual = 1.8693e-14
The Newton-Raphson solver converged in 1 iterations

Iteration       : 102
Elapsed runtime : 27.64 seconds

New displacement factor 5.100
New displacement factor 0.000

Starting the Newton-Raphson solver `userModules.solver' ...
module `userModules.solver' : residual scale factor = 3.0170e+04
module `userModules.solver' : iter = 1, scaled residual = 2.1922e-14
The Newton-Raphson solver converged in 1 iterations

Iteration       : 103
Elapsed runtime : 27.87 seconds

New displacement factor 5.150
New displacement factor 0.000

Starting the Newton-Raphson solver `userModules.solver' ...
module `userModules.solver' : residual scale factor = 3.0511e+04
module `userModules.solver' : iter = 1, scaled residual = 2.2335e-14
The Newton-Raphson solver converged in 1 iterations

Iteration       : 104
Elapsed runtime : 28.11 seconds

New displacement factor 5.200
New displacement factor 0.000

Starting the Newton-Raphson solver `userModules.solver' ...
module `userModules.solver' : residual scale factor = 3.0852e+04
module `userModules.solver' : iter = 1, scaled residual = 2.0377e-14
The Newton-Raphson solver converged in 1 iterations

Iteration       : 105
Elapsed runtime : 28.35 seconds

New displacement factor 5.250
New displacement factor 0.000

Starting the Newton-Raphson solver `userModules.solver' ...
module `userModules.solver' : residual scale factor = 3.1195e+04
module `userModules.solver' : iter = 1, scaled residual = 1.9986e-14
The Newton-Raphson solver converged in 1 iterations

Iteration       : 106
Elapsed runtime : 28.58 seconds

New displacement factor 5.300
New displacement factor 0.000

Starting the Newton-Raphson solver `userModules.solver' ...
module `userModules.solver' : residual scale factor = 3.1540e+04
module `userModules.solver' : iter = 1, scaled residual = 1.9779e-14
The Newton-Raphson solver converged in 1 iterations

Iteration       : 107
Elapsed runtime : 28.82 seconds

New displacement factor 5.350
New displacement factor 0.000

Starting the Newton-Raphson solver `userModules.solver' ...
module `userModules.solver' : residual scale factor = 3.1885e+04
module `userModules.solver' : iter = 1, scaled residual = 2.3110e-14
The Newton-Raphson solver converged in 1 iterations

Iteration       : 108
Elapsed runtime : 29.05 seconds

New displacement factor 5.400
New displacement factor 0.000

Starting the Newton-Raphson solver `userModules.solver' ...
module `userModules.solver' : residual scale factor = 3.2232e+04
module `userModules.solver' : iter = 1, scaled residual = 2.2334e-14
The Newton-Raphson solver converged in 1 iterations

Iteration       : 109
Elapsed runtime : 29.29 seconds

New displacement factor 5.450
New displacement factor 0.000

Starting the Newton-Raphson solver `userModules.solver' ...
module `userModules.solver' : residual scale factor = 3.2579e+04
module `userModules.solver' : iter = 1, scaled residual = 2.2943e-14
The Newton-Raphson solver converged in 1 iterations

Iteration       : 110
Elapsed runtime : 29.53 seconds

New displacement factor 5.500
New displacement factor 0.000

Starting the Newton-Raphson solver `userModules.solver' ...
module `userModules.solver' : residual scale factor = 3.2929e+04
module `userModules.solver' : iter = 1, scaled residual = 2.1526e-14
The Newton-Raphson solver converged in 1 iterations

Iteration       : 111
Elapsed runtime : 29.76 seconds

New displacement factor 5.550
New displacement factor 0.000

Starting the Newton-Raphson solver `userModules.solver' ...
module `userModules.solver' : residual scale factor = 3.3279e+04
module `userModules.solver' : iter = 1, scaled residual = 2.0997e-14
The Newton-Raphson solver converged in 1 iterations

Iteration       : 112
Elapsed runtime : 30.00 seconds

New displacement factor 5.600
New displacement factor 0.000

Starting the Newton-Raphson solver `userModules.solver' ...
module `userModules.solver' : residual scale factor = 3.3630e+04
module `userModules.solver' : iter = 1, scaled residual = 2.2477e-14
The Newton-Raphson solver converged in 1 iterations

Iteration       : 113
Elapsed runtime : 30.24 seconds

New displacement factor 5.650
New displacement factor 0.000

Starting the Newton-Raphson solver `userModules.solver' ...
module `userModules.solver' : residual scale factor = 3.3983e+04
module `userModules.solver' : iter = 1, scaled residual = 2.2800e-14
The Newton-Raphson solver converged in 1 iterations

Iteration       : 114
Elapsed runtime : 30.47 seconds

New displacement factor 5.700
New displacement factor 0.000

Starting the Newton-Raphson solver `userModules.solver' ...
module `userModules.solver' : residual scale factor = 3.4337e+04
module `userModules.solver' : iter = 1, scaled residual = 2.4252e-14
The Newton-Raphson solver converged in 1 iterations

Iteration       : 115
Elapsed runtime : 30.71 seconds

New displacement factor 5.750
New displacement factor 0.000

Starting the Newton-Raphson solver `userModules.solver' ...
module `userModules.solver' : residual scale factor = 3.4693e+04
module `userModules.solver' : iter = 1, scaled residual = 2.0939e-14
The Newton-Raphson solver converged in 1 iterations

Iteration       : 116
Elapsed runtime : 30.94 seconds

New displacement factor 5.800
New displacement factor 0.000

Starting the Newton-Raphson solver `userModules.solver' ...
module `userModules.solver' : residual scale factor = 3.5049e+04
module `userModules.solver' : iter = 1, scaled residual = 2.1524e-14
The Newton-Raphson solver converged in 1 iterations

Iteration       : 117
Elapsed runtime : 31.19 seconds

New displacement factor 5.850
New displacement factor 0.000

Starting the Newton-Raphson solver `userModules.solver' ...
module `userModules.solver' : residual scale factor = 3.5407e+04
module `userModules.solver' : iter = 1, scaled residual = 2.2777e-14
The Newton-Raphson solver converged in 1 iterations

Iteration       : 118
Elapsed runtime : 31.42 seconds

New displacement factor 5.900
New displacement factor 0.000

Starting the Newton-Raphson solver `userModules.solver' ...
module `userModules.solver' : residual scale factor = 3.5767e+04
module `userModules.solver' : iter = 1, scaled residual = 2.1950e-14
The Newton-Raphson solver converged in 1 iterations

Iteration       : 119
Elapsed runtime : 31.66 seconds

New displacement factor 5.950
New displacement factor 0.000

Starting the Newton-Raphson solver `userModules.solver' ...
module `userModules.solver' : residual scale factor = 3.6127e+04
module `userModules.solver' : iter = 1, scaled residual = 2.1900e-14
The Newton-Raphson solver converged in 1 iterations

Iteration       : 120
Elapsed runtime : 31.89 seconds

New displacement factor 6.000
New displacement factor 0.000

Starting the Newton-Raphson solver `userModules.solver' ...
module `userModules.solver' : residual scale factor = 3.6489e+04
module `userModules.solver' : iter = 1, scaled residual = 2.1940e-14
The Newton-Raphson solver converged in 1 iterations

Iteration       : 121
Elapsed runtime : 32.13 seconds

New displacement factor 6.050
New displacement factor 0.000

Starting the Newton-Raphson solver `userModules.solver' ...
module `userModules.solver' : residual scale factor = 3.6853e+04
module `userModules.solver' : iter = 1, scaled residual = 2.0755e-14
The Newton-Raphson solver converged in 1 iterations

Iteration       : 122
Elapsed runtime : 32.37 seconds

New displacement factor 6.100
New displacement factor 0.000

Starting the Newton-Raphson solver `userModules.solver' ...
module `userModules.solver' : residual scale factor = 3.7217e+04
module `userModules.solver' : iter = 1, scaled residual = 2.1374e-14
The Newton-Raphson solver converged in 1 iterations

Iteration       : 123
Elapsed runtime : 32.60 seconds

New displacement factor 6.150
New displacement factor 0.000

Starting the Newton-Raphson solver `userModules.solver' ...
module `userModules.solver' : residual scale factor = 3.7584e+04
module `userModules.solver' : iter = 1, scaled residual = 2.1136e-14
The Newton-Raphson solver converged in 1 iterations

Iteration       : 124
Elapsed runtime : 32.84 seconds

New displacement factor 6.200
New displacement factor 0.000

Starting the Newton-Raphson solver `userModules.solver' ...
module `userModules.solver' : residual scale factor = 3.7951e+04
module `userModules.solver' : iter = 1, scaled residual = 2.2218e-14
The Newton-Raphson solver converged in 1 iterations

Iteration       : 125
Elapsed runtime : 33.07 seconds

New displacement factor 6.250
New displacement factor 0.000

Starting the Newton-Raphson solver `userModules.solver' ...
module `userModules.solver' : residual scale factor = 3.8320e+04
module `userModules.solver' : iter = 1, scaled residual = 2.1435e-14
The Newton-Raphson solver converged in 1 iterations

Iteration       : 126
Elapsed runtime : 33.31 seconds

New displacement factor 6.300
New displacement factor 0.000

Starting the Newton-Raphson solver `userModules.solver' ...
module `userModules.solver' : residual scale factor = 3.8690e+04
module `userModules.solver' : iter = 1, scaled residual = 2.1220e-14
The Newton-Raphson solver converged in 1 iterations

Iteration       : 127
Elapsed runtime : 33.55 seconds

New displacement factor 6.350
New displacement factor 0.000

Starting the Newton-Raphson solver `userModules.solver' ...
module `userModules.solver' : residual scale factor = 3.9062e+04
module `userModules.solver' : iter = 1, scaled residual = 2.1157e-14
The Newton-Raphson solver converged in 1 iterations

Iteration       : 128
Elapsed runtime : 33.78 seconds

New displacement factor 6.400
New displacement factor 0.000

Starting the Newton-Raphson solver `userModules.solver' ...
module `userModules.solver' : residual scale factor = 3.9435e+04
module `userModules.solver' : iter = 1, scaled residual = 2.1592e-14
The Newton-Raphson solver converged in 1 iterations

Iteration       : 129
Elapsed runtime : 34.02 seconds

New displacement factor 6.450
New displacement factor 0.000

Starting the Newton-Raphson solver `userModules.solver' ...
module `userModules.solver' : residual scale factor = 3.9810e+04
module `userModules.solver' : iter = 1, scaled residual = 2.0209e-14
The Newton-Raphson solver converged in 1 iterations

Iteration       : 130
Elapsed runtime : 34.25 seconds

New displacement factor 6.500
New displacement factor 0.000

Starting the Newton-Raphson solver `userModules.solver' ...
module `userModules.solver' : residual scale factor = 4.0186e+04
module `userModules.solver' : iter = 1, scaled residual = 2.0375e-14
The Newton-Raphson solver converged in 1 iterations

Iteration       : 131
Elapsed runtime : 34.49 seconds

New displacement factor 6.550
New displacement factor 0.000

Starting the Newton-Raphson solver `userModules.solver' ...
module `userModules.solver' : residual scale factor = 4.0564e+04
module `userModules.solver' : iter = 1, scaled residual = 2.3544e-14
The Newton-Raphson solver converged in 1 iterations

Iteration       : 132
Elapsed runtime : 34.73 seconds

New displacement factor 6.600
New displacement factor 0.000

Starting the Newton-Raphson solver `userModules.solver' ...
module `userModules.solver' : residual scale factor = 4.0943e+04
module `userModules.solver' : iter = 1, scaled residual = 2.3121e-14
The Newton-Raphson solver converged in 1 iterations

Iteration       : 133
Elapsed runtime : 34.96 seconds

New displacement factor 6.650
New displacement factor 0.000

Starting the Newton-Raphson solver `userModules.solver' ...
module `userModules.solver' : residual scale factor = 4.1323e+04
module `userModules.solver' : iter = 1, scaled residual = 2.2694e-14
The Newton-Raphson solver converged in 1 iterations

Iteration       : 134
Elapsed runtime : 35.20 seconds

New displacement factor 6.700
New displacement factor 0.000

Starting the Newton-Raphson solver `userModules.solver' ...
module `userModules.solver' : residual scale factor = 4.1706e+04
module `userModules.solver' : iter = 1, scaled residual = 2.2345e-14
The Newton-Raphson solver converged in 1 iterations

Iteration       : 135
Elapsed runtime : 35.44 seconds

New displacement factor 6.750
New displacement factor 0.000

Starting the Newton-Raphson solver `userModules.solver' ...
module `userModules.solver' : residual scale factor = 4.2089e+04
module `userModules.solver' : iter = 1, scaled residual = 2.2791e-14
The Newton-Raphson solver converged in 1 iterations

Iteration       : 136
Elapsed runtime : 35.68 seconds

New displacement factor 6.800
New displacement factor 0.000

Starting the Newton-Raphson solver `userModules.solver' ...
module `userModules.solver' : residual scale factor = 4.2474e+04
module `userModules.solver' : iter = 1, scaled residual = 1.9790e-14
The Newton-Raphson solver converged in 1 iterations

Iteration       : 137
Elapsed runtime : 35.91 seconds

New displacement factor 6.850
New displacement factor 0.000

Starting the Newton-Raphson solver `userModules.solver' ...
module `userModules.solver' : residual scale factor = 4.2861e+04
module `userModules.solver' : iter = 1, scaled residual = 2.1136e-14
The Newton-Raphson solver converged in 1 iterations

Iteration       : 138
Elapsed runtime : 36.15 seconds

New displacement factor 6.900
New displacement factor 0.000

Starting the Newton-Raphson solver `userModules.solver' ...
module `userModules.solver' : residual scale factor = 4.3250e+04
module `userModules.solver' : iter = 1, scaled residual = 2.3693e-14
The Newton-Raphson solver converged in 1 iterations

Iteration       : 139
Elapsed runtime : 36.38 seconds

New displacement factor 6.950
New displacement factor 0.000

Starting the Newton-Raphson solver `userModules.solver' ...
module `userModules.solver' : residual scale factor = 4.3640e+04
module `userModules.solver' : iter = 1, scaled residual = 2.3385e-14
The Newton-Raphson solver converged in 1 iterations

Iteration       : 140
Elapsed runtime : 36.62 seconds

New displacement factor 7.000
New displacement factor 0.000

Starting the Newton-Raphson solver `userModules.solver' ...
module `userModules.solver' : residual scale factor = 4.4031e+04
module `userModules.solver' : iter = 1, scaled residual = 2.1733e-14
The Newton-Raphson solver converged in 1 iterations

Iteration       : 141
Elapsed runtime : 36.86 seconds

New displacement factor 7.050
New displacement factor 0.000

Starting the Newton-Raphson solver `userModules.solver' ...
module `userModules.solver' : residual scale factor = 4.4424e+04
module `userModules.solver' : iter = 1, scaled residual = 2.3392e-14
The Newton-Raphson solver converged in 1 iterations

Iteration       : 142
Elapsed runtime : 37.09 seconds

New displacement factor 7.100
New displacement factor 0.000

Starting the Newton-Raphson solver `userModules.solver' ...
module `userModules.solver' : residual scale factor = 4.4819e+04
module `userModules.solver' : iter = 1, scaled residual = 2.2344e-14
The Newton-Raphson solver converged in 1 iterations

Iteration       : 143
Elapsed runtime : 37.33 seconds

New displacement factor 7.150
New displacement factor 0.000

Starting the Newton-Raphson solver `userModules.solver' ...
module `userModules.solver' : residual scale factor = 4.5216e+04
module `userModules.solver' : iter = 1, scaled residual = 2.3714e-14
The Newton-Raphson solver converged in 1 iterations

Iteration       : 144
Elapsed runtime : 37.57 seconds

New displacement factor 7.200
New displacement factor 0.000

Starting the Newton-Raphson solver `userModules.solver' ...
module `userModules.solver' : residual scale factor = 4.5614e+04
module `userModules.solver' : iter = 1, scaled residual = 2.1670e-14
The Newton-Raphson solver converged in 1 iterations

Iteration       : 145
Elapsed runtime : 37.80 seconds

New displacement factor 7.250
New displacement factor 0.000

Starting the Newton-Raphson solver `userModules.solver' ...
module `userModules.solver' : residual scale factor = 4.6014e+04
module `userModules.solver' : iter = 1, scaled residual = 2.3194e-14
The Newton-Raphson solver converged in 1 iterations

Iteration       : 146
Elapsed runtime : 38.04 seconds

New displacement factor 7.300
New displacement factor 0.000

Starting the Newton-Raphson solver `userModules.solver' ...
module `userModules.solver' : residual scale factor = 4.6415e+04
module `userModules.solver' : iter = 1, scaled residual = 2.3000e-14
The Newton-Raphson solver converged in 1 iterations

Iteration       : 147
Elapsed runtime : 38.27 seconds

New displacement factor 7.350
New displacement factor 0.000

Starting the Newton-Raphson solver `userModules.solver' ...
module `userModules.solver' : residual scale factor = 4.6415e+04
module `userModules.solver' : iter = 1, scaled residual = 0.0000e+00
The Newton-Raphson solver converged in 1 iterations

Iteration       : 148
Elapsed runtime : 38.51 seconds

New displacement factor 7.400
New displacement factor 0.000

Starting the Newton-Raphson solver `userModules.solver' ...
module `userModules.solver' : residual scale factor = 0.0000e+00
The Newton-Raphson solver converged in 1 iterations

Iteration       : 149
Elapsed runtime : 38.75 seconds

New displacement factor 7.450
New displacement factor 0.000

Starting the Newton-Raphson solver `userModules.solver' ...
module `userModules.solver' : residual scale factor = 0.0000e+00
The Newton-Raphson solver converged in 1 iterations

Iteration       : 150
Elapsed runtime : 38.98 seconds

New displacement factor 7.500
New displacement factor 0.000

Starting the Newton-Raphson solver `userModules.solver' ...
module `userModules.solver' : residual scale factor = 0.0000e+00
The Newton-Raphson solver converged in 1 iterations

Iteration       : 151
Elapsed runtime : 39.22 seconds

New displacement factor 7.550
New displacement factor 0.000

Starting the Newton-Raphson solver `userModules.solver' ...
module `userModules.solver' : residual scale factor = 0.0000e+00
The Newton-Raphson solver converged in 1 iterations

Iteration       : 152
Elapsed runtime : 50.92 seconds

New displacement factor 7.600
New displacement factor 0.000

Starting the Newton-Raphson solver `userModules.solver' ...
module `userModules.solver' : residual scale factor = 0.0000e+00
The Newton-Raphson solver converged in 1 iterations

Iteration       : 153
Elapsed runtime : 51.16 seconds

New displacement factor 7.650
New displacement factor 0.000

Starting the Newton-Raphson solver `userModules.solver' ...
module `userModules.solver' : residual scale factor = 0.0000e+00
The Newton-Raphson solver converged in 1 iterations

Iteration       : 154
Elapsed runtime : 51.40 seconds

New displacement factor 7.700
New displacement factor 0.000

Starting the Newton-Raphson solver `userModules.solver' ...
module `userModules.solver' : residual scale factor = 0.0000e+00
The Newton-Raphson solver converged in 1 iterations

Iteration       : 155
Elapsed runtime : 51.63 seconds

New displacement factor 7.750
New displacement factor 0.000

Starting the Newton-Raphson solver `userModules.solver' ...
module `userModules.solver' : residual scale factor = 0.0000e+00
The Newton-Raphson solver converged in 1 iterations

Iteration       : 156
Elapsed runtime : 51.87 seconds

New displacement factor 7.800
New displacement factor 0.000

Starting the Newton-Raphson solver `userModules.solver' ...
module `userModules.solver' : residual scale factor = 0.0000e+00
The Newton-Raphson solver converged in 1 iterations

Iteration       : 157
Elapsed runtime : 52.10 seconds

New displacement factor 7.850
New displacement factor 0.000

Starting the Newton-Raphson solver `userModules.solver' ...
module `userModules.solver' : residual scale factor = 0.0000e+00
The Newton-Raphson solver converged in 1 iterations

Iteration       : 158
Elapsed runtime : 52.34 seconds

New displacement factor 7.900
New displacement factor 0.000

Starting the Newton-Raphson solver `userModules.solver' ...
module `userModules.solver' : residual scale factor = 0.0000e+00
The Newton-Raphson solver converged in 1 iterations

Iteration       : 159
Elapsed runtime : 52.57 seconds

New displacement factor 7.950
New displacement factor 0.000

Starting the Newton-Raphson solver `userModules.solver' ...
module `userModules.solver' : residual scale factor = 0.0000e+00
The Newton-Raphson solver converged in 1 iterations

Iteration       : 160
Elapsed runtime : 52.81 seconds

New displacement factor 8.000
New displacement factor 0.000

Starting the Newton-Raphson solver `userModules.solver' ...
module `userModules.solver' : residual scale factor = 0.0000e+00
The Newton-Raphson solver converged in 1 iterations

Iteration       : 161
Elapsed runtime : 53.04 seconds

New displacement factor 8.050
New displacement factor 0.000

Starting the Newton-Raphson solver `userModules.solver' ...
module `userModules.solver' : residual scale factor = 0.0000e+00
The Newton-Raphson solver converged in 1 iterations

Iteration       : 162
Elapsed runtime : 53.28 seconds

New displacement factor 8.100
New displacement factor 0.000

Starting the Newton-Raphson solver `userModules.solver' ...
module `userModules.solver' : residual scale factor = 0.0000e+00
The Newton-Raphson solver converged in 1 iterations

Iteration       : 163
Elapsed runtime : 53.52 seconds

New displacement factor 8.150
New displacement factor 0.000

Starting the Newton-Raphson solver `userModules.solver' ...
module `userModules.solver' : residual scale factor = 0.0000e+00
The Newton-Raphson solver converged in 1 iterations

Iteration       : 164
Elapsed runtime : 53.75 seconds

New displacement factor 8.200
New displacement factor 0.000

Starting the Newton-Raphson solver `userModules.solver' ...
module `userModules.solver' : residual scale factor = 0.0000e+00
The Newton-Raphson solver converged in 1 iterations

Iteration       : 165
Elapsed runtime : 53.99 seconds

New displacement factor 8.250
New displacement factor 0.000

Starting the Newton-Raphson solver `userModules.solver' ...
module `userModules.solver' : residual scale factor = 0.0000e+00
The Newton-Raphson solver converged in 1 iterations

Iteration       : 166
Elapsed runtime : 54.22 seconds

New displacement factor 8.300
New displacement factor 0.000

Starting the Newton-Raphson solver `userModules.solver' ...
module `userModules.solver' : residual scale factor = 0.0000e+00
The Newton-Raphson solver converged in 1 iterations

Iteration       : 167
Elapsed runtime : 54.46 seconds

New displacement factor 8.350
New displacement factor 0.000

Starting the Newton-Raphson solver `userModules.solver' ...
module `userModules.solver' : residual scale factor = 0.0000e+00
The Newton-Raphson solver converged in 1 iterations

Iteration       : 168
Elapsed runtime : 54.69 seconds

New displacement factor 8.400
New displacement factor 0.000

Starting the Newton-Raphson solver `userModules.solver' ...
module `userModules.solver' : residual scale factor = 0.0000e+00
The Newton-Raphson solver converged in 1 iterations

Iteration       : 169
Elapsed runtime : 54.93 seconds

New displacement factor 8.450
New displacement factor 0.000

Starting the Newton-Raphson solver `userModules.solver' ...
module `userModules.solver' : residual scale factor = 0.0000e+00
The Newton-Raphson solver converged in 1 iterations

Iteration       : 170
Elapsed runtime : 55.16 seconds

New displacement factor 8.500
New displacement factor 0.000

Starting the Newton-Raphson solver `userModules.solver' ...
module `userModules.solver' : residual scale factor = 0.0000e+00
The Newton-Raphson solver converged in 1 iterations

Iteration       : 171
Elapsed runtime : 55.40 seconds

New displacement factor 8.550
New displacement factor 0.000

Starting the Newton-Raphson solver `userModules.solver' ...
module `userModules.solver' : residual scale factor = 0.0000e+00
The Newton-Raphson solver converged in 1 iterations

