Log file created on Tue Jan 21 00:15:17 CET 2020.

Reading input with userInput.input from file neohookean.msh
 ...Adding 241 nodes.
 ...Adding 424 elements.
 ...Created NodeGroup `left' with 9 nodes.
 ...Created NodeGroup `right' with 9 nodes.

Created a new model named `model'.

Data summary:

  nodes ......................................... 241
  node dofs ..................................... 482
  node groups ................................... 4
  elements ...................................... 424
  element groups ................................ 3

userModules.view : loaded configuration data from `neohookean.view'
userModules.view.mesh : building graphics mesh ...
userModules.view.mesh : ready; graphics mesh contains:

  vertices  ...... 241
  faces     ...... 424
  triangles ...... 424
  lines     ...... 0
  edges     ...... 664

*** WARNING: module `userModules.view' : unsupported image type: `png'; supported type is `ppm'
*** WARNING: module `userModules.view' : snapshot files will be saved in PPM format

Application configuration data:

  log	=
  {
    file	= "-neohookean.log";
    rank	= 0;
    pattern	= "*.info";
    logPrefix	= "";
    outPrefix	= "";
    warnPrefix	= "*** WARNING: ";
    errPrefix	= "*** ERROR: ";
  };
  userModules	=
  {
    solver	=
    {
      maxIter	= 20;
      tiny	= 1.00000e-300;
      precision	= 1.00000e-06;
      maxIncr	= 10.0000;
      lineSearch	= false;
      deltaCons	= false;
      updateWhen	= none;
      solver	=
      {
        type	= "SkylineLU";
        lenient	= true;
        precision	= 5.00000e-07;
        zeroThreshold	= 1.49012e-08;
        maxZeroPivots	= 0;
        reorder	= true;
        useThreads	= true;
        printPivots	= false;
      };
    };
    graph	=
    {
      sampleWhen	= "accepted";
      dataSets	= [ "loadDisp" ];
      window	=
      {
        bgColor	= "white";
        title	= "userModules.graph";
        width	= 400;
        height	= 200;
      };
      camera	=
      {
        range	= 1.00000;
        position	= [ -0.00000, -0.00000 ];
        zoom	= 0.00000;
        quality	= 1;
        autoQuality	= false;
      };
      graph	=
      {
        hidden	= false;
        width	= 1.00000;
        height	= 1.00000;
        showKey	= true;
        keyPos	= [ 0.900000, 0.900000 ];
        title	= "";
        xLabel	= "";
        yLabel	= "";
        scaleStep	= 0.100000;
        xRange	= "auto";
        yRange	= "auto";
      };
      loadDisp	=
      {
        key	= "Load-displacement curve";
        maxPoints	= -1;
        pointStyle	= none;
        lineWidth	= 1.20000;
        lineColor	= "black";
        xData	= "model.model.lodi.disp[0]";
        yData	= "model.model.lodi.load[0]";
      };
    };
    view	=
    {
      snapFile	= "neohookean%2i.png";
      configFile	= "neohookean.view";
      updateWhen	= true;
      snapWhen	= false;
      offScreen	= false;
      camera	=
      {
        type	= "Perspective";
        farClip	= 101.354;
        nearClip	= 18.1941;
        viewAngle	= 40.0000;
        position	= [ 0.720000, -0.0777054, 59.7741 ];
        zoom	= 0.00000;
        quality	= 1;
        autoQuality	= false;
      };
      disp	=
      {
        type	= "Vector";
        vector	= "state";
        nullValue	= 0.00000;
      };
      stress	=
      {
        type	= "Table";
        table	= "nodes/stress";
        tableType	= "Dense";
        nullValue	= 0.00000;
      };
      dataSets	= [ "disp", "stress" ];
      window	=
      {
        bgColor	= "white";
        title	= "feel.userModules.view";
        width	= 863;
        height	= 759;
      };
      world	=
      {
        scale	= 1.00000;
        rotmat	= [ 1.00000, 0.00000, 0.00000, 0.00000, 1.00000, 0.00000, 0.00000, 0.00000, 1.00000 ];
        translation	= [ 0.00000, 0.00000, 0.00000 ];
      };
      lights	=
      {
        light0	=
        {
          color	= "white20";
          direction	= [ -1.00000, -0.00000, -0.00000 ];
          enable	= true;
        };
        light1	=
        {
          color	= "white20";
          direction	= [ -0.00000, -1.00000, -0.00000 ];
          enable	= true;
        };
        light2	=
        {
          color	= "white";
          direction	= [ -0.00000, -0.00000, -1.00000 ];
          enable	= true;
        };
        light3	=
        {
          color	= "white20";
          direction	= [ 1.00000, 1.00000, -0.00000 ];
          enable	= false;
        };
        specular	= false;
        ambient	= "white20";
      };
      markerStyles	=
      {
        points	=
        {
          size	= 3.00000;
          color	= "black";
        };
        orbs	=
        {
          size	= -0.0100000;
          quality	= 1;
          color	= "gold";
        };
        numbers	=
        {
          font	= "proportional medium";
          color	= "black";
        };
        circles	=
        {
          size	= "medium";
          color	= "black";
        };
        diamonds	=
        {
          size	= "medium";
          color	= "black";
        };
        discs	=
        {
          size	= "medium";
          color	= "black";
        };
        squares	=
        {
          size	= "medium";
          color	= "black";
        };
        styles	= [];
      };
      palettes	=
      {
        linear	=
        {
          minValue	= 0.00000;
          maxValue	= 1.00000;
          minColor	= "blue";
          maxColor	= "red";
        };
        rainbow	=
        {
          minValue	= 0.00000;
          maxValue	= 1.00000;
        };
        custom	=
        {
          colors	= [ "blue", "green", "yellow", "orange", "red" ];
          ranges	= [ 0.00000, 0.200000, 0.400000, 0.600000, 0.800000, 1.00000 ];
          hideMinMax	= false;
        };
        palettes	= [];
      };
      mesh	=
      {
        elements	= "all";
        scale	= 1.00000;
        rotmat	= [ 1.00000, 0.00000, 0.00000, 0.00000, 1.00000, 0.00000, 0.00000, 0.00000, 1.00000 ];
        translation	= [ 0.00000, 0.00000, 0.00000 ];
        pointSize	= 1.00000;
        lineWidth	= 1.00000;
        shadeModel	= "Smooth";
        color	= "gray";
        material	=
        {
          specular	= "black";
          shininess	= 0.00000;
        };
        edgeColor	= "black";
        nodeColor	= "black";
        showEdges	= true;
        showLines	= true;
        showFaces	= true;
        hidden	= false;
        deformation	=
        {
          scale	= 1.00000;
          autoScale	= false;
          scaleStep	= 0.100000;
          dx	= "disp[dx]";
          dy	= "disp[dy]";
          dz	= "0.000";
        };
        colors	=
        {
          palette	= "custom";
          title	= "";
          data	= "stress[xx]";
          autoScale	= true;
          scaleStep	= 0.100000;
        };
      };
    };
  };
  sample	=
  {
    file	= "lodi.dat";
    header	= "";
    separator	= " ";
    append	= false;
    precision	= 8;
    dataSets	= [ "i", "model.model.lodi.disp[0]", "abs( model.model.lodi.load[0] )" ];
    sampleWhen	= "accepted";
  };
  control	=
  {
    prompt	= ">";
    cmdFile	= "";
    fgMode	= true;
    pause	= -1.00000;
    runWhile	= "i<=1";
  };
  userInput	=
  {
    input	=
    {
      dim	= 2;
      file	= "neohookean.msh";
      doElemGroups	= false;
      lowOrderCopy	= false;
      nodeGroups	= [];
      elemGroups	= [];
    };
    ngroups	=
    {
      nodeGroups	= [ "left", "right" ];
      elemGroups	= [];
      left	=
      {
        all	= false;
        restrictToGroups	= [];
        eps	= 1.00000e-05;
        xtype	= "min";
      };
      right	=
      {
        all	= false;
        restrictToGroups	= [];
        eps	= 1.00000e-05;
        xtype	= "max";
      };
    };
  };
  shapeTable	=
  {
    type	= "Auto";
    boundaryElems	= "";
    interfaceElems	= "";
    maxPrecision	= 0;
  };
  model	=
  {
    type	= "Matrix";
    model	=
    {
      type	= "Multi";
      models	= [ "bulk", "diri", "diri2", "lodi" ];
      bulk	=
      {
        type	= "NLSolid";
        elements	= "all";
        shape	=
        {
          type	= "Triangle3";
          shapeFuncs	=
          {
            type	= "Linear";
          };
          intScheme	= [ "Gauss1", "Gauss2", "Gauss2", "Gauss2" ];
        };
        material	=
        {
          type	= "Gasser";
          dim	= 2;
          lambda	= 5000.00;
          mu	= 6000.00;
          beta	= 0.174000;
          k1_a	= 6000.00;
          k2_a	= 1.00000;
          kappa	= 0.0500000;
          kappam0	= 0.200000;
          kappamu	= 0.200000;
          kappaf0	= 0.200000;
          kappafu	= 0.200000;
          state	= "PLANE_STRAIN";
        };
        thickness	= 1.00000;
      };
      diri	=
      {
        type	= "Dirichlet";
        dispIncr	= 0.0500000;
        initDisp	= 0.00000;
        maxDisp	= 20.0000;
        nodeGroups	= [ "right" ];
        dofs	= [ "dx" ];
        factors	= [ 1.00000 ];
      };
      diri2	=
      {
        type	= "Dirichlet";
        dispIncr	= 0.00000;
        initDisp	= 0.00000;
        maxDisp	= 1.79769e+308;
        nodeGroups	= [ "left" ];
        dofs	= [ "dx" ];
        factors	= [ 1.00000 ];
      };
      lodi	=
      {
        type	= "LoadDisp";
        nodes	= [ 1, 2, 23, 24, 25, 26, 27, 28, 29 ];
      };
    };
    debug	= 0;
    linear	= false;
    matrix0	=
    {
      type	= "Sparse";
      symmetric	= false;
      optimize	= "Runtime";
    };
  };
  init	=
  {
    reorder	= false;
    vectors	= [];
  };
  xoutput	=
  {
    write	= true;
    table	= "stress | eqstrain | eqveps | loading";
    interval	= 1;
    dissipation	= true;
    writeCracks	= true;
    writeCohInfo	= false;
  };

*** WARNING: Unknown property: `model.model.bulk.largeDisp'

*** WARNING: Initialization phase completed with warnings.

  Elapsed CPU  time : 0.06000 seconds.
  Elapsed real time : 0.1786 seconds.

Iteration       : 0
Elapsed runtime : 0.1788 seconds

New displacement factor 0.000
New displacement factor 0.000

Starting the Newton-Raphson solver `userModules.solver' ...
module `userModules.solver' : residual scale factor = 0.0000e+00
The Newton-Raphson solver converged in 1 iterations

Iteration       : 1
Elapsed runtime : 0.3083 seconds

New displacement factor 0.05000
New displacement factor 0.000

Starting the Newton-Raphson solver `userModules.solver' ...
module `userModules.solver' : residual scale factor = 1.5059e+02
module `userModules.solver' : iter = 1, scaled residual = 7.9656e-15
The Newton-Raphson solver converged in 1 iterations

Iteration       : 2
Elapsed runtime : 5.962 seconds

New displacement factor 0.1000
New displacement factor 0.000

Starting the Newton-Raphson solver `userModules.solver' ...
module `userModules.solver' : residual scale factor = 3.0189e+02
module `userModules.solver' : iter = 1, scaled residual = 6.4109e-15
The Newton-Raphson solver converged in 1 iterations

Iteration       : 3
Elapsed runtime : 6.059 seconds

New displacement factor 0.1500
New displacement factor 0.000

Starting the Newton-Raphson solver `userModules.solver' ...
module `userModules.solver' : residual scale factor = 4.5362e+02
module `userModules.solver' : iter = 1, scaled residual = 2.0469e-14
The Newton-Raphson solver converged in 1 iterations

Iteration       : 4
Elapsed runtime : 6.150 seconds

New displacement factor 0.2000
New displacement factor 0.000

Starting the Newton-Raphson solver `userModules.solver' ...
module `userModules.solver' : residual scale factor = 6.0578e+02
module `userModules.solver' : iter = 1, scaled residual = 5.0432e-14
The Newton-Raphson solver converged in 1 iterations

Iteration       : 5
Elapsed runtime : 6.240 seconds

New displacement factor 0.2500
New displacement factor 0.000

Starting the Newton-Raphson solver `userModules.solver' ...
module `userModules.solver' : residual scale factor = 7.5838e+02
module `userModules.solver' : iter = 1, scaled residual = 4.3406e-14
The Newton-Raphson solver converged in 1 iterations

Iteration       : 6
Elapsed runtime : 6.330 seconds

New displacement factor 0.3000
New displacement factor 0.000

Starting the Newton-Raphson solver `userModules.solver' ...
module `userModules.solver' : residual scale factor = 9.1141e+02
module `userModules.solver' : iter = 1, scaled residual = 4.0918e-14
The Newton-Raphson solver converged in 1 iterations

Iteration       : 7
Elapsed runtime : 6.419 seconds

New displacement factor 0.3500
New displacement factor 0.000

Starting the Newton-Raphson solver `userModules.solver' ...
module `userModules.solver' : residual scale factor = 1.0649e+03
module `userModules.solver' : iter = 1, scaled residual = 2.1159e-14
The Newton-Raphson solver converged in 1 iterations

Iteration       : 8
Elapsed runtime : 6.509 seconds

New displacement factor 0.4000
New displacement factor 0.000

Starting the Newton-Raphson solver `userModules.solver' ...
module `userModules.solver' : residual scale factor = 1.2188e+03
module `userModules.solver' : iter = 1, scaled residual = 1.8740e-14
The Newton-Raphson solver converged in 1 iterations

Iteration       : 9
Elapsed runtime : 6.600 seconds

New displacement factor 0.4500
New displacement factor 0.000

Starting the Newton-Raphson solver `userModules.solver' ...
module `userModules.solver' : residual scale factor = 1.3731e+03
module `userModules.solver' : iter = 1, scaled residual = 8.5287e-15
The Newton-Raphson solver converged in 1 iterations

Iteration       : 10
Elapsed runtime : 6.694 seconds

New displacement factor 0.5000
New displacement factor 0.000

Starting the Newton-Raphson solver `userModules.solver' ...
module `userModules.solver' : residual scale factor = 1.5279e+03
module `userModules.solver' : iter = 1, scaled residual = 1.7915e-14
The Newton-Raphson solver converged in 1 iterations

Iteration       : 11
Elapsed runtime : 6.784 seconds

New displacement factor 0.5500
New displacement factor 0.000

Starting the Newton-Raphson solver `userModules.solver' ...
module `userModules.solver' : residual scale factor = 1.6831e+03
module `userModules.solver' : iter = 1, scaled residual = 1.9157e-14
The Newton-Raphson solver converged in 1 iterations

Iteration       : 12
Elapsed runtime : 6.873 seconds

New displacement factor 0.6000
New displacement factor 0.000

Starting the Newton-Raphson solver `userModules.solver' ...
module `userModules.solver' : residual scale factor = 1.8387e+03
module `userModules.solver' : iter = 1, scaled residual = 3.0637e-14
The Newton-Raphson solver converged in 1 iterations

Iteration       : 13
Elapsed runtime : 6.963 seconds

New displacement factor 0.6500
New displacement factor 0.000

Starting the Newton-Raphson solver `userModules.solver' ...
module `userModules.solver' : residual scale factor = 1.9948e+03
module `userModules.solver' : iter = 1, scaled residual = 3.0771e-14
The Newton-Raphson solver converged in 1 iterations

Iteration       : 14
Elapsed runtime : 7.053 seconds

New displacement factor 0.7000
New displacement factor 0.000

Starting the Newton-Raphson solver `userModules.solver' ...
module `userModules.solver' : residual scale factor = 2.1513e+03
module `userModules.solver' : iter = 1, scaled residual = 1.9056e-14
The Newton-Raphson solver converged in 1 iterations

Iteration       : 15
Elapsed runtime : 7.142 seconds

New displacement factor 0.7500
New displacement factor 0.000

Starting the Newton-Raphson solver `userModules.solver' ...
module `userModules.solver' : residual scale factor = 2.3083e+03
module `userModules.solver' : iter = 1, scaled residual = 1.5978e-14
The Newton-Raphson solver converged in 1 iterations

Iteration       : 16
Elapsed runtime : 7.232 seconds

New displacement factor 0.8000
New displacement factor 0.000

Starting the Newton-Raphson solver `userModules.solver' ...
module `userModules.solver' : residual scale factor = 2.4657e+03
module `userModules.solver' : iter = 1, scaled residual = 5.3169e-15
The Newton-Raphson solver converged in 1 iterations

Iteration       : 17
Elapsed runtime : 7.322 seconds

New displacement factor 0.8500
New displacement factor 0.000

Starting the Newton-Raphson solver `userModules.solver' ...
module `userModules.solver' : residual scale factor = 2.6235e+03
module `userModules.solver' : iter = 1, scaled residual = 1.0604e-14
The Newton-Raphson solver converged in 1 iterations

Iteration       : 18
Elapsed runtime : 7.411 seconds

New displacement factor 0.9000
New displacement factor 0.000

Starting the Newton-Raphson solver `userModules.solver' ...
module `userModules.solver' : residual scale factor = 2.7818e+03
module `userModules.solver' : iter = 1, scaled residual = 9.1118e-15
The Newton-Raphson solver converged in 1 iterations

Iteration       : 19
Elapsed runtime : 7.501 seconds

New displacement factor 0.9500
New displacement factor 0.000

Starting the Newton-Raphson solver `userModules.solver' ...
module `userModules.solver' : residual scale factor = 2.9405e+03
module `userModules.solver' : iter = 1, scaled residual = 2.2865e-14
The Newton-Raphson solver converged in 1 iterations

Iteration       : 20
Elapsed runtime : 7.591 seconds

New displacement factor 1.000
New displacement factor 0.000

Starting the Newton-Raphson solver `userModules.solver' ...
module `userModules.solver' : residual scale factor = 3.0996e+03
module `userModules.solver' : iter = 1, scaled residual = 1.9853e-14
The Newton-Raphson solver converged in 1 iterations

Iteration       : 21
Elapsed runtime : 7.682 seconds

New displacement factor 1.050
New displacement factor 0.000

Starting the Newton-Raphson solver `userModules.solver' ...
module `userModules.solver' : residual scale factor = 3.2592e+03
module `userModules.solver' : iter = 1, scaled residual = 1.7245e-14
The Newton-Raphson solver converged in 1 iterations

Iteration       : 22
Elapsed runtime : 7.771 seconds

New displacement factor 1.100
New displacement factor 0.000

Starting the Newton-Raphson solver `userModules.solver' ...
module `userModules.solver' : residual scale factor = 3.4192e+03
module `userModules.solver' : iter = 1, scaled residual = 1.7878e-14
The Newton-Raphson solver converged in 1 iterations

Iteration       : 23
Elapsed runtime : 7.861 seconds

New displacement factor 1.150
New displacement factor 0.000

Starting the Newton-Raphson solver `userModules.solver' ...
module `userModules.solver' : residual scale factor = 3.5797e+03
module `userModules.solver' : iter = 1, scaled residual = 9.1194e-15
The Newton-Raphson solver converged in 1 iterations

Iteration       : 24
Elapsed runtime : 7.952 seconds

New displacement factor 1.200
New displacement factor 0.000

Starting the Newton-Raphson solver `userModules.solver' ...
module `userModules.solver' : residual scale factor = 3.7406e+03
module `userModules.solver' : iter = 1, scaled residual = 1.2640e-14
The Newton-Raphson solver converged in 1 iterations

Iteration       : 25
Elapsed runtime : 8.041 seconds

New displacement factor 1.250
New displacement factor 0.000

Starting the Newton-Raphson solver `userModules.solver' ...
module `userModules.solver' : residual scale factor = 3.9020e+03
module `userModules.solver' : iter = 1, scaled residual = 7.7653e-15
The Newton-Raphson solver converged in 1 iterations

Iteration       : 26
Elapsed runtime : 8.131 seconds

New displacement factor 1.300
New displacement factor 0.000

Starting the Newton-Raphson solver `userModules.solver' ...
module `userModules.solver' : residual scale factor = 4.0637e+03
module `userModules.solver' : iter = 1, scaled residual = 1.7005e-14
The Newton-Raphson solver converged in 1 iterations

Iteration       : 27
Elapsed runtime : 8.220 seconds

New displacement factor 1.350
New displacement factor 0.000

Starting the Newton-Raphson solver `userModules.solver' ...
module `userModules.solver' : residual scale factor = 4.2260e+03
module `userModules.solver' : iter = 1, scaled residual = 1.1667e-14
The Newton-Raphson solver converged in 1 iterations

Iteration       : 28
Elapsed runtime : 8.309 seconds

New displacement factor 1.400
New displacement factor 0.000

Starting the Newton-Raphson solver `userModules.solver' ...
module `userModules.solver' : residual scale factor = 4.3886e+03
module `userModules.solver' : iter = 1, scaled residual = 1.5784e-14
The Newton-Raphson solver converged in 1 iterations

Iteration       : 29
Elapsed runtime : 8.399 seconds

New displacement factor 1.450
New displacement factor 0.000

Starting the Newton-Raphson solver `userModules.solver' ...
module `userModules.solver' : residual scale factor = 4.5517e+03
module `userModules.solver' : iter = 1, scaled residual = 1.5005e-14
The Newton-Raphson solver converged in 1 iterations

Iteration       : 30
Elapsed runtime : 8.487 seconds

New displacement factor 1.500
New displacement factor 0.000

Starting the Newton-Raphson solver `userModules.solver' ...
module `userModules.solver' : residual scale factor = 4.7153e+03
module `userModules.solver' : iter = 1, scaled residual = 1.3017e-14
The Newton-Raphson solver converged in 1 iterations

Iteration       : 31
Elapsed runtime : 8.577 seconds

New displacement factor 1.550
New displacement factor 0.000

Starting the Newton-Raphson solver `userModules.solver' ...
module `userModules.solver' : residual scale factor = 4.8793e+03
module `userModules.solver' : iter = 1, scaled residual = 1.5617e-14
The Newton-Raphson solver converged in 1 iterations

Iteration       : 32
Elapsed runtime : 8.671 seconds

New displacement factor 1.600
New displacement factor 0.000

Starting the Newton-Raphson solver `userModules.solver' ...
module `userModules.solver' : residual scale factor = 5.1812e+03
module `userModules.solver' : iter = 1, scaled residual = 1.0624e-14
The Newton-Raphson solver converged in 1 iterations

Iteration       : 33
Elapsed runtime : 8.761 seconds

New displacement factor 1.650
New displacement factor 0.000

Starting the Newton-Raphson solver `userModules.solver' ...
module `userModules.solver' : residual scale factor = 5.5349e+03
module `userModules.solver' : iter = 1, scaled residual = 1.9404e-14
The Newton-Raphson solver converged in 1 iterations

Iteration       : 34
Elapsed runtime : 8.851 seconds

New displacement factor 1.700
New displacement factor 0.000

Starting the Newton-Raphson solver `userModules.solver' ...
module `userModules.solver' : residual scale factor = 5.8906e+03
module `userModules.solver' : iter = 1, scaled residual = 2.4812e-14
The Newton-Raphson solver converged in 1 iterations

Iteration       : 35
Elapsed runtime : 8.940 seconds

New displacement factor 1.750
New displacement factor 0.000

Starting the Newton-Raphson solver `userModules.solver' ...
module `userModules.solver' : residual scale factor = 6.2481e+03
module `userModules.solver' : iter = 1, scaled residual = 2.5288e-14
The Newton-Raphson solver converged in 1 iterations

Iteration       : 36
Elapsed runtime : 9.029 seconds

New displacement factor 1.800
New displacement factor 0.000

Starting the Newton-Raphson solver `userModules.solver' ...
module `userModules.solver' : residual scale factor = 6.6075e+03
module `userModules.solver' : iter = 1, scaled residual = 3.4468e-14
The Newton-Raphson solver converged in 1 iterations

Iteration       : 37
Elapsed runtime : 9.119 seconds

New displacement factor 1.850
New displacement factor 0.000

Starting the Newton-Raphson solver `userModules.solver' ...
module `userModules.solver' : residual scale factor = 6.9689e+03
module `userModules.solver' : iter = 1, scaled residual = 4.2720e-14
The Newton-Raphson solver converged in 1 iterations

Iteration       : 38
Elapsed runtime : 9.209 seconds

New displacement factor 1.900
New displacement factor 0.000

Starting the Newton-Raphson solver `userModules.solver' ...
module `userModules.solver' : residual scale factor = 7.3322e+03
module `userModules.solver' : iter = 1, scaled residual = 4.5461e-14
The Newton-Raphson solver converged in 1 iterations

Iteration       : 39
Elapsed runtime : 9.298 seconds

New displacement factor 1.950
New displacement factor 0.000

Starting the Newton-Raphson solver `userModules.solver' ...
module `userModules.solver' : residual scale factor = 7.6974e+03
module `userModules.solver' : iter = 1, scaled residual = 4.5867e-14
The Newton-Raphson solver converged in 1 iterations

Iteration       : 40
Elapsed runtime : 9.388 seconds

New displacement factor 2.000
New displacement factor 0.000

Starting the Newton-Raphson solver `userModules.solver' ...
module `userModules.solver' : residual scale factor = 8.0646e+03
module `userModules.solver' : iter = 1, scaled residual = 4.8565e-14
The Newton-Raphson solver converged in 1 iterations

Iteration       : 41
Elapsed runtime : 9.478 seconds

New displacement factor 2.050
New displacement factor 0.000

Starting the Newton-Raphson solver `userModules.solver' ...
module `userModules.solver' : residual scale factor = 8.4337e+03
module `userModules.solver' : iter = 1, scaled residual = 5.2435e-14
The Newton-Raphson solver converged in 1 iterations

Iteration       : 42
Elapsed runtime : 9.568 seconds

New displacement factor 2.100
New displacement factor 0.000

Starting the Newton-Raphson solver `userModules.solver' ...
module `userModules.solver' : residual scale factor = 8.8048e+03
module `userModules.solver' : iter = 1, scaled residual = 5.3445e-14
The Newton-Raphson solver converged in 1 iterations

Iteration       : 43
Elapsed runtime : 9.657 seconds

New displacement factor 2.150
New displacement factor 0.000

Starting the Newton-Raphson solver `userModules.solver' ...
module `userModules.solver' : residual scale factor = 9.1779e+03
module `userModules.solver' : iter = 1, scaled residual = 5.2846e-14
The Newton-Raphson solver converged in 1 iterations

Iteration       : 44
Elapsed runtime : 9.747 seconds

New displacement factor 2.200
New displacement factor 0.000

Starting the Newton-Raphson solver `userModules.solver' ...
module `userModules.solver' : residual scale factor = 9.5529e+03
module `userModules.solver' : iter = 1, scaled residual = 5.2830e-14
The Newton-Raphson solver converged in 1 iterations

Iteration       : 45
Elapsed runtime : 9.836 seconds

New displacement factor 2.250
New displacement factor 0.000

Starting the Newton-Raphson solver `userModules.solver' ...
module `userModules.solver' : residual scale factor = 9.9300e+03
module `userModules.solver' : iter = 1, scaled residual = 5.2323e-14
The Newton-Raphson solver converged in 1 iterations

Iteration       : 46
Elapsed runtime : 9.926 seconds

New displacement factor 2.300
New displacement factor 0.000

Starting the Newton-Raphson solver `userModules.solver' ...
module `userModules.solver' : residual scale factor = 1.0309e+04
module `userModules.solver' : iter = 1, scaled residual = 5.1632e-14
The Newton-Raphson solver converged in 1 iterations

Iteration       : 47
Elapsed runtime : 10.02 seconds

New displacement factor 2.350
New displacement factor 0.000

Starting the Newton-Raphson solver `userModules.solver' ...
module `userModules.solver' : residual scale factor = 1.0690e+04
module `userModules.solver' : iter = 1, scaled residual = 4.9588e-14
The Newton-Raphson solver converged in 1 iterations

Iteration       : 48
Elapsed runtime : 10.10 seconds

New displacement factor 2.400
New displacement factor 0.000

Starting the Newton-Raphson solver `userModules.solver' ...
module `userModules.solver' : residual scale factor = 1.1073e+04
module `userModules.solver' : iter = 1, scaled residual = 4.5752e-14
The Newton-Raphson solver converged in 1 iterations

Iteration       : 49
Elapsed runtime : 10.19 seconds

New displacement factor 2.450
New displacement factor 0.000

Starting the Newton-Raphson solver `userModules.solver' ...
module `userModules.solver' : residual scale factor = 1.1458e+04
module `userModules.solver' : iter = 1, scaled residual = 4.3358e-14
The Newton-Raphson solver converged in 1 iterations

Iteration       : 50
Elapsed runtime : 10.28 seconds

New displacement factor 2.500
New displacement factor 0.000

Starting the Newton-Raphson solver `userModules.solver' ...
module `userModules.solver' : residual scale factor = 1.1846e+04
module `userModules.solver' : iter = 1, scaled residual = 4.5294e-14
The Newton-Raphson solver converged in 1 iterations

Iteration       : 51
Elapsed runtime : 10.37 seconds

New displacement factor 2.550
New displacement factor 0.000

Starting the Newton-Raphson solver `userModules.solver' ...
module `userModules.solver' : residual scale factor = 1.2235e+04
module `userModules.solver' : iter = 1, scaled residual = 4.7020e-14
The Newton-Raphson solver converged in 1 iterations

Iteration       : 52
Elapsed runtime : 10.46 seconds

New displacement factor 2.600
New displacement factor 0.000

Starting the Newton-Raphson solver `userModules.solver' ...
module `userModules.solver' : residual scale factor = 1.2626e+04
module `userModules.solver' : iter = 1, scaled residual = 5.0324e-14
The Newton-Raphson solver converged in 1 iterations

Iteration       : 53
Elapsed runtime : 10.55 seconds

New displacement factor 2.650
New displacement factor 0.000

Starting the Newton-Raphson solver `userModules.solver' ...
module `userModules.solver' : residual scale factor = 1.3020e+04
module `userModules.solver' : iter = 1, scaled residual = 5.2376e-14
The Newton-Raphson solver converged in 1 iterations

Iteration       : 54
Elapsed runtime : 10.64 seconds

New displacement factor 2.700
New displacement factor 0.000

Starting the Newton-Raphson solver `userModules.solver' ...
module `userModules.solver' : residual scale factor = 1.3415e+04
module `userModules.solver' : iter = 1, scaled residual = 5.4982e-14
The Newton-Raphson solver converged in 1 iterations

Iteration       : 55
Elapsed runtime : 10.73 seconds

New displacement factor 2.750
New displacement factor 0.000

Starting the Newton-Raphson solver `userModules.solver' ...
module `userModules.solver' : residual scale factor = 1.3813e+04
module `userModules.solver' : iter = 1, scaled residual = 5.6859e-14
The Newton-Raphson solver converged in 1 iterations

Iteration       : 56
Elapsed runtime : 10.82 seconds

New displacement factor 2.800
New displacement factor 0.000

Starting the Newton-Raphson solver `userModules.solver' ...
module `userModules.solver' : residual scale factor = 1.4213e+04
module `userModules.solver' : iter = 1, scaled residual = 5.5523e-14
The Newton-Raphson solver converged in 1 iterations

Iteration       : 57
Elapsed runtime : 10.91 seconds

New displacement factor 2.850
New displacement factor 0.000

Starting the Newton-Raphson solver `userModules.solver' ...
module `userModules.solver' : residual scale factor = 1.4615e+04
module `userModules.solver' : iter = 1, scaled residual = 5.5375e-14
The Newton-Raphson solver converged in 1 iterations

Iteration       : 58
Elapsed runtime : 11.00 seconds

New displacement factor 2.900
New displacement factor 0.000

Starting the Newton-Raphson solver `userModules.solver' ...
module `userModules.solver' : residual scale factor = 1.5019e+04
module `userModules.solver' : iter = 1, scaled residual = 5.5189e-14
The Newton-Raphson solver converged in 1 iterations

Iteration       : 59
Elapsed runtime : 11.09 seconds

New displacement factor 2.950
New displacement factor 0.000

Starting the Newton-Raphson solver `userModules.solver' ...
module `userModules.solver' : residual scale factor = 1.5425e+04
module `userModules.solver' : iter = 1, scaled residual = 5.6416e-14
The Newton-Raphson solver converged in 1 iterations

Iteration       : 60
Elapsed runtime : 11.18 seconds

New displacement factor 3.000
New displacement factor 0.000

Starting the Newton-Raphson solver `userModules.solver' ...
module `userModules.solver' : residual scale factor = 1.5834e+04
module `userModules.solver' : iter = 1, scaled residual = 5.6641e-14
The Newton-Raphson solver converged in 1 iterations

Iteration       : 61
Elapsed runtime : 11.27 seconds

New displacement factor 3.050
New displacement factor 0.000

Starting the Newton-Raphson solver `userModules.solver' ...
module `userModules.solver' : residual scale factor = 1.6244e+04
module `userModules.solver' : iter = 1, scaled residual = 5.6577e-14
The Newton-Raphson solver converged in 1 iterations

Iteration       : 62
Elapsed runtime : 11.36 seconds

New displacement factor 3.100
New displacement factor 0.000

Starting the Newton-Raphson solver `userModules.solver' ...
module `userModules.solver' : residual scale factor = 1.6657e+04
module `userModules.solver' : iter = 1, scaled residual = 5.7442e-14
The Newton-Raphson solver converged in 1 iterations

Iteration       : 63
Elapsed runtime : 11.45 seconds

New displacement factor 3.150
New displacement factor 0.000

Starting the Newton-Raphson solver `userModules.solver' ...
module `userModules.solver' : residual scale factor = 1.7072e+04
module `userModules.solver' : iter = 1, scaled residual = 5.7189e-14
The Newton-Raphson solver converged in 1 iterations

Iteration       : 64
Elapsed runtime : 11.54 seconds

New displacement factor 3.200
New displacement factor 0.000

Starting the Newton-Raphson solver `userModules.solver' ...
module `userModules.solver' : residual scale factor = 1.7489e+04
module `userModules.solver' : iter = 1, scaled residual = 5.7757e-14
The Newton-Raphson solver converged in 1 iterations

Iteration       : 65
Elapsed runtime : 11.63 seconds

New displacement factor 3.250
New displacement factor 0.000

Starting the Newton-Raphson solver `userModules.solver' ...
module `userModules.solver' : residual scale factor = 1.7909e+04
module `userModules.solver' : iter = 1, scaled residual = 5.8279e-14
The Newton-Raphson solver converged in 1 iterations

Iteration       : 66
Elapsed runtime : 11.72 seconds

New displacement factor 3.300
New displacement factor 0.000

Starting the Newton-Raphson solver `userModules.solver' ...
module `userModules.solver' : residual scale factor = 1.8331e+04
module `userModules.solver' : iter = 1, scaled residual = 6.1887e-14
The Newton-Raphson solver converged in 1 iterations

Iteration       : 67
Elapsed runtime : 11.81 seconds

New displacement factor 3.350
New displacement factor 0.000

Starting the Newton-Raphson solver `userModules.solver' ...
module `userModules.solver' : residual scale factor = 1.8755e+04
module `userModules.solver' : iter = 1, scaled residual = 6.4976e-14
The Newton-Raphson solver converged in 1 iterations

Iteration       : 68
Elapsed runtime : 11.90 seconds

New displacement factor 3.400
New displacement factor 0.000

Starting the Newton-Raphson solver `userModules.solver' ...
module `userModules.solver' : residual scale factor = 1.9181e+04
module `userModules.solver' : iter = 1, scaled residual = 6.8155e-14
The Newton-Raphson solver converged in 1 iterations

Iteration       : 69
Elapsed runtime : 11.99 seconds

New displacement factor 3.450
New displacement factor 0.000

Starting the Newton-Raphson solver `userModules.solver' ...
module `userModules.solver' : residual scale factor = 1.9610e+04
module `userModules.solver' : iter = 1, scaled residual = 7.0727e-14
The Newton-Raphson solver converged in 1 iterations

Iteration       : 70
Elapsed runtime : 12.08 seconds

New displacement factor 3.500
New displacement factor 0.000

Starting the Newton-Raphson solver `userModules.solver' ...
module `userModules.solver' : residual scale factor = 2.0040e+04
module `userModules.solver' : iter = 1, scaled residual = 7.5285e-14
The Newton-Raphson solver converged in 1 iterations

Iteration       : 71
Elapsed runtime : 12.17 seconds

New displacement factor 3.550
New displacement factor 0.000

Starting the Newton-Raphson solver `userModules.solver' ...
module `userModules.solver' : residual scale factor = 2.0474e+04
module `userModules.solver' : iter = 1, scaled residual = 7.9378e-14
The Newton-Raphson solver converged in 1 iterations

Iteration       : 72
Elapsed runtime : 12.26 seconds

New displacement factor 3.600
New displacement factor 0.000

Starting the Newton-Raphson solver `userModules.solver' ...
module `userModules.solver' : residual scale factor = 2.0909e+04
module `userModules.solver' : iter = 1, scaled residual = 8.4476e-14
The Newton-Raphson solver converged in 1 iterations

Iteration       : 73
Elapsed runtime : 12.35 seconds

New displacement factor 3.650
New displacement factor 0.000

Starting the Newton-Raphson solver `userModules.solver' ...
module `userModules.solver' : residual scale factor = 2.1347e+04
module `userModules.solver' : iter = 1, scaled residual = 9.0597e-14
The Newton-Raphson solver converged in 1 iterations

Iteration       : 74
Elapsed runtime : 12.44 seconds

New displacement factor 3.700
New displacement factor 0.000

Starting the Newton-Raphson solver `userModules.solver' ...
module `userModules.solver' : residual scale factor = 2.1787e+04
module `userModules.solver' : iter = 1, scaled residual = 9.6900e-14
The Newton-Raphson solver converged in 1 iterations

Iteration       : 75
Elapsed runtime : 12.53 seconds

New displacement factor 3.750
New displacement factor 0.000

Starting the Newton-Raphson solver `userModules.solver' ...
module `userModules.solver' : residual scale factor = 2.2230e+04
module `userModules.solver' : iter = 1, scaled residual = 1.0470e-13
The Newton-Raphson solver converged in 1 iterations

Iteration       : 76
Elapsed runtime : 12.62 seconds

New displacement factor 3.800
New displacement factor 0.000

Starting the Newton-Raphson solver `userModules.solver' ...
module `userModules.solver' : residual scale factor = 2.2675e+04
module `userModules.solver' : iter = 1, scaled residual = 1.1415e-13
The Newton-Raphson solver converged in 1 iterations

Iteration       : 77
Elapsed runtime : 12.71 seconds

New displacement factor 3.850
New displacement factor 0.000

Starting the Newton-Raphson solver `userModules.solver' ...
module `userModules.solver' : residual scale factor = 2.3123e+04
module `userModules.solver' : iter = 1, scaled residual = 1.2444e-13
The Newton-Raphson solver converged in 1 iterations

Iteration       : 78
Elapsed runtime : 12.80 seconds

New displacement factor 3.900
New displacement factor 0.000

Starting the Newton-Raphson solver `userModules.solver' ...
module `userModules.solver' : residual scale factor = 2.3572e+04
module `userModules.solver' : iter = 1, scaled residual = 1.3491e-13
The Newton-Raphson solver converged in 1 iterations

Iteration       : 79
Elapsed runtime : 12.89 seconds

New displacement factor 3.950
New displacement factor 0.000

Starting the Newton-Raphson solver `userModules.solver' ...
module `userModules.solver' : residual scale factor = 2.4025e+04
module `userModules.solver' : iter = 1, scaled residual = 1.4710e-13
The Newton-Raphson solver converged in 1 iterations

Iteration       : 80
Elapsed runtime : 12.98 seconds

New displacement factor 4.000
New displacement factor 0.000

Starting the Newton-Raphson solver `userModules.solver' ...
module `userModules.solver' : residual scale factor = 2.4479e+04
module `userModules.solver' : iter = 1, scaled residual = 1.6157e-13
The Newton-Raphson solver converged in 1 iterations

Iteration       : 81
Elapsed runtime : 13.07 seconds

New displacement factor 4.050
New displacement factor 0.000

Starting the Newton-Raphson solver `userModules.solver' ...
module `userModules.solver' : residual scale factor = 2.4937e+04
module `userModules.solver' : iter = 1, scaled residual = 1.7765e-13
The Newton-Raphson solver converged in 1 iterations

Iteration       : 82
Elapsed runtime : 13.16 seconds

New displacement factor 4.100
New displacement factor 0.000

Starting the Newton-Raphson solver `userModules.solver' ...
module `userModules.solver' : residual scale factor = 2.5396e+04
module `userModules.solver' : iter = 1, scaled residual = 1.9693e-13
The Newton-Raphson solver converged in 1 iterations

Iteration       : 83
Elapsed runtime : 13.24 seconds

New displacement factor 4.150
New displacement factor 0.000

Starting the Newton-Raphson solver `userModules.solver' ...
module `userModules.solver' : residual scale factor = 2.5859e+04
module `userModules.solver' : iter = 1, scaled residual = 2.1888e-13
The Newton-Raphson solver converged in 1 iterations

Iteration       : 84
Elapsed runtime : 13.33 seconds

New displacement factor 4.200
New displacement factor 0.000

Starting the Newton-Raphson solver `userModules.solver' ...
module `userModules.solver' : residual scale factor = 2.6323e+04
module `userModules.solver' : iter = 1, scaled residual = 2.4339e-13
The Newton-Raphson solver converged in 1 iterations

Iteration       : 85
Elapsed runtime : 13.42 seconds

New displacement factor 4.250
New displacement factor 0.000

Starting the Newton-Raphson solver `userModules.solver' ...
module `userModules.solver' : residual scale factor = 2.6791e+04
module `userModules.solver' : iter = 1, scaled residual = 2.7236e-13
The Newton-Raphson solver converged in 1 iterations

Iteration       : 86
Elapsed runtime : 13.51 seconds

New displacement factor 4.300
New displacement factor 0.000

Starting the Newton-Raphson solver `userModules.solver' ...
module `userModules.solver' : residual scale factor = 2.7260e+04
module `userModules.solver' : iter = 1, scaled residual = 3.0649e-13
The Newton-Raphson solver converged in 1 iterations

Iteration       : 87
Elapsed runtime : 13.60 seconds

New displacement factor 4.350
New displacement factor 0.000

Starting the Newton-Raphson solver `userModules.solver' ...
module `userModules.solver' : residual scale factor = 2.7733e+04
module `userModules.solver' : iter = 1, scaled residual = 3.4520e-13
The Newton-Raphson solver converged in 1 iterations

Iteration       : 88
Elapsed runtime : 13.70 seconds

New displacement factor 4.400
New displacement factor 0.000

Starting the Newton-Raphson solver `userModules.solver' ...
module `userModules.solver' : residual scale factor = 2.8208e+04
module `userModules.solver' : iter = 1, scaled residual = 3.9062e-13
The Newton-Raphson solver converged in 1 iterations

Iteration       : 89
Elapsed runtime : 13.79 seconds

New displacement factor 4.450
New displacement factor 0.000

Starting the Newton-Raphson solver `userModules.solver' ...
module `userModules.solver' : residual scale factor = 2.8685e+04
module `userModules.solver' : iter = 1, scaled residual = 4.4326e-13
The Newton-Raphson solver converged in 1 iterations

Iteration       : 90
Elapsed runtime : 13.88 seconds

New displacement factor 4.500
New displacement factor 0.000

Starting the Newton-Raphson solver `userModules.solver' ...
module `userModules.solver' : residual scale factor = 2.9165e+04
module `userModules.solver' : iter = 1, scaled residual = 5.0461e-13
The Newton-Raphson solver converged in 1 iterations

Iteration       : 91
Elapsed runtime : 13.97 seconds

New displacement factor 4.550
New displacement factor 0.000

Starting the Newton-Raphson solver `userModules.solver' ...
module `userModules.solver' : residual scale factor = 2.9648e+04
module `userModules.solver' : iter = 1, scaled residual = 5.7645e-13
The Newton-Raphson solver converged in 1 iterations

Iteration       : 92
Elapsed runtime : 14.06 seconds

New displacement factor 4.600
New displacement factor 0.000

Starting the Newton-Raphson solver `userModules.solver' ...
module `userModules.solver' : residual scale factor = 3.0133e+04
module `userModules.solver' : iter = 1, scaled residual = 6.6087e-13
The Newton-Raphson solver converged in 1 iterations

Iteration       : 93
Elapsed runtime : 14.15 seconds

New displacement factor 4.650
New displacement factor 0.000

Starting the Newton-Raphson solver `userModules.solver' ...
module `userModules.solver' : residual scale factor = 3.0621e+04
module `userModules.solver' : iter = 1, scaled residual = 7.5953e-13
The Newton-Raphson solver converged in 1 iterations

Iteration       : 94
Elapsed runtime : 14.24 seconds

New displacement factor 4.700
New displacement factor 0.000

Starting the Newton-Raphson solver `userModules.solver' ...
module `userModules.solver' : residual scale factor = 3.1112e+04
module `userModules.solver' : iter = 1, scaled residual = 8.7591e-13
The Newton-Raphson solver converged in 1 iterations

Iteration       : 95
Elapsed runtime : 14.33 seconds

New displacement factor 4.750
New displacement factor 0.000

Starting the Newton-Raphson solver `userModules.solver' ...
module `userModules.solver' : residual scale factor = 3.1606e+04
module `userModules.solver' : iter = 1, scaled residual = 1.0138e-12
The Newton-Raphson solver converged in 1 iterations

Iteration       : 96
Elapsed runtime : 14.42 seconds

New displacement factor 4.800
New displacement factor 0.000

Starting the Newton-Raphson solver `userModules.solver' ...
module `userModules.solver' : residual scale factor = 3.2102e+04
module `userModules.solver' : iter = 1, scaled residual = 1.1769e-12
The Newton-Raphson solver converged in 1 iterations

Iteration       : 97
Elapsed runtime : 14.51 seconds

New displacement factor 4.850
New displacement factor 0.000

Starting the Newton-Raphson solver `userModules.solver' ...
module `userModules.solver' : residual scale factor = 3.2600e+04
module `userModules.solver' : iter = 1, scaled residual = 1.3710e-12
The Newton-Raphson solver converged in 1 iterations

Iteration       : 98
Elapsed runtime : 14.60 seconds

New displacement factor 4.900
New displacement factor 0.000

Starting the Newton-Raphson solver `userModules.solver' ...
module `userModules.solver' : residual scale factor = 3.3102e+04
module `userModules.solver' : iter = 1, scaled residual = 1.6013e-12
The Newton-Raphson solver converged in 1 iterations

Iteration       : 99
Elapsed runtime : 14.69 seconds

New displacement factor 4.950
New displacement factor 0.000

Starting the Newton-Raphson solver `userModules.solver' ...
module `userModules.solver' : residual scale factor = 3.3606e+04
module `userModules.solver' : iter = 1, scaled residual = 1.8756e-12
The Newton-Raphson solver converged in 1 iterations

Iteration       : 100
Elapsed runtime : 14.78 seconds

New displacement factor 5.000
New displacement factor 0.000

Starting the Newton-Raphson solver `userModules.solver' ...
module `userModules.solver' : residual scale factor = 3.4114e+04
module `userModules.solver' : iter = 1, scaled residual = 2.2044e-12
The Newton-Raphson solver converged in 1 iterations

Iteration       : 101
Elapsed runtime : 14.87 seconds

New displacement factor 5.050
New displacement factor 0.000

Starting the Newton-Raphson solver `userModules.solver' ...
module `userModules.solver' : residual scale factor = 3.4624e+04
module `userModules.solver' : iter = 1, scaled residual = 2.5981e-12
The Newton-Raphson solver converged in 1 iterations

Iteration       : 102
Elapsed runtime : 14.96 seconds

New displacement factor 5.100
New displacement factor 0.000

Starting the Newton-Raphson solver `userModules.solver' ...
module `userModules.solver' : residual scale factor = 3.5136e+04
module `userModules.solver' : iter = 1, scaled residual = 3.0711e-12
The Newton-Raphson solver converged in 1 iterations

Iteration       : 103
Elapsed runtime : 15.05 seconds

New displacement factor 5.150
New displacement factor 0.000

Starting the Newton-Raphson solver `userModules.solver' ...
module `userModules.solver' : residual scale factor = 3.5652e+04
module `userModules.solver' : iter = 1, scaled residual = 3.6413e-12
The Newton-Raphson solver converged in 1 iterations

Iteration       : 104
Elapsed runtime : 15.14 seconds

New displacement factor 5.200
New displacement factor 0.000

Starting the Newton-Raphson solver `userModules.solver' ...
module `userModules.solver' : residual scale factor = 3.6170e+04
module `userModules.solver' : iter = 1, scaled residual = 4.3305e-12
The Newton-Raphson solver converged in 1 iterations

Iteration       : 105
Elapsed runtime : 15.23 seconds

New displacement factor 5.250
New displacement factor 0.000

Starting the Newton-Raphson solver `userModules.solver' ...
module `userModules.solver' : residual scale factor = 3.6692e+04
module `userModules.solver' : iter = 1, scaled residual = 5.1655e-12
The Newton-Raphson solver converged in 1 iterations

Iteration       : 106
Elapsed runtime : 15.32 seconds

New displacement factor 5.300
New displacement factor 0.000

Starting the Newton-Raphson solver `userModules.solver' ...
module `userModules.solver' : residual scale factor = 3.7216e+04
module `userModules.solver' : iter = 1, scaled residual = 6.1792e-12
The Newton-Raphson solver converged in 1 iterations

Iteration       : 107
Elapsed runtime : 15.41 seconds

New displacement factor 5.350
New displacement factor 0.000

Starting the Newton-Raphson solver `userModules.solver' ...
module `userModules.solver' : residual scale factor = 3.7743e+04
module `userModules.solver' : iter = 1, scaled residual = 7.4141e-12
The Newton-Raphson solver converged in 1 iterations

Iteration       : 108
Elapsed runtime : 15.50 seconds

New displacement factor 5.400
New displacement factor 0.000

Starting the Newton-Raphson solver `userModules.solver' ...
module `userModules.solver' : residual scale factor = 3.8273e+04
module `userModules.solver' : iter = 1, scaled residual = 8.9222e-12
The Newton-Raphson solver converged in 1 iterations

Iteration       : 109
Elapsed runtime : 15.59 seconds

New displacement factor 5.450
New displacement factor 0.000

Starting the Newton-Raphson solver `userModules.solver' ...
module `userModules.solver' : residual scale factor = 3.8806e+04
module `userModules.solver' : iter = 1, scaled residual = 1.0768e-11
The Newton-Raphson solver converged in 1 iterations

Iteration       : 110
Elapsed runtime : 15.68 seconds

New displacement factor 5.500
New displacement factor 0.000

Starting the Newton-Raphson solver `userModules.solver' ...
module `userModules.solver' : residual scale factor = 3.9342e+04
module `userModules.solver' : iter = 1, scaled residual = 1.3033e-11
The Newton-Raphson solver converged in 1 iterations

Iteration       : 111
Elapsed runtime : 15.77 seconds

New displacement factor 5.550
New displacement factor 0.000

Starting the Newton-Raphson solver `userModules.solver' ...
module `userModules.solver' : residual scale factor = 3.9881e+04
module `userModules.solver' : iter = 1, scaled residual = 1.5822e-11
The Newton-Raphson solver converged in 1 iterations

Iteration       : 112
Elapsed runtime : 15.86 seconds

New displacement factor 5.600
New displacement factor 0.000

Starting the Newton-Raphson solver `userModules.solver' ...
module `userModules.solver' : residual scale factor = 4.0423e+04
module `userModules.solver' : iter = 1, scaled residual = 1.9263e-11
The Newton-Raphson solver converged in 1 iterations

Iteration       : 113
Elapsed runtime : 15.95 seconds

New displacement factor 5.650
New displacement factor 0.000

Starting the Newton-Raphson solver `userModules.solver' ...
module `userModules.solver' : residual scale factor = 4.0968e+04
module `userModules.solver' : iter = 1, scaled residual = 2.3521e-11
The Newton-Raphson solver converged in 1 iterations

Iteration       : 114
Elapsed runtime : 16.04 seconds

New displacement factor 5.700
New displacement factor 0.000

Starting the Newton-Raphson solver `userModules.solver' ...
module `userModules.solver' : residual scale factor = 4.1517e+04
module `userModules.solver' : iter = 1, scaled residual = 2.8804e-11
The Newton-Raphson solver converged in 1 iterations

Iteration       : 115
Elapsed runtime : 16.13 seconds

New displacement factor 5.750
New displacement factor 0.000

Starting the Newton-Raphson solver `userModules.solver' ...
module `userModules.solver' : residual scale factor = 4.2068e+04
module `userModules.solver' : iter = 1, scaled residual = 3.5378e-11
The Newton-Raphson solver converged in 1 iterations

Iteration       : 116
Elapsed runtime : 16.22 seconds

New displacement factor 5.800
New displacement factor 0.000

Starting the Newton-Raphson solver `userModules.solver' ...
module `userModules.solver' : residual scale factor = 4.2622e+04
module `userModules.solver' : iter = 1, scaled residual = 4.3580e-11
The Newton-Raphson solver converged in 1 iterations

Iteration       : 117
Elapsed runtime : 16.31 seconds

New displacement factor 5.850
New displacement factor 0.000

Starting the Newton-Raphson solver `userModules.solver' ...
module `userModules.solver' : residual scale factor = 4.3180e+04
module `userModules.solver' : iter = 1, scaled residual = 5.3841e-11
The Newton-Raphson solver converged in 1 iterations

Iteration       : 118
Elapsed runtime : 16.40 seconds

New displacement factor 5.900
New displacement factor 0.000

Starting the Newton-Raphson solver `userModules.solver' ...
module `userModules.solver' : residual scale factor = 4.3740e+04
module `userModules.solver' : iter = 1, scaled residual = 6.6716e-11
The Newton-Raphson solver converged in 1 iterations

Iteration       : 119
Elapsed runtime : 16.49 seconds

New displacement factor 5.950
New displacement factor 0.000

Starting the Newton-Raphson solver `userModules.solver' ...
module `userModules.solver' : residual scale factor = 4.4304e+04
module `userModules.solver' : iter = 1, scaled residual = 8.2914e-11
The Newton-Raphson solver converged in 1 iterations

Iteration       : 120
Elapsed runtime : 16.58 seconds

New displacement factor 6.000
New displacement factor 0.000

Starting the Newton-Raphson solver `userModules.solver' ...
module `userModules.solver' : residual scale factor = 4.4871e+04
module `userModules.solver' : iter = 1, scaled residual = 1.0335e-10
The Newton-Raphson solver converged in 1 iterations

Iteration       : 121
Elapsed runtime : 16.67 seconds

New displacement factor 6.050
New displacement factor 0.000

Starting the Newton-Raphson solver `userModules.solver' ...
module `userModules.solver' : residual scale factor = 4.5441e+04
module `userModules.solver' : iter = 1, scaled residual = 1.2922e-10
The Newton-Raphson solver converged in 1 iterations

Iteration       : 122
Elapsed runtime : 16.76 seconds

New displacement factor 6.100
New displacement factor 0.000

Starting the Newton-Raphson solver `userModules.solver' ...
module `userModules.solver' : residual scale factor = 4.6014e+04
module `userModules.solver' : iter = 1, scaled residual = 1.6204e-10
The Newton-Raphson solver converged in 1 iterations

Iteration       : 123
Elapsed runtime : 16.85 seconds

New displacement factor 6.150
New displacement factor 0.000

Starting the Newton-Raphson solver `userModules.solver' ...
module `userModules.solver' : residual scale factor = 4.6591e+04
module `userModules.solver' : iter = 1, scaled residual = 2.0381e-10
The Newton-Raphson solver converged in 1 iterations

Iteration       : 124
Elapsed runtime : 16.94 seconds

New displacement factor 6.200
New displacement factor 0.000

Starting the Newton-Raphson solver `userModules.solver' ...
module `userModules.solver' : residual scale factor = 4.7171e+04
module `userModules.solver' : iter = 1, scaled residual = 2.5712e-10
The Newton-Raphson solver converged in 1 iterations

Iteration       : 125
Elapsed runtime : 17.03 seconds

New displacement factor 6.250
New displacement factor 0.000

Starting the Newton-Raphson solver `userModules.solver' ...
module `userModules.solver' : residual scale factor = 4.7754e+04
module `userModules.solver' : iter = 1, scaled residual = 3.2537e-10
The Newton-Raphson solver converged in 1 iterations

Iteration       : 126
Elapsed runtime : 17.12 seconds

New displacement factor 6.300
New displacement factor 0.000

Starting the Newton-Raphson solver `userModules.solver' ...
module `userModules.solver' : residual scale factor = 4.8341e+04
module `userModules.solver' : iter = 1, scaled residual = 4.1300e-10
The Newton-Raphson solver converged in 1 iterations

Iteration       : 127
Elapsed runtime : 17.21 seconds

New displacement factor 6.350
New displacement factor 0.000

Starting the Newton-Raphson solver `userModules.solver' ...
module `userModules.solver' : residual scale factor = 4.8930e+04
module `userModules.solver' : iter = 1, scaled residual = 5.2583e-10
The Newton-Raphson solver converged in 1 iterations

Iteration       : 128
Elapsed runtime : 17.30 seconds

New displacement factor 6.400
New displacement factor 0.000

Starting the Newton-Raphson solver `userModules.solver' ...
module `userModules.solver' : residual scale factor = 4.9524e+04
module `userModules.solver' : iter = 1, scaled residual = 6.7156e-10
The Newton-Raphson solver converged in 1 iterations

Iteration       : 129
Elapsed runtime : 17.39 seconds

New displacement factor 6.450
New displacement factor 0.000

Starting the Newton-Raphson solver `userModules.solver' ...
module `userModules.solver' : residual scale factor = 5.0120e+04
module `userModules.solver' : iter = 1, scaled residual = 8.6035e-10
The Newton-Raphson solver converged in 1 iterations

Iteration       : 130
Elapsed runtime : 17.48 seconds

New displacement factor 6.500
New displacement factor 0.000

Starting the Newton-Raphson solver `userModules.solver' ...
module `userModules.solver' : residual scale factor = 5.0720e+04
module `userModules.solver' : iter = 1, scaled residual = 1.1057e-09
The Newton-Raphson solver converged in 1 iterations

Iteration       : 131
Elapsed runtime : 17.57 seconds

New displacement factor 6.550
New displacement factor 0.000

Starting the Newton-Raphson solver `userModules.solver' ...
module `userModules.solver' : residual scale factor = 5.1324e+04
module `userModules.solver' : iter = 1, scaled residual = 1.4254e-09
The Newton-Raphson solver converged in 1 iterations

Iteration       : 132
Elapsed runtime : 17.66 seconds

New displacement factor 6.600
New displacement factor 0.000

Starting the Newton-Raphson solver `userModules.solver' ...
module `userModules.solver' : residual scale factor = 5.1931e+04
module `userModules.solver' : iter = 1, scaled residual = 1.8433e-09
The Newton-Raphson solver converged in 1 iterations

Iteration       : 133
Elapsed runtime : 17.75 seconds

New displacement factor 6.650
New displacement factor 0.000

Starting the Newton-Raphson solver `userModules.solver' ...
module `userModules.solver' : residual scale factor = 5.2541e+04
module `userModules.solver' : iter = 1, scaled residual = 2.3914e-09
The Newton-Raphson solver converged in 1 iterations

Iteration       : 134
Elapsed runtime : 17.84 seconds

New displacement factor 6.700
New displacement factor 0.000

Starting the Newton-Raphson solver `userModules.solver' ...
module `userModules.solver' : residual scale factor = 5.3155e+04
module `userModules.solver' : iter = 1, scaled residual = 3.1123e-09
The Newton-Raphson solver converged in 1 iterations

Iteration       : 135
Elapsed runtime : 17.93 seconds

New displacement factor 6.750
New displacement factor 0.000

Starting the Newton-Raphson solver `userModules.solver' ...
module `userModules.solver' : residual scale factor = 5.3773e+04
module `userModules.solver' : iter = 1, scaled residual = 4.0637e-09
The Newton-Raphson solver converged in 1 iterations

Iteration       : 136
Elapsed runtime : 18.02 seconds

New displacement factor 6.800
New displacement factor 0.000

Starting the Newton-Raphson solver `userModules.solver' ...
module `userModules.solver' : residual scale factor = 5.4394e+04
module `userModules.solver' : iter = 1, scaled residual = 5.3229e-09
The Newton-Raphson solver converged in 1 iterations

Iteration       : 137
Elapsed runtime : 18.11 seconds

New displacement factor 6.850
New displacement factor 0.000

Starting the Newton-Raphson solver `userModules.solver' ...
module `userModules.solver' : residual scale factor = 5.5019e+04
module `userModules.solver' : iter = 1, scaled residual = 6.9951e-09
The Newton-Raphson solver converged in 1 iterations

Iteration       : 138
Elapsed runtime : 18.20 seconds

New displacement factor 6.900
New displacement factor 0.000

Starting the Newton-Raphson solver `userModules.solver' ...
module `userModules.solver' : residual scale factor = 5.5647e+04
module `userModules.solver' : iter = 1, scaled residual = 9.2225e-09
The Newton-Raphson solver converged in 1 iterations

Iteration       : 139
Elapsed runtime : 18.29 seconds

New displacement factor 6.950
New displacement factor 0.000

Starting the Newton-Raphson solver `userModules.solver' ...
module `userModules.solver' : residual scale factor = 5.6279e+04
module `userModules.solver' : iter = 1, scaled residual = 1.2199e-08
The Newton-Raphson solver converged in 1 iterations

Iteration       : 140
Elapsed runtime : 18.38 seconds

New displacement factor 7.000
New displacement factor 0.000

Starting the Newton-Raphson solver `userModules.solver' ...
module `userModules.solver' : residual scale factor = 5.6915e+04
module `userModules.solver' : iter = 1, scaled residual = 1.6191e-08
The Newton-Raphson solver converged in 1 iterations

Iteration       : 141
Elapsed runtime : 18.47 seconds

New displacement factor 7.050
New displacement factor 0.000

Starting the Newton-Raphson solver `userModules.solver' ...
module `userModules.solver' : residual scale factor = 5.7554e+04
module `userModules.solver' : iter = 1, scaled residual = 2.1559e-08
The Newton-Raphson solver converged in 1 iterations

Iteration       : 142
Elapsed runtime : 18.56 seconds

New displacement factor 7.100
New displacement factor 0.000

Starting the Newton-Raphson solver `userModules.solver' ...
module `userModules.solver' : residual scale factor = 5.8198e+04
module `userModules.solver' : iter = 1, scaled residual = 2.8804e-08
The Newton-Raphson solver converged in 1 iterations

Iteration       : 143
Elapsed runtime : 18.65 seconds

New displacement factor 7.150
New displacement factor 0.000

Starting the Newton-Raphson solver `userModules.solver' ...
module `userModules.solver' : residual scale factor = 5.8845e+04
module `userModules.solver' : iter = 1, scaled residual = 3.8614e-08
The Newton-Raphson solver converged in 1 iterations

Iteration       : 144
Elapsed runtime : 18.74 seconds

New displacement factor 7.200
New displacement factor 0.000

Starting the Newton-Raphson solver `userModules.solver' ...
module `userModules.solver' : residual scale factor = 5.9495e+04
module `userModules.solver' : iter = 1, scaled residual = 5.1940e-08
The Newton-Raphson solver converged in 1 iterations

Iteration       : 145
Elapsed runtime : 18.83 seconds

New displacement factor 7.250
New displacement factor 0.000

Starting the Newton-Raphson solver `userModules.solver' ...
module `userModules.solver' : residual scale factor = 6.0150e+04
module `userModules.solver' : iter = 1, scaled residual = 7.0105e-08
The Newton-Raphson solver converged in 1 iterations

Iteration       : 146
Elapsed runtime : 18.92 seconds

New displacement factor 7.300
New displacement factor 0.000

Starting the Newton-Raphson solver `userModules.solver' ...
module `userModules.solver' : residual scale factor = 6.0808e+04
module `userModules.solver' : iter = 1, scaled residual = 9.4948e-08
The Newton-Raphson solver converged in 1 iterations

Iteration       : 147
Elapsed runtime : 19.01 seconds

New displacement factor 7.350
New displacement factor 0.000

Starting the Newton-Raphson solver `userModules.solver' ...
module `userModules.solver' : residual scale factor = 6.0808e+04
module `userModules.solver' : iter = 1, scaled residual = 0.0000e+00
The Newton-Raphson solver converged in 1 iterations

Iteration       : 148
Elapsed runtime : 19.10 seconds

New displacement factor 7.400
New displacement factor 0.000

Starting the Newton-Raphson solver `userModules.solver' ...
module `userModules.solver' : residual scale factor = 0.0000e+00
The Newton-Raphson solver converged in 1 iterations

Iteration       : 149
Elapsed runtime : 19.19 seconds

New displacement factor 7.450
New displacement factor 0.000

Starting the Newton-Raphson solver `userModules.solver' ...
module `userModules.solver' : residual scale factor = 0.0000e+00
The Newton-Raphson solver converged in 1 iterations

Iteration       : 150
Elapsed runtime : 19.28 seconds

New displacement factor 7.500
New displacement factor 0.000

Starting the Newton-Raphson solver `userModules.solver' ...
module `userModules.solver' : residual scale factor = 0.0000e+00
The Newton-Raphson solver converged in 1 iterations

Iteration       : 151
Elapsed runtime : 19.37 seconds

New displacement factor 7.550
New displacement factor 0.000

Starting the Newton-Raphson solver `userModules.solver' ...
module `userModules.solver' : residual scale factor = 0.0000e+00
The Newton-Raphson solver converged in 1 iterations

Iteration       : 152
Elapsed runtime : 81.78 seconds

New displacement factor 7.600
New displacement factor 0.000

Starting the Newton-Raphson solver `userModules.solver' ...
module `userModules.solver' : residual scale factor = 0.0000e+00
The Newton-Raphson solver converged in 1 iterations

Iteration       : 153
Elapsed runtime : 81.87 seconds

New displacement factor 7.650
New displacement factor 0.000

Starting the Newton-Raphson solver `userModules.solver' ...
module `userModules.solver' : residual scale factor = 0.0000e+00
The Newton-Raphson solver converged in 1 iterations

Iteration       : 154
Elapsed runtime : 81.96 seconds

New displacement factor 7.700
New displacement factor 0.000

Starting the Newton-Raphson solver `userModules.solver' ...
module `userModules.solver' : residual scale factor = 0.0000e+00
The Newton-Raphson solver converged in 1 iterations

Iteration       : 155
Elapsed runtime : 82.05 seconds

New displacement factor 7.750
New displacement factor 0.000

Starting the Newton-Raphson solver `userModules.solver' ...
module `userModules.solver' : residual scale factor = 0.0000e+00
The Newton-Raphson solver converged in 1 iterations

Iteration       : 156
Elapsed runtime : 82.14 seconds

New displacement factor 7.800
New displacement factor 0.000

Starting the Newton-Raphson solver `userModules.solver' ...
module `userModules.solver' : residual scale factor = 0.0000e+00
The Newton-Raphson solver converged in 1 iterations

Iteration       : 157
Elapsed runtime : 82.23 seconds

New displacement factor 7.850
New displacement factor 0.000

Starting the Newton-Raphson solver `userModules.solver' ...
module `userModules.solver' : residual scale factor = 0.0000e+00
The Newton-Raphson solver converged in 1 iterations

Iteration       : 158
Elapsed runtime : 82.32 seconds

New displacement factor 7.900
New displacement factor 0.000

Starting the Newton-Raphson solver `userModules.solver' ...
module `userModules.solver' : residual scale factor = 0.0000e+00
The Newton-Raphson solver converged in 1 iterations

Iteration       : 159
Elapsed runtime : 82.41 seconds

New displacement factor 7.950
New displacement factor 0.000

Starting the Newton-Raphson solver `userModules.solver' ...
module `userModules.solver' : residual scale factor = 0.0000e+00
The Newton-Raphson solver converged in 1 iterations

Iteration       : 160
Elapsed runtime : 82.50 seconds

New displacement factor 8.000
New displacement factor 0.000

Starting the Newton-Raphson solver `userModules.solver' ...
module `userModules.solver' : residual scale factor = 0.0000e+00
The Newton-Raphson solver converged in 1 iterations

Iteration       : 161
Elapsed runtime : 82.59 seconds

New displacement factor 8.050
New displacement factor 0.000

Starting the Newton-Raphson solver `userModules.solver' ...
module `userModules.solver' : residual scale factor = 0.0000e+00
The Newton-Raphson solver converged in 1 iterations

Iteration       : 162
Elapsed runtime : 82.68 seconds

New displacement factor 8.100
New displacement factor 0.000

Starting the Newton-Raphson solver `userModules.solver' ...
module `userModules.solver' : residual scale factor = 0.0000e+00
The Newton-Raphson solver converged in 1 iterations

Iteration       : 163
Elapsed runtime : 82.77 seconds

New displacement factor 8.150
New displacement factor 0.000

Starting the Newton-Raphson solver `userModules.solver' ...
module `userModules.solver' : residual scale factor = 0.0000e+00
The Newton-Raphson solver converged in 1 iterations

Iteration       : 164
Elapsed runtime : 82.86 seconds

New displacement factor 8.200
New displacement factor 0.000

Starting the Newton-Raphson solver `userModules.solver' ...
module `userModules.solver' : residual scale factor = 0.0000e+00
The Newton-Raphson solver converged in 1 iterations

Iteration       : 165
Elapsed runtime : 82.95 seconds

New displacement factor 8.250
New displacement factor 0.000

Starting the Newton-Raphson solver `userModules.solver' ...
module `userModules.solver' : residual scale factor = 0.0000e+00
The Newton-Raphson solver converged in 1 iterations

Iteration       : 166
Elapsed runtime : 83.04 seconds

New displacement factor 8.300
New displacement factor 0.000

Starting the Newton-Raphson solver `userModules.solver' ...
module `userModules.solver' : residual scale factor = 0.0000e+00
The Newton-Raphson solver converged in 1 iterations

Iteration       : 167
Elapsed runtime : 83.13 seconds

New displacement factor 8.350
New displacement factor 0.000

Starting the Newton-Raphson solver `userModules.solver' ...
module `userModules.solver' : residual scale factor = 0.0000e+00
The Newton-Raphson solver converged in 1 iterations

Iteration       : 168
Elapsed runtime : 83.22 seconds

New displacement factor 8.400
New displacement factor 0.000

Starting the Newton-Raphson solver `userModules.solver' ...
module `userModules.solver' : residual scale factor = 0.0000e+00
The Newton-Raphson solver converged in 1 iterations

Iteration       : 169
Elapsed runtime : 83.31 seconds

New displacement factor 8.450
New displacement factor 0.000

Starting the Newton-Raphson solver `userModules.solver' ...
module `userModules.solver' : residual scale factor = 0.0000e+00
The Newton-Raphson solver converged in 1 iterations

Iteration       : 170
Elapsed runtime : 83.40 seconds

New displacement factor 8.500
New displacement factor 0.000

Starting the Newton-Raphson solver `userModules.solver' ...
module `userModules.solver' : residual scale factor = 0.0000e+00
The Newton-Raphson solver converged in 1 iterations

Iteration       : 171
Elapsed runtime : 83.49 seconds

New displacement factor 8.550
New displacement factor 0.000

Starting the Newton-Raphson solver `userModules.solver' ...
module `userModules.solver' : residual scale factor = 0.0000e+00
The Newton-Raphson solver converged in 1 iterations

Iteration       : 172
Elapsed runtime : 83.58 seconds

New displacement factor 8.600
New displacement factor 0.000

Starting the Newton-Raphson solver `userModules.solver' ...
module `userModules.solver' : residual scale factor = 0.0000e+00
The Newton-Raphson solver converged in 1 iterations

Iteration       : 173
Elapsed runtime : 83.67 seconds

New displacement factor 8.650
New displacement factor 0.000

Starting the Newton-Raphson solver `userModules.solver' ...
module `userModules.solver' : residual scale factor = 0.0000e+00
The Newton-Raphson solver converged in 1 iterations

Iteration       : 174
Elapsed runtime : 83.76 seconds

New displacement factor 8.700
New displacement factor 0.000

Starting the Newton-Raphson solver `userModules.solver' ...
module `userModules.solver' : residual scale factor = 0.0000e+00
The Newton-Raphson solver converged in 1 iterations

Iteration       : 175
Elapsed runtime : 83.85 seconds

New displacement factor 8.750
New displacement factor 0.000

Starting the Newton-Raphson solver `userModules.solver' ...
module `userModules.solver' : residual scale factor = 0.0000e+00
The Newton-Raphson solver converged in 1 iterations

Iteration       : 176
Elapsed runtime : 83.94 seconds

New displacement factor 8.800
New displacement factor 0.000

Starting the Newton-Raphson solver `userModules.solver' ...
module `userModules.solver' : residual scale factor = 0.0000e+00
The Newton-Raphson solver converged in 1 iterations

Iteration       : 177
Elapsed runtime : 84.02 seconds

New displacement factor 8.850
New displacement factor 0.000

Starting the Newton-Raphson solver `userModules.solver' ...
module `userModules.solver' : residual scale factor = 0.0000e+00
The Newton-Raphson solver converged in 1 iterations

Iteration       : 178
Elapsed runtime : 84.11 seconds

New displacement factor 8.900
New displacement factor 0.000

Starting the Newton-Raphson solver `userModules.solver' ...
module `userModules.solver' : residual scale factor = 0.0000e+00
The Newton-Raphson solver converged in 1 iterations

Iteration       : 179
Elapsed runtime : 84.20 seconds

New displacement factor 8.950
New displacement factor 0.000

Starting the Newton-Raphson solver `userModules.solver' ...
module `userModules.solver' : residual scale factor = 0.0000e+00
The Newton-Raphson solver converged in 1 iterations

Iteration       : 180
Elapsed runtime : 84.29 seconds

New displacement factor 9.000
New displacement factor 0.000

Starting the Newton-Raphson solver `userModules.solver' ...
module `userModules.solver' : residual scale factor = 0.0000e+00
The Newton-Raphson solver converged in 1 iterations

Iteration       : 181
Elapsed runtime : 84.38 seconds

New displacement factor 9.050
New displacement factor 0.000

Starting the Newton-Raphson solver `userModules.solver' ...
module `userModules.solver' : residual scale factor = 0.0000e+00
The Newton-Raphson solver converged in 1 iterations

Iteration       : 182
Elapsed runtime : 84.47 seconds

New displacement factor 9.100
New displacement factor 0.000

Starting the Newton-Raphson solver `userModules.solver' ...
module `userModules.solver' : residual scale factor = 0.0000e+00
The Newton-Raphson solver converged in 1 iterations

Iteration       : 183
Elapsed runtime : 84.56 seconds

New displacement factor 9.150
New displacement factor 0.000

Starting the Newton-Raphson solver `userModules.solver' ...
module `userModules.solver' : residual scale factor = 0.0000e+00
The Newton-Raphson solver converged in 1 iterations

Iteration       : 184
Elapsed runtime : 84.65 seconds

New displacement factor 9.200
New displacement factor 0.000

Starting the Newton-Raphson solver `userModules.solver' ...
module `userModules.solver' : residual scale factor = 0.0000e+00
The Newton-Raphson solver converged in 1 iterations

Iteration       : 185
Elapsed runtime : 84.74 seconds

New displacement factor 9.250
New displacement factor 0.000

Starting the Newton-Raphson solver `userModules.solver' ...
module `userModules.solver' : residual scale factor = 0.0000e+00
The Newton-Raphson solver converged in 1 iterations

Iteration       : 186
Elapsed runtime : 84.83 seconds

New displacement factor 9.300
New displacement factor 0.000

Starting the Newton-Raphson solver `userModules.solver' ...
module `userModules.solver' : residual scale factor = 0.0000e+00
The Newton-Raphson solver converged in 1 iterations

Iteration       : 187
Elapsed runtime : 84.92 seconds

New displacement factor 9.350
New displacement factor 0.000

Starting the Newton-Raphson solver `userModules.solver' ...
module `userModules.solver' : residual scale factor = 0.0000e+00
The Newton-Raphson solver converged in 1 iterations

Iteration       : 188
Elapsed runtime : 85.01 seconds

New displacement factor 9.400
New displacement factor 0.000

Starting the Newton-Raphson solver `userModules.solver' ...
module `userModules.solver' : residual scale factor = 0.0000e+00
The Newton-Raphson solver converged in 1 iterations

Iteration       : 189
Elapsed runtime : 85.10 seconds

New displacement factor 9.450
New displacement factor 0.000

Starting the Newton-Raphson solver `userModules.solver' ...
module `userModules.solver' : residual scale factor = 0.0000e+00
The Newton-Raphson solver converged in 1 iterations

Iteration       : 190
Elapsed runtime : 85.19 seconds

New displacement factor 9.500
New displacement factor 0.000

Starting the Newton-Raphson solver `userModules.solver' ...
module `userModules.solver' : residual scale factor = 0.0000e+00
The Newton-Raphson solver converged in 1 iterations

Iteration       : 191
Elapsed runtime : 85.27 seconds

New displacement factor 9.550
New displacement factor 0.000

Starting the Newton-Raphson solver `userModules.solver' ...
module `userModules.solver' : residual scale factor = 0.0000e+00
The Newton-Raphson solver converged in 1 iterations

Iteration       : 192
Elapsed runtime : 85.36 seconds

New displacement factor 9.600
New displacement factor 0.000

Starting the Newton-Raphson solver `userModules.solver' ...
module `userModules.solver' : residual scale factor = 0.0000e+00
The Newton-Raphson solver converged in 1 iterations

Iteration       : 193
Elapsed runtime : 85.45 seconds

New displacement factor 9.650
New displacement factor 0.000

Starting the Newton-Raphson solver `userModules.solver' ...
module `userModules.solver' : residual scale factor = 0.0000e+00
The Newton-Raphson solver converged in 1 iterations

Iteration       : 194
Elapsed runtime : 85.54 seconds

New displacement factor 9.700
New displacement factor 0.000

Starting the Newton-Raphson solver `userModules.solver' ...
module `userModules.solver' : residual scale factor = 0.0000e+00
The Newton-Raphson solver converged in 1 iterations

Iteration       : 195
Elapsed runtime : 85.63 seconds

New displacement factor 9.750
New displacement factor 0.000

Starting the Newton-Raphson solver `userModules.solver' ...
module `userModules.solver' : residual scale factor = 0.0000e+00
The Newton-Raphson solver converged in 1 iterations

Iteration       : 196
Elapsed runtime : 85.72 seconds

New displacement factor 9.800
New displacement factor 0.000

Starting the Newton-Raphson solver `userModules.solver' ...
module `userModules.solver' : residual scale factor = 0.0000e+00
The Newton-Raphson solver converged in 1 iterations

Iteration       : 197
Elapsed runtime : 85.81 seconds

New displacement factor 9.850
New displacement factor 0.000

Starting the Newton-Raphson solver `userModules.solver' ...
module `userModules.solver' : residual scale factor = 0.0000e+00
The Newton-Raphson solver converged in 1 iterations

Iteration       : 198
Elapsed runtime : 85.90 seconds

New displacement factor 9.900
New displacement factor 0.000

Starting the Newton-Raphson solver `userModules.solver' ...
module `userModules.solver' : residual scale factor = 0.0000e+00
The Newton-Raphson solver converged in 1 iterations

Iteration       : 199
Elapsed runtime : 85.99 seconds

New displacement factor 9.950
New displacement factor 0.000

Starting the Newton-Raphson solver `userModules.solver' ...
module `userModules.solver' : residual scale factor = 0.0000e+00
The Newton-Raphson solver converged in 1 iterations

Iteration       : 200
Elapsed runtime : 86.08 seconds

New displacement factor 10.00
New displacement factor 0.000

Starting the Newton-Raphson solver `userModules.solver' ...
module `userModules.solver' : residual scale factor = 0.0000e+00
The Newton-Raphson solver converged in 1 iterations

Iteration       : 201
Elapsed runtime : 86.17 seconds

New displacement factor 10.05
New displacement factor 0.000

Starting the Newton-Raphson solver `userModules.solver' ...
module `userModules.solver' : residual scale factor = 0.0000e+00
The Newton-Raphson solver converged in 1 iterations

