Log file created on Mon Jan 20 22:49:31 CET 2020.

Reading input with userInput.input from file neohookean.msh
 ...Adding 241 nodes.
 ...Adding 424 elements.
 ...Created NodeGroup `left' with 9 nodes.
 ...Created NodeGroup `right' with 9 nodes.

Created a new model named `model'.

Data summary:

  nodes ......................................... 241
  node dofs ..................................... 482
  node groups ................................... 4
  elements ...................................... 424
  element groups ................................ 3

userModules.view : loaded configuration data from `neohookean.view'
userModules.view.mesh : building graphics mesh ...
userModules.view.mesh : ready; graphics mesh contains:

  vertices  ...... 241
  faces     ...... 424
  triangles ...... 424
  lines     ...... 0
  edges     ...... 664

*** WARNING: module `userModules.view' : unsupported image type: `png'; supported type is `ppm'
*** WARNING: module `userModules.view' : snapshot files will be saved in PPM format

Application configuration data:

  log	=
  {
    file	= "-neohookean.log";
    rank	= 0;
    pattern	= "*.info";
    logPrefix	= "";
    outPrefix	= "";
    warnPrefix	= "*** WARNING: ";
    errPrefix	= "*** ERROR: ";
  };
  userModules	=
  {
    solver	=
    {
      maxIter	= 20;
      tiny	= 1.00000e-300;
      precision	= 1.00000e-06;
      maxIncr	= 10.0000;
      lineSearch	= false;
      deltaCons	= false;
      updateWhen	= none;
      solver	=
      {
        type	= "SkylineLU";
        lenient	= true;
        precision	= 5.00000e-07;
        zeroThreshold	= 1.49012e-08;
        maxZeroPivots	= 0;
        reorder	= true;
        useThreads	= true;
        printPivots	= false;
      };
    };
    graph	=
    {
      sampleWhen	= "accepted";
      dataSets	= [ "loadDisp" ];
      window	=
      {
        bgColor	= "white";
        title	= "userModules.graph";
        width	= 400;
        height	= 200;
      };
      camera	=
      {
        range	= 1.00000;
        position	= [ -0.00000, -0.00000 ];
        zoom	= 0.00000;
        quality	= 1;
        autoQuality	= false;
      };
      graph	=
      {
        hidden	= false;
        width	= 1.00000;
        height	= 1.00000;
        showKey	= true;
        keyPos	= [ 0.900000, 0.900000 ];
        title	= "";
        xLabel	= "";
        yLabel	= "";
        scaleStep	= 0.100000;
        xRange	= "auto";
        yRange	= "auto";
      };
      loadDisp	=
      {
        key	= "Load-displacement curve";
        maxPoints	= -1;
        pointStyle	= none;
        lineWidth	= 1.20000;
        lineColor	= "black";
        xData	= "model.model.lodi.disp[0]";
        yData	= "model.model.lodi.load[0]";
      };
    };
    view	=
    {
      snapFile	= "neohookean%2i.png";
      configFile	= "neohookean.view";
      updateWhen	= true;
      snapWhen	= false;
      offScreen	= false;
      camera	=
      {
        type	= "Perspective";
        farClip	= 101.354;
        nearClip	= 18.1941;
        viewAngle	= 40.0000;
        position	= [ 0.720000, -0.0777054, 59.7741 ];
        zoom	= 0.00000;
        quality	= 1;
        autoQuality	= false;
      };
      disp	=
      {
        type	= "Vector";
        vector	= "state";
        nullValue	= 0.00000;
      };
      stress	=
      {
        type	= "Table";
        table	= "nodes/stress";
        tableType	= "Dense";
        nullValue	= 0.00000;
      };
      dataSets	= [ "disp", "stress" ];
      window	=
      {
        bgColor	= "white";
        title	= "feel.userModules.view";
        width	= 863;
        height	= 759;
      };
      world	=
      {
        scale	= 1.00000;
        rotmat	= [ 1.00000, 0.00000, 0.00000, 0.00000, 1.00000, 0.00000, 0.00000, 0.00000, 1.00000 ];
        translation	= [ 0.00000, 0.00000, 0.00000 ];
      };
      lights	=
      {
        light0	=
        {
          color	= "white20";
          direction	= [ -1.00000, -0.00000, -0.00000 ];
          enable	= true;
        };
        light1	=
        {
          color	= "white20";
          direction	= [ -0.00000, -1.00000, -0.00000 ];
          enable	= true;
        };
        light2	=
        {
          color	= "white";
          direction	= [ -0.00000, -0.00000, -1.00000 ];
          enable	= true;
        };
        light3	=
        {
          color	= "white20";
          direction	= [ 1.00000, 1.00000, -0.00000 ];
          enable	= false;
        };
        specular	= false;
        ambient	= "white20";
      };
      markerStyles	=
      {
        points	=
        {
          size	= 3.00000;
          color	= "black";
        };
        orbs	=
        {
          size	= -0.0100000;
          quality	= 1;
          color	= "gold";
        };
        numbers	=
        {
          font	= "proportional medium";
          color	= "black";
        };
        circles	=
        {
          size	= "medium";
          color	= "black";
        };
        diamonds	=
        {
          size	= "medium";
          color	= "black";
        };
        discs	=
        {
          size	= "medium";
          color	= "black";
        };
        squares	=
        {
          size	= "medium";
          color	= "black";
        };
        styles	= [];
      };
      palettes	=
      {
        linear	=
        {
          minValue	= 0.00000;
          maxValue	= 1.00000;
          minColor	= "blue";
          maxColor	= "red";
        };
        rainbow	=
        {
          minValue	= 0.00000;
          maxValue	= 1.00000;
        };
        custom	=
        {
          colors	= [ "blue", "green", "yellow", "orange", "red" ];
          ranges	= [ 0.00000, 0.200000, 0.400000, 0.600000, 0.800000, 1.00000 ];
          hideMinMax	= false;
        };
        palettes	= [];
      };
      mesh	=
      {
        elements	= "all";
        scale	= 1.00000;
        rotmat	= [ 1.00000, 0.00000, 0.00000, 0.00000, 1.00000, 0.00000, 0.00000, 0.00000, 1.00000 ];
        translation	= [ 0.00000, 0.00000, 0.00000 ];
        pointSize	= 1.00000;
        lineWidth	= 1.00000;
        shadeModel	= "Smooth";
        color	= "gray";
        material	=
        {
          specular	= "black";
          shininess	= 0.00000;
        };
        edgeColor	= "black";
        nodeColor	= "black";
        showEdges	= true;
        showLines	= true;
        showFaces	= true;
        hidden	= false;
        deformation	=
        {
          scale	= 1.00000;
          autoScale	= false;
          scaleStep	= 0.100000;
          dx	= "disp[dx]";
          dy	= "disp[dy]";
          dz	= "0.000";
        };
        colors	=
        {
          palette	= "custom";
          title	= "";
          data	= "stress[xx]";
          autoScale	= true;
          scaleStep	= 0.100000;
        };
      };
    };
  };
  sample	=
  {
    file	= "lodi.dat";
    header	= "";
    separator	= " ";
    append	= false;
    precision	= 8;
    dataSets	= [ "i", "model.model.lodi.disp[0]", "abs( model.model.lodi.load[0] )" ];
    sampleWhen	= "accepted";
  };
  control	=
  {
    prompt	= ">";
    cmdFile	= "";
    fgMode	= true;
    pause	= -1.00000;
    runWhile	= "i<=1";
  };
  userInput	=
  {
    input	=
    {
      dim	= 2;
      file	= "neohookean.msh";
      doElemGroups	= false;
      lowOrderCopy	= false;
      nodeGroups	= [];
      elemGroups	= [];
    };
    ngroups	=
    {
      nodeGroups	= [ "left", "right" ];
      elemGroups	= [];
      left	=
      {
        all	= false;
        restrictToGroups	= [];
        eps	= 1.00000e-05;
        xtype	= "min";
      };
      right	=
      {
        all	= false;
        restrictToGroups	= [];
        eps	= 1.00000e-05;
        xtype	= "max";
      };
    };
  };
  shapeTable	=
  {
    type	= "Auto";
    boundaryElems	= "";
    interfaceElems	= "";
    maxPrecision	= 0;
  };
  model	=
  {
    type	= "Matrix";
    model	=
    {
      type	= "Multi";
      models	= [ "bulk", "diri", "diri2", "lodi" ];
      bulk	=
      {
        type	= "NLSolid";
        elements	= "all";
        shape	=
        {
          type	= "Triangle3";
          shapeFuncs	=
          {
            type	= "Linear";
          };
          intScheme	= [ "Gauss1", "Gauss2", "Gauss2", "Gauss2" ];
        };
        material	=
        {
          type	= "NeoHooke";
          dim	= 2;
          lambda	= 5000.00;
          mu	= 6000.00;
          kappa0	= 0.100000;
          kappau	= 0.200000;
          state	= "PLANE_STRAIN";
        };
        thickness	= 1.00000;
      };
      diri	=
      {
        type	= "Dirichlet";
        dispIncr	= 0.0500000;
        initDisp	= 0.00000;
        maxDisp	= 20.0000;
        nodeGroups	= [ "right" ];
        dofs	= [ "dx" ];
        factors	= [ 1.00000 ];
      };
      diri2	=
      {
        type	= "Dirichlet";
        dispIncr	= 0.00000;
        initDisp	= 0.00000;
        maxDisp	= 1.79769e+308;
        nodeGroups	= [ "left" ];
        dofs	= [ "dx" ];
        factors	= [ 1.00000 ];
      };
      lodi	=
      {
        type	= "LoadDisp";
        nodes	= [ 1, 2, 23, 24, 25, 26, 27, 28, 29 ];
      };
    };
    debug	= 0;
    linear	= false;
    matrix0	=
    {
      type	= "Sparse";
      symmetric	= false;
      optimize	= "Runtime";
    };
  };
  init	=
  {
    reorder	= false;
    vectors	= [];
  };
  xoutput	=
  {
    write	= true;
    table	= "stress | eqstrain | eqveps | loading";
    interval	= 1;
    dissipation	= true;
    writeCracks	= true;
    writeCohInfo	= false;
  };

*** WARNING: Unknown property: `model.model.bulk.largeDisp'

*** WARNING: Initialization phase completed with warnings.

  Elapsed CPU  time : 0.05000 seconds.
  Elapsed real time : 0.1675 seconds.

Iteration       : 0
Elapsed runtime : 0.1677 seconds

New displacement factor 0.000
New displacement factor 0.000

Starting the Newton-Raphson solver `userModules.solver' ...
module `userModules.solver' : residual scale factor = 0.0000e+00
The Newton-Raphson solver converged in 1 iterations

Iteration       : 1
Elapsed runtime : 0.2480 seconds

New displacement factor 0.05000
New displacement factor 0.000

Starting the Newton-Raphson solver `userModules.solver' ...
module `userModules.solver' : residual scale factor = 1.5021e+02
module `userModules.solver' : iter = 1, scaled residual = 2.8530e-04
module `userModules.solver' : iter = 2, scaled residual = 4.5659e-11
The Newton-Raphson solver converged in 2 iterations

Iteration       : 2
Elapsed runtime : 6.191 seconds

New displacement factor 0.1000
New displacement factor 0.000

Starting the Newton-Raphson solver `userModules.solver' ...
module `userModules.solver' : residual scale factor = 3.0016e+02
module `userModules.solver' : iter = 1, scaled residual = 1.4248e-04
module `userModules.solver' : iter = 2, scaled residual = 2.2880e-11
The Newton-Raphson solver converged in 2 iterations

Iteration       : 3
Elapsed runtime : 6.258 seconds

New displacement factor 0.1500
New displacement factor 0.000

Starting the Newton-Raphson solver `userModules.solver' ...
module `userModules.solver' : residual scale factor = 4.4982e+02
module `userModules.solver' : iter = 1, scaled residual = 9.4875e-05
module `userModules.solver' : iter = 2, scaled residual = 1.5168e-11
The Newton-Raphson solver converged in 2 iterations

Iteration       : 4
Elapsed runtime : 6.316 seconds

New displacement factor 0.2000
New displacement factor 0.000

Starting the Newton-Raphson solver `userModules.solver' ...
module `userModules.solver' : residual scale factor = 5.9921e+02
module `userModules.solver' : iter = 1, scaled residual = 7.1073e-05
module `userModules.solver' : iter = 2, scaled residual = 1.1321e-11
The Newton-Raphson solver converged in 2 iterations

Iteration       : 5
Elapsed runtime : 6.375 seconds

New displacement factor 0.2500
New displacement factor 0.000

Starting the Newton-Raphson solver `userModules.solver' ...
module `userModules.solver' : residual scale factor = 7.4832e+02
module `userModules.solver' : iter = 1, scaled residual = 5.6792e-05
module `userModules.solver' : iter = 2, scaled residual = 9.0236e-12
The Newton-Raphson solver converged in 2 iterations

Iteration       : 6
Elapsed runtime : 6.434 seconds

New displacement factor 0.3000
New displacement factor 0.000

Starting the Newton-Raphson solver `userModules.solver' ...
module `userModules.solver' : residual scale factor = 8.9716e+02
module `userModules.solver' : iter = 1, scaled residual = 4.7272e-05
module `userModules.solver' : iter = 2, scaled residual = 7.5314e-12
The Newton-Raphson solver converged in 2 iterations

Iteration       : 7
Elapsed runtime : 6.493 seconds

New displacement factor 0.3500
New displacement factor 0.000

Starting the Newton-Raphson solver `userModules.solver' ...
module `userModules.solver' : residual scale factor = 1.0457e+03
module `userModules.solver' : iter = 1, scaled residual = 4.0472e-05
module `userModules.solver' : iter = 2, scaled residual = 6.3972e-12
The Newton-Raphson solver converged in 2 iterations

Iteration       : 8
Elapsed runtime : 6.552 seconds

New displacement factor 0.4000
New displacement factor 0.000

Starting the Newton-Raphson solver `userModules.solver' ...
module `userModules.solver' : residual scale factor = 1.1940e+03
module `userModules.solver' : iter = 1, scaled residual = 3.5372e-05
module `userModules.solver' : iter = 2, scaled residual = 5.5785e-12
The Newton-Raphson solver converged in 2 iterations

Iteration       : 9
Elapsed runtime : 6.611 seconds

New displacement factor 0.4500
New displacement factor 0.000

Starting the Newton-Raphson solver `userModules.solver' ...
module `userModules.solver' : residual scale factor = 1.3420e+03
module `userModules.solver' : iter = 1, scaled residual = 3.1405e-05
module `userModules.solver' : iter = 2, scaled residual = 4.9723e-12
The Newton-Raphson solver converged in 2 iterations

Iteration       : 10
Elapsed runtime : 6.671 seconds

New displacement factor 0.5000
New displacement factor 0.000

Starting the Newton-Raphson solver `userModules.solver' ...
module `userModules.solver' : residual scale factor = 1.4898e+03
module `userModules.solver' : iter = 1, scaled residual = 2.8232e-05
module `userModules.solver' : iter = 2, scaled residual = 4.4551e-12
The Newton-Raphson solver converged in 2 iterations

Iteration       : 11
Elapsed runtime : 6.729 seconds

New displacement factor 0.5500
New displacement factor 0.000

Starting the Newton-Raphson solver `userModules.solver' ...
module `userModules.solver' : residual scale factor = 1.6373e+03
module `userModules.solver' : iter = 1, scaled residual = 2.5635e-05
module `userModules.solver' : iter = 2, scaled residual = 4.0323e-12
The Newton-Raphson solver converged in 2 iterations

Iteration       : 12
Elapsed runtime : 6.789 seconds

New displacement factor 0.6000
New displacement factor 0.000

Starting the Newton-Raphson solver `userModules.solver' ...
module `userModules.solver' : residual scale factor = 1.7845e+03
module `userModules.solver' : iter = 1, scaled residual = 2.3472e-05
module `userModules.solver' : iter = 2, scaled residual = 3.7036e-12
The Newton-Raphson solver converged in 2 iterations

Iteration       : 13
Elapsed runtime : 6.847 seconds

New displacement factor 0.6500
New displacement factor 0.000

Starting the Newton-Raphson solver `userModules.solver' ...
module `userModules.solver' : residual scale factor = 1.9314e+03
module `userModules.solver' : iter = 1, scaled residual = 2.1641e-05
module `userModules.solver' : iter = 2, scaled residual = 3.4061e-12
The Newton-Raphson solver converged in 2 iterations

Iteration       : 14
Elapsed runtime : 6.906 seconds

New displacement factor 0.7000
New displacement factor 0.000

Starting the Newton-Raphson solver `userModules.solver' ...
module `userModules.solver' : residual scale factor = 2.0781e+03
module `userModules.solver' : iter = 1, scaled residual = 2.0072e-05
module `userModules.solver' : iter = 2, scaled residual = 3.1418e-12
The Newton-Raphson solver converged in 2 iterations

Iteration       : 15
Elapsed runtime : 6.965 seconds

New displacement factor 0.7500
New displacement factor 0.000

Starting the Newton-Raphson solver `userModules.solver' ...
module `userModules.solver' : residual scale factor = 2.2245e+03
module `userModules.solver' : iter = 1, scaled residual = 1.8713e-05
module `userModules.solver' : iter = 2, scaled residual = 2.9316e-12
The Newton-Raphson solver converged in 2 iterations

Iteration       : 16
Elapsed runtime : 7.024 seconds

New displacement factor 0.8000
New displacement factor 0.000

Starting the Newton-Raphson solver `userModules.solver' ...
module `userModules.solver' : residual scale factor = 2.3706e+03
module `userModules.solver' : iter = 1, scaled residual = 1.7523e-05
module `userModules.solver' : iter = 2, scaled residual = 2.7307e-12
The Newton-Raphson solver converged in 2 iterations

Iteration       : 17
Elapsed runtime : 7.083 seconds

New displacement factor 0.8500
New displacement factor 0.000

Starting the Newton-Raphson solver `userModules.solver' ...
module `userModules.solver' : residual scale factor = 2.5165e+03
module `userModules.solver' : iter = 1, scaled residual = 1.6473e-05
module `userModules.solver' : iter = 2, scaled residual = 2.5704e-12
The Newton-Raphson solver converged in 2 iterations

Iteration       : 18
Elapsed runtime : 7.142 seconds

New displacement factor 0.9000
New displacement factor 0.000

Starting the Newton-Raphson solver `userModules.solver' ...
module `userModules.solver' : residual scale factor = 2.6622e+03
module `userModules.solver' : iter = 1, scaled residual = 1.5540e-05
module `userModules.solver' : iter = 2, scaled residual = 2.4249e-12
The Newton-Raphson solver converged in 2 iterations

Iteration       : 19
Elapsed runtime : 7.201 seconds

New displacement factor 0.9500
New displacement factor 0.000

Starting the Newton-Raphson solver `userModules.solver' ...
module `userModules.solver' : residual scale factor = 2.8075e+03
module `userModules.solver' : iter = 1, scaled residual = 1.4705e-05
module `userModules.solver' : iter = 2, scaled residual = 2.2907e-12
The Newton-Raphson solver converged in 2 iterations

Iteration       : 20
Elapsed runtime : 7.260 seconds

New displacement factor 1.000
New displacement factor 0.000

Starting the Newton-Raphson solver `userModules.solver' ...
module `userModules.solver' : residual scale factor = 2.9526e+03
module `userModules.solver' : iter = 1, scaled residual = 1.3954e-05
module `userModules.solver' : iter = 2, scaled residual = 2.1633e-12
The Newton-Raphson solver converged in 2 iterations

Iteration       : 21
Elapsed runtime : 7.319 seconds

New displacement factor 1.050
New displacement factor 0.000

Starting the Newton-Raphson solver `userModules.solver' ...
module `userModules.solver' : residual scale factor = 3.0975e+03
module `userModules.solver' : iter = 1, scaled residual = 1.3274e-05
module `userModules.solver' : iter = 2, scaled residual = 2.0599e-12
The Newton-Raphson solver converged in 2 iterations

Iteration       : 22
Elapsed runtime : 7.378 seconds

New displacement factor 1.100
New displacement factor 0.000

Starting the Newton-Raphson solver `userModules.solver' ...
module `userModules.solver' : residual scale factor = 3.2421e+03
module `userModules.solver' : iter = 1, scaled residual = 1.2656e-05
module `userModules.solver' : iter = 2, scaled residual = 1.9592e-12
The Newton-Raphson solver converged in 2 iterations

Iteration       : 23
Elapsed runtime : 7.438 seconds

New displacement factor 1.150
New displacement factor 0.000

Starting the Newton-Raphson solver `userModules.solver' ...
module `userModules.solver' : residual scale factor = 3.3864e+03
module `userModules.solver' : iter = 1, scaled residual = 1.2092e-05
module `userModules.solver' : iter = 2, scaled residual = 1.8729e-12
The Newton-Raphson solver converged in 2 iterations

Iteration       : 24
Elapsed runtime : 7.496 seconds

New displacement factor 1.200
New displacement factor 0.000

Starting the Newton-Raphson solver `userModules.solver' ...
module `userModules.solver' : residual scale factor = 3.5305e+03
module `userModules.solver' : iter = 1, scaled residual = 1.1575e-05
module `userModules.solver' : iter = 2, scaled residual = 1.7895e-12
The Newton-Raphson solver converged in 2 iterations

Iteration       : 25
Elapsed runtime : 7.556 seconds

New displacement factor 1.250
New displacement factor 0.000

Starting the Newton-Raphson solver `userModules.solver' ...
module `userModules.solver' : residual scale factor = 3.6743e+03
module `userModules.solver' : iter = 1, scaled residual = 1.1100e-05
module `userModules.solver' : iter = 2, scaled residual = 1.7090e-12
The Newton-Raphson solver converged in 2 iterations

Iteration       : 26
Elapsed runtime : 7.614 seconds

New displacement factor 1.300
New displacement factor 0.000

Starting the Newton-Raphson solver `userModules.solver' ...
module `userModules.solver' : residual scale factor = 3.8179e+03
module `userModules.solver' : iter = 1, scaled residual = 1.0661e-05
module `userModules.solver' : iter = 2, scaled residual = 1.6424e-12
The Newton-Raphson solver converged in 2 iterations

Iteration       : 27
Elapsed runtime : 7.673 seconds

New displacement factor 1.350
New displacement factor 0.000

Starting the Newton-Raphson solver `userModules.solver' ...
module `userModules.solver' : residual scale factor = 3.9612e+03
module `userModules.solver' : iter = 1, scaled residual = 1.0254e-05
module `userModules.solver' : iter = 2, scaled residual = 1.5761e-12
The Newton-Raphson solver converged in 2 iterations

Iteration       : 28
Elapsed runtime : 7.731 seconds

New displacement factor 1.400
New displacement factor 0.000

Starting the Newton-Raphson solver `userModules.solver' ...
module `userModules.solver' : residual scale factor = 4.1043e+03
module `userModules.solver' : iter = 1, scaled residual = 9.8766e-06
module `userModules.solver' : iter = 2, scaled residual = 1.5116e-12
The Newton-Raphson solver converged in 2 iterations

Iteration       : 29
Elapsed runtime : 7.790 seconds

New displacement factor 1.450
New displacement factor 0.000

Starting the Newton-Raphson solver `userModules.solver' ...
module `userModules.solver' : residual scale factor = 4.2471e+03
module `userModules.solver' : iter = 1, scaled residual = 9.5252e-06
module `userModules.solver' : iter = 2, scaled residual = 1.4472e-12
The Newton-Raphson solver converged in 2 iterations

Iteration       : 30
Elapsed runtime : 7.849 seconds

New displacement factor 1.500
New displacement factor 0.000

Starting the Newton-Raphson solver `userModules.solver' ...
module `userModules.solver' : residual scale factor = 4.3896e+03
module `userModules.solver' : iter = 1, scaled residual = 9.1972e-06
module `userModules.solver' : iter = 2, scaled residual = 1.4068e-12
The Newton-Raphson solver converged in 2 iterations

Iteration       : 31
Elapsed runtime : 7.907 seconds

New displacement factor 1.550
New displacement factor 0.000

Starting the Newton-Raphson solver `userModules.solver' ...
module `userModules.solver' : residual scale factor = 4.5320e+03
module `userModules.solver' : iter = 1, scaled residual = 8.8904e-06
module `userModules.solver' : iter = 2, scaled residual = 1.3521e-12
The Newton-Raphson solver converged in 2 iterations

Iteration       : 32
Elapsed runtime : 7.965 seconds

New displacement factor 1.600
New displacement factor 0.000

Starting the Newton-Raphson solver `userModules.solver' ...
module `userModules.solver' : residual scale factor = 4.6740e+03
module `userModules.solver' : iter = 1, scaled residual = 8.6028e-06
module `userModules.solver' : iter = 2, scaled residual = 1.3090e-12
The Newton-Raphson solver converged in 2 iterations

Iteration       : 33
Elapsed runtime : 8.024 seconds

New displacement factor 1.650
New displacement factor 0.000

Starting the Newton-Raphson solver `userModules.solver' ...
module `userModules.solver' : residual scale factor = 4.8159e+03
module `userModules.solver' : iter = 1, scaled residual = 8.3327e-06
module `userModules.solver' : iter = 2, scaled residual = 1.2636e-12
The Newton-Raphson solver converged in 2 iterations

Iteration       : 34
Elapsed runtime : 8.083 seconds

New displacement factor 1.700
New displacement factor 0.000

Starting the Newton-Raphson solver `userModules.solver' ...
module `userModules.solver' : residual scale factor = 4.9574e+03
module `userModules.solver' : iter = 1, scaled residual = 8.0785e-06
module `userModules.solver' : iter = 2, scaled residual = 1.2242e-12
The Newton-Raphson solver converged in 2 iterations

Iteration       : 35
Elapsed runtime : 8.141 seconds

New displacement factor 1.750
New displacement factor 0.000

Starting the Newton-Raphson solver `userModules.solver' ...
module `userModules.solver' : residual scale factor = 5.0988e+03
module `userModules.solver' : iter = 1, scaled residual = 7.8388e-06
module `userModules.solver' : iter = 2, scaled residual = 1.1826e-12
The Newton-Raphson solver converged in 2 iterations

Iteration       : 36
Elapsed runtime : 8.200 seconds

New displacement factor 1.800
New displacement factor 0.000

Starting the Newton-Raphson solver `userModules.solver' ...
module `userModules.solver' : residual scale factor = 5.2399e+03
module `userModules.solver' : iter = 1, scaled residual = 7.6125e-06
module `userModules.solver' : iter = 2, scaled residual = 1.1484e-12
The Newton-Raphson solver converged in 2 iterations

Iteration       : 37
Elapsed runtime : 8.259 seconds

New displacement factor 1.850
New displacement factor 0.000

Starting the Newton-Raphson solver `userModules.solver' ...
module `userModules.solver' : residual scale factor = 5.3807e+03
module `userModules.solver' : iter = 1, scaled residual = 7.3984e-06
module `userModules.solver' : iter = 2, scaled residual = 1.1156e-12
The Newton-Raphson solver converged in 2 iterations

Iteration       : 38
Elapsed runtime : 8.319 seconds

New displacement factor 1.900
New displacement factor 0.000

Starting the Newton-Raphson solver `userModules.solver' ...
module `userModules.solver' : residual scale factor = 5.5213e+03
module `userModules.solver' : iter = 1, scaled residual = 7.1956e-06
module `userModules.solver' : iter = 2, scaled residual = 1.0830e-12
The Newton-Raphson solver converged in 2 iterations

Iteration       : 39
Elapsed runtime : 8.381 seconds

New displacement factor 1.950
New displacement factor 0.000

Starting the Newton-Raphson solver `userModules.solver' ...
module `userModules.solver' : residual scale factor = 5.6617e+03
module `userModules.solver' : iter = 1, scaled residual = 7.0032e-06
module `userModules.solver' : iter = 2, scaled residual = 1.0505e-12
The Newton-Raphson solver converged in 2 iterations

Iteration       : 40
Elapsed runtime : 8.442 seconds

New displacement factor 2.000
New displacement factor 0.000

Starting the Newton-Raphson solver `userModules.solver' ...
module `userModules.solver' : residual scale factor = 5.8018e+03
module `userModules.solver' : iter = 1, scaled residual = 6.8204e-06
module `userModules.solver' : iter = 2, scaled residual = 1.0228e-12
The Newton-Raphson solver converged in 2 iterations

Iteration       : 41
Elapsed runtime : 8.501 seconds

New displacement factor 2.050
New displacement factor 0.000

Starting the Newton-Raphson solver `userModules.solver' ...
module `userModules.solver' : residual scale factor = 5.9417e+03
module `userModules.solver' : iter = 1, scaled residual = 6.6466e-06
module `userModules.solver' : iter = 2, scaled residual = 1.0029e-12
The Newton-Raphson solver converged in 2 iterations

Iteration       : 42
Elapsed runtime : 8.560 seconds

New displacement factor 2.100
New displacement factor 0.000

Starting the Newton-Raphson solver `userModules.solver' ...
module `userModules.solver' : residual scale factor = 6.0814e+03
module `userModules.solver' : iter = 1, scaled residual = 6.4811e-06
module `userModules.solver' : iter = 2, scaled residual = 9.6470e-13
The Newton-Raphson solver converged in 2 iterations

Iteration       : 43
Elapsed runtime : 8.620 seconds

New displacement factor 2.150
New displacement factor 0.000

Starting the Newton-Raphson solver `userModules.solver' ...
module `userModules.solver' : residual scale factor = 6.2208e+03
module `userModules.solver' : iter = 1, scaled residual = 6.3233e-06
module `userModules.solver' : iter = 2, scaled residual = 9.4297e-13
The Newton-Raphson solver converged in 2 iterations

Iteration       : 44
Elapsed runtime : 8.679 seconds

New displacement factor 2.200
New displacement factor 0.000

Starting the Newton-Raphson solver `userModules.solver' ...
module `userModules.solver' : residual scale factor = 6.3600e+03
module `userModules.solver' : iter = 1, scaled residual = 6.1726e-06
module `userModules.solver' : iter = 2, scaled residual = 9.1875e-13
The Newton-Raphson solver converged in 2 iterations

Iteration       : 45
Elapsed runtime : 8.738 seconds

New displacement factor 2.250
New displacement factor 0.000

Starting the Newton-Raphson solver `userModules.solver' ...
module `userModules.solver' : residual scale factor = 6.4989e+03
module `userModules.solver' : iter = 1, scaled residual = 6.0287e-06
module `userModules.solver' : iter = 2, scaled residual = 9.0038e-13
The Newton-Raphson solver converged in 2 iterations

Iteration       : 46
Elapsed runtime : 8.798 seconds

New displacement factor 2.300
New displacement factor 0.000

Starting the Newton-Raphson solver `userModules.solver' ...
module `userModules.solver' : residual scale factor = 6.6377e+03
module `userModules.solver' : iter = 1, scaled residual = 5.8911e-06
module `userModules.solver' : iter = 2, scaled residual = 8.7834e-13
The Newton-Raphson solver converged in 2 iterations

Iteration       : 47
Elapsed runtime : 8.857 seconds

New displacement factor 2.350
New displacement factor 0.000

Starting the Newton-Raphson solver `userModules.solver' ...
module `userModules.solver' : residual scale factor = 6.7761e+03
module `userModules.solver' : iter = 1, scaled residual = 5.7593e-06
module `userModules.solver' : iter = 2, scaled residual = 8.5489e-13
The Newton-Raphson solver converged in 2 iterations

Iteration       : 48
Elapsed runtime : 8.916 seconds

New displacement factor 2.400
New displacement factor 0.000

Starting the Newton-Raphson solver `userModules.solver' ...
module `userModules.solver' : residual scale factor = 6.9144e+03
module `userModules.solver' : iter = 1, scaled residual = 5.6330e-06
module `userModules.solver' : iter = 2, scaled residual = 8.3501e-13
The Newton-Raphson solver converged in 2 iterations

Iteration       : 49
Elapsed runtime : 8.975 seconds

New displacement factor 2.450
New displacement factor 0.000

Starting the Newton-Raphson solver `userModules.solver' ...
module `userModules.solver' : residual scale factor = 7.0524e+03
module `userModules.solver' : iter = 1, scaled residual = 5.5119e-06
module `userModules.solver' : iter = 2, scaled residual = 8.1631e-13
The Newton-Raphson solver converged in 2 iterations

Iteration       : 50
Elapsed runtime : 9.034 seconds

New displacement factor 2.500
New displacement factor 0.000

Starting the Newton-Raphson solver `userModules.solver' ...
module `userModules.solver' : residual scale factor = 7.1902e+03
module `userModules.solver' : iter = 1, scaled residual = 5.3957e-06
module `userModules.solver' : iter = 2, scaled residual = 7.9693e-13
The Newton-Raphson solver converged in 2 iterations

Iteration       : 51
Elapsed runtime : 9.093 seconds

New displacement factor 2.550
New displacement factor 0.000

Starting the Newton-Raphson solver `userModules.solver' ...
module `userModules.solver' : residual scale factor = 7.3278e+03
module `userModules.solver' : iter = 1, scaled residual = 5.2840e-06
module `userModules.solver' : iter = 2, scaled residual = 7.7629e-13
The Newton-Raphson solver converged in 2 iterations

Iteration       : 52
Elapsed runtime : 9.152 seconds

New displacement factor 2.600
New displacement factor 0.000

Starting the Newton-Raphson solver `userModules.solver' ...
module `userModules.solver' : residual scale factor = 7.4651e+03
module `userModules.solver' : iter = 1, scaled residual = 5.1766e-06
module `userModules.solver' : iter = 2, scaled residual = 7.5829e-13
The Newton-Raphson solver converged in 2 iterations

Iteration       : 53
Elapsed runtime : 9.211 seconds

New displacement factor 2.650
New displacement factor 0.000

Starting the Newton-Raphson solver `userModules.solver' ...
module `userModules.solver' : residual scale factor = 7.6022e+03
module `userModules.solver' : iter = 1, scaled residual = 5.0733e-06
module `userModules.solver' : iter = 2, scaled residual = 7.4719e-13
The Newton-Raphson solver converged in 2 iterations

Iteration       : 54
Elapsed runtime : 9.270 seconds

New displacement factor 2.700
New displacement factor 0.000

Starting the Newton-Raphson solver `userModules.solver' ...
module `userModules.solver' : residual scale factor = 7.7391e+03
module `userModules.solver' : iter = 1, scaled residual = 4.9739e-06
module `userModules.solver' : iter = 2, scaled residual = 7.3270e-13
The Newton-Raphson solver converged in 2 iterations

Iteration       : 55
Elapsed runtime : 9.329 seconds

New displacement factor 2.750
New displacement factor 0.000

Starting the Newton-Raphson solver `userModules.solver' ...
module `userModules.solver' : residual scale factor = 7.8758e+03
module `userModules.solver' : iter = 1, scaled residual = 4.8780e-06
module `userModules.solver' : iter = 2, scaled residual = 7.1550e-13
The Newton-Raphson solver converged in 2 iterations

Iteration       : 56
Elapsed runtime : 9.388 seconds

New displacement factor 2.800
New displacement factor 0.000

Starting the Newton-Raphson solver `userModules.solver' ...
module `userModules.solver' : residual scale factor = 8.0122e+03
module `userModules.solver' : iter = 1, scaled residual = 4.7856e-06
module `userModules.solver' : iter = 2, scaled residual = 7.0015e-13
The Newton-Raphson solver converged in 2 iterations

Iteration       : 57
Elapsed runtime : 9.447 seconds

New displacement factor 2.850
New displacement factor 0.000

Starting the Newton-Raphson solver `userModules.solver' ...
module `userModules.solver' : residual scale factor = 8.1484e+03
module `userModules.solver' : iter = 1, scaled residual = 4.6965e-06
module `userModules.solver' : iter = 2, scaled residual = 6.8590e-13
The Newton-Raphson solver converged in 2 iterations

Iteration       : 58
Elapsed runtime : 9.506 seconds

New displacement factor 2.900
New displacement factor 0.000

Starting the Newton-Raphson solver `userModules.solver' ...
module `userModules.solver' : residual scale factor = 8.2844e+03
module `userModules.solver' : iter = 1, scaled residual = 4.6104e-06
module `userModules.solver' : iter = 2, scaled residual = 6.7181e-13
The Newton-Raphson solver converged in 2 iterations

Iteration       : 59
Elapsed runtime : 9.565 seconds

New displacement factor 2.950
New displacement factor 0.000

Starting the Newton-Raphson solver `userModules.solver' ...
module `userModules.solver' : residual scale factor = 8.4202e+03
module `userModules.solver' : iter = 1, scaled residual = 4.5273e-06
module `userModules.solver' : iter = 2, scaled residual = 6.5911e-13
The Newton-Raphson solver converged in 2 iterations

Iteration       : 60
Elapsed runtime : 9.625 seconds

New displacement factor 3.000
New displacement factor 0.000

Starting the Newton-Raphson solver `userModules.solver' ...
module `userModules.solver' : residual scale factor = 8.5557e+03
module `userModules.solver' : iter = 1, scaled residual = 4.4469e-06
module `userModules.solver' : iter = 2, scaled residual = 6.4396e-13
The Newton-Raphson solver converged in 2 iterations

Iteration       : 61
Elapsed runtime : 9.684 seconds

New displacement factor 3.050
New displacement factor 0.000

Starting the Newton-Raphson solver `userModules.solver' ...
module `userModules.solver' : residual scale factor = 8.6910e+03
module `userModules.solver' : iter = 1, scaled residual = 4.3692e-06
module `userModules.solver' : iter = 2, scaled residual = 6.3348e-13
The Newton-Raphson solver converged in 2 iterations

Iteration       : 62
Elapsed runtime : 9.743 seconds

New displacement factor 3.100
New displacement factor 0.000

Starting the Newton-Raphson solver `userModules.solver' ...
module `userModules.solver' : residual scale factor = 8.8261e+03
module `userModules.solver' : iter = 1, scaled residual = 4.2940e-06
module `userModules.solver' : iter = 2, scaled residual = 6.2096e-13
The Newton-Raphson solver converged in 2 iterations

Iteration       : 63
Elapsed runtime : 9.802 seconds

New displacement factor 3.150
New displacement factor 0.000

Starting the Newton-Raphson solver `userModules.solver' ...
module `userModules.solver' : residual scale factor = 8.9610e+03
module `userModules.solver' : iter = 1, scaled residual = 4.2212e-06
module `userModules.solver' : iter = 2, scaled residual = 6.0817e-13
The Newton-Raphson solver converged in 2 iterations

Iteration       : 64
Elapsed runtime : 9.861 seconds

New displacement factor 3.200
New displacement factor 0.000

Starting the Newton-Raphson solver `userModules.solver' ...
module `userModules.solver' : residual scale factor = 9.0957e+03
module `userModules.solver' : iter = 1, scaled residual = 4.1507e-06
module `userModules.solver' : iter = 2, scaled residual = 5.9777e-13
The Newton-Raphson solver converged in 2 iterations

Iteration       : 65
Elapsed runtime : 9.920 seconds

New displacement factor 3.250
New displacement factor 0.000

Starting the Newton-Raphson solver `userModules.solver' ...
module `userModules.solver' : residual scale factor = 9.2301e+03
module `userModules.solver' : iter = 1, scaled residual = 4.0823e-06
module `userModules.solver' : iter = 2, scaled residual = 5.8869e-13
The Newton-Raphson solver converged in 2 iterations

Iteration       : 66
Elapsed runtime : 9.979 seconds

New displacement factor 3.300
New displacement factor 0.000

Starting the Newton-Raphson solver `userModules.solver' ...
module `userModules.solver' : residual scale factor = 9.3644e+03
module `userModules.solver' : iter = 1, scaled residual = 4.0161e-06
module `userModules.solver' : iter = 2, scaled residual = 5.7624e-13
The Newton-Raphson solver converged in 2 iterations

Iteration       : 67
Elapsed runtime : 10.04 seconds

New displacement factor 3.350
New displacement factor 0.000

Starting the Newton-Raphson solver `userModules.solver' ...
module `userModules.solver' : residual scale factor = 9.4984e+03
module `userModules.solver' : iter = 1, scaled residual = 3.9518e-06
module `userModules.solver' : iter = 2, scaled residual = 5.6798e-13
The Newton-Raphson solver converged in 2 iterations

Iteration       : 68
Elapsed runtime : 10.10 seconds

New displacement factor 3.400
New displacement factor 0.000

Starting the Newton-Raphson solver `userModules.solver' ...
module `userModules.solver' : residual scale factor = 9.6322e+03
module `userModules.solver' : iter = 1, scaled residual = 3.8894e-06
module `userModules.solver' : iter = 2, scaled residual = 5.5690e-13
The Newton-Raphson solver converged in 2 iterations

Iteration       : 69
Elapsed runtime : 10.16 seconds

New displacement factor 3.450
New displacement factor 0.000

Starting the Newton-Raphson solver `userModules.solver' ...
module `userModules.solver' : residual scale factor = 9.7658e+03
module `userModules.solver' : iter = 1, scaled residual = 3.8289e-06
module `userModules.solver' : iter = 2, scaled residual = 5.4774e-13
The Newton-Raphson solver converged in 2 iterations

Iteration       : 70
Elapsed runtime : 10.21 seconds

New displacement factor 3.500
New displacement factor 0.000

Starting the Newton-Raphson solver `userModules.solver' ...
module `userModules.solver' : residual scale factor = 9.8992e+03
module `userModules.solver' : iter = 1, scaled residual = 3.7701e-06
module `userModules.solver' : iter = 2, scaled residual = 5.3713e-13
The Newton-Raphson solver converged in 2 iterations

Iteration       : 71
Elapsed runtime : 10.27 seconds

New displacement factor 3.550
New displacement factor 0.000

Starting the Newton-Raphson solver `userModules.solver' ...
module `userModules.solver' : residual scale factor = 1.0032e+04
module `userModules.solver' : iter = 1, scaled residual = 3.7129e-06
module `userModules.solver' : iter = 2, scaled residual = 5.3016e-13
The Newton-Raphson solver converged in 2 iterations

Iteration       : 72
Elapsed runtime : 10.33 seconds

New displacement factor 3.600
New displacement factor 0.000

Starting the Newton-Raphson solver `userModules.solver' ...
module `userModules.solver' : residual scale factor = 1.0165e+04
module `userModules.solver' : iter = 1, scaled residual = 3.6574e-06
module `userModules.solver' : iter = 2, scaled residual = 5.2081e-13
The Newton-Raphson solver converged in 2 iterations

Iteration       : 73
Elapsed runtime : 10.39 seconds

New displacement factor 3.650
New displacement factor 0.000

Starting the Newton-Raphson solver `userModules.solver' ...
module `userModules.solver' : residual scale factor = 1.0298e+04
module `userModules.solver' : iter = 1, scaled residual = 3.6033e-06
module `userModules.solver' : iter = 2, scaled residual = 5.1345e-13
The Newton-Raphson solver converged in 2 iterations

Iteration       : 74
Elapsed runtime : 10.45 seconds

New displacement factor 3.700
New displacement factor 0.000

Starting the Newton-Raphson solver `userModules.solver' ...
module `userModules.solver' : residual scale factor = 1.0431e+04
module `userModules.solver' : iter = 1, scaled residual = 3.5508e-06
module `userModules.solver' : iter = 2, scaled residual = 5.0451e-13
The Newton-Raphson solver converged in 2 iterations

Iteration       : 75
Elapsed runtime : 10.51 seconds

New displacement factor 3.750
New displacement factor 0.000

Starting the Newton-Raphson solver `userModules.solver' ...
module `userModules.solver' : residual scale factor = 1.0563e+04
module `userModules.solver' : iter = 1, scaled residual = 3.4996e-06
module `userModules.solver' : iter = 2, scaled residual = 4.9635e-13
The Newton-Raphson solver converged in 2 iterations

Iteration       : 76
Elapsed runtime : 10.57 seconds

New displacement factor 3.800
New displacement factor 0.000

Starting the Newton-Raphson solver `userModules.solver' ...
module `userModules.solver' : residual scale factor = 1.0695e+04
module `userModules.solver' : iter = 1, scaled residual = 3.4498e-06
module `userModules.solver' : iter = 2, scaled residual = 4.8871e-13
The Newton-Raphson solver converged in 2 iterations

Iteration       : 77
Elapsed runtime : 10.63 seconds

New displacement factor 3.850
New displacement factor 0.000

Starting the Newton-Raphson solver `userModules.solver' ...
module `userModules.solver' : residual scale factor = 1.0695e+04
module `userModules.solver' : iter = 1, scaled residual = 3.3831e-06
module `userModules.solver' : iter = 2, scaled residual = 4.7870e-13
The Newton-Raphson solver converged in 2 iterations

Iteration       : 78
Elapsed runtime : 10.69 seconds

New displacement factor 3.900
New displacement factor 0.000

Starting the Newton-Raphson solver `userModules.solver' ...
module `userModules.solver' : residual scale factor = 1.0638e+04
module `userModules.solver' : iter = 1, scaled residual = 3.3030e-06
module `userModules.solver' : iter = 2, scaled residual = 4.6587e-13
The Newton-Raphson solver converged in 2 iterations

Iteration       : 79
Elapsed runtime : 10.75 seconds

New displacement factor 3.950
New displacement factor 0.000

Starting the Newton-Raphson solver `userModules.solver' ...
module `userModules.solver' : residual scale factor = 1.0476e+04
module `userModules.solver' : iter = 1, scaled residual = 3.2570e-06
module `userModules.solver' : iter = 2, scaled residual = 4.5893e-13
The Newton-Raphson solver converged in 2 iterations

Iteration       : 80
Elapsed runtime : 10.81 seconds

New displacement factor 4.000
New displacement factor 0.000

Starting the Newton-Raphson solver `userModules.solver' ...
module `userModules.solver' : residual scale factor = 1.0314e+04
module `userModules.solver' : iter = 1, scaled residual = 3.2121e-06
module `userModules.solver' : iter = 2, scaled residual = 4.5173e-13
The Newton-Raphson solver converged in 2 iterations

Iteration       : 81
Elapsed runtime : 10.86 seconds

New displacement factor 4.050
New displacement factor 0.000

Starting the Newton-Raphson solver `userModules.solver' ...
module `userModules.solver' : residual scale factor = 1.0153e+04
module `userModules.solver' : iter = 1, scaled residual = 3.1683e-06
module `userModules.solver' : iter = 2, scaled residual = 4.4526e-13
The Newton-Raphson solver converged in 2 iterations

Iteration       : 82
Elapsed runtime : 10.92 seconds

New displacement factor 4.100
New displacement factor 0.000

Starting the Newton-Raphson solver `userModules.solver' ...
module `userModules.solver' : residual scale factor = 9.9917e+03
module `userModules.solver' : iter = 1, scaled residual = 3.1256e-06
module `userModules.solver' : iter = 2, scaled residual = 4.3784e-13
The Newton-Raphson solver converged in 2 iterations

Iteration       : 83
Elapsed runtime : 10.98 seconds

New displacement factor 4.150
New displacement factor 0.000

Starting the Newton-Raphson solver `userModules.solver' ...
module `userModules.solver' : residual scale factor = 9.8309e+03
module `userModules.solver' : iter = 1, scaled residual = 3.0839e-06
module `userModules.solver' : iter = 2, scaled residual = 4.3185e-13
The Newton-Raphson solver converged in 2 iterations

Iteration       : 84
Elapsed runtime : 11.04 seconds

New displacement factor 4.200
New displacement factor 0.000

Starting the Newton-Raphson solver `userModules.solver' ...
module `userModules.solver' : residual scale factor = 9.6705e+03
module `userModules.solver' : iter = 1, scaled residual = 3.0431e-06
module `userModules.solver' : iter = 2, scaled residual = 4.2541e-13
The Newton-Raphson solver converged in 2 iterations

Iteration       : 85
Elapsed runtime : 11.10 seconds

New displacement factor 4.250
New displacement factor 0.000

Starting the Newton-Raphson solver `userModules.solver' ...
module `userModules.solver' : residual scale factor = 9.5102e+03
module `userModules.solver' : iter = 1, scaled residual = 3.0033e-06
module `userModules.solver' : iter = 2, scaled residual = 4.1899e-13
The Newton-Raphson solver converged in 2 iterations

Iteration       : 86
Elapsed runtime : 11.16 seconds

New displacement factor 4.300
New displacement factor 0.000

Starting the Newton-Raphson solver `userModules.solver' ...
module `userModules.solver' : residual scale factor = 9.3503e+03
module `userModules.solver' : iter = 1, scaled residual = 2.9645e-06
module `userModules.solver' : iter = 2, scaled residual = 4.1304e-13
The Newton-Raphson solver converged in 2 iterations

Iteration       : 87
Elapsed runtime : 11.22 seconds

New displacement factor 4.350
New displacement factor 0.000

Starting the Newton-Raphson solver `userModules.solver' ...
module `userModules.solver' : residual scale factor = 9.1907e+03
module `userModules.solver' : iter = 1, scaled residual = 2.9264e-06
module `userModules.solver' : iter = 2, scaled residual = 4.0707e-13
The Newton-Raphson solver converged in 2 iterations

Iteration       : 88
Elapsed runtime : 11.28 seconds

New displacement factor 4.400
New displacement factor 0.000

Starting the Newton-Raphson solver `userModules.solver' ...
module `userModules.solver' : residual scale factor = 9.0313e+03
module `userModules.solver' : iter = 1, scaled residual = 2.8893e-06
module `userModules.solver' : iter = 2, scaled residual = 4.0155e-13
The Newton-Raphson solver converged in 2 iterations

Iteration       : 89
Elapsed runtime : 11.34 seconds

New displacement factor 4.450
New displacement factor 0.000

Starting the Newton-Raphson solver `userModules.solver' ...
module `userModules.solver' : residual scale factor = 8.8722e+03
module `userModules.solver' : iter = 1, scaled residual = 2.8529e-06
module `userModules.solver' : iter = 2, scaled residual = 3.9577e-13
The Newton-Raphson solver converged in 2 iterations

Iteration       : 90
Elapsed runtime : 11.39 seconds

New displacement factor 4.500
New displacement factor 0.000

Starting the Newton-Raphson solver `userModules.solver' ...
module `userModules.solver' : residual scale factor = 8.7133e+03
module `userModules.solver' : iter = 1, scaled residual = 2.8174e-06
module `userModules.solver' : iter = 2, scaled residual = 3.9038e-13
The Newton-Raphson solver converged in 2 iterations

Iteration       : 91
Elapsed runtime : 11.45 seconds

New displacement factor 4.550
New displacement factor 0.000

Starting the Newton-Raphson solver `userModules.solver' ...
module `userModules.solver' : residual scale factor = 8.5548e+03
module `userModules.solver' : iter = 1, scaled residual = 2.7826e-06
module `userModules.solver' : iter = 2, scaled residual = 3.8452e-13
The Newton-Raphson solver converged in 2 iterations

Iteration       : 92
Elapsed runtime : 11.51 seconds

New displacement factor 4.600
New displacement factor 0.000

Starting the Newton-Raphson solver `userModules.solver' ...
module `userModules.solver' : residual scale factor = 8.3965e+03
module `userModules.solver' : iter = 1, scaled residual = 2.7485e-06
module `userModules.solver' : iter = 2, scaled residual = 3.7968e-13
The Newton-Raphson solver converged in 2 iterations

Iteration       : 93
Elapsed runtime : 11.57 seconds

New displacement factor 4.650
New displacement factor 0.000

Starting the Newton-Raphson solver `userModules.solver' ...
module `userModules.solver' : residual scale factor = 8.2385e+03
module `userModules.solver' : iter = 1, scaled residual = 2.7151e-06
module `userModules.solver' : iter = 2, scaled residual = 3.7429e-13
The Newton-Raphson solver converged in 2 iterations

Iteration       : 94
Elapsed runtime : 11.63 seconds

New displacement factor 4.700
New displacement factor 0.000

Starting the Newton-Raphson solver `userModules.solver' ...
module `userModules.solver' : residual scale factor = 8.0808e+03
module `userModules.solver' : iter = 1, scaled residual = 2.6824e-06
module `userModules.solver' : iter = 2, scaled residual = 3.6911e-13
The Newton-Raphson solver converged in 2 iterations

Iteration       : 95
Elapsed runtime : 11.69 seconds

New displacement factor 4.750
New displacement factor 0.000

Starting the Newton-Raphson solver `userModules.solver' ...
module `userModules.solver' : residual scale factor = 7.9233e+03
module `userModules.solver' : iter = 1, scaled residual = 2.6504e-06
module `userModules.solver' : iter = 2, scaled residual = 3.6454e-13
The Newton-Raphson solver converged in 2 iterations

Iteration       : 96
Elapsed runtime : 11.75 seconds

New displacement factor 4.800
New displacement factor 0.000

Starting the Newton-Raphson solver `userModules.solver' ...
module `userModules.solver' : residual scale factor = 7.7661e+03
module `userModules.solver' : iter = 1, scaled residual = 2.6190e-06
module `userModules.solver' : iter = 2, scaled residual = 3.5935e-13
The Newton-Raphson solver converged in 2 iterations

Iteration       : 97
Elapsed runtime : 11.81 seconds

New displacement factor 4.850
New displacement factor 0.000

Starting the Newton-Raphson solver `userModules.solver' ...
module `userModules.solver' : residual scale factor = 7.6092e+03
module `userModules.solver' : iter = 1, scaled residual = 2.5883e-06
module `userModules.solver' : iter = 2, scaled residual = 3.5439e-13
The Newton-Raphson solver converged in 2 iterations

Iteration       : 98
Elapsed runtime : 11.87 seconds

New displacement factor 4.900
New displacement factor 0.000

Starting the Newton-Raphson solver `userModules.solver' ...
module `userModules.solver' : residual scale factor = 7.4525e+03
module `userModules.solver' : iter = 1, scaled residual = 2.5581e-06
module `userModules.solver' : iter = 2, scaled residual = 3.5019e-13
The Newton-Raphson solver converged in 2 iterations

Iteration       : 99
Elapsed runtime : 11.92 seconds

New displacement factor 4.950
New displacement factor 0.000

Starting the Newton-Raphson solver `userModules.solver' ...
module `userModules.solver' : residual scale factor = 7.2961e+03
module `userModules.solver' : iter = 1, scaled residual = 2.5285e-06
module `userModules.solver' : iter = 2, scaled residual = 3.4567e-13
The Newton-Raphson solver converged in 2 iterations

Iteration       : 100
Elapsed runtime : 11.98 seconds

New displacement factor 5.000
New displacement factor 0.000

Starting the Newton-Raphson solver `userModules.solver' ...
module `userModules.solver' : residual scale factor = 7.1400e+03
module `userModules.solver' : iter = 1, scaled residual = 2.4995e-06
module `userModules.solver' : iter = 2, scaled residual = 3.4061e-13
The Newton-Raphson solver converged in 2 iterations

Iteration       : 101
Elapsed runtime : 12.04 seconds

New displacement factor 5.050
New displacement factor 0.000

Starting the Newton-Raphson solver `userModules.solver' ...
module `userModules.solver' : residual scale factor = 6.9841e+03
module `userModules.solver' : iter = 1, scaled residual = 2.4710e-06
module `userModules.solver' : iter = 2, scaled residual = 3.3688e-13
The Newton-Raphson solver converged in 2 iterations

Iteration       : 102
Elapsed runtime : 12.10 seconds

New displacement factor 5.100
New displacement factor 0.000

Starting the Newton-Raphson solver `userModules.solver' ...
module `userModules.solver' : residual scale factor = 6.8285e+03
module `userModules.solver' : iter = 1, scaled residual = 2.4430e-06
module `userModules.solver' : iter = 2, scaled residual = 3.3258e-13
The Newton-Raphson solver converged in 2 iterations

Iteration       : 103
Elapsed runtime : 12.16 seconds

New displacement factor 5.150
New displacement factor 0.000

Starting the Newton-Raphson solver `userModules.solver' ...
module `userModules.solver' : residual scale factor = 6.6731e+03
module `userModules.solver' : iter = 1, scaled residual = 2.4155e-06
module `userModules.solver' : iter = 2, scaled residual = 3.2813e-13
The Newton-Raphson solver converged in 2 iterations

Iteration       : 104
Elapsed runtime : 12.22 seconds

New displacement factor 5.200
New displacement factor 0.000

Starting the Newton-Raphson solver `userModules.solver' ...
module `userModules.solver' : residual scale factor = 6.5181e+03
module `userModules.solver' : iter = 1, scaled residual = 2.3885e-06
module `userModules.solver' : iter = 2, scaled residual = 3.2353e-13
The Newton-Raphson solver converged in 2 iterations

Iteration       : 105
Elapsed runtime : 12.28 seconds

New displacement factor 5.250
New displacement factor 0.000

Starting the Newton-Raphson solver `userModules.solver' ...
module `userModules.solver' : residual scale factor = 6.3632e+03
module `userModules.solver' : iter = 1, scaled residual = 2.3619e-06
module `userModules.solver' : iter = 2, scaled residual = 3.2006e-13
The Newton-Raphson solver converged in 2 iterations

Iteration       : 106
Elapsed runtime : 12.33 seconds

New displacement factor 5.300
New displacement factor 0.000

Starting the Newton-Raphson solver `userModules.solver' ...
module `userModules.solver' : residual scale factor = 6.2087e+03
module `userModules.solver' : iter = 1, scaled residual = 2.3358e-06
module `userModules.solver' : iter = 2, scaled residual = 3.1611e-13
The Newton-Raphson solver converged in 2 iterations

Iteration       : 107
Elapsed runtime : 12.39 seconds

New displacement factor 5.350
New displacement factor 0.000

Starting the Newton-Raphson solver `userModules.solver' ...
module `userModules.solver' : residual scale factor = 6.0544e+03
module `userModules.solver' : iter = 1, scaled residual = 2.3102e-06
module `userModules.solver' : iter = 2, scaled residual = 3.1201e-13
The Newton-Raphson solver converged in 2 iterations

Iteration       : 108
Elapsed runtime : 12.45 seconds

New displacement factor 5.400
New displacement factor 0.000

Starting the Newton-Raphson solver `userModules.solver' ...
module `userModules.solver' : residual scale factor = 5.9003e+03
module `userModules.solver' : iter = 1, scaled residual = 2.2849e-06
module `userModules.solver' : iter = 2, scaled residual = 3.0809e-13
The Newton-Raphson solver converged in 2 iterations

Iteration       : 109
Elapsed runtime : 12.51 seconds

New displacement factor 5.450
New displacement factor 0.000

Starting the Newton-Raphson solver `userModules.solver' ...
module `userModules.solver' : residual scale factor = 5.7465e+03
module `userModules.solver' : iter = 1, scaled residual = 2.2601e-06
module `userModules.solver' : iter = 2, scaled residual = 3.0440e-13
The Newton-Raphson solver converged in 2 iterations

Iteration       : 110
Elapsed runtime : 12.57 seconds

New displacement factor 5.500
New displacement factor 0.000

Starting the Newton-Raphson solver `userModules.solver' ...
module `userModules.solver' : residual scale factor = 5.5930e+03
module `userModules.solver' : iter = 1, scaled residual = 2.2356e-06
module `userModules.solver' : iter = 2, scaled residual = 3.0054e-13
The Newton-Raphson solver converged in 2 iterations

Iteration       : 111
Elapsed runtime : 12.63 seconds

New displacement factor 5.550
New displacement factor 0.000

Starting the Newton-Raphson solver `userModules.solver' ...
module `userModules.solver' : residual scale factor = 5.4397e+03
module `userModules.solver' : iter = 1, scaled residual = 2.2115e-06
module `userModules.solver' : iter = 2, scaled residual = 2.9746e-13
The Newton-Raphson solver converged in 2 iterations

Iteration       : 112
Elapsed runtime : 12.69 seconds

New displacement factor 5.600
New displacement factor 0.000

Starting the Newton-Raphson solver `userModules.solver' ...
module `userModules.solver' : residual scale factor = 5.2866e+03
module `userModules.solver' : iter = 1, scaled residual = 2.1877e-06
module `userModules.solver' : iter = 2, scaled residual = 2.9323e-13
The Newton-Raphson solver converged in 2 iterations

Iteration       : 113
Elapsed runtime : 12.75 seconds

New displacement factor 5.650
New displacement factor 0.000

Starting the Newton-Raphson solver `userModules.solver' ...
module `userModules.solver' : residual scale factor = 5.1338e+03
module `userModules.solver' : iter = 1, scaled residual = 2.1642e-06
module `userModules.solver' : iter = 2, scaled residual = 2.9056e-13
The Newton-Raphson solver converged in 2 iterations

Iteration       : 114
Elapsed runtime : 12.81 seconds

New displacement factor 5.700
New displacement factor 0.000

Starting the Newton-Raphson solver `userModules.solver' ...
module `userModules.solver' : residual scale factor = 4.9813e+03
module `userModules.solver' : iter = 1, scaled residual = 2.1411e-06
module `userModules.solver' : iter = 2, scaled residual = 2.8652e-13
The Newton-Raphson solver converged in 2 iterations

Iteration       : 115
Elapsed runtime : 12.86 seconds

New displacement factor 5.750
New displacement factor 0.000

Starting the Newton-Raphson solver `userModules.solver' ...
module `userModules.solver' : residual scale factor = 4.8290e+03
module `userModules.solver' : iter = 1, scaled residual = 2.1183e-06
module `userModules.solver' : iter = 2, scaled residual = 2.8352e-13
The Newton-Raphson solver converged in 2 iterations

Iteration       : 116
Elapsed runtime : 12.92 seconds

New displacement factor 5.800
New displacement factor 0.000

Starting the Newton-Raphson solver `userModules.solver' ...
module `userModules.solver' : residual scale factor = 4.6770e+03
module `userModules.solver' : iter = 1, scaled residual = 2.0957e-06
module `userModules.solver' : iter = 2, scaled residual = 2.8011e-13
The Newton-Raphson solver converged in 2 iterations

Iteration       : 117
Elapsed runtime : 12.98 seconds

New displacement factor 5.850
New displacement factor 0.000

Starting the Newton-Raphson solver `userModules.solver' ...
module `userModules.solver' : residual scale factor = 4.5252e+03
module `userModules.solver' : iter = 1, scaled residual = 2.0734e-06
module `userModules.solver' : iter = 2, scaled residual = 2.7623e-13
The Newton-Raphson solver converged in 2 iterations

Iteration       : 118
Elapsed runtime : 13.04 seconds

New displacement factor 5.900
New displacement factor 0.000

Starting the Newton-Raphson solver `userModules.solver' ...
module `userModules.solver' : residual scale factor = 4.3737e+03
module `userModules.solver' : iter = 1, scaled residual = 2.0514e-06
module `userModules.solver' : iter = 2, scaled residual = 2.7317e-13
The Newton-Raphson solver converged in 2 iterations

Iteration       : 119
Elapsed runtime : 13.10 seconds

New displacement factor 5.950
New displacement factor 0.000

Starting the Newton-Raphson solver `userModules.solver' ...
module `userModules.solver' : residual scale factor = 4.2224e+03
module `userModules.solver' : iter = 1, scaled residual = 2.0295e-06
module `userModules.solver' : iter = 2, scaled residual = 2.7046e-13
The Newton-Raphson solver converged in 2 iterations

Iteration       : 120
Elapsed runtime : 13.16 seconds

New displacement factor 6.000
New displacement factor 0.000

Starting the Newton-Raphson solver `userModules.solver' ...
module `userModules.solver' : residual scale factor = 4.0713e+03
module `userModules.solver' : iter = 1, scaled residual = 2.0079e-06
module `userModules.solver' : iter = 2, scaled residual = 2.6684e-13
The Newton-Raphson solver converged in 2 iterations

Iteration       : 121
Elapsed runtime : 13.22 seconds

New displacement factor 6.050
New displacement factor 0.000

Starting the Newton-Raphson solver `userModules.solver' ...
module `userModules.solver' : residual scale factor = 3.9205e+03
module `userModules.solver' : iter = 1, scaled residual = 1.9864e-06
module `userModules.solver' : iter = 2, scaled residual = 2.6397e-13
The Newton-Raphson solver converged in 2 iterations

Iteration       : 122
Elapsed runtime : 13.28 seconds

New displacement factor 6.100
New displacement factor 0.000

Starting the Newton-Raphson solver `userModules.solver' ...
module `userModules.solver' : residual scale factor = 3.7700e+03
module `userModules.solver' : iter = 1, scaled residual = 1.9651e-06
module `userModules.solver' : iter = 2, scaled residual = 2.6029e-13
The Newton-Raphson solver converged in 2 iterations

Iteration       : 123
Elapsed runtime : 13.34 seconds

New displacement factor 6.150
New displacement factor 0.000

Starting the Newton-Raphson solver `userModules.solver' ...
module `userModules.solver' : residual scale factor = 3.6197e+03
module `userModules.solver' : iter = 1, scaled residual = 1.9438e-06
module `userModules.solver' : iter = 2, scaled residual = 2.5813e-13
The Newton-Raphson solver converged in 2 iterations

Iteration       : 124
Elapsed runtime : 13.39 seconds

New displacement factor 6.200
New displacement factor 0.000

Starting the Newton-Raphson solver `userModules.solver' ...
module `userModules.solver' : residual scale factor = 3.4696e+03
module `userModules.solver' : iter = 1, scaled residual = 1.9227e-06
module `userModules.solver' : iter = 2, scaled residual = 2.5462e-13
The Newton-Raphson solver converged in 2 iterations

Iteration       : 125
Elapsed runtime : 13.45 seconds

New displacement factor 6.250
New displacement factor 0.000

Starting the Newton-Raphson solver `userModules.solver' ...
module `userModules.solver' : residual scale factor = 3.3198e+03
module `userModules.solver' : iter = 1, scaled residual = 1.9016e-06
module `userModules.solver' : iter = 2, scaled residual = 2.5197e-13
The Newton-Raphson solver converged in 2 iterations

Iteration       : 126
Elapsed runtime : 13.51 seconds

New displacement factor 6.300
New displacement factor 0.000

Starting the Newton-Raphson solver `userModules.solver' ...
module `userModules.solver' : residual scale factor = 3.1702e+03
module `userModules.solver' : iter = 1, scaled residual = 1.8805e-06
module `userModules.solver' : iter = 2, scaled residual = 2.4938e-13
The Newton-Raphson solver converged in 2 iterations

Iteration       : 127
Elapsed runtime : 13.57 seconds

New displacement factor 6.350
New displacement factor 0.000

Starting the Newton-Raphson solver `userModules.solver' ...
module `userModules.solver' : residual scale factor = 3.0208e+03
module `userModules.solver' : iter = 1, scaled residual = 1.8594e-06
module `userModules.solver' : iter = 2, scaled residual = 2.4632e-13
The Newton-Raphson solver converged in 2 iterations

Iteration       : 128
Elapsed runtime : 13.63 seconds

New displacement factor 6.400
New displacement factor 0.000

Starting the Newton-Raphson solver `userModules.solver' ...
module `userModules.solver' : residual scale factor = 2.8717e+03
module `userModules.solver' : iter = 1, scaled residual = 1.8381e-06
module `userModules.solver' : iter = 2, scaled residual = 2.4316e-13
The Newton-Raphson solver converged in 2 iterations

Iteration       : 129
Elapsed runtime : 13.69 seconds

New displacement factor 6.450
New displacement factor 0.000

Starting the Newton-Raphson solver `userModules.solver' ...
module `userModules.solver' : residual scale factor = 2.7229e+03
module `userModules.solver' : iter = 1, scaled residual = 1.8167e-06
module `userModules.solver' : iter = 2, scaled residual = 2.3960e-13
The Newton-Raphson solver converged in 2 iterations

Iteration       : 130
Elapsed runtime : 13.75 seconds

New displacement factor 6.500
New displacement factor 0.000

Starting the Newton-Raphson solver `userModules.solver' ...
module `userModules.solver' : residual scale factor = 2.5742e+03
module `userModules.solver' : iter = 1, scaled residual = 1.7951e-06
module `userModules.solver' : iter = 2, scaled residual = 2.3863e-13
The Newton-Raphson solver converged in 2 iterations

Iteration       : 131
Elapsed runtime : 13.81 seconds

New displacement factor 6.550
New displacement factor 0.000

Starting the Newton-Raphson solver `userModules.solver' ...
module `userModules.solver' : residual scale factor = 2.4258e+03
module `userModules.solver' : iter = 1, scaled residual = 1.7731e-06
module `userModules.solver' : iter = 2, scaled residual = 2.3568e-13
The Newton-Raphson solver converged in 2 iterations

Iteration       : 132
Elapsed runtime : 13.87 seconds

New displacement factor 6.600
New displacement factor 0.000

Starting the Newton-Raphson solver `userModules.solver' ...
module `userModules.solver' : residual scale factor = 2.2776e+03
module `userModules.solver' : iter = 1, scaled residual = 1.7506e-06
module `userModules.solver' : iter = 2, scaled residual = 2.3208e-13
The Newton-Raphson solver converged in 2 iterations

Iteration       : 133
Elapsed runtime : 13.92 seconds

New displacement factor 6.650
New displacement factor 0.000

Starting the Newton-Raphson solver `userModules.solver' ...
module `userModules.solver' : residual scale factor = 2.1297e+03
module `userModules.solver' : iter = 1, scaled residual = 1.7274e-06
module `userModules.solver' : iter = 2, scaled residual = 2.3079e-13
The Newton-Raphson solver converged in 2 iterations

Iteration       : 134
Elapsed runtime : 13.98 seconds

New displacement factor 6.700
New displacement factor 0.000

Starting the Newton-Raphson solver `userModules.solver' ...
module `userModules.solver' : residual scale factor = 1.9820e+03
module `userModules.solver' : iter = 1, scaled residual = 1.7035e-06
module `userModules.solver' : iter = 2, scaled residual = 2.2650e-13
The Newton-Raphson solver converged in 2 iterations

Iteration       : 135
Elapsed runtime : 14.04 seconds

New displacement factor 6.750
New displacement factor 0.000

Starting the Newton-Raphson solver `userModules.solver' ...
module `userModules.solver' : residual scale factor = 1.8346e+03
module `userModules.solver' : iter = 1, scaled residual = 1.6785e-06
module `userModules.solver' : iter = 2, scaled residual = 2.2937e-13
The Newton-Raphson solver converged in 2 iterations

Iteration       : 136
Elapsed runtime : 14.10 seconds

New displacement factor 6.800
New displacement factor 0.000

Starting the Newton-Raphson solver `userModules.solver' ...
module `userModules.solver' : residual scale factor = 1.6873e+03
module `userModules.solver' : iter = 1, scaled residual = 1.6520e-06
module `userModules.solver' : iter = 2, scaled residual = 2.2382e-13
The Newton-Raphson solver converged in 2 iterations

Iteration       : 137
Elapsed runtime : 14.16 seconds

New displacement factor 6.850
New displacement factor 0.000

Starting the Newton-Raphson solver `userModules.solver' ...
module `userModules.solver' : residual scale factor = 1.5403e+03
module `userModules.solver' : iter = 1, scaled residual = 1.6236e-06
module `userModules.solver' : iter = 2, scaled residual = 2.2191e-13
The Newton-Raphson solver converged in 2 iterations

Iteration       : 138
Elapsed runtime : 14.22 seconds

New displacement factor 6.900
New displacement factor 0.000

Starting the Newton-Raphson solver `userModules.solver' ...
module `userModules.solver' : residual scale factor = 1.3935e+03
module `userModules.solver' : iter = 1, scaled residual = 1.5926e-06
module `userModules.solver' : iter = 2, scaled residual = 2.1948e-13
The Newton-Raphson solver converged in 2 iterations

Iteration       : 139
Elapsed runtime : 14.28 seconds

New displacement factor 6.950
New displacement factor 0.000

Starting the Newton-Raphson solver `userModules.solver' ...
module `userModules.solver' : residual scale factor = 1.2470e+03
module `userModules.solver' : iter = 1, scaled residual = 1.5581e-06
module `userModules.solver' : iter = 2, scaled residual = 2.2563e-13
The Newton-Raphson solver converged in 2 iterations

Iteration       : 140
Elapsed runtime : 14.34 seconds

New displacement factor 7.000
New displacement factor 0.000

Starting the Newton-Raphson solver `userModules.solver' ...
module `userModules.solver' : residual scale factor = 1.1007e+03
module `userModules.solver' : iter = 1, scaled residual = 1.5184e-06
module `userModules.solver' : iter = 2, scaled residual = 2.2811e-13
The Newton-Raphson solver converged in 2 iterations

Iteration       : 141
Elapsed runtime : 14.40 seconds

New displacement factor 7.050
New displacement factor 0.000

Starting the Newton-Raphson solver `userModules.solver' ...
module `userModules.solver' : residual scale factor = 9.5459e+02
module `userModules.solver' : iter = 1, scaled residual = 1.4712e-06
module `userModules.solver' : iter = 2, scaled residual = 2.2658e-13
The Newton-Raphson solver converged in 2 iterations

Iteration       : 142
Elapsed runtime : 14.46 seconds

New displacement factor 7.100
New displacement factor 0.000

Starting the Newton-Raphson solver `userModules.solver' ...
module `userModules.solver' : residual scale factor = 8.0873e+02
module `userModules.solver' : iter = 1, scaled residual = 1.4124e-06
module `userModules.solver' : iter = 2, scaled residual = 2.3411e-13
The Newton-Raphson solver converged in 2 iterations

Iteration       : 143
Elapsed runtime : 14.51 seconds

New displacement factor 7.150
New displacement factor 0.000

Starting the Newton-Raphson solver `userModules.solver' ...
module `userModules.solver' : residual scale factor = 6.6310e+02
module `userModules.solver' : iter = 1, scaled residual = 1.3341e-06
module `userModules.solver' : iter = 2, scaled residual = 2.2833e-13
The Newton-Raphson solver converged in 2 iterations

Iteration       : 144
Elapsed runtime : 14.57 seconds

New displacement factor 7.200
New displacement factor 0.000

Starting the Newton-Raphson solver `userModules.solver' ...
module `userModules.solver' : residual scale factor = 5.1769e+02
module `userModules.solver' : iter = 1, scaled residual = 1.2198e-06
module `userModules.solver' : iter = 2, scaled residual = 2.8916e-13
The Newton-Raphson solver converged in 2 iterations

Iteration       : 145
Elapsed runtime : 14.63 seconds

New displacement factor 7.250
New displacement factor 0.000

Starting the Newton-Raphson solver `userModules.solver' ...
module `userModules.solver' : residual scale factor = 3.7250e+02
module `userModules.solver' : iter = 1, scaled residual = 1.0274e-06
module `userModules.solver' : iter = 2, scaled residual = 2.7862e-13
The Newton-Raphson solver converged in 2 iterations

Iteration       : 146
Elapsed runtime : 14.69 seconds

New displacement factor 7.300
New displacement factor 0.000

Starting the Newton-Raphson solver `userModules.solver' ...
module `userModules.solver' : residual scale factor = 2.2754e+02
module `userModules.solver' : iter = 1, scaled residual = 6.0723e-07
The Newton-Raphson solver converged in 1 iterations

Iteration       : 147
Elapsed runtime : 14.74 seconds

New displacement factor 7.350
New displacement factor 0.000

Starting the Newton-Raphson solver `userModules.solver' ...
module `userModules.solver' : residual scale factor = 8.2802e+01
module `userModules.solver' : iter = 1, scaled residual = 0.0000e+00
The Newton-Raphson solver converged in 1 iterations

Iteration       : 148
Elapsed runtime : 14.78 seconds

New displacement factor 7.400
New displacement factor 0.000

Starting the Newton-Raphson solver `userModules.solver' ...
module `userModules.solver' : residual scale factor = 0.0000e+00
The Newton-Raphson solver converged in 1 iterations

Iteration       : 149
Elapsed runtime : 14.82 seconds

New displacement factor 7.450
New displacement factor 0.000

Starting the Newton-Raphson solver `userModules.solver' ...
module `userModules.solver' : residual scale factor = 0.0000e+00
The Newton-Raphson solver converged in 1 iterations

Iteration       : 150
Elapsed runtime : 14.87 seconds

New displacement factor 7.500
New displacement factor 0.000

Starting the Newton-Raphson solver `userModules.solver' ...
module `userModules.solver' : residual scale factor = 0.0000e+00
The Newton-Raphson solver converged in 1 iterations

Iteration       : 151
Elapsed runtime : 14.91 seconds

New displacement factor 7.550
New displacement factor 0.000

Starting the Newton-Raphson solver `userModules.solver' ...
module `userModules.solver' : residual scale factor = 0.0000e+00
The Newton-Raphson solver converged in 1 iterations

Iteration       : 152
Elapsed runtime : 28.79 seconds

New displacement factor 7.600
New displacement factor 0.000

Starting the Newton-Raphson solver `userModules.solver' ...
module `userModules.solver' : residual scale factor = 0.0000e+00
The Newton-Raphson solver converged in 1 iterations

Iteration       : 153
Elapsed runtime : 28.84 seconds

New displacement factor 7.650
New displacement factor 0.000

Starting the Newton-Raphson solver `userModules.solver' ...
module `userModules.solver' : residual scale factor = 0.0000e+00
The Newton-Raphson solver converged in 1 iterations

Iteration       : 154
Elapsed runtime : 28.89 seconds

New displacement factor 7.700
New displacement factor 0.000

Starting the Newton-Raphson solver `userModules.solver' ...
module `userModules.solver' : residual scale factor = 0.0000e+00
The Newton-Raphson solver converged in 1 iterations

Iteration       : 155
Elapsed runtime : 28.94 seconds

New displacement factor 7.750
New displacement factor 0.000

Starting the Newton-Raphson solver `userModules.solver' ...
module `userModules.solver' : residual scale factor = 0.0000e+00
The Newton-Raphson solver converged in 1 iterations

Iteration       : 156
Elapsed runtime : 28.98 seconds

New displacement factor 7.800
New displacement factor 0.000

Starting the Newton-Raphson solver `userModules.solver' ...
module `userModules.solver' : residual scale factor = 0.0000e+00
The Newton-Raphson solver converged in 1 iterations

Iteration       : 157
Elapsed runtime : 29.03 seconds

New displacement factor 7.850
New displacement factor 0.000

Starting the Newton-Raphson solver `userModules.solver' ...
module `userModules.solver' : residual scale factor = 0.0000e+00
The Newton-Raphson solver converged in 1 iterations

Iteration       : 158
Elapsed runtime : 29.07 seconds

New displacement factor 7.900
New displacement factor 0.000

Starting the Newton-Raphson solver `userModules.solver' ...
module `userModules.solver' : residual scale factor = 0.0000e+00
The Newton-Raphson solver converged in 1 iterations

Iteration       : 159
Elapsed runtime : 29.12 seconds

New displacement factor 7.950
New displacement factor 0.000

Starting the Newton-Raphson solver `userModules.solver' ...
module `userModules.solver' : residual scale factor = 0.0000e+00
The Newton-Raphson solver converged in 1 iterations

Iteration       : 160
Elapsed runtime : 29.16 seconds

New displacement factor 8.000
New displacement factor 0.000

Starting the Newton-Raphson solver `userModules.solver' ...
module `userModules.solver' : residual scale factor = 0.0000e+00
The Newton-Raphson solver converged in 1 iterations

Iteration       : 161
Elapsed runtime : 29.20 seconds

New displacement factor 8.050
New displacement factor 0.000

Starting the Newton-Raphson solver `userModules.solver' ...
module `userModules.solver' : residual scale factor = 0.0000e+00
The Newton-Raphson solver converged in 1 iterations

Iteration       : 162
Elapsed runtime : 29.25 seconds

New displacement factor 8.100
New displacement factor 0.000

Starting the Newton-Raphson solver `userModules.solver' ...
module `userModules.solver' : residual scale factor = 0.0000e+00
The Newton-Raphson solver converged in 1 iterations

Iteration       : 163
Elapsed runtime : 29.29 seconds

New displacement factor 8.150
New displacement factor 0.000

Starting the Newton-Raphson solver `userModules.solver' ...
module `userModules.solver' : residual scale factor = 0.0000e+00
The Newton-Raphson solver converged in 1 iterations

Iteration       : 164
Elapsed runtime : 29.34 seconds

New displacement factor 8.200
New displacement factor 0.000

Starting the Newton-Raphson solver `userModules.solver' ...
module `userModules.solver' : residual scale factor = 0.0000e+00
The Newton-Raphson solver converged in 1 iterations

Iteration       : 165
Elapsed runtime : 29.38 seconds

New displacement factor 8.250
New displacement factor 0.000

Starting the Newton-Raphson solver `userModules.solver' ...
module `userModules.solver' : residual scale factor = 0.0000e+00
The Newton-Raphson solver converged in 1 iterations

Iteration       : 166
Elapsed runtime : 29.43 seconds

New displacement factor 8.300
New displacement factor 0.000

Starting the Newton-Raphson solver `userModules.solver' ...
module `userModules.solver' : residual scale factor = 0.0000e+00
The Newton-Raphson solver converged in 1 iterations

Iteration       : 167
Elapsed runtime : 29.47 seconds

New displacement factor 8.350
New displacement factor 0.000

Starting the Newton-Raphson solver `userModules.solver' ...
module `userModules.solver' : residual scale factor = 0.0000e+00
The Newton-Raphson solver converged in 1 iterations

Iteration       : 168
Elapsed runtime : 29.52 seconds

New displacement factor 8.400
New displacement factor 0.000

Starting the Newton-Raphson solver `userModules.solver' ...
module `userModules.solver' : residual scale factor = 0.0000e+00
The Newton-Raphson solver converged in 1 iterations

Iteration       : 169
Elapsed runtime : 29.56 seconds

New displacement factor 8.450
New displacement factor 0.000

Starting the Newton-Raphson solver `userModules.solver' ...
module `userModules.solver' : residual scale factor = 0.0000e+00
The Newton-Raphson solver converged in 1 iterations

Iteration       : 170
Elapsed runtime : 29.61 seconds

New displacement factor 8.500
New displacement factor 0.000

Starting the Newton-Raphson solver `userModules.solver' ...
module `userModules.solver' : residual scale factor = 0.0000e+00
The Newton-Raphson solver converged in 1 iterations

Iteration       : 171
Elapsed runtime : 29.65 seconds

New displacement factor 8.550
New displacement factor 0.000

Starting the Newton-Raphson solver `userModules.solver' ...
module `userModules.solver' : residual scale factor = 0.0000e+00
The Newton-Raphson solver converged in 1 iterations

Iteration       : 172
Elapsed runtime : 29.70 seconds

New displacement factor 8.600
New displacement factor 0.000

Starting the Newton-Raphson solver `userModules.solver' ...
module `userModules.solver' : residual scale factor = 0.0000e+00
The Newton-Raphson solver converged in 1 iterations

Iteration       : 173
Elapsed runtime : 29.74 seconds

New displacement factor 8.650
New displacement factor 0.000

Starting the Newton-Raphson solver `userModules.solver' ...
module `userModules.solver' : residual scale factor = 0.0000e+00
The Newton-Raphson solver converged in 1 iterations

Iteration       : 174
Elapsed runtime : 29.79 seconds

New displacement factor 8.700
New displacement factor 0.000

Starting the Newton-Raphson solver `userModules.solver' ...
module `userModules.solver' : residual scale factor = 0.0000e+00
The Newton-Raphson solver converged in 1 iterations

Iteration       : 175
Elapsed runtime : 29.83 seconds

New displacement factor 8.750
New displacement factor 0.000

Starting the Newton-Raphson solver `userModules.solver' ...
module `userModules.solver' : residual scale factor = 0.0000e+00
The Newton-Raphson solver converged in 1 iterations

Iteration       : 176
Elapsed runtime : 29.88 seconds

New displacement factor 8.800
New displacement factor 0.000

Starting the Newton-Raphson solver `userModules.solver' ...
module `userModules.solver' : residual scale factor = 0.0000e+00
The Newton-Raphson solver converged in 1 iterations

Iteration       : 177
Elapsed runtime : 29.92 seconds

New displacement factor 8.850
New displacement factor 0.000

Starting the Newton-Raphson solver `userModules.solver' ...
module `userModules.solver' : residual scale factor = 0.0000e+00
The Newton-Raphson solver converged in 1 iterations

Iteration       : 178
Elapsed runtime : 29.97 seconds

New displacement factor 8.900
New displacement factor 0.000

Starting the Newton-Raphson solver `userModules.solver' ...
module `userModules.solver' : residual scale factor = 0.0000e+00
The Newton-Raphson solver converged in 1 iterations

Iteration       : 179
Elapsed runtime : 30.01 seconds

New displacement factor 8.950
New displacement factor 0.000

Starting the Newton-Raphson solver `userModules.solver' ...
module `userModules.solver' : residual scale factor = 0.0000e+00
The Newton-Raphson solver converged in 1 iterations

Iteration       : 180
Elapsed runtime : 30.05 seconds

New displacement factor 9.000
New displacement factor 0.000

Starting the Newton-Raphson solver `userModules.solver' ...
module `userModules.solver' : residual scale factor = 0.0000e+00
The Newton-Raphson solver converged in 1 iterations

Iteration       : 181
Elapsed runtime : 30.10 seconds

New displacement factor 9.050
New displacement factor 0.000

Starting the Newton-Raphson solver `userModules.solver' ...
module `userModules.solver' : residual scale factor = 0.0000e+00
The Newton-Raphson solver converged in 1 iterations

*** WARNING: Unknown command: `clear'; try `help'

