Log file created on Mon Mar 30 01:13:19 CEST 2020.

Reading data from `bar.mesh' ...

  bar.mesh, line 1: reading tag `Nodes' ...
  bar.mesh, line 14: done reading tag `Nodes'
  bar.mesh, line 16: reading tag `Elements' ...
  bar.mesh, line 22: done reading tag `Elements'
  bar.mesh, line 24: reading tag `ElementGroup' ...
  bar.mesh, line 26: done reading tag `ElementGroup'
  bar.mesh, line 28: reading tag `ElementGroup' ...
  bar.mesh, line 30: done reading tag `ElementGroup'

 ...Created NodeGroup `right' with 2 nodes.
 ...Created NodeGroup `left' with 2 nodes.
 ...Created NodeGroup `lbot' with 1 nodes.

Created a new model named `model'.

Data summary:

  nodes ......................................... 12
  node dofs ..................................... 24
  node groups ................................... 5
  node tables ................................... 0
  node data bases ............................... 0
  elements ...................................... 5
  element groups ................................ 4
  element tables ................................ 0
  element data bases ............................ 0
  boundaries .................................... 0
  boundary groups ............................... 2
  boundary tables ............................... 0
  boundary data bases ........................... 0
  functions ..................................... 0

userModules.view : loaded configuration data from `specimen.view'
userModules.view.mesh : building graphics mesh ...
userModules.view.mesh : ready; graphics mesh contains:

  vertices  ...... 17
  faces     ...... 5
  triangles ...... 20
  lines     ...... 0
  edges     ...... 16

*** WARNING: module `userModules.view' : unsupported image type: `png'; supported type is `ppm'
*** WARNING: module `userModules.view' : snapshot files will be saved in PPM format

Application configuration data:

  log	=
  {
    file	= "-specimen.log";
    rank	= 0;
    pattern	= "*.info";
    logPrefix	= "";
    outPrefix	= "";
    warnPrefix	= "*** WARNING: ";
    errPrefix	= "*** ERROR: ";
  };
  userModules	=
  {
    solver	=
    {
      maxIter	= 50;
      tiny	= 1.00000e-300;
      precision	= 0.00100000;
      maxIncr	= 10.0000;
      lineSearch	= false;
      deltaCons	= false;
      updateWhen	= none;
      solver	=
      {
        type	= "SkylineLU";
        lenient	= true;
        precision	= 0.000500000;
        zeroThreshold	= 1.49012e-08;
        maxZeroPivots	= 0;
        reorder	= true;
        useThreads	= false;
        printPivots	= false;
      };
    };
    graph	=
    {
      sampleWhen	= true;
      dataSets	= [ "lodi" ];
      window	=
      {
        bgColor	= "white";
        title	= "userModules.graph";
        width	= 400;
        height	= 200;
      };
      camera	=
      {
        range	= 1.00000;
        position	= [ -0.00000, -0.00000 ];
        zoom	= 0.00000;
        quality	= 1;
        autoQuality	= false;
      };
      graph	=
      {
        hidden	= false;
        width	= 1.00000;
        height	= 1.00000;
        showKey	= true;
        keyPos	= [ 0.900000, 0.900000 ];
        title	= "";
        xLabel	= "";
        yLabel	= "";
        scaleStep	= 0.100000;
        xRange	= "auto";
        yRange	= "auto";
      };
      lodi	=
      {
        key	= "userModules.graph.lodi";
        maxPoints	= -1;
        pointStyle	= none;
        lineWidth	= 1.20000;
        lineColor	= "black";
        xData	= "model.model.lodi.disp[0]";
        yData	= "model.model.lodi.load[0]";
      };
    };
    view	=
    {
      snapFile	= "specimen%2i.png";
      configFile	= "specimen.view";
      updateWhen	= true;
      snapWhen	= false;
      offScreen	= false;
      camera	=
      {
        type	= "Perspective";
        farClip	= 30.5303;
        nearClip	= 5.53032;
        viewAngle	= 40.0000;
        position	= [ -0.00000, -0.00000, 18.0303 ];
        zoom	= 0.00000;
        quality	= 1;
        autoQuality	= false;
      };
      state	=
      {
        type	= "Vector";
        vector	= "nodes/state";
        nullValue	= 0.00000;
      };
      history	=
      {
        type	= "Table";
        table	= "nodes/nodalHistory";
        tableType	= "Dense";
        nullValue	= 0.00000;
      };
      dataSets	= [ "state", "history" ];
      window	=
      {
        bgColor	= "white";
        title	= "feel.userModules.view";
        width	= 400;
        height	= 200;
      };
      world	=
      {
        scale	= 1.00000;
        rotmat	= [ 1.00000, 0.00000, 0.00000, 0.00000, 1.00000, 0.00000, 0.00000, 0.00000, 1.00000 ];
        translation	= [ 0.00000, 0.00000, 0.00000 ];
      };
      lights	=
      {
        light0	=
        {
          color	= "white20";
          direction	= [ -1.00000, -0.00000, -0.00000 ];
          enable	= true;
        };
        light1	=
        {
          color	= "white20";
          direction	= [ -0.00000, -1.00000, -0.00000 ];
          enable	= true;
        };
        light2	=
        {
          color	= "white";
          direction	= [ -0.00000, -0.00000, -1.00000 ];
          enable	= true;
        };
        light3	=
        {
          color	= "white20";
          direction	= [ 1.00000, 1.00000, -0.00000 ];
          enable	= false;
        };
        specular	= false;
        ambient	= "white20";
      };
      markerStyles	=
      {
        points	=
        {
          size	= 3.00000;
          color	= "black";
        };
        orbs	=
        {
          size	= -0.0100000;
          quality	= 1;
          color	= "gold";
        };
        numbers	=
        {
          font	= "proportional medium";
          color	= "black";
        };
        circles	=
        {
          size	= "medium";
          color	= "black";
        };
        diamonds	=
        {
          size	= "medium";
          color	= "black";
        };
        discs	=
        {
          size	= "medium";
          color	= "black";
        };
        squares	=
        {
          size	= "medium";
          color	= "black";
        };
        styles	= [];
      };
      palettes	=
      {
        linear	=
        {
          minValue	= 0.00000;
          maxValue	= 1.00000;
          minColor	= "blue";
          maxColor	= "red";
        };
        rainbow	=
        {
          minValue	= 0.00000;
          maxValue	= 1.00000;
        };
        custom	=
        {
          colors	= [ "blue", "green", "yellow", "orange", "red" ];
          ranges	= [ 0.00000, 0.200000, 0.400000, 0.600000, 0.800000, 1.00000 ];
          hideMinMax	= false;
        };
        palettes	= [];
      };
      mesh	=
      {
        elements	= "all";
        scale	= 1.00000;
        rotmat	= [ 1.00000, 0.00000, 0.00000, 0.00000, 1.00000, 0.00000, 0.00000, 0.00000, 1.00000 ];
        translation	= [ 0.00000, 0.00000, 0.00000 ];
        pointSize	= 1.00000;
        lineWidth	= 1.00000;
        shadeModel	= "Smooth";
        color	= "gray";
        material	=
        {
          specular	= "black";
          shininess	= 0.00000;
        };
        edgeColor	= "black";
        nodeColor	= "black";
        showEdges	= true;
        showLines	= true;
        showFaces	= true;
        hidden	= false;
        deformation	=
        {
          scale	= 1.00000;
          autoScale	= false;
          scaleStep	= 0.100000;
          dx	= "state[dx]";
          dy	= "state[dy]";
          dz	= "0.000";
        };
        colors	=
        {
          palette	= "rainbow";
          title	= "";
          data	= "state[dx]";
          autoScale	= true;
          scaleStep	= 0.100000;
        };
      };
    };
  };
  sample	=
  {
    file	= "lodi.dat";
    header	= "";
    separator	= " ";
    append	= false;
    precision	= 8;
    dataSets	= [ "i", "model.model.lodi.disp[0]", "model.model.lodi.load[0]" ];
    sampleWhen	= "accepted";
  };
  control	=
  {
    prompt	= ">";
    cmdFile	= "";
    fgMode	= true;
    pause	= -1.00000;
    runWhile	= "i<1";
  };
  userInput	=
  {
    input	=
    {
      storageMode	= "Default";
      file	= "bar.mesh";
      maxParts	= 0;
      tableFilter	= "*";
      dbaseFilter	= "*";
      funcFilter	= "*";
    };
    ngroup	=
    {
      nodeGroups	= [ "right", "left", "lbot" ];
      elemGroups	= [];
      right	=
      {
        all	= false;
        restrictToGroups	= [];
        eps	= 1.00000e-05;
        xtype	= "max";
      };
      left	=
      {
        all	= false;
        restrictToGroups	= [];
        eps	= 1.00000e-05;
        xtype	= "min";
      };
      lbot	=
      {
        all	= false;
        restrictToGroups	= [];
        eps	= 1.00000e-05;
        xtype	= "min";
        ytype	= "min";
      };
    };
  };
  storageMode	= "Default";
  shapeTable	=
  {
    type	= "Auto";
    boundaryElems	= "";
    interfaceElems	= "";
    maxPrecision	= 0;
  };
  model	=
  {
    type	= "Matrix";
    model	=
    {
      type	= "Multi";
      models	= [ "elas", "melro", "tension", "lodi" ];
      elas	=
      {
        type	= "NLSolid";
        elements	= "elastic";
        shape	=
        {
          type	= "Quad4";
          shapeFuncs	=
          {
            type	= "Linear";
          };
          intScheme	= [ "Gauss2*Gauss2", "2", "2", "2", "2" ];
        };
        material	=
        {
          type	= "Gasser";
          dim	= 2;
          lambda	= 5000.00;
          mu	= 6000.00;
          beta	= 0.349000;
          k1_a	= 1000.00;
          k2_a	= 0.200000;
          kappa	= 0.100000;
          kappam0	= 1.00000;
          kappamu	= 1.50000;
          kappaf0	= 1.00000;
          kappafu	= 1.50000;
          state	= "PLANE_STRAIN";
        };
        thickness	= 1.00000;
      };
      melro	=
      {
        type	= "NLSolid";
        elements	= "damage";
        shape	=
        {
          type	= "Quad4";
          shapeFuncs	=
          {
            type	= "Linear";
          };
          intScheme	= [ "Gauss2*Gauss2", "2", "2", "2", "2" ];
        };
        material	=
        {
          type	= "Gasser";
          dim	= 2;
          lambda	= 5000.00;
          mu	= 6000.00;
          beta	= 0.349000;
          k1_a	= 1000.00;
          k2_a	= 0.200000;
          kappa	= 0.100000;
          kappam0	= 0.300000;
          kappamu	= 1.50000;
          kappaf0	= 0.300000;
          kappafu	= 1.50000;
          state	= "PLANE_STRAIN";
        };
        thickness	= 1.00000;
      };
      tension	=
      {
        type	= "Dirichlet";
        dispIncr	= 0.0200000;
        initDisp	= 0.00000;
        maxDisp	= 1.79769e+308;
        nodeGroups	= [ "right", "lbot", "left" ];
        dofs	= [ "dx", "dy", "dx" ];
        factors	= [ 1.00000, 0.00000, 0.00000 ];
      };
      lodi	=
      {
        type	= "LoadDisp";
        nodes	= [ 10, 11 ];
      };
    };
    debug	= 0;
    linear	= false;
    matrix0	=
    {
      type	= "Sparse";
      symmetric	= false;
      optimize	= "Runtime";
    };
  };
  init	=
  {
    reorder	= false;
    vectors	= [];
  };
  xoutput	=
  {
    write	= true;
    table	= "stress";
    interval	= 1;
    dissipation	= true;
    writeCracks	= true;
    writeCohInfo	= false;
  };

*** WARNING: Unknown properties:

*** WARNING:   sample.type
*** WARNING:   userModules.graph.updateWhen

*** WARNING: Initialization phase completed with warnings.

  Elapsed CPU  time : 0.06000 seconds.
  Elapsed real time : 0.2158 seconds.

Iteration       : 0
Elapsed runtime : 0.2173 seconds

New displacement factor 0.000

Starting the Newton-Raphson solver `userModules.solver' ...
module `userModules.solver' : residual scale factor = 0.0000e+00
The Newton-Raphson solver converged in 1 iterations

*** WARNING: data set `userModules.view.history' : unknown table: `nodes/nodalHistory'

Iteration       : 1
Elapsed runtime : 3.504 seconds

New displacement factor 0.02000

Starting the Newton-Raphson solver `userModules.solver' ...
module `userModules.solver' : residual scale factor = 6.2378e+01
module `userModules.solver' : iter = 1, scaled residual = 4.6974e-16
The Newton-Raphson solver converged in 1 iterations

*** WARNING: data set `userModules.view.history' : unknown table: `nodes/nodalHistory'

Iteration       : 2
Elapsed runtime : 3.533 seconds

New displacement factor 0.04000

Starting the Newton-Raphson solver `userModules.solver' ...
module `userModules.solver' : residual scale factor = 1.2504e+02
module `userModules.solver' : iter = 1, scaled residual = 1.0220e-15
The Newton-Raphson solver converged in 1 iterations

*** WARNING: data set `userModules.view.history' : unknown table: `nodes/nodalHistory'

Iteration       : 3
Elapsed runtime : 3.549 seconds

New displacement factor 0.06000

Starting the Newton-Raphson solver `userModules.solver' ...
module `userModules.solver' : residual scale factor = 1.8799e+02
module `userModules.solver' : iter = 1, scaled residual = 5.6531e-16
The Newton-Raphson solver converged in 1 iterations

*** WARNING: data set `userModules.view.history' : unknown table: `nodes/nodalHistory'

Iteration       : 4
Elapsed runtime : 3.558 seconds

New displacement factor 0.08000

Starting the Newton-Raphson solver `userModules.solver' ...
module `userModules.solver' : residual scale factor = 2.5123e+02
module `userModules.solver' : iter = 1, scaled residual = 2.5833e-16
The Newton-Raphson solver converged in 1 iterations

*** WARNING: data set `userModules.view.history' : unknown table: `nodes/nodalHistory'

Iteration       : 5
Elapsed runtime : 3.565 seconds

New displacement factor 0.1000

Starting the Newton-Raphson solver `userModules.solver' ...
module `userModules.solver' : residual scale factor = 3.1476e+02
module `userModules.solver' : iter = 1, scaled residual = 3.8713e-16
The Newton-Raphson solver converged in 1 iterations

*** WARNING: data set `userModules.view.history' : unknown table: `nodes/nodalHistory'

Iteration       : 6
Elapsed runtime : 3.570 seconds

New displacement factor 0.1200

Starting the Newton-Raphson solver `userModules.solver' ...
module `userModules.solver' : residual scale factor = 3.7857e+02
module `userModules.solver' : iter = 1, scaled residual = 4.2640e-16
The Newton-Raphson solver converged in 1 iterations

*** WARNING: data set `userModules.view.history' : unknown table: `nodes/nodalHistory'

Iteration       : 7
Elapsed runtime : 3.575 seconds

New displacement factor 0.1400

Starting the Newton-Raphson solver `userModules.solver' ...
module `userModules.solver' : residual scale factor = 4.4267e+02
module `userModules.solver' : iter = 1, scaled residual = 3.9455e-16
The Newton-Raphson solver converged in 1 iterations

*** WARNING: data set `userModules.view.history' : unknown table: `nodes/nodalHistory'

Iteration       : 8
Elapsed runtime : 3.585 seconds

New displacement factor 0.1600

Starting the Newton-Raphson solver `userModules.solver' ...
module `userModules.solver' : residual scale factor = 5.0706e+02
module `userModules.solver' : iter = 1, scaled residual = 4.0231e-16
The Newton-Raphson solver converged in 1 iterations

*** WARNING: data set `userModules.view.history' : unknown table: `nodes/nodalHistory'

Iteration       : 9
Elapsed runtime : 3.602 seconds

New displacement factor 0.1800

Starting the Newton-Raphson solver `userModules.solver' ...
module `userModules.solver' : residual scale factor = 5.7174e+02
module `userModules.solver' : iter = 1, scaled residual = 2.8029e-16
The Newton-Raphson solver converged in 1 iterations

*** WARNING: data set `userModules.view.history' : unknown table: `nodes/nodalHistory'

Iteration       : 10
Elapsed runtime : 3.619 seconds

New displacement factor 0.2000

Starting the Newton-Raphson solver `userModules.solver' ...
module `userModules.solver' : residual scale factor = 6.3670e+02
module `userModules.solver' : iter = 1, scaled residual = 3.3372e-16
The Newton-Raphson solver converged in 1 iterations

*** WARNING: data set `userModules.view.history' : unknown table: `nodes/nodalHistory'

Iteration       : 11
Elapsed runtime : 3.635 seconds

New displacement factor 0.2200

Starting the Newton-Raphson solver `userModules.solver' ...
module `userModules.solver' : residual scale factor = 7.0196e+02
module `userModules.solver' : iter = 1, scaled residual = 4.3516e-16
The Newton-Raphson solver converged in 1 iterations

*** WARNING: data set `userModules.view.history' : unknown table: `nodes/nodalHistory'

Iteration       : 12
Elapsed runtime : 3.653 seconds

New displacement factor 0.2400

Starting the Newton-Raphson solver `userModules.solver' ...
module `userModules.solver' : residual scale factor = 7.6751e+02
module `userModules.solver' : iter = 1, scaled residual = 2.8326e-16
The Newton-Raphson solver converged in 1 iterations

*** WARNING: data set `userModules.view.history' : unknown table: `nodes/nodalHistory'

Iteration       : 13
Elapsed runtime : 3.669 seconds

New displacement factor 0.2600

Starting the Newton-Raphson solver `userModules.solver' ...
module `userModules.solver' : residual scale factor = 8.3334e+02
module `userModules.solver' : iter = 1, scaled residual = 2.1549e-16
The Newton-Raphson solver converged in 1 iterations

*** WARNING: data set `userModules.view.history' : unknown table: `nodes/nodalHistory'

Iteration       : 14
Elapsed runtime : 3.687 seconds

New displacement factor 0.2800

Starting the Newton-Raphson solver `userModules.solver' ...
module `userModules.solver' : residual scale factor = 8.9947e+02
module `userModules.solver' : iter = 1, scaled residual = 4.0436e-16
The Newton-Raphson solver converged in 1 iterations

*** WARNING: data set `userModules.view.history' : unknown table: `nodes/nodalHistory'

Iteration       : 15
Elapsed runtime : 3.704 seconds

New displacement factor 0.3000

Starting the Newton-Raphson solver `userModules.solver' ...
module `userModules.solver' : residual scale factor = 9.6589e+02
module `userModules.solver' : iter = 1, scaled residual = 1.7317e-16
The Newton-Raphson solver converged in 1 iterations

*** WARNING: data set `userModules.view.history' : unknown table: `nodes/nodalHistory'

Iteration       : 16
Elapsed runtime : 3.721 seconds

New displacement factor 0.3200

Starting the Newton-Raphson solver `userModules.solver' ...
module `userModules.solver' : residual scale factor = 1.0326e+03
module `userModules.solver' : iter = 1, scaled residual = 3.0952e-16
The Newton-Raphson solver converged in 1 iterations

*** WARNING: data set `userModules.view.history' : unknown table: `nodes/nodalHistory'

Iteration       : 17
Elapsed runtime : 3.737 seconds

New displacement factor 0.3400

Starting the Newton-Raphson solver `userModules.solver' ...
module `userModules.solver' : residual scale factor = 1.0996e+03
module `userModules.solver' : iter = 1, scaled residual = 1.2083e-15
The Newton-Raphson solver converged in 1 iterations

*** WARNING: data set `userModules.view.history' : unknown table: `nodes/nodalHistory'

Iteration       : 18
Elapsed runtime : 3.754 seconds

New displacement factor 0.3600

Starting the Newton-Raphson solver `userModules.solver' ...
module `userModules.solver' : residual scale factor = 1.1669e+03
module `userModules.solver' : iter = 1, scaled residual = 5.1219e-16
The Newton-Raphson solver converged in 1 iterations

*** WARNING: data set `userModules.view.history' : unknown table: `nodes/nodalHistory'

Iteration       : 19
Elapsed runtime : 3.770 seconds

New displacement factor 0.3800

Starting the Newton-Raphson solver `userModules.solver' ...
module `userModules.solver' : residual scale factor = 1.2345e+03
module `userModules.solver' : iter = 1, scaled residual = 3.6279e-16
The Newton-Raphson solver converged in 1 iterations

*** WARNING: data set `userModules.view.history' : unknown table: `nodes/nodalHistory'

Iteration       : 20
Elapsed runtime : 3.787 seconds

New displacement factor 0.4000

Starting the Newton-Raphson solver `userModules.solver' ...
module `userModules.solver' : residual scale factor = 1.3023e+03
module `userModules.solver' : iter = 1, scaled residual = 1.6337e-16
The Newton-Raphson solver converged in 1 iterations

*** WARNING: data set `userModules.view.history' : unknown table: `nodes/nodalHistory'

Iteration       : 21
Elapsed runtime : 3.804 seconds

New displacement factor 0.4200

Starting the Newton-Raphson solver `userModules.solver' ...
module `userModules.solver' : residual scale factor = 1.3705e+03
module `userModules.solver' : iter = 1, scaled residual = 3.8165e-16
The Newton-Raphson solver converged in 1 iterations

*** WARNING: data set `userModules.view.history' : unknown table: `nodes/nodalHistory'

Iteration       : 22
Elapsed runtime : 3.821 seconds

New displacement factor 0.4400

Starting the Newton-Raphson solver `userModules.solver' ...
module `userModules.solver' : residual scale factor = 1.4390e+03
module `userModules.solver' : iter = 1, scaled residual = 4.3520e-16
The Newton-Raphson solver converged in 1 iterations

*** WARNING: data set `userModules.view.history' : unknown table: `nodes/nodalHistory'

Iteration       : 23
Elapsed runtime : 3.837 seconds

New displacement factor 0.4600

Starting the Newton-Raphson solver `userModules.solver' ...
module `userModules.solver' : residual scale factor = 1.5077e+03
module `userModules.solver' : iter = 1, scaled residual = 3.2372e-15
The Newton-Raphson solver converged in 1 iterations

*** WARNING: data set `userModules.view.history' : unknown table: `nodes/nodalHistory'

Iteration       : 24
Elapsed runtime : 3.854 seconds

New displacement factor 0.4800

Starting the Newton-Raphson solver `userModules.solver' ...
module `userModules.solver' : residual scale factor = 1.5768e+03
module `userModules.solver' : iter = 1, scaled residual = 4.1064e-15
The Newton-Raphson solver converged in 1 iterations

*** WARNING: data set `userModules.view.history' : unknown table: `nodes/nodalHistory'

Iteration       : 25
Elapsed runtime : 3.870 seconds

New displacement factor 0.5000

Starting the Newton-Raphson solver `userModules.solver' ...
module `userModules.solver' : residual scale factor = 1.6461e+03
module `userModules.solver' : iter = 1, scaled residual = 8.3011e-16
The Newton-Raphson solver converged in 1 iterations

*** WARNING: data set `userModules.view.history' : unknown table: `nodes/nodalHistory'

Iteration       : 26
Elapsed runtime : 3.886 seconds

New displacement factor 0.5200

Starting the Newton-Raphson solver `userModules.solver' ...
module `userModules.solver' : residual scale factor = 1.7157e+03
module `userModules.solver' : iter = 1, scaled residual = 2.6906e-15
The Newton-Raphson solver converged in 1 iterations

*** WARNING: data set `userModules.view.history' : unknown table: `nodes/nodalHistory'

Iteration       : 27
Elapsed runtime : 3.904 seconds

New displacement factor 0.5400

Starting the Newton-Raphson solver `userModules.solver' ...
module `userModules.solver' : residual scale factor = 1.7857e+03
module `userModules.solver' : iter = 1, scaled residual = 8.7876e-16
The Newton-Raphson solver converged in 1 iterations

*** WARNING: data set `userModules.view.history' : unknown table: `nodes/nodalHistory'

Iteration       : 28
Elapsed runtime : 3.920 seconds

New displacement factor 0.5600

Starting the Newton-Raphson solver `userModules.solver' ...
module `userModules.solver' : residual scale factor = 1.8559e+03
module `userModules.solver' : iter = 1, scaled residual = 2.5862e-15
The Newton-Raphson solver converged in 1 iterations

*** WARNING: data set `userModules.view.history' : unknown table: `nodes/nodalHistory'

Iteration       : 29
Elapsed runtime : 3.936 seconds

New displacement factor 0.5800

Starting the Newton-Raphson solver `userModules.solver' ...
module `userModules.solver' : residual scale factor = 1.9264e+03
module `userModules.solver' : iter = 1, scaled residual = 2.6096e-15
The Newton-Raphson solver converged in 1 iterations

*** WARNING: data set `userModules.view.history' : unknown table: `nodes/nodalHistory'

Iteration       : 30
Elapsed runtime : 3.953 seconds

New displacement factor 0.6000

Starting the Newton-Raphson solver `userModules.solver' ...
module `userModules.solver' : residual scale factor = 1.9972e+03
module `userModules.solver' : iter = 1, scaled residual = 3.3108e-16
The Newton-Raphson solver converged in 1 iterations

*** WARNING: data set `userModules.view.history' : unknown table: `nodes/nodalHistory'

Iteration       : 31
Elapsed runtime : 3.969 seconds

New displacement factor 0.6200

Starting the Newton-Raphson solver `userModules.solver' ...
module `userModules.solver' : residual scale factor = 2.0683e+03
module `userModules.solver' : iter = 1, scaled residual = 1.0152e-15
The Newton-Raphson solver converged in 1 iterations

*** WARNING: data set `userModules.view.history' : unknown table: `nodes/nodalHistory'

Iteration       : 32
Elapsed runtime : 3.986 seconds

New displacement factor 0.6400

Starting the Newton-Raphson solver `userModules.solver' ...
module `userModules.solver' : residual scale factor = 2.1397e+03
module `userModules.solver' : iter = 1, scaled residual = 3.4856e-16
The Newton-Raphson solver converged in 1 iterations

*** WARNING: data set `userModules.view.history' : unknown table: `nodes/nodalHistory'

Iteration       : 33
Elapsed runtime : 4.003 seconds

New displacement factor 0.6600

Starting the Newton-Raphson solver `userModules.solver' ...
module `userModules.solver' : residual scale factor = 2.2115e+03
module `userModules.solver' : iter = 1, scaled residual = 4.3303e-16
The Newton-Raphson solver converged in 1 iterations

*** WARNING: data set `userModules.view.history' : unknown table: `nodes/nodalHistory'

Iteration       : 34
Elapsed runtime : 4.020 seconds

New displacement factor 0.6800

Starting the Newton-Raphson solver `userModules.solver' ...
module `userModules.solver' : residual scale factor = 2.2835e+03
module `userModules.solver' : iter = 1, scaled residual = 3.2344e-16
The Newton-Raphson solver converged in 1 iterations

*** WARNING: data set `userModules.view.history' : unknown table: `nodes/nodalHistory'

Iteration       : 35
Elapsed runtime : 4.036 seconds

New displacement factor 0.7000

Starting the Newton-Raphson solver `userModules.solver' ...
module `userModules.solver' : residual scale factor = 2.3557e+03
module `userModules.solver' : iter = 1, scaled residual = 2.9552e-16
The Newton-Raphson solver converged in 1 iterations

*** WARNING: data set `userModules.view.history' : unknown table: `nodes/nodalHistory'

Iteration       : 36
Elapsed runtime : 4.053 seconds

New displacement factor 0.7200

Starting the Newton-Raphson solver `userModules.solver' ...
module `userModules.solver' : residual scale factor = 2.4283e+03
module `userModules.solver' : iter = 1, scaled residual = 3.8316e-16
The Newton-Raphson solver converged in 1 iterations

*** WARNING: data set `userModules.view.history' : unknown table: `nodes/nodalHistory'

Iteration       : 37
Elapsed runtime : 4.069 seconds

New displacement factor 0.7400

Starting the Newton-Raphson solver `userModules.solver' ...
module `userModules.solver' : residual scale factor = 2.5012e+03
module `userModules.solver' : iter = 1, scaled residual = 2.3976e-16
The Newton-Raphson solver converged in 1 iterations

*** WARNING: data set `userModules.view.history' : unknown table: `nodes/nodalHistory'

Iteration       : 38
Elapsed runtime : 4.086 seconds

New displacement factor 0.7600

Starting the Newton-Raphson solver `userModules.solver' ...
module `userModules.solver' : residual scale factor = 2.5744e+03
module `userModules.solver' : iter = 1, scaled residual = 3.8480e-16
The Newton-Raphson solver converged in 1 iterations

*** WARNING: data set `userModules.view.history' : unknown table: `nodes/nodalHistory'

Iteration       : 39
Elapsed runtime : 4.103 seconds

New displacement factor 0.7800

Starting the Newton-Raphson solver `userModules.solver' ...
module `userModules.solver' : residual scale factor = 2.6479e+03
module `userModules.solver' : iter = 1, scaled residual = 1.9315e-16
The Newton-Raphson solver converged in 1 iterations

*** WARNING: data set `userModules.view.history' : unknown table: `nodes/nodalHistory'

Iteration       : 40
Elapsed runtime : 4.120 seconds

New displacement factor 0.8000

Starting the Newton-Raphson solver `userModules.solver' ...
module `userModules.solver' : residual scale factor = 2.7217e+03
module `userModules.solver' : iter = 1, scaled residual = 1.8200e-16
The Newton-Raphson solver converged in 1 iterations

*** WARNING: data set `userModules.view.history' : unknown table: `nodes/nodalHistory'

Iteration       : 41
Elapsed runtime : 4.136 seconds

New displacement factor 0.8200

Starting the Newton-Raphson solver `userModules.solver' ...
module `userModules.solver' : residual scale factor = 2.7958e+03
module `userModules.solver' : iter = 1, scaled residual = 3.6824e-16
The Newton-Raphson solver converged in 1 iterations

*** WARNING: data set `userModules.view.history' : unknown table: `nodes/nodalHistory'

Iteration       : 42
Elapsed runtime : 4.154 seconds

New displacement factor 0.8400

Starting the Newton-Raphson solver `userModules.solver' ...
module `userModules.solver' : residual scale factor = 2.8702e+03
module `userModules.solver' : iter = 1, scaled residual = 3.0183e-16
The Newton-Raphson solver converged in 1 iterations

*** WARNING: data set `userModules.view.history' : unknown table: `nodes/nodalHistory'

Iteration       : 43
Elapsed runtime : 4.171 seconds

New displacement factor 0.8600

Starting the Newton-Raphson solver `userModules.solver' ...
module `userModules.solver' : residual scale factor = 2.9448e+03
module `userModules.solver' : iter = 1, scaled residual = 3.3161e-16
The Newton-Raphson solver converged in 1 iterations

*** WARNING: data set `userModules.view.history' : unknown table: `nodes/nodalHistory'

Iteration       : 44
Elapsed runtime : 4.188 seconds

New displacement factor 0.8800

Starting the Newton-Raphson solver `userModules.solver' ...
module `userModules.solver' : residual scale factor = 3.0198e+03
module `userModules.solver' : iter = 1, scaled residual = 2.4641e-16
The Newton-Raphson solver converged in 1 iterations

*** WARNING: data set `userModules.view.history' : unknown table: `nodes/nodalHistory'

Iteration       : 45
Elapsed runtime : 4.208 seconds

New displacement factor 0.9000

Starting the Newton-Raphson solver `userModules.solver' ...
module `userModules.solver' : residual scale factor = 3.0951e+03
module `userModules.solver' : iter = 1, scaled residual = 2.1547e-16
The Newton-Raphson solver converged in 1 iterations

*** WARNING: data set `userModules.view.history' : unknown table: `nodes/nodalHistory'

Iteration       : 46
Elapsed runtime : 4.224 seconds

New displacement factor 0.9200

Starting the Newton-Raphson solver `userModules.solver' ...
module `userModules.solver' : residual scale factor = 3.1707e+03
module `userModules.solver' : iter = 1, scaled residual = 1.4231e-15
The Newton-Raphson solver converged in 1 iterations

*** WARNING: data set `userModules.view.history' : unknown table: `nodes/nodalHistory'

Iteration       : 47
Elapsed runtime : 4.236 seconds

New displacement factor 0.9400

Starting the Newton-Raphson solver `userModules.solver' ...
module `userModules.solver' : residual scale factor = 3.2466e+03
module `userModules.solver' : iter = 1, scaled residual = 1.0999e-15
The Newton-Raphson solver converged in 1 iterations

*** WARNING: data set `userModules.view.history' : unknown table: `nodes/nodalHistory'

Iteration       : 48
Elapsed runtime : 4.252 seconds

New displacement factor 0.9600

Starting the Newton-Raphson solver `userModules.solver' ...
module `userModules.solver' : residual scale factor = 3.3228e+03
module `userModules.solver' : iter = 1, scaled residual = 3.0622e-16
The Newton-Raphson solver converged in 1 iterations

*** WARNING: data set `userModules.view.history' : unknown table: `nodes/nodalHistory'

Iteration       : 49
Elapsed runtime : 4.269 seconds

New displacement factor 0.9800

Starting the Newton-Raphson solver `userModules.solver' ...
module `userModules.solver' : residual scale factor = 3.3992e+03
module `userModules.solver' : iter = 1, scaled residual = 1.8656e-15
The Newton-Raphson solver converged in 1 iterations

*** WARNING: data set `userModules.view.history' : unknown table: `nodes/nodalHistory'

Iteration       : 50
Elapsed runtime : 4.286 seconds

New displacement factor 1.000

Starting the Newton-Raphson solver `userModules.solver' ...
module `userModules.solver' : residual scale factor = 3.4760e+03
module `userModules.solver' : iter = 1, scaled residual = 1.4596e-15
The Newton-Raphson solver converged in 1 iterations

*** WARNING: data set `userModules.view.history' : unknown table: `nodes/nodalHistory'

Iteration       : 51
Elapsed runtime : 4.302 seconds

New displacement factor 1.020

Starting the Newton-Raphson solver `userModules.solver' ...
module `userModules.solver' : residual scale factor = 3.5531e+03
module `userModules.solver' : iter = 1, scaled residual = 1.1587e-15
The Newton-Raphson solver converged in 1 iterations

*** WARNING: data set `userModules.view.history' : unknown table: `nodes/nodalHistory'

Iteration       : 52
Elapsed runtime : 4.319 seconds

New displacement factor 1.040

Starting the Newton-Raphson solver `userModules.solver' ...
module `userModules.solver' : residual scale factor = 3.6325e+03
module `userModules.solver' : iter = 1, scaled residual = 2.4222e-16
The Newton-Raphson solver converged in 1 iterations

*** WARNING: data set `userModules.view.history' : unknown table: `nodes/nodalHistory'

Iteration       : 53
Elapsed runtime : 4.336 seconds

New displacement factor 1.060

Starting the Newton-Raphson solver `userModules.solver' ...
module `userModules.solver' : residual scale factor = 3.7194e+03
module `userModules.solver' : iter = 1, scaled residual = 1.0802e-15
The Newton-Raphson solver converged in 1 iterations

*** WARNING: data set `userModules.view.history' : unknown table: `nodes/nodalHistory'

Iteration       : 54
Elapsed runtime : 4.353 seconds

New displacement factor 1.080

Starting the Newton-Raphson solver `userModules.solver' ...
module `userModules.solver' : residual scale factor = 3.8068e+03
module `userModules.solver' : iter = 1, scaled residual = 5.1928e-16
The Newton-Raphson solver converged in 1 iterations

*** WARNING: data set `userModules.view.history' : unknown table: `nodes/nodalHistory'

Iteration       : 55
Elapsed runtime : 4.369 seconds

New displacement factor 1.100

Starting the Newton-Raphson solver `userModules.solver' ...
module `userModules.solver' : residual scale factor = 3.8945e+03
module `userModules.solver' : iter = 1, scaled residual = 1.8889e-15
The Newton-Raphson solver converged in 1 iterations

*** WARNING: data set `userModules.view.history' : unknown table: `nodes/nodalHistory'

Iteration       : 56
Elapsed runtime : 4.386 seconds

New displacement factor 1.120

Starting the Newton-Raphson solver `userModules.solver' ...
module `userModules.solver' : residual scale factor = 3.9827e+03
module `userModules.solver' : iter = 1, scaled residual = 3.7417e-15
The Newton-Raphson solver converged in 1 iterations

*** WARNING: data set `userModules.view.history' : unknown table: `nodes/nodalHistory'

Iteration       : 57
Elapsed runtime : 4.403 seconds

New displacement factor 1.140

Starting the Newton-Raphson solver `userModules.solver' ...
module `userModules.solver' : residual scale factor = 4.0714e+03
module `userModules.solver' : iter = 1, scaled residual = 2.0099e-15
The Newton-Raphson solver converged in 1 iterations

*** WARNING: data set `userModules.view.history' : unknown table: `nodes/nodalHistory'

Iteration       : 58
Elapsed runtime : 4.420 seconds

New displacement factor 1.160

Starting the Newton-Raphson solver `userModules.solver' ...
module `userModules.solver' : residual scale factor = 4.1604e+03
module `userModules.solver' : iter = 1, scaled residual = 1.6130e-15
The Newton-Raphson solver converged in 1 iterations

*** WARNING: data set `userModules.view.history' : unknown table: `nodes/nodalHistory'

Iteration       : 59
Elapsed runtime : 4.436 seconds

New displacement factor 1.180

Starting the Newton-Raphson solver `userModules.solver' ...
module `userModules.solver' : residual scale factor = 4.2499e+03
module `userModules.solver' : iter = 1, scaled residual = 2.0732e-15
The Newton-Raphson solver converged in 1 iterations

*** WARNING: data set `userModules.view.history' : unknown table: `nodes/nodalHistory'

Iteration       : 60
Elapsed runtime : 4.453 seconds

New displacement factor 1.200

Starting the Newton-Raphson solver `userModules.solver' ...
module `userModules.solver' : residual scale factor = 4.3398e+03
module `userModules.solver' : iter = 1, scaled residual = 1.2034e-15
The Newton-Raphson solver converged in 1 iterations

*** WARNING: data set `userModules.view.history' : unknown table: `nodes/nodalHistory'

Iteration       : 61
Elapsed runtime : 4.470 seconds

New displacement factor 1.220

Starting the Newton-Raphson solver `userModules.solver' ...
module `userModules.solver' : residual scale factor = 4.4301e+03
module `userModules.solver' : iter = 1, scaled residual = 1.8380e-15
The Newton-Raphson solver converged in 1 iterations

*** WARNING: data set `userModules.view.history' : unknown table: `nodes/nodalHistory'

Iteration       : 62
Elapsed runtime : 4.487 seconds

New displacement factor 1.240

Starting the Newton-Raphson solver `userModules.solver' ...
module `userModules.solver' : residual scale factor = 4.5209e+03
module `userModules.solver' : iter = 1, scaled residual = 8.9611e-16
The Newton-Raphson solver converged in 1 iterations

*** WARNING: data set `userModules.view.history' : unknown table: `nodes/nodalHistory'

Iteration       : 63
Elapsed runtime : 4.504 seconds

New displacement factor 1.260

Starting the Newton-Raphson solver `userModules.solver' ...
module `userModules.solver' : residual scale factor = 4.6121e+03
module `userModules.solver' : iter = 1, scaled residual = 3.5749e-15
The Newton-Raphson solver converged in 1 iterations

*** WARNING: data set `userModules.view.history' : unknown table: `nodes/nodalHistory'

Iteration       : 64
Elapsed runtime : 4.520 seconds

New displacement factor 1.280

Starting the Newton-Raphson solver `userModules.solver' ...
module `userModules.solver' : residual scale factor = 4.7037e+03
module `userModules.solver' : iter = 1, scaled residual = 7.6369e-16
The Newton-Raphson solver converged in 1 iterations

*** WARNING: data set `userModules.view.history' : unknown table: `nodes/nodalHistory'

Iteration       : 65
Elapsed runtime : 4.537 seconds

New displacement factor 1.300

Starting the Newton-Raphson solver `userModules.solver' ...
module `userModules.solver' : residual scale factor = 4.7958e+03
module `userModules.solver' : iter = 1, scaled residual = 2.7693e-15
The Newton-Raphson solver converged in 1 iterations

*** WARNING: data set `userModules.view.history' : unknown table: `nodes/nodalHistory'

Iteration       : 66
Elapsed runtime : 4.553 seconds

New displacement factor 1.320

Starting the Newton-Raphson solver `userModules.solver' ...
module `userModules.solver' : residual scale factor = 4.8883e+03
module `userModules.solver' : iter = 1, scaled residual = 1.5539e-15
The Newton-Raphson solver converged in 1 iterations

*** WARNING: data set `userModules.view.history' : unknown table: `nodes/nodalHistory'

Iteration       : 67
Elapsed runtime : 4.570 seconds

New displacement factor 1.340

Starting the Newton-Raphson solver `userModules.solver' ...
module `userModules.solver' : residual scale factor = 4.9813e+03
module `userModules.solver' : iter = 1, scaled residual = 1.9233e-15
The Newton-Raphson solver converged in 1 iterations

*** WARNING: data set `userModules.view.history' : unknown table: `nodes/nodalHistory'

Iteration       : 68
Elapsed runtime : 4.587 seconds

New displacement factor 1.360

Starting the Newton-Raphson solver `userModules.solver' ...
module `userModules.solver' : residual scale factor = 5.0747e+03
module `userModules.solver' : iter = 1, scaled residual = 1.7040e-15
The Newton-Raphson solver converged in 1 iterations

*** WARNING: data set `userModules.view.history' : unknown table: `nodes/nodalHistory'

Iteration       : 69
Elapsed runtime : 4.604 seconds

New displacement factor 1.380

Starting the Newton-Raphson solver `userModules.solver' ...
module `userModules.solver' : residual scale factor = 5.1685e+03
module `userModules.solver' : iter = 1, scaled residual = 1.1881e-15
The Newton-Raphson solver converged in 1 iterations

*** WARNING: data set `userModules.view.history' : unknown table: `nodes/nodalHistory'

Iteration       : 70
Elapsed runtime : 4.621 seconds

New displacement factor 1.400

Starting the Newton-Raphson solver `userModules.solver' ...
module `userModules.solver' : residual scale factor = 5.2628e+03
module `userModules.solver' : iter = 1, scaled residual = 9.1268e-16
The Newton-Raphson solver converged in 1 iterations

*** WARNING: data set `userModules.view.history' : unknown table: `nodes/nodalHistory'

Iteration       : 71
Elapsed runtime : 4.636 seconds

New displacement factor 1.420

Starting the Newton-Raphson solver `userModules.solver' ...
module `userModules.solver' : residual scale factor = 5.3575e+03
module `userModules.solver' : iter = 1, scaled residual = 1.6580e-15
The Newton-Raphson solver converged in 1 iterations

*** WARNING: data set `userModules.view.history' : unknown table: `nodes/nodalHistory'

Iteration       : 72
Elapsed runtime : 4.653 seconds

New displacement factor 1.440

Starting the Newton-Raphson solver `userModules.solver' ...
module `userModules.solver' : residual scale factor = 5.4526e+03
module `userModules.solver' : iter = 1, scaled residual = 2.9434e-16
The Newton-Raphson solver converged in 1 iterations

*** WARNING: data set `userModules.view.history' : unknown table: `nodes/nodalHistory'

Iteration       : 73
Elapsed runtime : 4.670 seconds

New displacement factor 1.460

Starting the Newton-Raphson solver `userModules.solver' ...
module `userModules.solver' : residual scale factor = 5.5483e+03
module `userModules.solver' : iter = 1, scaled residual = 2.8016e-15
The Newton-Raphson solver converged in 1 iterations

*** WARNING: data set `userModules.view.history' : unknown table: `nodes/nodalHistory'

Iteration       : 74
Elapsed runtime : 4.687 seconds

New displacement factor 1.480

Starting the Newton-Raphson solver `userModules.solver' ...
module `userModules.solver' : residual scale factor = 5.6443e+03
module `userModules.solver' : iter = 1, scaled residual = 3.0841e-15
The Newton-Raphson solver converged in 1 iterations

*** WARNING: data set `userModules.view.history' : unknown table: `nodes/nodalHistory'

Iteration       : 75
Elapsed runtime : 4.703 seconds

New displacement factor 1.500

Starting the Newton-Raphson solver `userModules.solver' ...
module `userModules.solver' : residual scale factor = 5.7408e+03
module `userModules.solver' : iter = 1, scaled residual = 2.5705e-15
The Newton-Raphson solver converged in 1 iterations

*** WARNING: data set `userModules.view.history' : unknown table: `nodes/nodalHistory'

Iteration       : 76
Elapsed runtime : 4.720 seconds

New displacement factor 1.520

Starting the Newton-Raphson solver `userModules.solver' ...
module `userModules.solver' : residual scale factor = 5.8378e+03
module `userModules.solver' : iter = 1, scaled residual = 2.2254e-15
The Newton-Raphson solver converged in 1 iterations

*** WARNING: data set `userModules.view.history' : unknown table: `nodes/nodalHistory'

Iteration       : 77
Elapsed runtime : 4.736 seconds

New displacement factor 1.540

Starting the Newton-Raphson solver `userModules.solver' ...
module `userModules.solver' : residual scale factor = 5.9352e+03
module `userModules.solver' : iter = 1, scaled residual = 8.6737e-16
The Newton-Raphson solver converged in 1 iterations

*** WARNING: data set `userModules.view.history' : unknown table: `nodes/nodalHistory'

Iteration       : 78
Elapsed runtime : 4.753 seconds

New displacement factor 1.560

Starting the Newton-Raphson solver `userModules.solver' ...
module `userModules.solver' : residual scale factor = 6.0331e+03
module `userModules.solver' : iter = 1, scaled residual = 3.4988e-16
The Newton-Raphson solver converged in 1 iterations

*** WARNING: data set `userModules.view.history' : unknown table: `nodes/nodalHistory'

Iteration       : 79
Elapsed runtime : 4.770 seconds

New displacement factor 1.580

Starting the Newton-Raphson solver `userModules.solver' ...
module `userModules.solver' : residual scale factor = 6.1314e+03
module `userModules.solver' : iter = 1, scaled residual = 1.2443e-15
The Newton-Raphson solver converged in 1 iterations

*** WARNING: data set `userModules.view.history' : unknown table: `nodes/nodalHistory'

Iteration       : 80
Elapsed runtime : 4.787 seconds

New displacement factor 1.600

Starting the Newton-Raphson solver `userModules.solver' ...
module `userModules.solver' : residual scale factor = 6.2302e+03
module `userModules.solver' : iter = 1, scaled residual = 3.3169e-16
The Newton-Raphson solver converged in 1 iterations

*** WARNING: data set `userModules.view.history' : unknown table: `nodes/nodalHistory'

Iteration       : 81
Elapsed runtime : 4.803 seconds

New displacement factor 1.620

Starting the Newton-Raphson solver `userModules.solver' ...
module `userModules.solver' : residual scale factor = 6.3294e+03
module `userModules.solver' : iter = 1, scaled residual = 1.7054e-15
The Newton-Raphson solver converged in 1 iterations

*** WARNING: data set `userModules.view.history' : unknown table: `nodes/nodalHistory'

Iteration       : 82
Elapsed runtime : 4.820 seconds

New displacement factor 1.640

Starting the Newton-Raphson solver `userModules.solver' ...
module `userModules.solver' : residual scale factor = 6.4291e+03
module `userModules.solver' : iter = 1, scaled residual = 2.6585e-15
The Newton-Raphson solver converged in 1 iterations

*** WARNING: data set `userModules.view.history' : unknown table: `nodes/nodalHistory'

Iteration       : 83
Elapsed runtime : 4.837 seconds

New displacement factor 1.660

Starting the Newton-Raphson solver `userModules.solver' ...
module `userModules.solver' : residual scale factor = 6.5293e+03
module `userModules.solver' : iter = 1, scaled residual = 1.7403e-15
The Newton-Raphson solver converged in 1 iterations

*** WARNING: data set `userModules.view.history' : unknown table: `nodes/nodalHistory'

Iteration       : 84
Elapsed runtime : 4.853 seconds

New displacement factor 1.680

Starting the Newton-Raphson solver `userModules.solver' ...
module `userModules.solver' : residual scale factor = 6.6299e+03
module `userModules.solver' : iter = 1, scaled residual = 1.7902e-15
The Newton-Raphson solver converged in 1 iterations

*** WARNING: data set `userModules.view.history' : unknown table: `nodes/nodalHistory'

Iteration       : 85
Elapsed runtime : 4.870 seconds

New displacement factor 1.700

Starting the Newton-Raphson solver `userModules.solver' ...
module `userModules.solver' : residual scale factor = 6.7310e+03
module `userModules.solver' : iter = 1, scaled residual = 2.0096e-15
The Newton-Raphson solver converged in 1 iterations

*** WARNING: data set `userModules.view.history' : unknown table: `nodes/nodalHistory'

Iteration       : 86
Elapsed runtime : 4.887 seconds

New displacement factor 1.720

Starting the Newton-Raphson solver `userModules.solver' ...
module `userModules.solver' : residual scale factor = 6.8325e+03
module `userModules.solver' : iter = 1, scaled residual = 1.6351e-15
The Newton-Raphson solver converged in 1 iterations

*** WARNING: data set `userModules.view.history' : unknown table: `nodes/nodalHistory'

Iteration       : 87
Elapsed runtime : 4.904 seconds

New displacement factor 1.740

Starting the Newton-Raphson solver `userModules.solver' ...
module `userModules.solver' : residual scale factor = 6.9345e+03
module `userModules.solver' : iter = 1, scaled residual = 1.4297e-15
The Newton-Raphson solver converged in 1 iterations

*** WARNING: data set `userModules.view.history' : unknown table: `nodes/nodalHistory'

Iteration       : 88
Elapsed runtime : 4.920 seconds

New displacement factor 1.760

Starting the Newton-Raphson solver `userModules.solver' ...
module `userModules.solver' : residual scale factor = 7.0370e+03
module `userModules.solver' : iter = 1, scaled residual = 2.8557e-16
The Newton-Raphson solver converged in 1 iterations

*** WARNING: data set `userModules.view.history' : unknown table: `nodes/nodalHistory'

Iteration       : 89
Elapsed runtime : 4.937 seconds

New displacement factor 1.780

Starting the Newton-Raphson solver `userModules.solver' ...
module `userModules.solver' : residual scale factor = 7.1400e+03
module `userModules.solver' : iter = 1, scaled residual = 1.7583e-15
The Newton-Raphson solver converged in 1 iterations

*** WARNING: data set `userModules.view.history' : unknown table: `nodes/nodalHistory'

Iteration       : 90
Elapsed runtime : 4.953 seconds

New displacement factor 1.800

Starting the Newton-Raphson solver `userModules.solver' ...
module `userModules.solver' : residual scale factor = 7.2434e+03
module `userModules.solver' : iter = 1, scaled residual = 1.2611e-15
The Newton-Raphson solver converged in 1 iterations

*** WARNING: data set `userModules.view.history' : unknown table: `nodes/nodalHistory'

Iteration       : 91
Elapsed runtime : 4.970 seconds

New displacement factor 1.820

Starting the Newton-Raphson solver `userModules.solver' ...
module `userModules.solver' : residual scale factor = 7.3473e+03
module `userModules.solver' : iter = 1, scaled residual = 2.7434e-16
The Newton-Raphson solver converged in 1 iterations

*** WARNING: data set `userModules.view.history' : unknown table: `nodes/nodalHistory'

Iteration       : 92
Elapsed runtime : 4.992 seconds

New displacement factor 1.840

Starting the Newton-Raphson solver `userModules.solver' ...
module `userModules.solver' : residual scale factor = 7.4517e+03
module `userModules.solver' : iter = 1, scaled residual = 1.9331e-16
The Newton-Raphson solver converged in 1 iterations

*** WARNING: data set `userModules.view.history' : unknown table: `nodes/nodalHistory'

Iteration       : 93
Elapsed runtime : 5.004 seconds

New displacement factor 1.860

Starting the Newton-Raphson solver `userModules.solver' ...
module `userModules.solver' : residual scale factor = 7.5566e+03
module `userModules.solver' : iter = 1, scaled residual = 9.1000e-16
The Newton-Raphson solver converged in 1 iterations

*** WARNING: data set `userModules.view.history' : unknown table: `nodes/nodalHistory'

Iteration       : 94
Elapsed runtime : 5.021 seconds

New displacement factor 1.880

Starting the Newton-Raphson solver `userModules.solver' ...
module `userModules.solver' : residual scale factor = 7.6619e+03
module `userModules.solver' : iter = 1, scaled residual = 2.7818e-16
The Newton-Raphson solver converged in 1 iterations

*** WARNING: data set `userModules.view.history' : unknown table: `nodes/nodalHistory'

Iteration       : 95
Elapsed runtime : 5.037 seconds

New displacement factor 1.900

Starting the Newton-Raphson solver `userModules.solver' ...
module `userModules.solver' : residual scale factor = 7.7677e+03
module `userModules.solver' : iter = 1, scaled residual = 1.3478e-15
The Newton-Raphson solver converged in 1 iterations

*** WARNING: data set `userModules.view.history' : unknown table: `nodes/nodalHistory'

Iteration       : 96
Elapsed runtime : 5.058 seconds

New displacement factor 1.920

Starting the Newton-Raphson solver `userModules.solver' ...
module `userModules.solver' : residual scale factor = 7.8740e+03
module `userModules.solver' : iter = 1, scaled residual = 6.9507e-16
The Newton-Raphson solver converged in 1 iterations

*** WARNING: data set `userModules.view.history' : unknown table: `nodes/nodalHistory'

Iteration       : 97
Elapsed runtime : 5.072 seconds

New displacement factor 1.940

Starting the Newton-Raphson solver `userModules.solver' ...
module `userModules.solver' : residual scale factor = 7.9808e+03
module `userModules.solver' : iter = 1, scaled residual = 1.6343e-15
The Newton-Raphson solver converged in 1 iterations

*** WARNING: data set `userModules.view.history' : unknown table: `nodes/nodalHistory'

Iteration       : 98
Elapsed runtime : 5.086 seconds

New displacement factor 1.960

Starting the Newton-Raphson solver `userModules.solver' ...
module `userModules.solver' : residual scale factor = 8.0881e+03
module `userModules.solver' : iter = 1, scaled residual = 1.5425e-15
The Newton-Raphson solver converged in 1 iterations

*** WARNING: data set `userModules.view.history' : unknown table: `nodes/nodalHistory'

Iteration       : 99
Elapsed runtime : 5.102 seconds

New displacement factor 1.980

Starting the Newton-Raphson solver `userModules.solver' ...
module `userModules.solver' : residual scale factor = 8.1958e+03
module `userModules.solver' : iter = 1, scaled residual = 1.6458e-15
The Newton-Raphson solver converged in 1 iterations

*** WARNING: data set `userModules.view.history' : unknown table: `nodes/nodalHistory'

Iteration       : 100
Elapsed runtime : 5.124 seconds

New displacement factor 2.000

Starting the Newton-Raphson solver `userModules.solver' ...
module `userModules.solver' : residual scale factor = 8.3041e+03
module `userModules.solver' : iter = 1, scaled residual = 3.3949e-16
The Newton-Raphson solver converged in 1 iterations

*** WARNING: data set `userModules.view.history' : unknown table: `nodes/nodalHistory'

Iteration       : 101
Elapsed runtime : 7.524 seconds

New displacement factor 2.020

Starting the Newton-Raphson solver `userModules.solver' ...
module `userModules.solver' : residual scale factor = 8.4128e+03
module `userModules.solver' : iter = 1, scaled residual = 5.9161e-16
The Newton-Raphson solver converged in 1 iterations

*** WARNING: data set `userModules.view.history' : unknown table: `nodes/nodalHistory'

Iteration       : 102
Elapsed runtime : 7.543 seconds

New displacement factor 2.040

Starting the Newton-Raphson solver `userModules.solver' ...
module `userModules.solver' : residual scale factor = 8.5220e+03
module `userModules.solver' : iter = 1, scaled residual = 1.4296e-15
The Newton-Raphson solver converged in 1 iterations

*** WARNING: data set `userModules.view.history' : unknown table: `nodes/nodalHistory'

Iteration       : 103
Elapsed runtime : 7.557 seconds

New displacement factor 2.060

Starting the Newton-Raphson solver `userModules.solver' ...
module `userModules.solver' : residual scale factor = 8.6317e+03
module `userModules.solver' : iter = 1, scaled residual = 1.7398e-15
The Newton-Raphson solver converged in 1 iterations

*** WARNING: data set `userModules.view.history' : unknown table: `nodes/nodalHistory'

Iteration       : 104
Elapsed runtime : 7.564 seconds

New displacement factor 2.080

Starting the Newton-Raphson solver `userModules.solver' ...
module `userModules.solver' : residual scale factor = 8.7420e+03
module `userModules.solver' : iter = 1, scaled residual = 1.0661e-15
The Newton-Raphson solver converged in 1 iterations

*** WARNING: data set `userModules.view.history' : unknown table: `nodes/nodalHistory'

Iteration       : 105
Elapsed runtime : 7.570 seconds

New displacement factor 2.100

Starting the Newton-Raphson solver `userModules.solver' ...
module `userModules.solver' : residual scale factor = 8.8527e+03
module `userModules.solver' : iter = 1, scaled residual = 1.1354e-15
The Newton-Raphson solver converged in 1 iterations

*** WARNING: data set `userModules.view.history' : unknown table: `nodes/nodalHistory'

Iteration       : 106
Elapsed runtime : 7.575 seconds

New displacement factor 2.120

Starting the Newton-Raphson solver `userModules.solver' ...
module `userModules.solver' : residual scale factor = 8.9639e+03
module `userModules.solver' : iter = 1, scaled residual = 5.5668e-16
The Newton-Raphson solver converged in 1 iterations

*** WARNING: data set `userModules.view.history' : unknown table: `nodes/nodalHistory'

Iteration       : 107
Elapsed runtime : 7.584 seconds

New displacement factor 2.140

Starting the Newton-Raphson solver `userModules.solver' ...
module `userModules.solver' : residual scale factor = 9.0756e+03
module `userModules.solver' : iter = 1, scaled residual = 6.5546e-16
The Newton-Raphson solver converged in 1 iterations

*** WARNING: data set `userModules.view.history' : unknown table: `nodes/nodalHistory'

Iteration       : 108
Elapsed runtime : 7.601 seconds

New displacement factor 2.160

Starting the Newton-Raphson solver `userModules.solver' ...
module `userModules.solver' : residual scale factor = 9.1878e+03
module `userModules.solver' : iter = 1, scaled residual = 7.8862e-16
The Newton-Raphson solver converged in 1 iterations

*** WARNING: data set `userModules.view.history' : unknown table: `nodes/nodalHistory'

Iteration       : 109
Elapsed runtime : 7.618 seconds

New displacement factor 2.180

Starting the Newton-Raphson solver `userModules.solver' ...
module `userModules.solver' : residual scale factor = 9.3005e+03
module `userModules.solver' : iter = 1, scaled residual = 1.0731e-15
The Newton-Raphson solver converged in 1 iterations

*** WARNING: data set `userModules.view.history' : unknown table: `nodes/nodalHistory'

Iteration       : 110
Elapsed runtime : 7.635 seconds

New displacement factor 2.200

Starting the Newton-Raphson solver `userModules.solver' ...
module `userModules.solver' : residual scale factor = 9.4137e+03
module `userModules.solver' : iter = 1, scaled residual = 1.0035e-15
The Newton-Raphson solver converged in 1 iterations

*** WARNING: data set `userModules.view.history' : unknown table: `nodes/nodalHistory'

Iteration       : 111
Elapsed runtime : 7.652 seconds

New displacement factor 2.220

Starting the Newton-Raphson solver `userModules.solver' ...
module `userModules.solver' : residual scale factor = 9.5275e+03
module `userModules.solver' : iter = 1, scaled residual = 5.6297e-16
The Newton-Raphson solver converged in 1 iterations

*** WARNING: data set `userModules.view.history' : unknown table: `nodes/nodalHistory'

Iteration       : 112
Elapsed runtime : 7.669 seconds

New displacement factor 2.240

Starting the Newton-Raphson solver `userModules.solver' ...
module `userModules.solver' : residual scale factor = 9.6417e+03
module `userModules.solver' : iter = 1, scaled residual = 6.1857e-16
The Newton-Raphson solver converged in 1 iterations

*** WARNING: data set `userModules.view.history' : unknown table: `nodes/nodalHistory'

Iteration       : 113
Elapsed runtime : 7.685 seconds

New displacement factor 2.260

Starting the Newton-Raphson solver `userModules.solver' ...
module `userModules.solver' : residual scale factor = 9.7564e+03
module `userModules.solver' : iter = 1, scaled residual = 1.5456e-15
The Newton-Raphson solver converged in 1 iterations

*** WARNING: data set `userModules.view.history' : unknown table: `nodes/nodalHistory'

Iteration       : 114
Elapsed runtime : 7.703 seconds

New displacement factor 2.280

Starting the Newton-Raphson solver `userModules.solver' ...
module `userModules.solver' : residual scale factor = 9.8717e+03
module `userModules.solver' : iter = 1, scaled residual = 2.0145e-15
The Newton-Raphson solver converged in 1 iterations

*** WARNING: data set `userModules.view.history' : unknown table: `nodes/nodalHistory'

Iteration       : 115
Elapsed runtime : 7.724 seconds

New displacement factor 2.300

Starting the Newton-Raphson solver `userModules.solver' ...
module `userModules.solver' : residual scale factor = 9.9875e+03
module `userModules.solver' : iter = 1, scaled residual = 1.4912e-15
The Newton-Raphson solver converged in 1 iterations

*** WARNING: data set `userModules.view.history' : unknown table: `nodes/nodalHistory'

Iteration       : 116
Elapsed runtime : 7.740 seconds

New displacement factor 2.320

Starting the Newton-Raphson solver `userModules.solver' ...
module `userModules.solver' : residual scale factor = 1.0104e+04
module `userModules.solver' : iter = 1, scaled residual = 1.4557e-15
The Newton-Raphson solver converged in 1 iterations

*** WARNING: data set `userModules.view.history' : unknown table: `nodes/nodalHistory'

Iteration       : 117
Elapsed runtime : 7.752 seconds

New displacement factor 2.340

Starting the Newton-Raphson solver `userModules.solver' ...
module `userModules.solver' : residual scale factor = 1.0221e+04
module `userModules.solver' : iter = 1, scaled residual = 1.1157e-15
The Newton-Raphson solver converged in 1 iterations

*** WARNING: data set `userModules.view.history' : unknown table: `nodes/nodalHistory'

Iteration       : 118
Elapsed runtime : 7.769 seconds

New displacement factor 2.360

Starting the Newton-Raphson solver `userModules.solver' ...
module `userModules.solver' : residual scale factor = 1.0338e+04
module `userModules.solver' : iter = 1, scaled residual = 6.6981e-16
The Newton-Raphson solver converged in 1 iterations

*** WARNING: data set `userModules.view.history' : unknown table: `nodes/nodalHistory'

Iteration       : 119
Elapsed runtime : 7.785 seconds

New displacement factor 2.380

Starting the Newton-Raphson solver `userModules.solver' ...
module `userModules.solver' : residual scale factor = 1.0456e+04
module `userModules.solver' : iter = 1, scaled residual = 2.5450e-15
The Newton-Raphson solver converged in 1 iterations

*** WARNING: data set `userModules.view.history' : unknown table: `nodes/nodalHistory'

Iteration       : 120
Elapsed runtime : 7.801 seconds

New displacement factor 2.400

Starting the Newton-Raphson solver `userModules.solver' ...
module `userModules.solver' : residual scale factor = 1.0574e+04
module `userModules.solver' : iter = 1, scaled residual = 8.9719e-16
The Newton-Raphson solver converged in 1 iterations

*** WARNING: data set `userModules.view.history' : unknown table: `nodes/nodalHistory'

Iteration       : 121
Elapsed runtime : 7.818 seconds

New displacement factor 2.420

Starting the Newton-Raphson solver `userModules.solver' ...
module `userModules.solver' : residual scale factor = 1.0693e+04
module `userModules.solver' : iter = 1, scaled residual = 1.1911e-15
The Newton-Raphson solver converged in 1 iterations

*** WARNING: data set `userModules.view.history' : unknown table: `nodes/nodalHistory'

Iteration       : 122
Elapsed runtime : 7.835 seconds

New displacement factor 2.440

Starting the Newton-Raphson solver `userModules.solver' ...
module `userModules.solver' : residual scale factor = 1.0813e+04
module `userModules.solver' : iter = 1, scaled residual = 8.4758e-16
The Newton-Raphson solver converged in 1 iterations

*** WARNING: data set `userModules.view.history' : unknown table: `nodes/nodalHistory'

Iteration       : 123
Elapsed runtime : 7.852 seconds

New displacement factor 2.460

Starting the Newton-Raphson solver `userModules.solver' ...
module `userModules.solver' : residual scale factor = 1.0932e+04
module `userModules.solver' : iter = 1, scaled residual = 1.4016e-15
The Newton-Raphson solver converged in 1 iterations

*** WARNING: data set `userModules.view.history' : unknown table: `nodes/nodalHistory'

Iteration       : 124
Elapsed runtime : 7.868 seconds

New displacement factor 2.480

Starting the Newton-Raphson solver `userModules.solver' ...
module `userModules.solver' : residual scale factor = 1.1053e+04
module `userModules.solver' : iter = 1, scaled residual = 1.0164e-15
The Newton-Raphson solver converged in 1 iterations

*** WARNING: data set `userModules.view.history' : unknown table: `nodes/nodalHistory'

Iteration       : 125
Elapsed runtime : 7.885 seconds

New displacement factor 2.500

Starting the Newton-Raphson solver `userModules.solver' ...
module `userModules.solver' : residual scale factor = 1.1174e+04
module `userModules.solver' : iter = 1, scaled residual = 8.1254e-16
The Newton-Raphson solver converged in 1 iterations

*** WARNING: data set `userModules.view.history' : unknown table: `nodes/nodalHistory'

Iteration       : 126
Elapsed runtime : 7.901 seconds

New displacement factor 2.520

Starting the Newton-Raphson solver `userModules.solver' ...
module `userModules.solver' : residual scale factor = 1.1296e+04
module `userModules.solver' : iter = 1, scaled residual = 1.2354e-15
The Newton-Raphson solver converged in 1 iterations

*** WARNING: data set `userModules.view.history' : unknown table: `nodes/nodalHistory'

Iteration       : 127
Elapsed runtime : 7.924 seconds

New displacement factor 2.540

Starting the Newton-Raphson solver `userModules.solver' ...
module `userModules.solver' : residual scale factor = 1.1418e+04
module `userModules.solver' : iter = 1, scaled residual = 2.4006e-15
The Newton-Raphson solver converged in 1 iterations

*** WARNING: data set `userModules.view.history' : unknown table: `nodes/nodalHistory'

Iteration       : 128
Elapsed runtime : 7.941 seconds

New displacement factor 2.560

Starting the Newton-Raphson solver `userModules.solver' ...
module `userModules.solver' : residual scale factor = 1.1540e+04
module `userModules.solver' : iter = 1, scaled residual = 7.0650e-16
The Newton-Raphson solver converged in 1 iterations

*** WARNING: data set `userModules.view.history' : unknown table: `nodes/nodalHistory'

Iteration       : 129
Elapsed runtime : 7.952 seconds

New displacement factor 2.580

Starting the Newton-Raphson solver `userModules.solver' ...
module `userModules.solver' : residual scale factor = 1.1664e+04
module `userModules.solver' : iter = 1, scaled residual = 1.9639e-15
The Newton-Raphson solver converged in 1 iterations

*** WARNING: data set `userModules.view.history' : unknown table: `nodes/nodalHistory'

Iteration       : 130
Elapsed runtime : 7.968 seconds

New displacement factor 2.600

Starting the Newton-Raphson solver `userModules.solver' ...
module `userModules.solver' : residual scale factor = 1.1787e+04
module `userModules.solver' : iter = 1, scaled residual = 7.2902e-16
The Newton-Raphson solver converged in 1 iterations

*** WARNING: data set `userModules.view.history' : unknown table: `nodes/nodalHistory'

Iteration       : 131
Elapsed runtime : 7.985 seconds

New displacement factor 2.620

Starting the Newton-Raphson solver `userModules.solver' ...
module `userModules.solver' : residual scale factor = 1.1912e+04
module `userModules.solver' : iter = 1, scaled residual = 1.8682e-15
The Newton-Raphson solver converged in 1 iterations

*** WARNING: data set `userModules.view.history' : unknown table: `nodes/nodalHistory'

Iteration       : 132
Elapsed runtime : 8.002 seconds

New displacement factor 2.640

Starting the Newton-Raphson solver `userModules.solver' ...
module `userModules.solver' : residual scale factor = 1.2036e+04
module `userModules.solver' : iter = 1, scaled residual = 1.1363e-15
The Newton-Raphson solver converged in 1 iterations

*** WARNING: data set `userModules.view.history' : unknown table: `nodes/nodalHistory'

Iteration       : 133
Elapsed runtime : 8.018 seconds

New displacement factor 2.660

Starting the Newton-Raphson solver `userModules.solver' ...
module `userModules.solver' : residual scale factor = 1.2162e+04
module `userModules.solver' : iter = 1, scaled residual = 5.7153e-03
module `userModules.solver' : iter = 2, scaled residual = 2.1067e-03
module `userModules.solver' : iter = 3, scaled residual = 9.4829e-04
The Newton-Raphson solver converged in 3 iterations

*** WARNING: data set `userModules.view.history' : unknown table: `nodes/nodalHistory'

Iteration       : 134
Elapsed runtime : 8.035 seconds

New displacement factor 2.680

Starting the Newton-Raphson solver `userModules.solver' ...
module `userModules.solver' : residual scale factor = 1.2108e+04
module `userModules.solver' : iter = 1, scaled residual = 4.4989e-03
module `userModules.solver' : iter = 2, scaled residual = 2.1143e-03
module `userModules.solver' : iter = 3, scaled residual = 1.0397e-03
module `userModules.solver' : iter = 4, scaled residual = 7.2394e-04
The Newton-Raphson solver converged in 4 iterations

*** WARNING: data set `userModules.view.history' : unknown table: `nodes/nodalHistory'

Iteration       : 135
Elapsed runtime : 8.052 seconds

New displacement factor 2.700

Starting the Newton-Raphson solver `userModules.solver' ...
module `userModules.solver' : residual scale factor = 1.2109e+04
module `userModules.solver' : iter = 1, scaled residual = 4.3613e-03
module `userModules.solver' : iter = 2, scaled residual = 2.1490e-03
module `userModules.solver' : iter = 3, scaled residual = 1.1583e-03
module `userModules.solver' : iter = 4, scaled residual = 8.6196e-04
The Newton-Raphson solver converged in 4 iterations

*** WARNING: data set `userModules.view.history' : unknown table: `nodes/nodalHistory'

Iteration       : 136
Elapsed runtime : 8.068 seconds

New displacement factor 2.720

Starting the Newton-Raphson solver `userModules.solver' ...
module `userModules.solver' : residual scale factor = 1.2114e+04
module `userModules.solver' : iter = 1, scaled residual = 4.3890e-03
module `userModules.solver' : iter = 2, scaled residual = 2.2159e-03
module `userModules.solver' : iter = 3, scaled residual = 1.2475e-03
module `userModules.solver' : iter = 4, scaled residual = 9.4552e-04
The Newton-Raphson solver converged in 4 iterations

*** WARNING: data set `userModules.view.history' : unknown table: `nodes/nodalHistory'

Iteration       : 137
Elapsed runtime : 8.084 seconds

New displacement factor 2.740

Starting the Newton-Raphson solver `userModules.solver' ...
module `userModules.solver' : residual scale factor = 1.2114e+04
module `userModules.solver' : iter = 1, scaled residual = 4.4166e-03
module `userModules.solver' : iter = 2, scaled residual = 2.2619e-03
module `userModules.solver' : iter = 3, scaled residual = 1.3053e-03
module `userModules.solver' : iter = 4, scaled residual = 9.9403e-04
The Newton-Raphson solver converged in 4 iterations

*** WARNING: data set `userModules.view.history' : unknown table: `nodes/nodalHistory'

Iteration       : 138
Elapsed runtime : 8.101 seconds

New displacement factor 2.760

Starting the Newton-Raphson solver `userModules.solver' ...
module `userModules.solver' : residual scale factor = 1.2110e+04
module `userModules.solver' : iter = 1, scaled residual = 4.4476e-03
module `userModules.solver' : iter = 2, scaled residual = 2.2995e-03
module `userModules.solver' : iter = 3, scaled residual = 1.3466e-03
module `userModules.solver' : iter = 4, scaled residual = 1.0237e-03
module `userModules.solver' : iter = 5, scaled residual = 8.1966e-04
The Newton-Raphson solver converged in 5 iterations

*** WARNING: data set `userModules.view.history' : unknown table: `nodes/nodalHistory'

Iteration       : 139
Elapsed runtime : 8.118 seconds

New displacement factor 2.780

Starting the Newton-Raphson solver `userModules.solver' ...
module `userModules.solver' : residual scale factor = 1.2096e+04
module `userModules.solver' : iter = 1, scaled residual = 4.3185e-03
module `userModules.solver' : iter = 2, scaled residual = 2.2204e-03
module `userModules.solver' : iter = 3, scaled residual = 1.2951e-03
module `userModules.solver' : iter = 4, scaled residual = 9.7121e-04
The Newton-Raphson solver converged in 4 iterations

*** WARNING: data set `userModules.view.history' : unknown table: `nodes/nodalHistory'

Iteration       : 140
Elapsed runtime : 8.134 seconds

New displacement factor 2.800

Starting the Newton-Raphson solver `userModules.solver' ...
module `userModules.solver' : residual scale factor = 1.2085e+04
module `userModules.solver' : iter = 1, scaled residual = 4.5126e-03
module `userModules.solver' : iter = 2, scaled residual = 2.3481e-03
module `userModules.solver' : iter = 3, scaled residual = 1.3781e-03
module `userModules.solver' : iter = 4, scaled residual = 1.0257e-03
module `userModules.solver' : iter = 5, scaled residual = 8.1625e-04
The Newton-Raphson solver converged in 5 iterations

*** WARNING: data set `userModules.view.history' : unknown table: `nodes/nodalHistory'

Iteration       : 141
Elapsed runtime : 8.151 seconds

New displacement factor 2.820

Starting the Newton-Raphson solver `userModules.solver' ...
module `userModules.solver' : residual scale factor = 1.2057e+04
module `userModules.solver' : iter = 1, scaled residual = 4.4212e-03
module `userModules.solver' : iter = 2, scaled residual = 2.3058e-03
module `userModules.solver' : iter = 3, scaled residual = 1.3484e-03
module `userModules.solver' : iter = 4, scaled residual = 9.8752e-04
The Newton-Raphson solver converged in 4 iterations

*** WARNING: data set `userModules.view.history' : unknown table: `nodes/nodalHistory'

Iteration       : 142
Elapsed runtime : 8.168 seconds

New displacement factor 2.840

Starting the Newton-Raphson solver `userModules.solver' ...
module `userModules.solver' : residual scale factor = 1.2033e+04
module `userModules.solver' : iter = 1, scaled residual = 4.6771e-03
module `userModules.solver' : iter = 2, scaled residual = 2.4870e-03
module `userModules.solver' : iter = 3, scaled residual = 1.4601e-03
module `userModules.solver' : iter = 4, scaled residual = 1.0572e-03
module `userModules.solver' : iter = 5, scaled residual = 8.3233e-04
The Newton-Raphson solver converged in 5 iterations

*** WARNING: data set `userModules.view.history' : unknown table: `nodes/nodalHistory'

Iteration       : 143
Elapsed runtime : 8.184 seconds

New displacement factor 2.860

Starting the Newton-Raphson solver `userModules.solver' ...
module `userModules.solver' : residual scale factor = 1.1988e+04
module `userModules.solver' : iter = 1, scaled residual = 4.6156e-03
module `userModules.solver' : iter = 2, scaled residual = 2.4856e-03
module `userModules.solver' : iter = 3, scaled residual = 1.4558e-03
module `userModules.solver' : iter = 4, scaled residual = 1.0326e-03
module `userModules.solver' : iter = 5, scaled residual = 8.0521e-04
The Newton-Raphson solver converged in 5 iterations

*** WARNING: data set `userModules.view.history' : unknown table: `nodes/nodalHistory'

Iteration       : 144
Elapsed runtime : 8.201 seconds

New displacement factor 2.880

Starting the Newton-Raphson solver `userModules.solver' ...
module `userModules.solver' : residual scale factor = 1.1941e+04
module `userModules.solver' : iter = 1, scaled residual = 4.7424e-03
module `userModules.solver' : iter = 2, scaled residual = 2.6109e-03
module `userModules.solver' : iter = 3, scaled residual = 1.5235e-03
module `userModules.solver' : iter = 4, scaled residual = 1.0535e-03
module `userModules.solver' : iter = 5, scaled residual = 8.0948e-04
The Newton-Raphson solver converged in 5 iterations

*** WARNING: data set `userModules.view.history' : unknown table: `nodes/nodalHistory'

Iteration       : 145
Elapsed runtime : 8.218 seconds

New displacement factor 2.900

Starting the Newton-Raphson solver `userModules.solver' ...
module `userModules.solver' : residual scale factor = 1.1882e+04
module `userModules.solver' : iter = 1, scaled residual = 4.9150e-03
module `userModules.solver' : iter = 2, scaled residual = 2.8047e-03
module `userModules.solver' : iter = 3, scaled residual = 1.6422e-03
module `userModules.solver' : iter = 4, scaled residual = 1.1089e-03
module `userModules.solver' : iter = 5, scaled residual = 8.3640e-04
The Newton-Raphson solver converged in 5 iterations

*** WARNING: data set `userModules.view.history' : unknown table: `nodes/nodalHistory'

Iteration       : 146
Elapsed runtime : 8.234 seconds

New displacement factor 2.920

Starting the Newton-Raphson solver `userModules.solver' ...
module `userModules.solver' : residual scale factor = 1.1810e+04
module `userModules.solver' : iter = 1, scaled residual = 5.1394e-03
module `userModules.solver' : iter = 2, scaled residual = 3.0924e-03
module `userModules.solver' : iter = 3, scaled residual = 1.8311e-03
module `userModules.solver' : iter = 4, scaled residual = 1.2136e-03
module `userModules.solver' : iter = 5, scaled residual = 8.9345e-04
The Newton-Raphson solver converged in 5 iterations

*** WARNING: data set `userModules.view.history' : unknown table: `nodes/nodalHistory'

Iteration       : 147
Elapsed runtime : 8.251 seconds

New displacement factor 2.940

Starting the Newton-Raphson solver `userModules.solver' ...
module `userModules.solver' : residual scale factor = 1.1722e+04
module `userModules.solver' : iter = 1, scaled residual = 5.4276e-03
module `userModules.solver' : iter = 2, scaled residual = 3.5311e-03
module `userModules.solver' : iter = 3, scaled residual = 2.1381e-03
module `userModules.solver' : iter = 4, scaled residual = 1.4164e-03
module `userModules.solver' : iter = 5, scaled residual = 1.0140e-03
module `userModules.solver' : iter = 6, scaled residual = 7.6181e-04
The Newton-Raphson solver converged in 6 iterations

*** WARNING: data set `userModules.view.history' : unknown table: `nodes/nodalHistory'

Iteration       : 148
Elapsed runtime : 8.268 seconds

New displacement factor 2.960

Starting the Newton-Raphson solver `userModules.solver' ...
module `userModules.solver' : residual scale factor = 1.1633e+04
module `userModules.solver' : iter = 1, scaled residual = 5.9875e-03
module `userModules.solver' : iter = 2, scaled residual = 4.4290e-03
module `userModules.solver' : iter = 3, scaled residual = 2.7341e-03
module `userModules.solver' : iter = 4, scaled residual = 1.8959e-03
module `userModules.solver' : iter = 5, scaled residual = 1.3119e-03
module `userModules.solver' : iter = 6, scaled residual = 9.3636e-04
The Newton-Raphson solver converged in 6 iterations

*** WARNING: data set `userModules.view.history' : unknown table: `nodes/nodalHistory'

Iteration       : 149
Elapsed runtime : 8.284 seconds

New displacement factor 2.980

Starting the Newton-Raphson solver `userModules.solver' ...
module `userModules.solver' : residual scale factor = 1.1515e+04
module `userModules.solver' : iter = 1, scaled residual = 6.6374e-03
module `userModules.solver' : iter = 2, scaled residual = 6.0969e-03
module `userModules.solver' : iter = 3, scaled residual = 3.9065e-03
module `userModules.solver' : iter = 4, scaled residual = 3.2731e-03
module `userModules.solver' : iter = 5, scaled residual = 2.3007e-03
module `userModules.solver' : iter = 6, scaled residual = 1.8269e-03
module `userModules.solver' : iter = 7, scaled residual = 1.3555e-03
module `userModules.solver' : iter = 8, scaled residual = 1.0470e-03
module `userModules.solver' : iter = 9, scaled residual = 8.0518e-04
The Newton-Raphson solver converged in 9 iterations

*** WARNING: data set `userModules.view.history' : unknown table: `nodes/nodalHistory'

Iteration       : 150
Elapsed runtime : 8.301 seconds

New displacement factor 3.000

Starting the Newton-Raphson solver `userModules.solver' ...
module `userModules.solver' : residual scale factor = 1.1325e+04
module `userModules.solver' : iter = 1, scaled residual = 6.9891e-03
module `userModules.solver' : iter = 2, scaled residual = 9.3777e-03
module `userModules.solver' : iter = 3, scaled residual = 5.9597e-03
module `userModules.solver' : iter = 4, scaled residual = 7.9806e-03
module `userModules.solver' : iter = 5, scaled residual = 5.2697e-03
module `userModules.solver' : iter = 6, scaled residual = 6.8660e-03
module `userModules.solver' : iter = 7, scaled residual = 4.7093e-03
module `userModules.solver' : iter = 8, scaled residual = 5.9472e-03
module `userModules.solver' : iter = 9, scaled residual = 4.2240e-03
module `userModules.solver' : iter = 10, scaled residual = 5.1774e-03
module `userModules.solver' : iter = 11, scaled residual = 3.7940e-03
module `userModules.solver' : iter = 12, scaled residual = 4.5254e-03
module `userModules.solver' : iter = 13, scaled residual = 3.4097e-03
module `userModules.solver' : iter = 14, scaled residual = 3.9685e-03
module `userModules.solver' : iter = 15, scaled residual = 3.0648e-03
module `userModules.solver' : iter = 16, scaled residual = 3.4895e-03
module `userModules.solver' : iter = 17, scaled residual = 2.7546e-03
module `userModules.solver' : iter = 18, scaled residual = 3.0753e-03
module `userModules.solver' : iter = 19, scaled residual = 2.4754e-03
module `userModules.solver' : iter = 20, scaled residual = 2.7154e-03
module `userModules.solver' : iter = 21, scaled residual = 2.2240e-03
module `userModules.solver' : iter = 22, scaled residual = 2.4015e-03
module `userModules.solver' : iter = 23, scaled residual = 1.9975e-03
module `userModules.solver' : iter = 24, scaled residual = 2.1268e-03
module `userModules.solver' : iter = 25, scaled residual = 1.7935e-03
module `userModules.solver' : iter = 26, scaled residual = 1.8857e-03
module `userModules.solver' : iter = 27, scaled residual = 1.6099e-03
module `userModules.solver' : iter = 28, scaled residual = 1.6737e-03
module `userModules.solver' : iter = 29, scaled residual = 1.4445e-03
module `userModules.solver' : iter = 30, scaled residual = 1.4868e-03
module `userModules.solver' : iter = 31, scaled residual = 1.2958e-03
module `userModules.solver' : iter = 32, scaled residual = 1.3218e-03
module `userModules.solver' : iter = 33, scaled residual = 1.1621e-03
module `userModules.solver' : iter = 34, scaled residual = 1.1759e-03
module `userModules.solver' : iter = 35, scaled residual = 1.0418e-03
module `userModules.solver' : iter = 36, scaled residual = 1.0466e-03
module `userModules.solver' : iter = 37, scaled residual = 9.3376e-04
The Newton-Raphson solver converged in 37 iterations

*** WARNING: data set `userModules.view.history' : unknown table: `nodes/nodalHistory'

Iteration       : 151
Elapsed runtime : 8.350 seconds

New displacement factor 3.020

Starting the Newton-Raphson solver `userModules.solver' ...
module `userModules.solver' : residual scale factor = 1.1115e+04
module `userModules.solver' : iter = 1, scaled residual = 8.0061e-03
module `userModules.solver' : iter = 2, scaled residual = 2.0000e-01
module `userModules.solver' : iter = 3, scaled residual = 1.0585e-02
module `userModules.solver' : iter = 4, scaled residual = 7.8245e-03
module `userModules.solver' : iter = 5, scaled residual = 1.5421e-01
module `userModules.solver' : iter = 6, scaled residual = 1.0739e-02
module `userModules.solver' : iter = 7, scaled residual = 7.8610e-03
module `userModules.solver' : iter = 8, scaled residual = 1.6306e-01
module `userModules.solver' : iter = 9, scaled residual = 1.0627e-02
module `userModules.solver' : iter = 10, scaled residual = 7.8304e-03
module `userModules.solver' : iter = 11, scaled residual = 1.5632e-01
module `userModules.solver' : iter = 12, scaled residual = 1.0582e-02
module `userModules.solver' : iter = 13, scaled residual = 7.8062e-03
module `userModules.solver' : iter = 14, scaled residual = 1.5344e-01
module `userModules.solver' : iter = 15, scaled residual = 1.0515e-02
module `userModules.solver' : iter = 16, scaled residual = 7.7719e-03
module `userModules.solver' : iter = 17, scaled residual = 1.4950e-01
module `userModules.solver' : iter = 18, scaled residual = 1.0451e-02
module `userModules.solver' : iter = 19, scaled residual = 7.7352e-03
module `userModules.solver' : iter = 20, scaled residual = 1.4586e-01
module `userModules.solver' : iter = 21, scaled residual = 1.0384e-02
module `userModules.solver' : iter = 22, scaled residual = 7.6965e-03
module `userModules.solver' : iter = 23, scaled residual = 1.4223e-01
module `userModules.solver' : iter = 24, scaled residual = 1.0317e-02
module `userModules.solver' : iter = 25, scaled residual = 7.6568e-03
module `userModules.solver' : iter = 26, scaled residual = 1.3871e-01
module `userModules.solver' : iter = 27, scaled residual = 1.0249e-02
module `userModules.solver' : iter = 28, scaled residual = 7.6169e-03
module `userModules.solver' : iter = 29, scaled residual = 1.3530e-01
module `userModules.solver' : iter = 30, scaled residual = 1.0182e-02
module `userModules.solver' : iter = 31, scaled residual = 7.5769e-03
module `userModules.solver' : iter = 32, scaled residual = 1.3200e-01
module `userModules.solver' : iter = 33, scaled residual = 1.0115e-02
module `userModules.solver' : iter = 34, scaled residual = 7.5373e-03
module `userModules.solver' : iter = 35, scaled residual = 1.2882e-01
module `userModules.solver' : iter = 36, scaled residual = 1.0048e-02
module `userModules.solver' : iter = 37, scaled residual = 7.4980e-03
module `userModules.solver' : iter = 38, scaled residual = 1.2574e-01
module `userModules.solver' : iter = 39, scaled residual = 9.9822e-03
module `userModules.solver' : iter = 40, scaled residual = 7.4592e-03
module `userModules.solver' : iter = 41, scaled residual = 1.2278e-01
module `userModules.solver' : iter = 42, scaled residual = 9.9165e-03
module `userModules.solver' : iter = 43, scaled residual = 7.4210e-03
module `userModules.solver' : iter = 44, scaled residual = 1.1993e-01
module `userModules.solver' : iter = 45, scaled residual = 9.8514e-03
module `userModules.solver' : iter = 46, scaled residual = 7.3832e-03
module `userModules.solver' : iter = 47, scaled residual = 1.1717e-01
module `userModules.solver' : iter = 48, scaled residual = 9.7870e-03
module `userModules.solver' : iter = 49, scaled residual = 7.3460e-03
module `userModules.solver' : iter = 50, scaled residual = 1.1452e-01
module `userModules.solver' : iter = 51, scaled residual = 9.7231e-03

*** ERROR: Fatal runtime error

*** ERROR:   Type    : jem::Exception
*** ERROR:   Context : module `userModules.solver'
*** ERROR:   Message : no convergence achieved in 51 iterations; final residual: 9.723117e-03

*** ERROR: Stack trace:

*** ERROR:   ../src/feel(_ZN4jive7implict12NonlinModule5solveERKN3jem4util10PropertiesES6_+0x429)
*** ERROR:   [0x55a766c7d5e1]
*** ERROR:   ../src/feel(_ZN4jive7implict12SolverModule3runERKN3jem4util10PropertiesE+0x4c) [0x55a766c88ea8]
*** ERROR:   ../src/feel(_ZN4jive3app14UserconfModule3runERKN3jem4util10PropertiesE+0x116) [0x55a766ef86f8]
*** ERROR:   ../src/feel(_ZN4jive3app11ChainModule3runERKN3jem4util10PropertiesE+0x155) [0x55a766ed0911]
*** ERROR:   ../src/feel(_ZN4jive3app12ReportModule3runERKN3jem4util10PropertiesE+0x41) [0x55a766ef0885]
*** ERROR:   ../src/feel(_ZN4jive3app11Application7runLoopERN3jem6StringERNS0_6ModuleERKNS2_4util10PropertiesESA_SA_+0xd7)
*** ERROR:   [0x55a766eca4bb]
*** ERROR:   ../src/feel(_ZN4jive3app11Application4execEiPPcPFN3jem3RefINS0_6ModuleEEEvE+0xc4b)
*** ERROR:   [0x55a766ece3f9]
*** ERROR:   ../src/feel(main+0x27) [0x55a766bb27ea]
*** ERROR:   /lib/x86_64-linux-gnu/libc.so.6(__libc_start_main+0xe7) [0x7f67d1841b97]
*** ERROR:   ../src/feel(_start+0x2a) [0x55a766ba395a]

