Log file created on Tue Jan 21 00:21:58 CET 2020.

Reading input with userInput.input from file neohookean.msh
 ...Adding 66 nodes.
 ...Adding 102 elements.
 ...Created NodeGroup `left' with 5 nodes.
 ...Created NodeGroup `right' with 5 nodes.

Created a new model named `model'.

Data summary:

  nodes ......................................... 66
  node dofs ..................................... 132
  node groups ................................... 4
  elements ...................................... 102
  element groups ................................ 3

userModules.view : loaded configuration data from `neohookean.view'
userModules.view.mesh : building graphics mesh ...
userModules.view.mesh : ready; graphics mesh contains:

  vertices  ...... 66
  faces     ...... 102
  triangles ...... 102
  lines     ...... 0
  edges     ...... 167

*** WARNING: module `userModules.view' : unsupported image type: `png'; supported type is `ppm'
*** WARNING: module `userModules.view' : snapshot files will be saved in PPM format

Application configuration data:

  log	=
  {
    file	= "-neohookean.log";
    rank	= 0;
    pattern	= "*.info";
    logPrefix	= "";
    outPrefix	= "";
    warnPrefix	= "*** WARNING: ";
    errPrefix	= "*** ERROR: ";
  };
  userModules	=
  {
    solver	=
    {
      maxIter	= 20;
      tiny	= 1.00000e-300;
      precision	= 1.00000e-06;
      maxIncr	= 10.0000;
      lineSearch	= false;
      deltaCons	= false;
      updateWhen	= none;
      solver	=
      {
        type	= "SkylineLU";
        lenient	= true;
        precision	= 5.00000e-07;
        zeroThreshold	= 1.49012e-08;
        maxZeroPivots	= 0;
        reorder	= true;
        useThreads	= true;
        printPivots	= false;
      };
    };
    graph	=
    {
      sampleWhen	= "accepted";
      dataSets	= [ "loadDisp" ];
      window	=
      {
        bgColor	= "white";
        title	= "userModules.graph";
        width	= 400;
        height	= 200;
      };
      camera	=
      {
        range	= 1.00000;
        position	= [ -0.00000, -0.00000 ];
        zoom	= 0.00000;
        quality	= 1;
        autoQuality	= false;
      };
      graph	=
      {
        hidden	= false;
        width	= 1.00000;
        height	= 1.00000;
        showKey	= true;
        keyPos	= [ 0.900000, 0.900000 ];
        title	= "";
        xLabel	= "";
        yLabel	= "";
        scaleStep	= 0.100000;
        xRange	= "auto";
        yRange	= "auto";
      };
      loadDisp	=
      {
        key	= "Load-displacement curve";
        maxPoints	= -1;
        pointStyle	= none;
        lineWidth	= 1.20000;
        lineColor	= "black";
        xData	= "model.model.lodi.disp[0]";
        yData	= "model.model.lodi.load[0]";
      };
    };
    view	=
    {
      snapFile	= "neohookean%2i.png";
      configFile	= "neohookean.view";
      updateWhen	= true;
      snapWhen	= false;
      offScreen	= false;
      camera	=
      {
        type	= "Perspective";
        farClip	= 101.354;
        nearClip	= 18.1941;
        viewAngle	= 40.0000;
        position	= [ 0.720000, -0.0777054, 59.7741 ];
        zoom	= 0.00000;
        quality	= 1;
        autoQuality	= false;
      };
      disp	=
      {
        type	= "Vector";
        vector	= "state";
        nullValue	= 0.00000;
      };
      stress	=
      {
        type	= "Table";
        table	= "nodes/stress";
        tableType	= "Dense";
        nullValue	= 0.00000;
      };
      dataSets	= [ "disp", "stress" ];
      window	=
      {
        bgColor	= "white";
        title	= "feel.userModules.view";
        width	= 863;
        height	= 759;
      };
      world	=
      {
        scale	= 1.00000;
        rotmat	= [ 1.00000, 0.00000, 0.00000, 0.00000, 1.00000, 0.00000, 0.00000, 0.00000, 1.00000 ];
        translation	= [ 0.00000, 0.00000, 0.00000 ];
      };
      lights	=
      {
        light0	=
        {
          color	= "white20";
          direction	= [ -1.00000, -0.00000, -0.00000 ];
          enable	= true;
        };
        light1	=
        {
          color	= "white20";
          direction	= [ -0.00000, -1.00000, -0.00000 ];
          enable	= true;
        };
        light2	=
        {
          color	= "white";
          direction	= [ -0.00000, -0.00000, -1.00000 ];
          enable	= true;
        };
        light3	=
        {
          color	= "white20";
          direction	= [ 1.00000, 1.00000, -0.00000 ];
          enable	= false;
        };
        specular	= false;
        ambient	= "white20";
      };
      markerStyles	=
      {
        points	=
        {
          size	= 3.00000;
          color	= "black";
        };
        orbs	=
        {
          size	= -0.0100000;
          quality	= 1;
          color	= "gold";
        };
        numbers	=
        {
          font	= "proportional medium";
          color	= "black";
        };
        circles	=
        {
          size	= "medium";
          color	= "black";
        };
        diamonds	=
        {
          size	= "medium";
          color	= "black";
        };
        discs	=
        {
          size	= "medium";
          color	= "black";
        };
        squares	=
        {
          size	= "medium";
          color	= "black";
        };
        styles	= [];
      };
      palettes	=
      {
        linear	=
        {
          minValue	= 0.00000;
          maxValue	= 1.00000;
          minColor	= "blue";
          maxColor	= "red";
        };
        rainbow	=
        {
          minValue	= 0.00000;
          maxValue	= 1.00000;
        };
        custom	=
        {
          colors	= [ "blue", "green", "yellow", "orange", "red" ];
          ranges	= [ 0.00000, 0.200000, 0.400000, 0.600000, 0.800000, 1.00000 ];
          hideMinMax	= false;
        };
        palettes	= [];
      };
      mesh	=
      {
        elements	= "all";
        scale	= 1.00000;
        rotmat	= [ 1.00000, 0.00000, 0.00000, 0.00000, 1.00000, 0.00000, 0.00000, 0.00000, 1.00000 ];
        translation	= [ 0.00000, 0.00000, 0.00000 ];
        pointSize	= 1.00000;
        lineWidth	= 1.00000;
        shadeModel	= "Smooth";
        color	= "gray";
        material	=
        {
          specular	= "black";
          shininess	= 0.00000;
        };
        edgeColor	= "black";
        nodeColor	= "black";
        showEdges	= true;
        showLines	= true;
        showFaces	= true;
        hidden	= false;
        deformation	=
        {
          scale	= 1.00000;
          autoScale	= false;
          scaleStep	= 0.100000;
          dx	= "disp[dx]";
          dy	= "disp[dy]";
          dz	= "0.000";
        };
        colors	=
        {
          palette	= "custom";
          title	= "";
          data	= "stress[xx]";
          autoScale	= true;
          scaleStep	= 0.100000;
        };
      };
    };
  };
  sample	=
  {
    file	= "lodi.dat";
    header	= "";
    separator	= " ";
    append	= false;
    precision	= 8;
    dataSets	= [ "i", "model.model.lodi.disp[0]", "abs( model.model.lodi.load[0] )" ];
    sampleWhen	= "accepted";
  };
  control	=
  {
    prompt	= ">";
    cmdFile	= "";
    fgMode	= true;
    pause	= -1.00000;
    runWhile	= "i<=1";
  };
  userInput	=
  {
    input	=
    {
      dim	= 2;
      file	= "neohookean.msh";
      doElemGroups	= false;
      lowOrderCopy	= false;
      nodeGroups	= [];
      elemGroups	= [];
    };
    ngroups	=
    {
      nodeGroups	= [ "left", "right" ];
      elemGroups	= [];
      left	=
      {
        all	= false;
        restrictToGroups	= [];
        eps	= 1.00000e-05;
        xtype	= "min";
      };
      right	=
      {
        all	= false;
        restrictToGroups	= [];
        eps	= 1.00000e-05;
        xtype	= "max";
      };
    };
  };
  shapeTable	=
  {
    type	= "Auto";
    boundaryElems	= "";
    interfaceElems	= "";
    maxPrecision	= 0;
  };
  model	=
  {
    type	= "Matrix";
    model	=
    {
      type	= "Multi";
      models	= [ "bulk", "diri", "diri2", "lodi" ];
      bulk	=
      {
        type	= "NLSolid";
        elements	= "all";
        shape	=
        {
          type	= "Triangle3";
          shapeFuncs	=
          {
            type	= "Linear";
          };
          intScheme	= [ "Gauss1", "Gauss2", "Gauss2", "Gauss2" ];
        };
        material	=
        {
          type	= "Gasser";
          dim	= 2;
          lambda	= 5000.00;
          mu	= 6000.00;
          beta	= 0.174000;
          k1_a	= 6000.00;
          k2_a	= 1.00000;
          kappa	= 0.0500000;
          kappam0	= 0.200000;
          kappamu	= 0.200000;
          kappaf0	= 0.200000;
          kappafu	= 0.200000;
          state	= "PLANE_STRAIN";
        };
        thickness	= 1.00000;
      };
      diri	=
      {
        type	= "Dirichlet";
        dispIncr	= 0.0500000;
        initDisp	= 0.00000;
        maxDisp	= 20.0000;
        nodeGroups	= [ "right" ];
        dofs	= [ "dx" ];
        factors	= [ 1.00000 ];
      };
      diri2	=
      {
        type	= "Dirichlet";
        dispIncr	= 0.00000;
        initDisp	= 0.00000;
        maxDisp	= 1.79769e+308;
        nodeGroups	= [ "left" ];
        dofs	= [ "dx" ];
        factors	= [ 1.00000 ];
      };
      lodi	=
      {
        type	= "LoadDisp";
        nodes	= [ 1, 2, 13, 14, 15 ];
      };
    };
    debug	= 0;
    linear	= false;
    matrix0	=
    {
      type	= "Sparse";
      symmetric	= false;
      optimize	= "Runtime";
    };
  };
  init	=
  {
    reorder	= false;
    vectors	= [];
  };
  xoutput	=
  {
    write	= true;
    table	= "stress | eqstrain | eqveps | loading";
    interval	= 1;
    dissipation	= true;
    writeCracks	= true;
    writeCohInfo	= false;
  };

*** WARNING: Unknown property: `model.model.bulk.largeDisp'

*** WARNING: Initialization phase completed with warnings.

  Elapsed CPU  time : 0.05000 seconds.
  Elapsed real time : 0.1568 seconds.

Iteration       : 0
Elapsed runtime : 0.1571 seconds

New displacement factor 0.000
New displacement factor 0.000

Starting the Newton-Raphson solver `userModules.solver' ...
module `userModules.solver' : residual scale factor = 0.0000e+00
The Newton-Raphson solver converged in 1 iterations

Iteration       : 1
Elapsed runtime : 0.2312 seconds

New displacement factor 0.05000
New displacement factor 0.000

Starting the Newton-Raphson solver `userModules.solver' ...
module `userModules.solver' : residual scale factor = 2.0575e+02
module `userModules.solver' : iter = 1, scaled residual = 2.3897e-15
The Newton-Raphson solver converged in 1 iterations

Iteration       : 2
Elapsed runtime : 5.961 seconds

New displacement factor 0.1000
New displacement factor 0.000

Starting the Newton-Raphson solver `userModules.solver' ...
module `userModules.solver' : residual scale factor = 4.1246e+02
module `userModules.solver' : iter = 1, scaled residual = 2.1130e-15
The Newton-Raphson solver converged in 1 iterations

Iteration       : 3
Elapsed runtime : 5.999 seconds

New displacement factor 0.1500
New displacement factor 0.000

Starting the Newton-Raphson solver `userModules.solver' ...
module `userModules.solver' : residual scale factor = 6.1976e+02
module `userModules.solver' : iter = 1, scaled residual = 1.3533e-15
The Newton-Raphson solver converged in 1 iterations

Iteration       : 4
Elapsed runtime : 6.023 seconds

New displacement factor 0.2000
New displacement factor 0.000

Starting the Newton-Raphson solver `userModules.solver' ...
module `userModules.solver' : residual scale factor = 8.2765e+02
module `userModules.solver' : iter = 1, scaled residual = 4.5716e-14
The Newton-Raphson solver converged in 1 iterations

Iteration       : 5
Elapsed runtime : 6.045 seconds

New displacement factor 0.2500
New displacement factor 0.000

Starting the Newton-Raphson solver `userModules.solver' ...
module `userModules.solver' : residual scale factor = 1.0361e+03
module `userModules.solver' : iter = 1, scaled residual = 4.9493e-14
The Newton-Raphson solver converged in 1 iterations

Iteration       : 6
Elapsed runtime : 6.068 seconds

New displacement factor 0.3000
New displacement factor 0.000

Starting the Newton-Raphson solver `userModules.solver' ...
module `userModules.solver' : residual scale factor = 1.2452e+03
module `userModules.solver' : iter = 1, scaled residual = 2.8381e-14
The Newton-Raphson solver converged in 1 iterations

Iteration       : 7
Elapsed runtime : 6.091 seconds

New displacement factor 0.3500
New displacement factor 0.000

Starting the Newton-Raphson solver `userModules.solver' ...
module `userModules.solver' : residual scale factor = 1.4549e+03
module `userModules.solver' : iter = 1, scaled residual = 7.5731e-15
The Newton-Raphson solver converged in 1 iterations

Iteration       : 8
Elapsed runtime : 6.113 seconds

New displacement factor 0.4000
New displacement factor 0.000

Starting the Newton-Raphson solver `userModules.solver' ...
module `userModules.solver' : residual scale factor = 1.6652e+03
module `userModules.solver' : iter = 1, scaled residual = 4.9919e-15
The Newton-Raphson solver converged in 1 iterations

Iteration       : 9
Elapsed runtime : 6.136 seconds

New displacement factor 0.4500
New displacement factor 0.000

Starting the Newton-Raphson solver `userModules.solver' ...
module `userModules.solver' : residual scale factor = 1.8760e+03
module `userModules.solver' : iter = 1, scaled residual = 2.0420e-15
The Newton-Raphson solver converged in 1 iterations

Iteration       : 10
Elapsed runtime : 6.158 seconds

New displacement factor 0.5000
New displacement factor 0.000

Starting the Newton-Raphson solver `userModules.solver' ...
module `userModules.solver' : residual scale factor = 2.0875e+03
module `userModules.solver' : iter = 1, scaled residual = 8.9545e-15
The Newton-Raphson solver converged in 1 iterations

Iteration       : 11
Elapsed runtime : 6.181 seconds

New displacement factor 0.5500
New displacement factor 0.000

Starting the Newton-Raphson solver `userModules.solver' ...
module `userModules.solver' : residual scale factor = 2.2995e+03
module `userModules.solver' : iter = 1, scaled residual = 1.3212e-14
The Newton-Raphson solver converged in 1 iterations

Iteration       : 12
Elapsed runtime : 6.204 seconds

New displacement factor 0.6000
New displacement factor 0.000

Starting the Newton-Raphson solver `userModules.solver' ...
module `userModules.solver' : residual scale factor = 2.5122e+03
module `userModules.solver' : iter = 1, scaled residual = 2.1264e-14
The Newton-Raphson solver converged in 1 iterations

Iteration       : 13
Elapsed runtime : 6.226 seconds

New displacement factor 0.6500
New displacement factor 0.000

Starting the Newton-Raphson solver `userModules.solver' ...
module `userModules.solver' : residual scale factor = 2.7254e+03
module `userModules.solver' : iter = 1, scaled residual = 2.2379e-14
The Newton-Raphson solver converged in 1 iterations

Iteration       : 14
Elapsed runtime : 6.249 seconds

New displacement factor 0.7000
New displacement factor 0.000

Starting the Newton-Raphson solver `userModules.solver' ...
module `userModules.solver' : residual scale factor = 2.9393e+03
module `userModules.solver' : iter = 1, scaled residual = 1.6416e-14
The Newton-Raphson solver converged in 1 iterations

Iteration       : 15
Elapsed runtime : 6.273 seconds

New displacement factor 0.7500
New displacement factor 0.000

Starting the Newton-Raphson solver `userModules.solver' ...
module `userModules.solver' : residual scale factor = 3.1537e+03
module `userModules.solver' : iter = 1, scaled residual = 9.6732e-15
The Newton-Raphson solver converged in 1 iterations

Iteration       : 16
Elapsed runtime : 6.295 seconds

New displacement factor 0.8000
New displacement factor 0.000

Starting the Newton-Raphson solver `userModules.solver' ...
module `userModules.solver' : residual scale factor = 3.3688e+03
module `userModules.solver' : iter = 1, scaled residual = 1.6395e-15
The Newton-Raphson solver converged in 1 iterations

Iteration       : 17
Elapsed runtime : 6.317 seconds

New displacement factor 0.8500
New displacement factor 0.000

Starting the Newton-Raphson solver `userModules.solver' ...
module `userModules.solver' : residual scale factor = 3.5844e+03
module `userModules.solver' : iter = 1, scaled residual = 4.2771e-15
The Newton-Raphson solver converged in 1 iterations

Iteration       : 18
Elapsed runtime : 6.340 seconds

New displacement factor 0.9000
New displacement factor 0.000

Starting the Newton-Raphson solver `userModules.solver' ...
module `userModules.solver' : residual scale factor = 3.8006e+03
module `userModules.solver' : iter = 1, scaled residual = 4.8969e-15
The Newton-Raphson solver converged in 1 iterations

Iteration       : 19
Elapsed runtime : 6.363 seconds

New displacement factor 0.9500
New displacement factor 0.000

Starting the Newton-Raphson solver `userModules.solver' ...
module `userModules.solver' : residual scale factor = 4.0175e+03
module `userModules.solver' : iter = 1, scaled residual = 1.4692e-14
The Newton-Raphson solver converged in 1 iterations

Iteration       : 20
Elapsed runtime : 6.386 seconds

New displacement factor 1.000
New displacement factor 0.000

Starting the Newton-Raphson solver `userModules.solver' ...
module `userModules.solver' : residual scale factor = 4.2349e+03
module `userModules.solver' : iter = 1, scaled residual = 1.1610e-14
The Newton-Raphson solver converged in 1 iterations

Iteration       : 21
Elapsed runtime : 6.409 seconds

New displacement factor 1.050
New displacement factor 0.000

Starting the Newton-Raphson solver `userModules.solver' ...
module `userModules.solver' : residual scale factor = 4.4529e+03
module `userModules.solver' : iter = 1, scaled residual = 1.1685e-14
The Newton-Raphson solver converged in 1 iterations

Iteration       : 22
Elapsed runtime : 6.431 seconds

New displacement factor 1.100
New displacement factor 0.000

Starting the Newton-Raphson solver `userModules.solver' ...
module `userModules.solver' : residual scale factor = 4.6716e+03
module `userModules.solver' : iter = 1, scaled residual = 1.1872e-14
The Newton-Raphson solver converged in 1 iterations

Iteration       : 23
Elapsed runtime : 6.454 seconds

New displacement factor 1.150
New displacement factor 0.000

Starting the Newton-Raphson solver `userModules.solver' ...
module `userModules.solver' : residual scale factor = 4.8908e+03
module `userModules.solver' : iter = 1, scaled residual = 4.9552e-15
The Newton-Raphson solver converged in 1 iterations

Iteration       : 24
Elapsed runtime : 6.477 seconds

New displacement factor 1.200
New displacement factor 0.000

Starting the Newton-Raphson solver `userModules.solver' ...
module `userModules.solver' : residual scale factor = 5.1106e+03
module `userModules.solver' : iter = 1, scaled residual = 7.7382e-15
The Newton-Raphson solver converged in 1 iterations

Iteration       : 25
Elapsed runtime : 6.499 seconds

New displacement factor 1.250
New displacement factor 0.000

Starting the Newton-Raphson solver `userModules.solver' ...
module `userModules.solver' : residual scale factor = 5.3311e+03
module `userModules.solver' : iter = 1, scaled residual = 3.5036e-15
The Newton-Raphson solver converged in 1 iterations

Iteration       : 26
Elapsed runtime : 6.522 seconds

New displacement factor 1.300
New displacement factor 0.000

Starting the Newton-Raphson solver `userModules.solver' ...
module `userModules.solver' : residual scale factor = 5.5521e+03
module `userModules.solver' : iter = 1, scaled residual = 9.1231e-15
The Newton-Raphson solver converged in 1 iterations

Iteration       : 27
Elapsed runtime : 6.545 seconds

New displacement factor 1.350
New displacement factor 0.000

Starting the Newton-Raphson solver `userModules.solver' ...
module `userModules.solver' : residual scale factor = 5.7738e+03
module `userModules.solver' : iter = 1, scaled residual = 7.9004e-15
The Newton-Raphson solver converged in 1 iterations

Iteration       : 28
Elapsed runtime : 6.568 seconds

New displacement factor 1.400
New displacement factor 0.000

Starting the Newton-Raphson solver `userModules.solver' ...
module `userModules.solver' : residual scale factor = 5.9960e+03
module `userModules.solver' : iter = 1, scaled residual = 1.0775e-14
The Newton-Raphson solver converged in 1 iterations

Iteration       : 29
Elapsed runtime : 6.591 seconds

New displacement factor 1.450
New displacement factor 0.000

Starting the Newton-Raphson solver `userModules.solver' ...
module `userModules.solver' : residual scale factor = 6.2189e+03
module `userModules.solver' : iter = 1, scaled residual = 9.0330e-15
The Newton-Raphson solver converged in 1 iterations

Iteration       : 30
Elapsed runtime : 6.613 seconds

New displacement factor 1.500
New displacement factor 0.000

Starting the Newton-Raphson solver `userModules.solver' ...
module `userModules.solver' : residual scale factor = 6.4423e+03
module `userModules.solver' : iter = 1, scaled residual = 6.6820e-15
The Newton-Raphson solver converged in 1 iterations

Iteration       : 31
Elapsed runtime : 6.637 seconds

New displacement factor 1.550
New displacement factor 0.000

Starting the Newton-Raphson solver `userModules.solver' ...
module `userModules.solver' : residual scale factor = 6.6664e+03
module `userModules.solver' : iter = 1, scaled residual = 7.0131e-15
The Newton-Raphson solver converged in 1 iterations

Iteration       : 32
Elapsed runtime : 6.658 seconds

New displacement factor 1.600
New displacement factor 0.000

Starting the Newton-Raphson solver `userModules.solver' ...
module `userModules.solver' : residual scale factor = 7.0788e+03
module `userModules.solver' : iter = 1, scaled residual = 1.3918e-15
The Newton-Raphson solver converged in 1 iterations

Iteration       : 33
Elapsed runtime : 6.681 seconds

New displacement factor 1.650
New displacement factor 0.000

Starting the Newton-Raphson solver `userModules.solver' ...
module `userModules.solver' : residual scale factor = 7.5622e+03
module `userModules.solver' : iter = 1, scaled residual = 8.1525e-15
The Newton-Raphson solver converged in 1 iterations

Iteration       : 34
Elapsed runtime : 6.704 seconds

New displacement factor 1.700
New displacement factor 0.000

Starting the Newton-Raphson solver `userModules.solver' ...
module `userModules.solver' : residual scale factor = 8.0481e+03
module `userModules.solver' : iter = 1, scaled residual = 9.6331e-15
The Newton-Raphson solver converged in 1 iterations

Iteration       : 35
Elapsed runtime : 6.726 seconds

New displacement factor 1.750
New displacement factor 0.000

Starting the Newton-Raphson solver `userModules.solver' ...
module `userModules.solver' : residual scale factor = 8.5365e+03
module `userModules.solver' : iter = 1, scaled residual = 1.6839e-14
The Newton-Raphson solver converged in 1 iterations

Iteration       : 36
Elapsed runtime : 6.748 seconds

New displacement factor 1.800
New displacement factor 0.000

Starting the Newton-Raphson solver `userModules.solver' ...
module `userModules.solver' : residual scale factor = 9.0276e+03
module `userModules.solver' : iter = 1, scaled residual = 2.6004e-14
The Newton-Raphson solver converged in 1 iterations

Iteration       : 37
Elapsed runtime : 6.771 seconds

New displacement factor 1.850
New displacement factor 0.000

Starting the Newton-Raphson solver `userModules.solver' ...
module `userModules.solver' : residual scale factor = 9.5213e+03
module `userModules.solver' : iter = 1, scaled residual = 2.3753e-14
The Newton-Raphson solver converged in 1 iterations

Iteration       : 38
Elapsed runtime : 6.793 seconds

New displacement factor 1.900
New displacement factor 0.000

Starting the Newton-Raphson solver `userModules.solver' ...
module `userModules.solver' : residual scale factor = 1.0018e+04
module `userModules.solver' : iter = 1, scaled residual = 2.2714e-14
The Newton-Raphson solver converged in 1 iterations

Iteration       : 39
Elapsed runtime : 6.816 seconds

New displacement factor 1.950
New displacement factor 0.000

Starting the Newton-Raphson solver `userModules.solver' ...
module `userModules.solver' : residual scale factor = 1.0517e+04
module `userModules.solver' : iter = 1, scaled residual = 2.3594e-14
The Newton-Raphson solver converged in 1 iterations

Iteration       : 40
Elapsed runtime : 6.838 seconds

New displacement factor 2.000
New displacement factor 0.000

Starting the Newton-Raphson solver `userModules.solver' ...
module `userModules.solver' : residual scale factor = 1.1018e+04
module `userModules.solver' : iter = 1, scaled residual = 2.5951e-14
The Newton-Raphson solver converged in 1 iterations

Iteration       : 41
Elapsed runtime : 6.861 seconds

New displacement factor 2.050
New displacement factor 0.000

Starting the Newton-Raphson solver `userModules.solver' ...
module `userModules.solver' : residual scale factor = 1.1523e+04
module `userModules.solver' : iter = 1, scaled residual = 2.9739e-14
The Newton-Raphson solver converged in 1 iterations

Iteration       : 42
Elapsed runtime : 6.884 seconds

New displacement factor 2.100
New displacement factor 0.000

Starting the Newton-Raphson solver `userModules.solver' ...
module `userModules.solver' : residual scale factor = 1.2030e+04
module `userModules.solver' : iter = 1, scaled residual = 3.0364e-14
The Newton-Raphson solver converged in 1 iterations

Iteration       : 43
Elapsed runtime : 6.906 seconds

New displacement factor 2.150
New displacement factor 0.000

Starting the Newton-Raphson solver `userModules.solver' ...
module `userModules.solver' : residual scale factor = 1.2539e+04
module `userModules.solver' : iter = 1, scaled residual = 3.2015e-14
The Newton-Raphson solver converged in 1 iterations

Iteration       : 44
Elapsed runtime : 6.928 seconds

New displacement factor 2.200
New displacement factor 0.000

Starting the Newton-Raphson solver `userModules.solver' ...
module `userModules.solver' : residual scale factor = 1.3052e+04
module `userModules.solver' : iter = 1, scaled residual = 3.3782e-14
The Newton-Raphson solver converged in 1 iterations

Iteration       : 45
Elapsed runtime : 6.951 seconds

New displacement factor 2.250
New displacement factor 0.000

Starting the Newton-Raphson solver `userModules.solver' ...
module `userModules.solver' : residual scale factor = 1.3567e+04
module `userModules.solver' : iter = 1, scaled residual = 3.0764e-14
The Newton-Raphson solver converged in 1 iterations

Iteration       : 46
Elapsed runtime : 6.973 seconds

New displacement factor 2.300
New displacement factor 0.000

Starting the Newton-Raphson solver `userModules.solver' ...
module `userModules.solver' : residual scale factor = 1.4085e+04
module `userModules.solver' : iter = 1, scaled residual = 3.1618e-14
The Newton-Raphson solver converged in 1 iterations

Iteration       : 47
Elapsed runtime : 6.996 seconds

New displacement factor 2.350
New displacement factor 0.000

Starting the Newton-Raphson solver `userModules.solver' ...
module `userModules.solver' : residual scale factor = 1.4606e+04
module `userModules.solver' : iter = 1, scaled residual = 3.0345e-14
The Newton-Raphson solver converged in 1 iterations

Iteration       : 48
Elapsed runtime : 7.019 seconds

New displacement factor 2.400
New displacement factor 0.000

Starting the Newton-Raphson solver `userModules.solver' ...
module `userModules.solver' : residual scale factor = 1.5129e+04
module `userModules.solver' : iter = 1, scaled residual = 2.6004e-14
The Newton-Raphson solver converged in 1 iterations

Iteration       : 49
Elapsed runtime : 7.042 seconds

New displacement factor 2.450
New displacement factor 0.000

Starting the Newton-Raphson solver `userModules.solver' ...
module `userModules.solver' : residual scale factor = 1.5655e+04
module `userModules.solver' : iter = 1, scaled residual = 2.2932e-14
The Newton-Raphson solver converged in 1 iterations

Iteration       : 50
Elapsed runtime : 7.064 seconds

New displacement factor 2.500
New displacement factor 0.000

Starting the Newton-Raphson solver `userModules.solver' ...
module `userModules.solver' : residual scale factor = 1.6184e+04
module `userModules.solver' : iter = 1, scaled residual = 2.2369e-14
The Newton-Raphson solver converged in 1 iterations

Iteration       : 51
Elapsed runtime : 7.087 seconds

New displacement factor 2.550
New displacement factor 0.000

Starting the Newton-Raphson solver `userModules.solver' ...
module `userModules.solver' : residual scale factor = 1.6716e+04
module `userModules.solver' : iter = 1, scaled residual = 2.5298e-14
The Newton-Raphson solver converged in 1 iterations

Iteration       : 52
Elapsed runtime : 7.110 seconds

New displacement factor 2.600
New displacement factor 0.000

Starting the Newton-Raphson solver `userModules.solver' ...
module `userModules.solver' : residual scale factor = 1.7251e+04
module `userModules.solver' : iter = 1, scaled residual = 2.5947e-14
The Newton-Raphson solver converged in 1 iterations

Iteration       : 53
Elapsed runtime : 7.132 seconds

New displacement factor 2.650
New displacement factor 0.000

Starting the Newton-Raphson solver `userModules.solver' ...
module `userModules.solver' : residual scale factor = 1.7788e+04
module `userModules.solver' : iter = 1, scaled residual = 2.6048e-14
The Newton-Raphson solver converged in 1 iterations

Iteration       : 54
Elapsed runtime : 7.156 seconds

New displacement factor 2.700
New displacement factor 0.000

Starting the Newton-Raphson solver `userModules.solver' ...
module `userModules.solver' : residual scale factor = 1.8329e+04
module `userModules.solver' : iter = 1, scaled residual = 2.8521e-14
The Newton-Raphson solver converged in 1 iterations

Iteration       : 55
Elapsed runtime : 7.178 seconds

New displacement factor 2.750
New displacement factor 0.000

Starting the Newton-Raphson solver `userModules.solver' ...
module `userModules.solver' : residual scale factor = 1.8872e+04
module `userModules.solver' : iter = 1, scaled residual = 3.0836e-14
The Newton-Raphson solver converged in 1 iterations

Iteration       : 56
Elapsed runtime : 7.201 seconds

New displacement factor 2.800
New displacement factor 0.000

Starting the Newton-Raphson solver `userModules.solver' ...
module `userModules.solver' : residual scale factor = 1.9418e+04
module `userModules.solver' : iter = 1, scaled residual = 3.1668e-14
The Newton-Raphson solver converged in 1 iterations

Iteration       : 57
Elapsed runtime : 7.225 seconds

New displacement factor 2.850
New displacement factor 0.000

Starting the Newton-Raphson solver `userModules.solver' ...
module `userModules.solver' : residual scale factor = 1.9968e+04
module `userModules.solver' : iter = 1, scaled residual = 3.3682e-14
The Newton-Raphson solver converged in 1 iterations

Iteration       : 58
Elapsed runtime : 7.247 seconds

New displacement factor 2.900
New displacement factor 0.000

Starting the Newton-Raphson solver `userModules.solver' ...
module `userModules.solver' : residual scale factor = 2.0520e+04
module `userModules.solver' : iter = 1, scaled residual = 3.4123e-14
The Newton-Raphson solver converged in 1 iterations

Iteration       : 59
Elapsed runtime : 7.270 seconds

New displacement factor 2.950
New displacement factor 0.000

Starting the Newton-Raphson solver `userModules.solver' ...
module `userModules.solver' : residual scale factor = 2.1075e+04
module `userModules.solver' : iter = 1, scaled residual = 3.5022e-14
The Newton-Raphson solver converged in 1 iterations

Iteration       : 60
Elapsed runtime : 7.292 seconds

New displacement factor 3.000
New displacement factor 0.000

Starting the Newton-Raphson solver `userModules.solver' ...
module `userModules.solver' : residual scale factor = 2.1633e+04
module `userModules.solver' : iter = 1, scaled residual = 3.6316e-14
The Newton-Raphson solver converged in 1 iterations

Iteration       : 61
Elapsed runtime : 7.315 seconds

New displacement factor 3.050
New displacement factor 0.000

Starting the Newton-Raphson solver `userModules.solver' ...
module `userModules.solver' : residual scale factor = 2.2194e+04
module `userModules.solver' : iter = 1, scaled residual = 3.8336e-14
The Newton-Raphson solver converged in 1 iterations

Iteration       : 62
Elapsed runtime : 7.337 seconds

New displacement factor 3.100
New displacement factor 0.000

Starting the Newton-Raphson solver `userModules.solver' ...
module `userModules.solver' : residual scale factor = 2.2758e+04
module `userModules.solver' : iter = 1, scaled residual = 4.1648e-14
The Newton-Raphson solver converged in 1 iterations

Iteration       : 63
Elapsed runtime : 7.360 seconds

New displacement factor 3.150
New displacement factor 0.000

Starting the Newton-Raphson solver `userModules.solver' ...
module `userModules.solver' : residual scale factor = 2.3325e+04
module `userModules.solver' : iter = 1, scaled residual = 4.4843e-14
The Newton-Raphson solver converged in 1 iterations

Iteration       : 64
Elapsed runtime : 7.383 seconds

New displacement factor 3.200
New displacement factor 0.000

Starting the Newton-Raphson solver `userModules.solver' ...
module `userModules.solver' : residual scale factor = 2.3895e+04
module `userModules.solver' : iter = 1, scaled residual = 4.7497e-14
The Newton-Raphson solver converged in 1 iterations

Iteration       : 65
Elapsed runtime : 7.406 seconds

New displacement factor 3.250
New displacement factor 0.000

Starting the Newton-Raphson solver `userModules.solver' ...
module `userModules.solver' : residual scale factor = 2.4468e+04
module `userModules.solver' : iter = 1, scaled residual = 5.0103e-14
The Newton-Raphson solver converged in 1 iterations

Iteration       : 66
Elapsed runtime : 7.428 seconds

New displacement factor 3.300
New displacement factor 0.000

Starting the Newton-Raphson solver `userModules.solver' ...
module `userModules.solver' : residual scale factor = 2.5044e+04
module `userModules.solver' : iter = 1, scaled residual = 5.3588e-14
The Newton-Raphson solver converged in 1 iterations

Iteration       : 67
Elapsed runtime : 7.452 seconds

New displacement factor 3.350
New displacement factor 0.000

Starting the Newton-Raphson solver `userModules.solver' ...
module `userModules.solver' : residual scale factor = 2.5624e+04
module `userModules.solver' : iter = 1, scaled residual = 5.6536e-14
The Newton-Raphson solver converged in 1 iterations

Iteration       : 68
Elapsed runtime : 7.474 seconds

New displacement factor 3.400
New displacement factor 0.000

Starting the Newton-Raphson solver `userModules.solver' ...
module `userModules.solver' : residual scale factor = 2.6206e+04
module `userModules.solver' : iter = 1, scaled residual = 6.0902e-14
The Newton-Raphson solver converged in 1 iterations

Iteration       : 69
Elapsed runtime : 7.497 seconds

New displacement factor 3.450
New displacement factor 0.000

Starting the Newton-Raphson solver `userModules.solver' ...
module `userModules.solver' : residual scale factor = 2.6792e+04
module `userModules.solver' : iter = 1, scaled residual = 6.6046e-14
The Newton-Raphson solver converged in 1 iterations

Iteration       : 70
Elapsed runtime : 7.519 seconds

New displacement factor 3.500
New displacement factor 0.000

Starting the Newton-Raphson solver `userModules.solver' ...
module `userModules.solver' : residual scale factor = 2.7380e+04
module `userModules.solver' : iter = 1, scaled residual = 7.1430e-14
The Newton-Raphson solver converged in 1 iterations

Iteration       : 71
Elapsed runtime : 7.542 seconds

New displacement factor 3.550
New displacement factor 0.000

Starting the Newton-Raphson solver `userModules.solver' ...
module `userModules.solver' : residual scale factor = 2.7972e+04
module `userModules.solver' : iter = 1, scaled residual = 7.7197e-14
The Newton-Raphson solver converged in 1 iterations

Iteration       : 72
Elapsed runtime : 7.565 seconds

New displacement factor 3.600
New displacement factor 0.000

Starting the Newton-Raphson solver `userModules.solver' ...
module `userModules.solver' : residual scale factor = 2.8567e+04
module `userModules.solver' : iter = 1, scaled residual = 8.4131e-14
The Newton-Raphson solver converged in 1 iterations

Iteration       : 73
Elapsed runtime : 7.588 seconds

New displacement factor 3.650
New displacement factor 0.000

Starting the Newton-Raphson solver `userModules.solver' ...
module `userModules.solver' : residual scale factor = 2.9166e+04
module `userModules.solver' : iter = 1, scaled residual = 9.0964e-14
The Newton-Raphson solver converged in 1 iterations

Iteration       : 74
Elapsed runtime : 7.609 seconds

New displacement factor 3.700
New displacement factor 0.000

Starting the Newton-Raphson solver `userModules.solver' ...
module `userModules.solver' : residual scale factor = 2.9767e+04
module `userModules.solver' : iter = 1, scaled residual = 9.8625e-14
The Newton-Raphson solver converged in 1 iterations

Iteration       : 75
Elapsed runtime : 7.632 seconds

New displacement factor 3.750
New displacement factor 0.000

Starting the Newton-Raphson solver `userModules.solver' ...
module `userModules.solver' : residual scale factor = 3.0372e+04
module `userModules.solver' : iter = 1, scaled residual = 1.0789e-13
The Newton-Raphson solver converged in 1 iterations

Iteration       : 76
Elapsed runtime : 7.655 seconds

New displacement factor 3.800
New displacement factor 0.000

Starting the Newton-Raphson solver `userModules.solver' ...
module `userModules.solver' : residual scale factor = 3.0980e+04
module `userModules.solver' : iter = 1, scaled residual = 1.1976e-13
The Newton-Raphson solver converged in 1 iterations

Iteration       : 77
Elapsed runtime : 7.678 seconds

New displacement factor 3.850
New displacement factor 0.000

Starting the Newton-Raphson solver `userModules.solver' ...
module `userModules.solver' : residual scale factor = 3.1591e+04
module `userModules.solver' : iter = 1, scaled residual = 1.3373e-13
The Newton-Raphson solver converged in 1 iterations

Iteration       : 78
Elapsed runtime : 7.701 seconds

New displacement factor 3.900
New displacement factor 0.000

Starting the Newton-Raphson solver `userModules.solver' ...
module `userModules.solver' : residual scale factor = 3.2206e+04
module `userModules.solver' : iter = 1, scaled residual = 1.4893e-13
The Newton-Raphson solver converged in 1 iterations

Iteration       : 79
Elapsed runtime : 7.724 seconds

New displacement factor 3.950
New displacement factor 0.000

Starting the Newton-Raphson solver `userModules.solver' ...
module `userModules.solver' : residual scale factor = 3.2824e+04
module `userModules.solver' : iter = 1, scaled residual = 1.6584e-13
The Newton-Raphson solver converged in 1 iterations

Iteration       : 80
Elapsed runtime : 7.746 seconds

New displacement factor 4.000
New displacement factor 0.000

Starting the Newton-Raphson solver `userModules.solver' ...
module `userModules.solver' : residual scale factor = 3.3445e+04
module `userModules.solver' : iter = 1, scaled residual = 1.8581e-13
The Newton-Raphson solver converged in 1 iterations

Iteration       : 81
Elapsed runtime : 7.769 seconds

New displacement factor 4.050
New displacement factor 0.000

Starting the Newton-Raphson solver `userModules.solver' ...
module `userModules.solver' : residual scale factor = 3.4070e+04
module `userModules.solver' : iter = 1, scaled residual = 2.1083e-13
The Newton-Raphson solver converged in 1 iterations

Iteration       : 82
Elapsed runtime : 7.791 seconds

New displacement factor 4.100
New displacement factor 0.000

Starting the Newton-Raphson solver `userModules.solver' ...
module `userModules.solver' : residual scale factor = 3.4698e+04
module `userModules.solver' : iter = 1, scaled residual = 2.3921e-13
The Newton-Raphson solver converged in 1 iterations

Iteration       : 83
Elapsed runtime : 7.813 seconds

New displacement factor 4.150
New displacement factor 0.000

Starting the Newton-Raphson solver `userModules.solver' ...
module `userModules.solver' : residual scale factor = 3.5330e+04
module `userModules.solver' : iter = 1, scaled residual = 2.7098e-13
The Newton-Raphson solver converged in 1 iterations

Iteration       : 84
Elapsed runtime : 7.837 seconds

New displacement factor 4.200
New displacement factor 0.000

Starting the Newton-Raphson solver `userModules.solver' ...
module `userModules.solver' : residual scale factor = 3.5964e+04
module `userModules.solver' : iter = 1, scaled residual = 3.0831e-13
The Newton-Raphson solver converged in 1 iterations

Iteration       : 85
Elapsed runtime : 7.858 seconds

New displacement factor 4.250
New displacement factor 0.000

Starting the Newton-Raphson solver `userModules.solver' ...
module `userModules.solver' : residual scale factor = 3.6603e+04
module `userModules.solver' : iter = 1, scaled residual = 3.5255e-13
The Newton-Raphson solver converged in 1 iterations

Iteration       : 86
Elapsed runtime : 7.881 seconds

New displacement factor 4.300
New displacement factor 0.000

Starting the Newton-Raphson solver `userModules.solver' ...
module `userModules.solver' : residual scale factor = 3.7245e+04
module `userModules.solver' : iter = 1, scaled residual = 4.0374e-13
The Newton-Raphson solver converged in 1 iterations

Iteration       : 87
Elapsed runtime : 7.904 seconds

New displacement factor 4.350
New displacement factor 0.000

Starting the Newton-Raphson solver `userModules.solver' ...
module `userModules.solver' : residual scale factor = 3.7890e+04
module `userModules.solver' : iter = 1, scaled residual = 4.6350e-13
The Newton-Raphson solver converged in 1 iterations

Iteration       : 88
Elapsed runtime : 7.926 seconds

New displacement factor 4.400
New displacement factor 0.000

Starting the Newton-Raphson solver `userModules.solver' ...
module `userModules.solver' : residual scale factor = 3.8539e+04
module `userModules.solver' : iter = 1, scaled residual = 5.3327e-13
The Newton-Raphson solver converged in 1 iterations

Iteration       : 89
Elapsed runtime : 7.948 seconds

New displacement factor 4.450
New displacement factor 0.000

Starting the Newton-Raphson solver `userModules.solver' ...
module `userModules.solver' : residual scale factor = 3.9191e+04
module `userModules.solver' : iter = 1, scaled residual = 6.1608e-13
The Newton-Raphson solver converged in 1 iterations

Iteration       : 90
Elapsed runtime : 7.972 seconds

New displacement factor 4.500
New displacement factor 0.000

Starting the Newton-Raphson solver `userModules.solver' ...
module `userModules.solver' : residual scale factor = 3.9847e+04
module `userModules.solver' : iter = 1, scaled residual = 7.1386e-13
The Newton-Raphson solver converged in 1 iterations

Iteration       : 91
Elapsed runtime : 7.995 seconds

New displacement factor 4.550
New displacement factor 0.000

Starting the Newton-Raphson solver `userModules.solver' ...
module `userModules.solver' : residual scale factor = 4.0507e+04
module `userModules.solver' : iter = 1, scaled residual = 8.2938e-13
The Newton-Raphson solver converged in 1 iterations

Iteration       : 92
Elapsed runtime : 8.017 seconds

New displacement factor 4.600
New displacement factor 0.000

Starting the Newton-Raphson solver `userModules.solver' ...
module `userModules.solver' : residual scale factor = 4.1170e+04
module `userModules.solver' : iter = 1, scaled residual = 9.6620e-13
The Newton-Raphson solver converged in 1 iterations

Iteration       : 93
Elapsed runtime : 8.041 seconds

New displacement factor 4.650
New displacement factor 0.000

Starting the Newton-Raphson solver `userModules.solver' ...
module `userModules.solver' : residual scale factor = 4.1837e+04
module `userModules.solver' : iter = 1, scaled residual = 1.1276e-12
The Newton-Raphson solver converged in 1 iterations

Iteration       : 94
Elapsed runtime : 8.063 seconds

New displacement factor 4.700
New displacement factor 0.000

Starting the Newton-Raphson solver `userModules.solver' ...
module `userModules.solver' : residual scale factor = 4.2507e+04
module `userModules.solver' : iter = 1, scaled residual = 1.3200e-12
The Newton-Raphson solver converged in 1 iterations

Iteration       : 95
Elapsed runtime : 8.086 seconds

New displacement factor 4.750
New displacement factor 0.000

Starting the Newton-Raphson solver `userModules.solver' ...
module `userModules.solver' : residual scale factor = 4.3181e+04
module `userModules.solver' : iter = 1, scaled residual = 1.5497e-12
The Newton-Raphson solver converged in 1 iterations

Iteration       : 96
Elapsed runtime : 8.109 seconds

New displacement factor 4.800
New displacement factor 0.000

Starting the Newton-Raphson solver `userModules.solver' ...
module `userModules.solver' : residual scale factor = 4.3859e+04
module `userModules.solver' : iter = 1, scaled residual = 1.8246e-12
The Newton-Raphson solver converged in 1 iterations

Iteration       : 97
Elapsed runtime : 8.131 seconds

New displacement factor 4.850
New displacement factor 0.000

Starting the Newton-Raphson solver `userModules.solver' ...
module `userModules.solver' : residual scale factor = 4.4541e+04
module `userModules.solver' : iter = 1, scaled residual = 2.1537e-12
The Newton-Raphson solver converged in 1 iterations

Iteration       : 98
Elapsed runtime : 8.155 seconds

New displacement factor 4.900
New displacement factor 0.000

Starting the Newton-Raphson solver `userModules.solver' ...
module `userModules.solver' : residual scale factor = 4.5226e+04
module `userModules.solver' : iter = 1, scaled residual = 2.5498e-12
The Newton-Raphson solver converged in 1 iterations

Iteration       : 99
Elapsed runtime : 8.177 seconds

New displacement factor 4.950
New displacement factor 0.000

Starting the Newton-Raphson solver `userModules.solver' ...
module `userModules.solver' : residual scale factor = 4.5915e+04
module `userModules.solver' : iter = 1, scaled residual = 3.0263e-12
The Newton-Raphson solver converged in 1 iterations

Iteration       : 100
Elapsed runtime : 8.199 seconds

New displacement factor 5.000
New displacement factor 0.000

Starting the Newton-Raphson solver `userModules.solver' ...
module `userModules.solver' : residual scale factor = 4.6608e+04
module `userModules.solver' : iter = 1, scaled residual = 3.6009e-12
The Newton-Raphson solver converged in 1 iterations

Iteration       : 101
Elapsed runtime : 8.222 seconds

New displacement factor 5.050
New displacement factor 0.000

Starting the Newton-Raphson solver `userModules.solver' ...
module `userModules.solver' : residual scale factor = 4.7305e+04
module `userModules.solver' : iter = 1, scaled residual = 4.2952e-12
The Newton-Raphson solver converged in 1 iterations

Iteration       : 102
Elapsed runtime : 8.246 seconds

New displacement factor 5.100
New displacement factor 0.000

Starting the Newton-Raphson solver `userModules.solver' ...
module `userModules.solver' : residual scale factor = 4.8005e+04
module `userModules.solver' : iter = 1, scaled residual = 5.1372e-12
The Newton-Raphson solver converged in 1 iterations

Iteration       : 103
Elapsed runtime : 8.269 seconds

New displacement factor 5.150
New displacement factor 0.000

Starting the Newton-Raphson solver `userModules.solver' ...
module `userModules.solver' : residual scale factor = 4.8710e+04
module `userModules.solver' : iter = 1, scaled residual = 6.1611e-12
The Newton-Raphson solver converged in 1 iterations

Iteration       : 104
Elapsed runtime : 8.291 seconds

New displacement factor 5.200
New displacement factor 0.000

Starting the Newton-Raphson solver `userModules.solver' ...
module `userModules.solver' : residual scale factor = 4.9418e+04
module `userModules.solver' : iter = 1, scaled residual = 7.4093e-12
The Newton-Raphson solver converged in 1 iterations

Iteration       : 105
Elapsed runtime : 8.313 seconds

New displacement factor 5.250
New displacement factor 0.000

Starting the Newton-Raphson solver `userModules.solver' ...
module `userModules.solver' : residual scale factor = 5.0130e+04
module `userModules.solver' : iter = 1, scaled residual = 8.9346e-12
The Newton-Raphson solver converged in 1 iterations

Iteration       : 106
Elapsed runtime : 8.336 seconds

New displacement factor 5.300
New displacement factor 0.000

Starting the Newton-Raphson solver `userModules.solver' ...
module `userModules.solver' : residual scale factor = 5.0847e+04
module `userModules.solver' : iter = 1, scaled residual = 1.0803e-11
The Newton-Raphson solver converged in 1 iterations

Iteration       : 107
Elapsed runtime : 8.358 seconds

New displacement factor 5.350
New displacement factor 0.000

Starting the Newton-Raphson solver `userModules.solver' ...
module `userModules.solver' : residual scale factor = 5.1567e+04
module `userModules.solver' : iter = 1, scaled residual = 1.3097e-11
The Newton-Raphson solver converged in 1 iterations

Iteration       : 108
Elapsed runtime : 8.381 seconds

New displacement factor 5.400
New displacement factor 0.000

Starting the Newton-Raphson solver `userModules.solver' ...
module `userModules.solver' : residual scale factor = 5.2291e+04
module `userModules.solver' : iter = 1, scaled residual = 1.5921e-11
The Newton-Raphson solver converged in 1 iterations

Iteration       : 109
Elapsed runtime : 8.404 seconds

New displacement factor 5.450
New displacement factor 0.000

Starting the Newton-Raphson solver `userModules.solver' ...
module `userModules.solver' : residual scale factor = 5.3019e+04
module `userModules.solver' : iter = 1, scaled residual = 1.9409e-11
The Newton-Raphson solver converged in 1 iterations

Iteration       : 110
Elapsed runtime : 8.426 seconds

New displacement factor 5.500
New displacement factor 0.000

Starting the Newton-Raphson solver `userModules.solver' ...
module `userModules.solver' : residual scale factor = 5.3752e+04
module `userModules.solver' : iter = 1, scaled residual = 2.3726e-11
The Newton-Raphson solver converged in 1 iterations

Iteration       : 111
Elapsed runtime : 8.449 seconds

New displacement factor 5.550
New displacement factor 0.000

Starting the Newton-Raphson solver `userModules.solver' ...
module `userModules.solver' : residual scale factor = 5.4488e+04
module `userModules.solver' : iter = 1, scaled residual = 2.9084e-11
The Newton-Raphson solver converged in 1 iterations

Iteration       : 112
Elapsed runtime : 8.472 seconds

New displacement factor 5.600
New displacement factor 0.000

Starting the Newton-Raphson solver `userModules.solver' ...
module `userModules.solver' : residual scale factor = 5.5229e+04
module `userModules.solver' : iter = 1, scaled residual = 3.5752e-11
The Newton-Raphson solver converged in 1 iterations

Iteration       : 113
Elapsed runtime : 8.494 seconds

New displacement factor 5.650
New displacement factor 0.000

Starting the Newton-Raphson solver `userModules.solver' ...
module `userModules.solver' : residual scale factor = 5.5974e+04
module `userModules.solver' : iter = 1, scaled residual = 4.4072e-11
The Newton-Raphson solver converged in 1 iterations

Iteration       : 114
Elapsed runtime : 8.517 seconds

New displacement factor 5.700
New displacement factor 0.000

Starting the Newton-Raphson solver `userModules.solver' ...
module `userModules.solver' : residual scale factor = 5.6722e+04
module `userModules.solver' : iter = 1, scaled residual = 5.4484e-11
The Newton-Raphson solver converged in 1 iterations

Iteration       : 115
Elapsed runtime : 8.539 seconds

New displacement factor 5.750
New displacement factor 0.000

Starting the Newton-Raphson solver `userModules.solver' ...
module `userModules.solver' : residual scale factor = 5.7476e+04
module `userModules.solver' : iter = 1, scaled residual = 6.7547e-11
The Newton-Raphson solver converged in 1 iterations

Iteration       : 116
Elapsed runtime : 8.561 seconds

New displacement factor 5.800
New displacement factor 0.000

Starting the Newton-Raphson solver `userModules.solver' ...
module `userModules.solver' : residual scale factor = 5.8233e+04
module `userModules.solver' : iter = 1, scaled residual = 8.3984e-11
The Newton-Raphson solver converged in 1 iterations

Iteration       : 117
Elapsed runtime : 8.585 seconds

New displacement factor 5.850
New displacement factor 0.000

Starting the Newton-Raphson solver `userModules.solver' ...
module `userModules.solver' : residual scale factor = 5.8994e+04
module `userModules.solver' : iter = 1, scaled residual = 1.0472e-10
The Newton-Raphson solver converged in 1 iterations

Iteration       : 118
Elapsed runtime : 8.607 seconds

New displacement factor 5.900
New displacement factor 0.000

Starting the Newton-Raphson solver `userModules.solver' ...
module `userModules.solver' : residual scale factor = 5.9760e+04
module `userModules.solver' : iter = 1, scaled residual = 1.3097e-10
The Newton-Raphson solver converged in 1 iterations

Iteration       : 119
Elapsed runtime : 8.629 seconds

New displacement factor 5.950
New displacement factor 0.000

Starting the Newton-Raphson solver `userModules.solver' ...
module `userModules.solver' : residual scale factor = 6.0531e+04
module `userModules.solver' : iter = 1, scaled residual = 1.6427e-10
The Newton-Raphson solver converged in 1 iterations

Iteration       : 120
Elapsed runtime : 8.653 seconds

New displacement factor 6.000
New displacement factor 0.000

Starting the Newton-Raphson solver `userModules.solver' ...
module `userModules.solver' : residual scale factor = 6.1305e+04
module `userModules.solver' : iter = 1, scaled residual = 2.0664e-10
The Newton-Raphson solver converged in 1 iterations

Iteration       : 121
Elapsed runtime : 8.675 seconds

New displacement factor 6.050
New displacement factor 0.000

Starting the Newton-Raphson solver `userModules.solver' ...
module `userModules.solver' : residual scale factor = 6.2084e+04
module `userModules.solver' : iter = 1, scaled residual = 2.6072e-10
The Newton-Raphson solver converged in 1 iterations

Iteration       : 122
Elapsed runtime : 8.698 seconds

New displacement factor 6.100
New displacement factor 0.000

Starting the Newton-Raphson solver `userModules.solver' ...
module `userModules.solver' : residual scale factor = 6.2867e+04
module `userModules.solver' : iter = 1, scaled residual = 3.2995e-10
The Newton-Raphson solver converged in 1 iterations

Iteration       : 123
Elapsed runtime : 8.721 seconds

New displacement factor 6.150
New displacement factor 0.000

Starting the Newton-Raphson solver `userModules.solver' ...
module `userModules.solver' : residual scale factor = 6.3655e+04
module `userModules.solver' : iter = 1, scaled residual = 4.1881e-10
The Newton-Raphson solver converged in 1 iterations

Iteration       : 124
Elapsed runtime : 8.743 seconds

New displacement factor 6.200
New displacement factor 0.000

Starting the Newton-Raphson solver `userModules.solver' ...
module `userModules.solver' : residual scale factor = 6.4448e+04
module `userModules.solver' : iter = 1, scaled residual = 5.3322e-10
The Newton-Raphson solver converged in 1 iterations

Iteration       : 125
Elapsed runtime : 8.766 seconds

New displacement factor 6.250
New displacement factor 0.000

Starting the Newton-Raphson solver `userModules.solver' ...
module `userModules.solver' : residual scale factor = 6.5244e+04
module `userModules.solver' : iter = 1, scaled residual = 6.8097e-10
The Newton-Raphson solver converged in 1 iterations

Iteration       : 126
Elapsed runtime : 8.789 seconds

New displacement factor 6.300
New displacement factor 0.000

Starting the Newton-Raphson solver `userModules.solver' ...
module `userModules.solver' : residual scale factor = 6.6046e+04
module `userModules.solver' : iter = 1, scaled residual = 8.7234e-10
The Newton-Raphson solver converged in 1 iterations

Iteration       : 127
Elapsed runtime : 8.811 seconds

New displacement factor 6.350
New displacement factor 0.000

Starting the Newton-Raphson solver `userModules.solver' ...
module `userModules.solver' : residual scale factor = 6.6852e+04
module `userModules.solver' : iter = 1, scaled residual = 1.1209e-09
The Newton-Raphson solver converged in 1 iterations

Iteration       : 128
Elapsed runtime : 8.834 seconds

New displacement factor 6.400
New displacement factor 0.000

Starting the Newton-Raphson solver `userModules.solver' ...
module `userModules.solver' : residual scale factor = 6.7662e+04
module `userModules.solver' : iter = 1, scaled residual = 1.4449e-09
The Newton-Raphson solver converged in 1 iterations

Iteration       : 129
Elapsed runtime : 8.858 seconds

New displacement factor 6.450
New displacement factor 0.000

Starting the Newton-Raphson solver `userModules.solver' ...
module `userModules.solver' : residual scale factor = 6.8477e+04
module `userModules.solver' : iter = 1, scaled residual = 1.8684e-09
The Newton-Raphson solver converged in 1 iterations

Iteration       : 130
Elapsed runtime : 8.880 seconds

New displacement factor 6.500
New displacement factor 0.000

Starting the Newton-Raphson solver `userModules.solver' ...
module `userModules.solver' : residual scale factor = 6.9297e+04
module `userModules.solver' : iter = 1, scaled residual = 2.4236e-09
The Newton-Raphson solver converged in 1 iterations

Iteration       : 131
Elapsed runtime : 8.903 seconds

New displacement factor 6.550
New displacement factor 0.000

Starting the Newton-Raphson solver `userModules.solver' ...
module `userModules.solver' : residual scale factor = 7.0122e+04
module `userModules.solver' : iter = 1, scaled residual = 3.1537e-09
The Newton-Raphson solver converged in 1 iterations

Iteration       : 132
Elapsed runtime : 8.925 seconds

New displacement factor 6.600
New displacement factor 0.000

Starting the Newton-Raphson solver `userModules.solver' ...
module `userModules.solver' : residual scale factor = 7.0951e+04
module `userModules.solver' : iter = 1, scaled residual = 4.1171e-09
The Newton-Raphson solver converged in 1 iterations

Iteration       : 133
Elapsed runtime : 8.948 seconds

New displacement factor 6.650
New displacement factor 0.000

Starting the Newton-Raphson solver `userModules.solver' ...
module `userModules.solver' : residual scale factor = 7.1785e+04
module `userModules.solver' : iter = 1, scaled residual = 5.3920e-09
The Newton-Raphson solver converged in 1 iterations

Iteration       : 134
Elapsed runtime : 8.971 seconds

New displacement factor 6.700
New displacement factor 0.000

Starting the Newton-Raphson solver `userModules.solver' ...
module `userModules.solver' : residual scale factor = 7.2624e+04
module `userModules.solver' : iter = 1, scaled residual = 7.0847e-09
The Newton-Raphson solver converged in 1 iterations

Iteration       : 135
Elapsed runtime : 8.994 seconds

New displacement factor 6.750
New displacement factor 0.000

Starting the Newton-Raphson solver `userModules.solver' ...
module `userModules.solver' : residual scale factor = 7.3468e+04
module `userModules.solver' : iter = 1, scaled residual = 9.3391e-09
The Newton-Raphson solver converged in 1 iterations

Iteration       : 136
Elapsed runtime : 9.017 seconds

New displacement factor 6.800
New displacement factor 0.000

Starting the Newton-Raphson solver `userModules.solver' ...
module `userModules.solver' : residual scale factor = 7.4317e+04
module `userModules.solver' : iter = 1, scaled residual = 1.2351e-08
The Newton-Raphson solver converged in 1 iterations

Iteration       : 137
Elapsed runtime : 9.039 seconds

New displacement factor 6.850
New displacement factor 0.000

Starting the Newton-Raphson solver `userModules.solver' ...
module `userModules.solver' : residual scale factor = 7.5170e+04
module `userModules.solver' : iter = 1, scaled residual = 1.6389e-08
The Newton-Raphson solver converged in 1 iterations

Iteration       : 138
Elapsed runtime : 9.062 seconds

New displacement factor 6.900
New displacement factor 0.000

Starting the Newton-Raphson solver `userModules.solver' ...
module `userModules.solver' : residual scale factor = 7.6029e+04
module `userModules.solver' : iter = 1, scaled residual = 2.1820e-08
The Newton-Raphson solver converged in 1 iterations

Iteration       : 139
Elapsed runtime : 9.085 seconds

New displacement factor 6.950
New displacement factor 0.000

Starting the Newton-Raphson solver `userModules.solver' ...
module `userModules.solver' : residual scale factor = 7.6892e+04
module `userModules.solver' : iter = 1, scaled residual = 2.9146e-08
The Newton-Raphson solver converged in 1 iterations

Iteration       : 140
Elapsed runtime : 9.108 seconds

New displacement factor 7.000
New displacement factor 0.000

Starting the Newton-Raphson solver `userModules.solver' ...
module `userModules.solver' : residual scale factor = 7.7761e+04
module `userModules.solver' : iter = 1, scaled residual = 3.9064e-08
The Newton-Raphson solver converged in 1 iterations

Iteration       : 141
Elapsed runtime : 9.131 seconds

New displacement factor 7.050
New displacement factor 0.000

Starting the Newton-Raphson solver `userModules.solver' ...
module `userModules.solver' : residual scale factor = 7.8634e+04
module `userModules.solver' : iter = 1, scaled residual = 5.2534e-08
The Newton-Raphson solver converged in 1 iterations

Iteration       : 142
Elapsed runtime : 9.153 seconds

New displacement factor 7.100
New displacement factor 0.000

Starting the Newton-Raphson solver `userModules.solver' ...
module `userModules.solver' : residual scale factor = 7.9513e+04
module `userModules.solver' : iter = 1, scaled residual = 7.0889e-08
The Newton-Raphson solver converged in 1 iterations

Iteration       : 143
Elapsed runtime : 9.176 seconds

New displacement factor 7.150
New displacement factor 0.000

Starting the Newton-Raphson solver `userModules.solver' ...
module `userModules.solver' : residual scale factor = 8.0397e+04
module `userModules.solver' : iter = 1, scaled residual = 9.5985e-08
The Newton-Raphson solver converged in 1 iterations

Iteration       : 144
Elapsed runtime : 9.199 seconds

New displacement factor 7.200
New displacement factor 0.000

Starting the Newton-Raphson solver `userModules.solver' ...
module `userModules.solver' : residual scale factor = 8.1286e+04
module `userModules.solver' : iter = 1, scaled residual = 1.3041e-07
The Newton-Raphson solver converged in 1 iterations

Iteration       : 145
Elapsed runtime : 9.222 seconds

New displacement factor 7.250
New displacement factor 0.000

Starting the Newton-Raphson solver `userModules.solver' ...
module `userModules.solver' : residual scale factor = 8.2180e+04
module `userModules.solver' : iter = 1, scaled residual = 1.7780e-07
The Newton-Raphson solver converged in 1 iterations

Iteration       : 146
Elapsed runtime : 9.244 seconds

New displacement factor 7.300
New displacement factor 0.000

Starting the Newton-Raphson solver `userModules.solver' ...
module `userModules.solver' : residual scale factor = 8.3080e+04
module `userModules.solver' : iter = 1, scaled residual = 2.4325e-07
The Newton-Raphson solver converged in 1 iterations

Iteration       : 147
Elapsed runtime : 9.266 seconds

New displacement factor 7.350
New displacement factor 0.000

Starting the Newton-Raphson solver `userModules.solver' ...
module `userModules.solver' : residual scale factor = 8.3080e+04
module `userModules.solver' : iter = 1, scaled residual = 0.0000e+00
The Newton-Raphson solver converged in 1 iterations

Iteration       : 148
Elapsed runtime : 9.289 seconds

New displacement factor 7.400
New displacement factor 0.000

Starting the Newton-Raphson solver `userModules.solver' ...
module `userModules.solver' : residual scale factor = 0.0000e+00
The Newton-Raphson solver converged in 1 iterations

Iteration       : 149
Elapsed runtime : 9.311 seconds

New displacement factor 7.450
New displacement factor 0.000

Starting the Newton-Raphson solver `userModules.solver' ...
module `userModules.solver' : residual scale factor = 0.0000e+00
The Newton-Raphson solver converged in 1 iterations

Iteration       : 150
Elapsed runtime : 9.334 seconds

New displacement factor 7.500
New displacement factor 0.000

Starting the Newton-Raphson solver `userModules.solver' ...
module `userModules.solver' : residual scale factor = 0.0000e+00
The Newton-Raphson solver converged in 1 iterations

Iteration       : 151
Elapsed runtime : 9.357 seconds

New displacement factor 7.550
New displacement factor 0.000

Starting the Newton-Raphson solver `userModules.solver' ...
module `userModules.solver' : residual scale factor = 0.0000e+00
The Newton-Raphson solver converged in 1 iterations

Iteration       : 152
Elapsed runtime : 9.379 seconds

New displacement factor 7.600
New displacement factor 0.000

Starting the Newton-Raphson solver `userModules.solver' ...
module `userModules.solver' : residual scale factor = 0.0000e+00
The Newton-Raphson solver converged in 1 iterations

Iteration       : 153
Elapsed runtime : 9.402 seconds

New displacement factor 7.650
New displacement factor 0.000

Starting the Newton-Raphson solver `userModules.solver' ...
module `userModules.solver' : residual scale factor = 0.0000e+00
The Newton-Raphson solver converged in 1 iterations

Iteration       : 154
Elapsed runtime : 9.425 seconds

New displacement factor 7.700
New displacement factor 0.000

Starting the Newton-Raphson solver `userModules.solver' ...
module `userModules.solver' : residual scale factor = 0.0000e+00
The Newton-Raphson solver converged in 1 iterations

Iteration       : 155
Elapsed runtime : 9.447 seconds

New displacement factor 7.750
New displacement factor 0.000

Starting the Newton-Raphson solver `userModules.solver' ...
module `userModules.solver' : residual scale factor = 0.0000e+00
The Newton-Raphson solver converged in 1 iterations

Iteration       : 156
Elapsed runtime : 9.471 seconds

New displacement factor 7.800
New displacement factor 0.000

Starting the Newton-Raphson solver `userModules.solver' ...
module `userModules.solver' : residual scale factor = 0.0000e+00
The Newton-Raphson solver converged in 1 iterations

Iteration       : 157
Elapsed runtime : 9.493 seconds

New displacement factor 7.850
New displacement factor 0.000

Starting the Newton-Raphson solver `userModules.solver' ...
module `userModules.solver' : residual scale factor = 0.0000e+00
The Newton-Raphson solver converged in 1 iterations

Iteration       : 158
Elapsed runtime : 9.515 seconds

New displacement factor 7.900
New displacement factor 0.000

Starting the Newton-Raphson solver `userModules.solver' ...
module `userModules.solver' : residual scale factor = 0.0000e+00
The Newton-Raphson solver converged in 1 iterations

Iteration       : 159
Elapsed runtime : 9.538 seconds

New displacement factor 7.950
New displacement factor 0.000

Starting the Newton-Raphson solver `userModules.solver' ...
module `userModules.solver' : residual scale factor = 0.0000e+00
The Newton-Raphson solver converged in 1 iterations

Iteration       : 160
Elapsed runtime : 9.561 seconds

New displacement factor 8.000
New displacement factor 0.000

Starting the Newton-Raphson solver `userModules.solver' ...
module `userModules.solver' : residual scale factor = 0.0000e+00
The Newton-Raphson solver converged in 1 iterations

Iteration       : 161
Elapsed runtime : 9.583 seconds

New displacement factor 8.050
New displacement factor 0.000

Starting the Newton-Raphson solver `userModules.solver' ...
module `userModules.solver' : residual scale factor = 0.0000e+00
The Newton-Raphson solver converged in 1 iterations

Iteration       : 162
Elapsed runtime : 9.606 seconds

New displacement factor 8.100
New displacement factor 0.000

Starting the Newton-Raphson solver `userModules.solver' ...
module `userModules.solver' : residual scale factor = 0.0000e+00
The Newton-Raphson solver converged in 1 iterations

Iteration       : 163
Elapsed runtime : 9.629 seconds

New displacement factor 8.150
New displacement factor 0.000

Starting the Newton-Raphson solver `userModules.solver' ...
module `userModules.solver' : residual scale factor = 0.0000e+00
The Newton-Raphson solver converged in 1 iterations

Iteration       : 164
Elapsed runtime : 9.652 seconds

New displacement factor 8.200
New displacement factor 0.000

Starting the Newton-Raphson solver `userModules.solver' ...
module `userModules.solver' : residual scale factor = 0.0000e+00
The Newton-Raphson solver converged in 1 iterations

Iteration       : 165
Elapsed runtime : 9.675 seconds

New displacement factor 8.250
New displacement factor 0.000

Starting the Newton-Raphson solver `userModules.solver' ...
module `userModules.solver' : residual scale factor = 0.0000e+00
The Newton-Raphson solver converged in 1 iterations

Iteration       : 166
Elapsed runtime : 9.697 seconds

New displacement factor 8.300
New displacement factor 0.000

Starting the Newton-Raphson solver `userModules.solver' ...
module `userModules.solver' : residual scale factor = 0.0000e+00
The Newton-Raphson solver converged in 1 iterations

Iteration       : 167
Elapsed runtime : 9.720 seconds

New displacement factor 8.350
New displacement factor 0.000

Starting the Newton-Raphson solver `userModules.solver' ...
module `userModules.solver' : residual scale factor = 0.0000e+00
The Newton-Raphson solver converged in 1 iterations

Iteration       : 168
Elapsed runtime : 9.743 seconds

New displacement factor 8.400
New displacement factor 0.000

Starting the Newton-Raphson solver `userModules.solver' ...
module `userModules.solver' : residual scale factor = 0.0000e+00
The Newton-Raphson solver converged in 1 iterations

Iteration       : 169
Elapsed runtime : 9.765 seconds

New displacement factor 8.450
New displacement factor 0.000

Starting the Newton-Raphson solver `userModules.solver' ...
module `userModules.solver' : residual scale factor = 0.0000e+00
The Newton-Raphson solver converged in 1 iterations

Iteration       : 170
Elapsed runtime : 9.789 seconds

New displacement factor 8.500
New displacement factor 0.000

Starting the Newton-Raphson solver `userModules.solver' ...
module `userModules.solver' : residual scale factor = 0.0000e+00
The Newton-Raphson solver converged in 1 iterations

Iteration       : 171
Elapsed runtime : 9.811 seconds

New displacement factor 8.550
New displacement factor 0.000

Starting the Newton-Raphson solver `userModules.solver' ...
module `userModules.solver' : residual scale factor = 0.0000e+00
The Newton-Raphson solver converged in 1 iterations

Iteration       : 172
Elapsed runtime : 9.834 seconds

New displacement factor 8.600
New displacement factor 0.000

Starting the Newton-Raphson solver `userModules.solver' ...
module `userModules.solver' : residual scale factor = 0.0000e+00
The Newton-Raphson solver converged in 1 iterations

Iteration       : 173
Elapsed runtime : 9.857 seconds

New displacement factor 8.650
New displacement factor 0.000

Starting the Newton-Raphson solver `userModules.solver' ...
module `userModules.solver' : residual scale factor = 0.0000e+00
The Newton-Raphson solver converged in 1 iterations

Iteration       : 174
Elapsed runtime : 9.879 seconds

New displacement factor 8.700
New displacement factor 0.000

Starting the Newton-Raphson solver `userModules.solver' ...
module `userModules.solver' : residual scale factor = 0.0000e+00
The Newton-Raphson solver converged in 1 iterations

Iteration       : 175
Elapsed runtime : 9.903 seconds

New displacement factor 8.750
New displacement factor 0.000

Starting the Newton-Raphson solver `userModules.solver' ...
module `userModules.solver' : residual scale factor = 0.0000e+00
The Newton-Raphson solver converged in 1 iterations

Iteration       : 176
Elapsed runtime : 9.924 seconds

New displacement factor 8.800
New displacement factor 0.000

Starting the Newton-Raphson solver `userModules.solver' ...
module `userModules.solver' : residual scale factor = 0.0000e+00
The Newton-Raphson solver converged in 1 iterations

Iteration       : 177
Elapsed runtime : 9.947 seconds

New displacement factor 8.850
New displacement factor 0.000

Starting the Newton-Raphson solver `userModules.solver' ...
module `userModules.solver' : residual scale factor = 0.0000e+00
The Newton-Raphson solver converged in 1 iterations

Iteration       : 178
Elapsed runtime : 9.970 seconds

New displacement factor 8.900
New displacement factor 0.000

Starting the Newton-Raphson solver `userModules.solver' ...
module `userModules.solver' : residual scale factor = 0.0000e+00
The Newton-Raphson solver converged in 1 iterations

Iteration       : 179
Elapsed runtime : 9.992 seconds

New displacement factor 8.950
New displacement factor 0.000

Starting the Newton-Raphson solver `userModules.solver' ...
module `userModules.solver' : residual scale factor = 0.0000e+00
The Newton-Raphson solver converged in 1 iterations

Iteration       : 180
Elapsed runtime : 10.01 seconds

New displacement factor 9.000
New displacement factor 0.000

Starting the Newton-Raphson solver `userModules.solver' ...
module `userModules.solver' : residual scale factor = 0.0000e+00
The Newton-Raphson solver converged in 1 iterations

Iteration       : 181
Elapsed runtime : 10.04 seconds

New displacement factor 9.050
New displacement factor 0.000

Starting the Newton-Raphson solver `userModules.solver' ...
module `userModules.solver' : residual scale factor = 0.0000e+00
The Newton-Raphson solver converged in 1 iterations

Iteration       : 182
Elapsed runtime : 10.06 seconds

New displacement factor 9.100
New displacement factor 0.000

Starting the Newton-Raphson solver `userModules.solver' ...
module `userModules.solver' : residual scale factor = 0.0000e+00
The Newton-Raphson solver converged in 1 iterations

Iteration       : 183
Elapsed runtime : 10.08 seconds

New displacement factor 9.150
New displacement factor 0.000

Starting the Newton-Raphson solver `userModules.solver' ...
module `userModules.solver' : residual scale factor = 0.0000e+00
The Newton-Raphson solver converged in 1 iterations

Iteration       : 184
Elapsed runtime : 10.10 seconds

New displacement factor 9.200
New displacement factor 0.000

Starting the Newton-Raphson solver `userModules.solver' ...
module `userModules.solver' : residual scale factor = 0.0000e+00
The Newton-Raphson solver converged in 1 iterations

Iteration       : 185
Elapsed runtime : 10.13 seconds

New displacement factor 9.250
New displacement factor 0.000

Starting the Newton-Raphson solver `userModules.solver' ...
module `userModules.solver' : residual scale factor = 0.0000e+00
The Newton-Raphson solver converged in 1 iterations

Iteration       : 186
Elapsed runtime : 10.15 seconds

New displacement factor 9.300
New displacement factor 0.000

Starting the Newton-Raphson solver `userModules.solver' ...
module `userModules.solver' : residual scale factor = 0.0000e+00
The Newton-Raphson solver converged in 1 iterations

Iteration       : 187
Elapsed runtime : 10.17 seconds

New displacement factor 9.350
New displacement factor 0.000

Starting the Newton-Raphson solver `userModules.solver' ...
module `userModules.solver' : residual scale factor = 0.0000e+00
The Newton-Raphson solver converged in 1 iterations

Iteration       : 188
Elapsed runtime : 10.19 seconds

New displacement factor 9.400
New displacement factor 0.000

Starting the Newton-Raphson solver `userModules.solver' ...
module `userModules.solver' : residual scale factor = 0.0000e+00
The Newton-Raphson solver converged in 1 iterations

Iteration       : 189
Elapsed runtime : 10.22 seconds

New displacement factor 9.450
New displacement factor 0.000

Starting the Newton-Raphson solver `userModules.solver' ...
module `userModules.solver' : residual scale factor = 0.0000e+00
The Newton-Raphson solver converged in 1 iterations

Iteration       : 190
Elapsed runtime : 10.24 seconds

New displacement factor 9.500
New displacement factor 0.000

Starting the Newton-Raphson solver `userModules.solver' ...
module `userModules.solver' : residual scale factor = 0.0000e+00
The Newton-Raphson solver converged in 1 iterations

Iteration       : 191
Elapsed runtime : 10.26 seconds

New displacement factor 9.550
New displacement factor 0.000

Starting the Newton-Raphson solver `userModules.solver' ...
module `userModules.solver' : residual scale factor = 0.0000e+00
The Newton-Raphson solver converged in 1 iterations

Iteration       : 192
Elapsed runtime : 10.28 seconds

New displacement factor 9.600
New displacement factor 0.000

Starting the Newton-Raphson solver `userModules.solver' ...
module `userModules.solver' : residual scale factor = 0.0000e+00
The Newton-Raphson solver converged in 1 iterations

Iteration       : 193
Elapsed runtime : 10.31 seconds

New displacement factor 9.650
New displacement factor 0.000

Starting the Newton-Raphson solver `userModules.solver' ...
module `userModules.solver' : residual scale factor = 0.0000e+00
The Newton-Raphson solver converged in 1 iterations

Iteration       : 194
Elapsed runtime : 10.33 seconds

New displacement factor 9.700
New displacement factor 0.000

Starting the Newton-Raphson solver `userModules.solver' ...
module `userModules.solver' : residual scale factor = 0.0000e+00
The Newton-Raphson solver converged in 1 iterations

Iteration       : 195
Elapsed runtime : 10.35 seconds

New displacement factor 9.750
New displacement factor 0.000

Starting the Newton-Raphson solver `userModules.solver' ...
module `userModules.solver' : residual scale factor = 0.0000e+00
The Newton-Raphson solver converged in 1 iterations

Iteration       : 196
Elapsed runtime : 10.37 seconds

New displacement factor 9.800
New displacement factor 0.000

Starting the Newton-Raphson solver `userModules.solver' ...
module `userModules.solver' : residual scale factor = 0.0000e+00
The Newton-Raphson solver converged in 1 iterations

Iteration       : 197
Elapsed runtime : 10.40 seconds

New displacement factor 9.850
New displacement factor 0.000

Starting the Newton-Raphson solver `userModules.solver' ...
module `userModules.solver' : residual scale factor = 0.0000e+00
The Newton-Raphson solver converged in 1 iterations

Iteration       : 198
Elapsed runtime : 10.42 seconds

New displacement factor 9.900
New displacement factor 0.000

Starting the Newton-Raphson solver `userModules.solver' ...
module `userModules.solver' : residual scale factor = 0.0000e+00
The Newton-Raphson solver converged in 1 iterations

Iteration       : 199
Elapsed runtime : 10.44 seconds

New displacement factor 9.950
New displacement factor 0.000

Starting the Newton-Raphson solver `userModules.solver' ...
module `userModules.solver' : residual scale factor = 0.0000e+00
The Newton-Raphson solver converged in 1 iterations

Iteration       : 200
Elapsed runtime : 10.46 seconds

New displacement factor 10.00
New displacement factor 0.000

Starting the Newton-Raphson solver `userModules.solver' ...
module `userModules.solver' : residual scale factor = 0.0000e+00
The Newton-Raphson solver converged in 1 iterations

Iteration       : 201
Elapsed runtime : 10.49 seconds

New displacement factor 10.05
New displacement factor 0.000

Starting the Newton-Raphson solver `userModules.solver' ...
module `userModules.solver' : residual scale factor = 0.0000e+00
The Newton-Raphson solver converged in 1 iterations

