Log file created on Mon Mar 30 01:13:37 CEST 2020.

Reading data from `bar.mesh' ...

  bar.mesh, line 1: reading tag `Nodes' ...
  bar.mesh, line 18: done reading tag `Nodes'
  bar.mesh, line 20: reading tag `Elements' ...
  bar.mesh, line 28: done reading tag `Elements'
  bar.mesh, line 30: reading tag `ElementGroup' ...
  bar.mesh, line 32: done reading tag `ElementGroup'
  bar.mesh, line 34: reading tag `ElementGroup' ...
  bar.mesh, line 36: done reading tag `ElementGroup'

 ...Created NodeGroup `right' with 2 nodes.
 ...Created NodeGroup `left' with 2 nodes.
 ...Created NodeGroup `lbot' with 1 nodes.

Created a new model named `model'.

Data summary:

  nodes ......................................... 16
  node dofs ..................................... 32
  node groups ................................... 5
  node tables ................................... 0
  node data bases ............................... 0
  elements ...................................... 7
  element groups ................................ 4
  element tables ................................ 0
  element data bases ............................ 0
  boundaries .................................... 0
  boundary groups ............................... 2
  boundary tables ............................... 0
  boundary data bases ........................... 0
  functions ..................................... 0

userModules.view : loaded configuration data from `specimen.view'
userModules.view.mesh : building graphics mesh ...
userModules.view.mesh : ready; graphics mesh contains:

  vertices  ...... 23
  faces     ...... 7
  triangles ...... 28
  lines     ...... 0
  edges     ...... 22

*** WARNING: module `userModules.view' : unsupported image type: `png'; supported type is `ppm'
*** WARNING: module `userModules.view' : snapshot files will be saved in PPM format

Application configuration data:

  log	=
  {
    file	= "-specimen.log";
    rank	= 0;
    pattern	= "*.info";
    logPrefix	= "";
    outPrefix	= "";
    warnPrefix	= "*** WARNING: ";
    errPrefix	= "*** ERROR: ";
  };
  userModules	=
  {
    solver	=
    {
      maxIter	= 50;
      tiny	= 1.00000e-300;
      precision	= 0.00100000;
      maxIncr	= 10.0000;
      lineSearch	= false;
      deltaCons	= false;
      updateWhen	= none;
      solver	=
      {
        type	= "SkylineLU";
        lenient	= true;
        precision	= 0.000500000;
        zeroThreshold	= 1.49012e-08;
        maxZeroPivots	= 0;
        reorder	= true;
        useThreads	= false;
        printPivots	= false;
      };
    };
    graph	=
    {
      sampleWhen	= true;
      dataSets	= [ "lodi" ];
      window	=
      {
        bgColor	= "white";
        title	= "userModules.graph";
        width	= 400;
        height	= 200;
      };
      camera	=
      {
        range	= 1.00000;
        position	= [ -0.00000, -0.00000 ];
        zoom	= 0.00000;
        quality	= 1;
        autoQuality	= false;
      };
      graph	=
      {
        hidden	= false;
        width	= 1.00000;
        height	= 1.00000;
        showKey	= true;
        keyPos	= [ 0.900000, 0.900000 ];
        title	= "";
        xLabel	= "";
        yLabel	= "";
        scaleStep	= 0.100000;
        xRange	= "auto";
        yRange	= "auto";
      };
      lodi	=
      {
        key	= "userModules.graph.lodi";
        maxPoints	= -1;
        pointStyle	= none;
        lineWidth	= 1.20000;
        lineColor	= "black";
        xData	= "model.model.lodi.disp[0]";
        yData	= "model.model.lodi.load[0]";
      };
    };
    view	=
    {
      snapFile	= "specimen%2i.png";
      configFile	= "specimen.view";
      updateWhen	= true;
      snapWhen	= false;
      offScreen	= false;
      camera	=
      {
        type	= "Perspective";
        farClip	= 30.5303;
        nearClip	= 5.53032;
        viewAngle	= 40.0000;
        position	= [ -0.00000, -0.00000, 18.0303 ];
        zoom	= 0.00000;
        quality	= 1;
        autoQuality	= false;
      };
      state	=
      {
        type	= "Vector";
        vector	= "nodes/state";
        nullValue	= 0.00000;
      };
      history	=
      {
        type	= "Table";
        table	= "nodes/nodalHistory";
        tableType	= "Dense";
        nullValue	= 0.00000;
      };
      dataSets	= [ "state", "history" ];
      window	=
      {
        bgColor	= "white";
        title	= "feel.userModules.view";
        width	= 400;
        height	= 200;
      };
      world	=
      {
        scale	= 1.00000;
        rotmat	= [ 1.00000, 0.00000, 0.00000, 0.00000, 1.00000, 0.00000, 0.00000, 0.00000, 1.00000 ];
        translation	= [ 0.00000, 0.00000, 0.00000 ];
      };
      lights	=
      {
        light0	=
        {
          color	= "white20";
          direction	= [ -1.00000, -0.00000, -0.00000 ];
          enable	= true;
        };
        light1	=
        {
          color	= "white20";
          direction	= [ -0.00000, -1.00000, -0.00000 ];
          enable	= true;
        };
        light2	=
        {
          color	= "white";
          direction	= [ -0.00000, -0.00000, -1.00000 ];
          enable	= true;
        };
        light3	=
        {
          color	= "white20";
          direction	= [ 1.00000, 1.00000, -0.00000 ];
          enable	= false;
        };
        specular	= false;
        ambient	= "white20";
      };
      markerStyles	=
      {
        points	=
        {
          size	= 3.00000;
          color	= "black";
        };
        orbs	=
        {
          size	= -0.0100000;
          quality	= 1;
          color	= "gold";
        };
        numbers	=
        {
          font	= "proportional medium";
          color	= "black";
        };
        circles	=
        {
          size	= "medium";
          color	= "black";
        };
        diamonds	=
        {
          size	= "medium";
          color	= "black";
        };
        discs	=
        {
          size	= "medium";
          color	= "black";
        };
        squares	=
        {
          size	= "medium";
          color	= "black";
        };
        styles	= [];
      };
      palettes	=
      {
        linear	=
        {
          minValue	= 0.00000;
          maxValue	= 1.00000;
          minColor	= "blue";
          maxColor	= "red";
        };
        rainbow	=
        {
          minValue	= 0.00000;
          maxValue	= 1.00000;
        };
        custom	=
        {
          colors	= [ "blue", "green", "yellow", "orange", "red" ];
          ranges	= [ 0.00000, 0.200000, 0.400000, 0.600000, 0.800000, 1.00000 ];
          hideMinMax	= false;
        };
        palettes	= [];
      };
      mesh	=
      {
        elements	= "all";
        scale	= 1.00000;
        rotmat	= [ 1.00000, 0.00000, 0.00000, 0.00000, 1.00000, 0.00000, 0.00000, 0.00000, 1.00000 ];
        translation	= [ 0.00000, 0.00000, 0.00000 ];
        pointSize	= 1.00000;
        lineWidth	= 1.00000;
        shadeModel	= "Smooth";
        color	= "gray";
        material	=
        {
          specular	= "black";
          shininess	= 0.00000;
        };
        edgeColor	= "black";
        nodeColor	= "black";
        showEdges	= true;
        showLines	= true;
        showFaces	= true;
        hidden	= false;
        deformation	=
        {
          scale	= 1.00000;
          autoScale	= false;
          scaleStep	= 0.100000;
          dx	= "state[dx]";
          dy	= "state[dy]";
          dz	= "0.000";
        };
        colors	=
        {
          palette	= "rainbow";
          title	= "";
          data	= "state[dx]";
          autoScale	= true;
          scaleStep	= 0.100000;
        };
      };
    };
  };
  sample	=
  {
    file	= "lodi.dat";
    header	= "";
    separator	= " ";
    append	= false;
    precision	= 8;
    dataSets	= [ "i", "model.model.lodi.disp[0]", "model.model.lodi.load[0]" ];
    sampleWhen	= "accepted";
  };
  control	=
  {
    prompt	= ">";
    cmdFile	= "";
    fgMode	= true;
    pause	= -1.00000;
    runWhile	= "i<1";
  };
  userInput	=
  {
    input	=
    {
      storageMode	= "Default";
      file	= "bar.mesh";
      maxParts	= 0;
      tableFilter	= "*";
      dbaseFilter	= "*";
      funcFilter	= "*";
    };
    ngroup	=
    {
      nodeGroups	= [ "right", "left", "lbot" ];
      elemGroups	= [];
      right	=
      {
        all	= false;
        restrictToGroups	= [];
        eps	= 1.00000e-05;
        xtype	= "max";
      };
      left	=
      {
        all	= false;
        restrictToGroups	= [];
        eps	= 1.00000e-05;
        xtype	= "min";
      };
      lbot	=
      {
        all	= false;
        restrictToGroups	= [];
        eps	= 1.00000e-05;
        xtype	= "min";
        ytype	= "min";
      };
    };
  };
  storageMode	= "Default";
  shapeTable	=
  {
    type	= "Auto";
    boundaryElems	= "";
    interfaceElems	= "";
    maxPrecision	= 0;
  };
  model	=
  {
    type	= "Matrix";
    model	=
    {
      type	= "Multi";
      models	= [ "elas", "melro", "tension", "lodi" ];
      elas	=
      {
        type	= "NLSolid";
        elements	= "elastic";
        shape	=
        {
          type	= "Quad4";
          shapeFuncs	=
          {
            type	= "Linear";
          };
          intScheme	= [ "Gauss2*Gauss2", "2", "2", "2", "2" ];
        };
        material	=
        {
          type	= "Gasser";
          dim	= 2;
          lambda	= 5000.00;
          mu	= 6000.00;
          beta	= 0.349000;
          k1_a	= 1000.00;
          k2_a	= 0.200000;
          kappa	= 0.100000;
          kappam0	= 1.00000;
          kappamu	= 1.50000;
          kappaf0	= 1.00000;
          kappafu	= 1.50000;
          state	= "PLANE_STRAIN";
        };
        thickness	= 1.00000;
      };
      melro	=
      {
        type	= "NLSolid";
        elements	= "damage";
        shape	=
        {
          type	= "Quad4";
          shapeFuncs	=
          {
            type	= "Linear";
          };
          intScheme	= [ "Gauss2*Gauss2", "2", "2", "2", "2" ];
        };
        material	=
        {
          type	= "Gasser";
          dim	= 2;
          lambda	= 5000.00;
          mu	= 6000.00;
          beta	= 0.349000;
          k1_a	= 1000.00;
          k2_a	= 0.200000;
          kappa	= 0.100000;
          kappam0	= 0.300000;
          kappamu	= 1.50000;
          kappaf0	= 0.300000;
          kappafu	= 1.50000;
          state	= "PLANE_STRAIN";
        };
        thickness	= 1.00000;
      };
      tension	=
      {
        type	= "Dirichlet";
        dispIncr	= 0.0200000;
        initDisp	= 0.00000;
        maxDisp	= 1.79769e+308;
        nodeGroups	= [ "right", "lbot", "left" ];
        dofs	= [ "dx", "dy", "dx" ];
        factors	= [ 1.00000, 0.00000, 0.00000 ];
      };
      lodi	=
      {
        type	= "LoadDisp";
        nodes	= [ 14, 15 ];
      };
    };
    debug	= 0;
    linear	= false;
    matrix0	=
    {
      type	= "Sparse";
      symmetric	= false;
      optimize	= "Runtime";
    };
  };
  init	=
  {
    reorder	= false;
    vectors	= [];
  };
  xoutput	=
  {
    write	= true;
    table	= "stress";
    interval	= 1;
    dissipation	= true;
    writeCracks	= true;
    writeCohInfo	= false;
  };

*** WARNING: Unknown properties:

*** WARNING:   sample.type
*** WARNING:   userModules.graph.updateWhen

*** WARNING: Initialization phase completed with warnings.

  Elapsed CPU  time : 0.09000 seconds.
  Elapsed real time : 0.2368 seconds.

Iteration       : 0
Elapsed runtime : 0.2378 seconds

New displacement factor 0.000

Starting the Newton-Raphson solver `userModules.solver' ...
module `userModules.solver' : residual scale factor = 0.0000e+00
The Newton-Raphson solver converged in 1 iterations

*** WARNING: data set `userModules.view.history' : unknown table: `nodes/nodalHistory'

Iteration       : 1
Elapsed runtime : 3.608 seconds

New displacement factor 0.02000

Starting the Newton-Raphson solver `userModules.solver' ...
module `userModules.solver' : residual scale factor = 6.2378e+01
module `userModules.solver' : iter = 1, scaled residual = 1.8156e-15
The Newton-Raphson solver converged in 1 iterations

*** WARNING: data set `userModules.view.history' : unknown table: `nodes/nodalHistory'

Iteration       : 2
Elapsed runtime : 3.638 seconds

New displacement factor 0.04000

Starting the Newton-Raphson solver `userModules.solver' ...
module `userModules.solver' : residual scale factor = 1.2504e+02
module `userModules.solver' : iter = 1, scaled residual = 1.4769e-15
The Newton-Raphson solver converged in 1 iterations

*** WARNING: data set `userModules.view.history' : unknown table: `nodes/nodalHistory'

Iteration       : 3
Elapsed runtime : 3.650 seconds

New displacement factor 0.06000

Starting the Newton-Raphson solver `userModules.solver' ...
module `userModules.solver' : residual scale factor = 1.8799e+02
module `userModules.solver' : iter = 1, scaled residual = 4.9539e-16
The Newton-Raphson solver converged in 1 iterations

*** WARNING: data set `userModules.view.history' : unknown table: `nodes/nodalHistory'

Iteration       : 4
Elapsed runtime : 3.660 seconds

New displacement factor 0.08000

Starting the Newton-Raphson solver `userModules.solver' ...
module `userModules.solver' : residual scale factor = 2.5123e+02
module `userModules.solver' : iter = 1, scaled residual = 2.4831e-16
The Newton-Raphson solver converged in 1 iterations

*** WARNING: data set `userModules.view.history' : unknown table: `nodes/nodalHistory'

Iteration       : 5
Elapsed runtime : 3.667 seconds

New displacement factor 0.1000

Starting the Newton-Raphson solver `userModules.solver' ...
module `userModules.solver' : residual scale factor = 3.1476e+02
module `userModules.solver' : iter = 1, scaled residual = 5.3701e-16
The Newton-Raphson solver converged in 1 iterations

*** WARNING: data set `userModules.view.history' : unknown table: `nodes/nodalHistory'

Iteration       : 6
Elapsed runtime : 3.673 seconds

New displacement factor 0.1200

Starting the Newton-Raphson solver `userModules.solver' ...
module `userModules.solver' : residual scale factor = 3.7857e+02
module `userModules.solver' : iter = 1, scaled residual = 3.2991e-16
The Newton-Raphson solver converged in 1 iterations

*** WARNING: data set `userModules.view.history' : unknown table: `nodes/nodalHistory'

Iteration       : 7
Elapsed runtime : 3.678 seconds

New displacement factor 0.1400

Starting the Newton-Raphson solver `userModules.solver' ...
module `userModules.solver' : residual scale factor = 4.4267e+02
module `userModules.solver' : iter = 1, scaled residual = 3.6665e-16
The Newton-Raphson solver converged in 1 iterations

*** WARNING: data set `userModules.view.history' : unknown table: `nodes/nodalHistory'

Iteration       : 8
Elapsed runtime : 3.689 seconds

New displacement factor 0.1600

Starting the Newton-Raphson solver `userModules.solver' ...
module `userModules.solver' : residual scale factor = 5.0706e+02
module `userModules.solver' : iter = 1, scaled residual = 3.2998e-16
The Newton-Raphson solver converged in 1 iterations

*** WARNING: data set `userModules.view.history' : unknown table: `nodes/nodalHistory'

Iteration       : 9
Elapsed runtime : 3.705 seconds

New displacement factor 0.1800

Starting the Newton-Raphson solver `userModules.solver' ...
module `userModules.solver' : residual scale factor = 5.7174e+02
module `userModules.solver' : iter = 1, scaled residual = 4.0489e-16
The Newton-Raphson solver converged in 1 iterations

*** WARNING: data set `userModules.view.history' : unknown table: `nodes/nodalHistory'

Iteration       : 10
Elapsed runtime : 3.722 seconds

New displacement factor 0.2000

Starting the Newton-Raphson solver `userModules.solver' ...
module `userModules.solver' : residual scale factor = 6.3670e+02
module `userModules.solver' : iter = 1, scaled residual = 4.4036e-16
The Newton-Raphson solver converged in 1 iterations

*** WARNING: data set `userModules.view.history' : unknown table: `nodes/nodalHistory'

Iteration       : 11
Elapsed runtime : 3.744 seconds

New displacement factor 0.2200

Starting the Newton-Raphson solver `userModules.solver' ...
module `userModules.solver' : residual scale factor = 7.0196e+02
module `userModules.solver' : iter = 1, scaled residual = 5.0298e-16
The Newton-Raphson solver converged in 1 iterations

*** WARNING: data set `userModules.view.history' : unknown table: `nodes/nodalHistory'

Iteration       : 12
Elapsed runtime : 3.756 seconds

New displacement factor 0.2400

Starting the Newton-Raphson solver `userModules.solver' ...
module `userModules.solver' : residual scale factor = 7.6751e+02
module `userModules.solver' : iter = 1, scaled residual = 3.5818e-16
The Newton-Raphson solver converged in 1 iterations

*** WARNING: data set `userModules.view.history' : unknown table: `nodes/nodalHistory'

Iteration       : 13
Elapsed runtime : 3.772 seconds

New displacement factor 0.2600

Starting the Newton-Raphson solver `userModules.solver' ...
module `userModules.solver' : residual scale factor = 8.3334e+02
module `userModules.solver' : iter = 1, scaled residual = 4.0323e-16
The Newton-Raphson solver converged in 1 iterations

*** WARNING: data set `userModules.view.history' : unknown table: `nodes/nodalHistory'

Iteration       : 14
Elapsed runtime : 3.789 seconds

New displacement factor 0.2800

Starting the Newton-Raphson solver `userModules.solver' ...
module `userModules.solver' : residual scale factor = 8.9947e+02
module `userModules.solver' : iter = 1, scaled residual = 3.3071e-16
The Newton-Raphson solver converged in 1 iterations

*** WARNING: data set `userModules.view.history' : unknown table: `nodes/nodalHistory'

Iteration       : 15
Elapsed runtime : 3.806 seconds

New displacement factor 0.3000

Starting the Newton-Raphson solver `userModules.solver' ...
module `userModules.solver' : residual scale factor = 9.6589e+02
module `userModules.solver' : iter = 1, scaled residual = 3.9968e-16
The Newton-Raphson solver converged in 1 iterations

*** WARNING: data set `userModules.view.history' : unknown table: `nodes/nodalHistory'

Iteration       : 16
Elapsed runtime : 3.823 seconds

New displacement factor 0.3200

Starting the Newton-Raphson solver `userModules.solver' ...
module `userModules.solver' : residual scale factor = 1.0326e+03
module `userModules.solver' : iter = 1, scaled residual = 4.6271e-16
The Newton-Raphson solver converged in 1 iterations

*** WARNING: data set `userModules.view.history' : unknown table: `nodes/nodalHistory'

Iteration       : 17
Elapsed runtime : 3.839 seconds

New displacement factor 0.3400

Starting the Newton-Raphson solver `userModules.solver' ...
module `userModules.solver' : residual scale factor = 1.0996e+03
module `userModules.solver' : iter = 1, scaled residual = 1.1273e-15
The Newton-Raphson solver converged in 1 iterations

*** WARNING: data set `userModules.view.history' : unknown table: `nodes/nodalHistory'

Iteration       : 18
Elapsed runtime : 3.855 seconds

New displacement factor 0.3600

Starting the Newton-Raphson solver `userModules.solver' ...
module `userModules.solver' : residual scale factor = 1.1669e+03
module `userModules.solver' : iter = 1, scaled residual = 2.9269e-16
The Newton-Raphson solver converged in 1 iterations

*** WARNING: data set `userModules.view.history' : unknown table: `nodes/nodalHistory'

Iteration       : 19
Elapsed runtime : 3.872 seconds

New displacement factor 0.3800

Starting the Newton-Raphson solver `userModules.solver' ...
module `userModules.solver' : residual scale factor = 1.2345e+03
module `userModules.solver' : iter = 1, scaled residual = 3.1297e-16
The Newton-Raphson solver converged in 1 iterations

*** WARNING: data set `userModules.view.history' : unknown table: `nodes/nodalHistory'

Iteration       : 20
Elapsed runtime : 3.889 seconds

New displacement factor 0.4000

Starting the Newton-Raphson solver `userModules.solver' ...
module `userModules.solver' : residual scale factor = 1.3023e+03
module `userModules.solver' : iter = 1, scaled residual = 4.4702e-16
The Newton-Raphson solver converged in 1 iterations

*** WARNING: data set `userModules.view.history' : unknown table: `nodes/nodalHistory'

Iteration       : 21
Elapsed runtime : 3.905 seconds

New displacement factor 0.4200

Starting the Newton-Raphson solver `userModules.solver' ...
module `userModules.solver' : residual scale factor = 1.3705e+03
module `userModules.solver' : iter = 1, scaled residual = 3.1668e-16
The Newton-Raphson solver converged in 1 iterations

*** WARNING: data set `userModules.view.history' : unknown table: `nodes/nodalHistory'

Iteration       : 22
Elapsed runtime : 3.922 seconds

New displacement factor 0.4400

Starting the Newton-Raphson solver `userModules.solver' ...
module `userModules.solver' : residual scale factor = 1.4390e+03
module `userModules.solver' : iter = 1, scaled residual = 4.8706e-16
The Newton-Raphson solver converged in 1 iterations

*** WARNING: data set `userModules.view.history' : unknown table: `nodes/nodalHistory'

Iteration       : 23
Elapsed runtime : 3.939 seconds

New displacement factor 0.4600

Starting the Newton-Raphson solver `userModules.solver' ...
module `userModules.solver' : residual scale factor = 1.5077e+03
module `userModules.solver' : iter = 1, scaled residual = 2.2140e-15
The Newton-Raphson solver converged in 1 iterations

*** WARNING: data set `userModules.view.history' : unknown table: `nodes/nodalHistory'

Iteration       : 24
Elapsed runtime : 3.956 seconds

New displacement factor 0.4800

Starting the Newton-Raphson solver `userModules.solver' ...
module `userModules.solver' : residual scale factor = 1.5768e+03
module `userModules.solver' : iter = 1, scaled residual = 4.9127e-15
The Newton-Raphson solver converged in 1 iterations

*** WARNING: data set `userModules.view.history' : unknown table: `nodes/nodalHistory'

Iteration       : 25
Elapsed runtime : 3.972 seconds

New displacement factor 0.5000

Starting the Newton-Raphson solver `userModules.solver' ...
module `userModules.solver' : residual scale factor = 1.6461e+03
module `userModules.solver' : iter = 1, scaled residual = 4.9314e-15
The Newton-Raphson solver converged in 1 iterations

*** WARNING: data set `userModules.view.history' : unknown table: `nodes/nodalHistory'

Iteration       : 26
Elapsed runtime : 3.989 seconds

New displacement factor 0.5200

Starting the Newton-Raphson solver `userModules.solver' ...
module `userModules.solver' : residual scale factor = 1.7157e+03
module `userModules.solver' : iter = 1, scaled residual = 2.7219e-15
The Newton-Raphson solver converged in 1 iterations

*** WARNING: data set `userModules.view.history' : unknown table: `nodes/nodalHistory'

Iteration       : 27
Elapsed runtime : 4.007 seconds

New displacement factor 0.5400

Starting the Newton-Raphson solver `userModules.solver' ...
module `userModules.solver' : residual scale factor = 1.7857e+03
module `userModules.solver' : iter = 1, scaled residual = 2.6224e-15
The Newton-Raphson solver converged in 1 iterations

*** WARNING: data set `userModules.view.history' : unknown table: `nodes/nodalHistory'

Iteration       : 28
Elapsed runtime : 4.023 seconds

New displacement factor 0.5600

Starting the Newton-Raphson solver `userModules.solver' ...
module `userModules.solver' : residual scale factor = 1.8559e+03
module `userModules.solver' : iter = 1, scaled residual = 1.9406e-16
The Newton-Raphson solver converged in 1 iterations

*** WARNING: data set `userModules.view.history' : unknown table: `nodes/nodalHistory'

Iteration       : 29
Elapsed runtime : 4.040 seconds

New displacement factor 0.5800

Starting the Newton-Raphson solver `userModules.solver' ...
module `userModules.solver' : residual scale factor = 1.9264e+03
module `userModules.solver' : iter = 1, scaled residual = 2.2981e-16
The Newton-Raphson solver converged in 1 iterations

*** WARNING: data set `userModules.view.history' : unknown table: `nodes/nodalHistory'

Iteration       : 30
Elapsed runtime : 4.057 seconds

New displacement factor 0.6000

Starting the Newton-Raphson solver `userModules.solver' ...
module `userModules.solver' : residual scale factor = 1.9972e+03
module `userModules.solver' : iter = 1, scaled residual = 2.3519e-15
The Newton-Raphson solver converged in 1 iterations

*** WARNING: data set `userModules.view.history' : unknown table: `nodes/nodalHistory'

Iteration       : 31
Elapsed runtime : 4.073 seconds

New displacement factor 0.6200

Starting the Newton-Raphson solver `userModules.solver' ...
module `userModules.solver' : residual scale factor = 2.0683e+03
module `userModules.solver' : iter = 1, scaled residual = 2.7709e-15
The Newton-Raphson solver converged in 1 iterations

*** WARNING: data set `userModules.view.history' : unknown table: `nodes/nodalHistory'

Iteration       : 32
Elapsed runtime : 4.089 seconds

New displacement factor 0.6400

Starting the Newton-Raphson solver `userModules.solver' ...
module `userModules.solver' : residual scale factor = 2.1397e+03
module `userModules.solver' : iter = 1, scaled residual = 3.3677e-16
The Newton-Raphson solver converged in 1 iterations

*** WARNING: data set `userModules.view.history' : unknown table: `nodes/nodalHistory'

Iteration       : 33
Elapsed runtime : 4.106 seconds

New displacement factor 0.6600

Starting the Newton-Raphson solver `userModules.solver' ...
module `userModules.solver' : residual scale factor = 2.2115e+03
module `userModules.solver' : iter = 1, scaled residual = 4.4636e-15
The Newton-Raphson solver converged in 1 iterations

*** WARNING: data set `userModules.view.history' : unknown table: `nodes/nodalHistory'

Iteration       : 34
Elapsed runtime : 4.123 seconds

New displacement factor 0.6800

Starting the Newton-Raphson solver `userModules.solver' ...
module `userModules.solver' : residual scale factor = 2.2835e+03
module `userModules.solver' : iter = 1, scaled residual = 2.5403e-15
The Newton-Raphson solver converged in 1 iterations

*** WARNING: data set `userModules.view.history' : unknown table: `nodes/nodalHistory'

Iteration       : 35
Elapsed runtime : 4.140 seconds

New displacement factor 0.7000

Starting the Newton-Raphson solver `userModules.solver' ...
module `userModules.solver' : residual scale factor = 2.3557e+03
module `userModules.solver' : iter = 1, scaled residual = 1.3188e-15
The Newton-Raphson solver converged in 1 iterations

*** WARNING: data set `userModules.view.history' : unknown table: `nodes/nodalHistory'

Iteration       : 36
Elapsed runtime : 4.156 seconds

New displacement factor 0.7200

Starting the Newton-Raphson solver `userModules.solver' ...
module `userModules.solver' : residual scale factor = 2.4283e+03
module `userModules.solver' : iter = 1, scaled residual = 1.8439e-15
The Newton-Raphson solver converged in 1 iterations

*** WARNING: data set `userModules.view.history' : unknown table: `nodes/nodalHistory'

Iteration       : 37
Elapsed runtime : 4.173 seconds

New displacement factor 0.7400

Starting the Newton-Raphson solver `userModules.solver' ...
module `userModules.solver' : residual scale factor = 2.5012e+03
module `userModules.solver' : iter = 1, scaled residual = 3.3627e-16
The Newton-Raphson solver converged in 1 iterations

*** WARNING: data set `userModules.view.history' : unknown table: `nodes/nodalHistory'

Iteration       : 38
Elapsed runtime : 4.189 seconds

New displacement factor 0.7600

Starting the Newton-Raphson solver `userModules.solver' ...
module `userModules.solver' : residual scale factor = 2.5744e+03
module `userModules.solver' : iter = 1, scaled residual = 3.4943e-16
The Newton-Raphson solver converged in 1 iterations

*** WARNING: data set `userModules.view.history' : unknown table: `nodes/nodalHistory'

Iteration       : 39
Elapsed runtime : 4.206 seconds

New displacement factor 0.7800

Starting the Newton-Raphson solver `userModules.solver' ...
module `userModules.solver' : residual scale factor = 2.6479e+03
module `userModules.solver' : iter = 1, scaled residual = 2.6070e-15
The Newton-Raphson solver converged in 1 iterations

*** WARNING: data set `userModules.view.history' : unknown table: `nodes/nodalHistory'

Iteration       : 40
Elapsed runtime : 4.223 seconds

New displacement factor 0.8000

Starting the Newton-Raphson solver `userModules.solver' ...
module `userModules.solver' : residual scale factor = 2.7217e+03
module `userModules.solver' : iter = 1, scaled residual = 1.7765e-15
The Newton-Raphson solver converged in 1 iterations

*** WARNING: data set `userModules.view.history' : unknown table: `nodes/nodalHistory'

Iteration       : 41
Elapsed runtime : 4.247 seconds

New displacement factor 0.8200

Starting the Newton-Raphson solver `userModules.solver' ...
module `userModules.solver' : residual scale factor = 2.7958e+03
module `userModules.solver' : iter = 1, scaled residual = 4.3568e-15
The Newton-Raphson solver converged in 1 iterations

*** WARNING: data set `userModules.view.history' : unknown table: `nodes/nodalHistory'

Iteration       : 42
Elapsed runtime : 4.261 seconds

New displacement factor 0.8400

Starting the Newton-Raphson solver `userModules.solver' ...
module `userModules.solver' : residual scale factor = 2.8702e+03
module `userModules.solver' : iter = 1, scaled residual = 3.1541e-15
The Newton-Raphson solver converged in 1 iterations

*** WARNING: data set `userModules.view.history' : unknown table: `nodes/nodalHistory'

Iteration       : 43
Elapsed runtime : 4.277 seconds

New displacement factor 0.8600

Starting the Newton-Raphson solver `userModules.solver' ...
module `userModules.solver' : residual scale factor = 2.9448e+03
module `userModules.solver' : iter = 1, scaled residual = 2.1046e-15
The Newton-Raphson solver converged in 1 iterations

*** WARNING: data set `userModules.view.history' : unknown table: `nodes/nodalHistory'

Iteration       : 44
Elapsed runtime : 4.290 seconds

New displacement factor 0.8800

Starting the Newton-Raphson solver `userModules.solver' ...
module `userModules.solver' : residual scale factor = 3.0198e+03
module `userModules.solver' : iter = 1, scaled residual = 1.7888e-15
The Newton-Raphson solver converged in 1 iterations

*** WARNING: data set `userModules.view.history' : unknown table: `nodes/nodalHistory'

Iteration       : 45
Elapsed runtime : 4.306 seconds

New displacement factor 0.9000

Starting the Newton-Raphson solver `userModules.solver' ...
module `userModules.solver' : residual scale factor = 3.0951e+03
module `userModules.solver' : iter = 1, scaled residual = 2.6304e-15
The Newton-Raphson solver converged in 1 iterations

*** WARNING: data set `userModules.view.history' : unknown table: `nodes/nodalHistory'

Iteration       : 46
Elapsed runtime : 4.323 seconds

New displacement factor 0.9200

Starting the Newton-Raphson solver `userModules.solver' ...
module `userModules.solver' : residual scale factor = 3.1707e+03
module `userModules.solver' : iter = 1, scaled residual = 1.7256e-15
The Newton-Raphson solver converged in 1 iterations

*** WARNING: data set `userModules.view.history' : unknown table: `nodes/nodalHistory'

Iteration       : 47
Elapsed runtime : 4.339 seconds

New displacement factor 0.9400

Starting the Newton-Raphson solver `userModules.solver' ...
module `userModules.solver' : residual scale factor = 3.2466e+03
module `userModules.solver' : iter = 1, scaled residual = 3.2561e-15
The Newton-Raphson solver converged in 1 iterations

*** WARNING: data set `userModules.view.history' : unknown table: `nodes/nodalHistory'

Iteration       : 48
Elapsed runtime : 4.356 seconds

New displacement factor 0.9600

Starting the Newton-Raphson solver `userModules.solver' ...
module `userModules.solver' : residual scale factor = 3.3228e+03
module `userModules.solver' : iter = 1, scaled residual = 4.2666e-16
The Newton-Raphson solver converged in 1 iterations

*** WARNING: data set `userModules.view.history' : unknown table: `nodes/nodalHistory'

Iteration       : 49
Elapsed runtime : 4.372 seconds

New displacement factor 0.9800

Starting the Newton-Raphson solver `userModules.solver' ...
module `userModules.solver' : residual scale factor = 3.3992e+03
module `userModules.solver' : iter = 1, scaled residual = 2.1868e-15
The Newton-Raphson solver converged in 1 iterations

*** WARNING: data set `userModules.view.history' : unknown table: `nodes/nodalHistory'

Iteration       : 50
Elapsed runtime : 4.389 seconds

New displacement factor 1.000

Starting the Newton-Raphson solver `userModules.solver' ...
module `userModules.solver' : residual scale factor = 3.4760e+03
module `userModules.solver' : iter = 1, scaled residual = 2.1930e-15
The Newton-Raphson solver converged in 1 iterations

*** WARNING: data set `userModules.view.history' : unknown table: `nodes/nodalHistory'

Iteration       : 51
Elapsed runtime : 4.407 seconds

New displacement factor 1.020

Starting the Newton-Raphson solver `userModules.solver' ...
module `userModules.solver' : residual scale factor = 3.5531e+03
module `userModules.solver' : iter = 1, scaled residual = 2.1063e-15
The Newton-Raphson solver converged in 1 iterations

*** WARNING: data set `userModules.view.history' : unknown table: `nodes/nodalHistory'

Iteration       : 52
Elapsed runtime : 4.423 seconds

New displacement factor 1.040

Starting the Newton-Raphson solver `userModules.solver' ...
module `userModules.solver' : residual scale factor = 3.6325e+03
module `userModules.solver' : iter = 1, scaled residual = 1.8307e-15
The Newton-Raphson solver converged in 1 iterations

*** WARNING: data set `userModules.view.history' : unknown table: `nodes/nodalHistory'

Iteration       : 53
Elapsed runtime : 4.440 seconds

New displacement factor 1.060

Starting the Newton-Raphson solver `userModules.solver' ...
module `userModules.solver' : residual scale factor = 3.7194e+03
module `userModules.solver' : iter = 1, scaled residual = 2.8356e-15
The Newton-Raphson solver converged in 1 iterations

*** WARNING: data set `userModules.view.history' : unknown table: `nodes/nodalHistory'

Iteration       : 54
Elapsed runtime : 4.457 seconds

New displacement factor 1.080

Starting the Newton-Raphson solver `userModules.solver' ...
module `userModules.solver' : residual scale factor = 3.8068e+03
module `userModules.solver' : iter = 1, scaled residual = 3.9781e-15
The Newton-Raphson solver converged in 1 iterations

*** WARNING: data set `userModules.view.history' : unknown table: `nodes/nodalHistory'

Iteration       : 55
Elapsed runtime : 4.473 seconds

New displacement factor 1.100

Starting the Newton-Raphson solver `userModules.solver' ...
module `userModules.solver' : residual scale factor = 3.8945e+03
module `userModules.solver' : iter = 1, scaled residual = 4.8512e-15
The Newton-Raphson solver converged in 1 iterations

*** WARNING: data set `userModules.view.history' : unknown table: `nodes/nodalHistory'

Iteration       : 56
Elapsed runtime : 4.490 seconds

New displacement factor 1.120

Starting the Newton-Raphson solver `userModules.solver' ...
module `userModules.solver' : residual scale factor = 3.9827e+03
module `userModules.solver' : iter = 1, scaled residual = 3.6431e-15
The Newton-Raphson solver converged in 1 iterations

*** WARNING: data set `userModules.view.history' : unknown table: `nodes/nodalHistory'

Iteration       : 57
Elapsed runtime : 4.506 seconds

New displacement factor 1.140

Starting the Newton-Raphson solver `userModules.solver' ...
module `userModules.solver' : residual scale factor = 4.0714e+03
module `userModules.solver' : iter = 1, scaled residual = 3.8400e-15
The Newton-Raphson solver converged in 1 iterations

*** WARNING: data set `userModules.view.history' : unknown table: `nodes/nodalHistory'

Iteration       : 58
Elapsed runtime : 4.524 seconds

New displacement factor 1.160

Starting the Newton-Raphson solver `userModules.solver' ...
module `userModules.solver' : residual scale factor = 4.1604e+03
module `userModules.solver' : iter = 1, scaled residual = 2.6907e-15
The Newton-Raphson solver converged in 1 iterations

*** WARNING: data set `userModules.view.history' : unknown table: `nodes/nodalHistory'

Iteration       : 59
Elapsed runtime : 4.540 seconds

New displacement factor 1.180

Starting the Newton-Raphson solver `userModules.solver' ...
module `userModules.solver' : residual scale factor = 4.2499e+03
module `userModules.solver' : iter = 1, scaled residual = 2.2311e-15
The Newton-Raphson solver converged in 1 iterations

*** WARNING: data set `userModules.view.history' : unknown table: `nodes/nodalHistory'

Iteration       : 60
Elapsed runtime : 4.556 seconds

New displacement factor 1.200

Starting the Newton-Raphson solver `userModules.solver' ...
module `userModules.solver' : residual scale factor = 4.3398e+03
module `userModules.solver' : iter = 1, scaled residual = 1.5622e-15
The Newton-Raphson solver converged in 1 iterations

*** WARNING: data set `userModules.view.history' : unknown table: `nodes/nodalHistory'

Iteration       : 61
Elapsed runtime : 4.573 seconds

New displacement factor 1.220

Starting the Newton-Raphson solver `userModules.solver' ...
module `userModules.solver' : residual scale factor = 4.4301e+03
module `userModules.solver' : iter = 1, scaled residual = 3.9324e-15
The Newton-Raphson solver converged in 1 iterations

*** WARNING: data set `userModules.view.history' : unknown table: `nodes/nodalHistory'

Iteration       : 62
Elapsed runtime : 4.590 seconds

New displacement factor 1.240

Starting the Newton-Raphson solver `userModules.solver' ...
module `userModules.solver' : residual scale factor = 4.5209e+03
module `userModules.solver' : iter = 1, scaled residual = 2.5780e-15
The Newton-Raphson solver converged in 1 iterations

*** WARNING: data set `userModules.view.history' : unknown table: `nodes/nodalHistory'

Iteration       : 63
Elapsed runtime : 4.606 seconds

New displacement factor 1.260

Starting the Newton-Raphson solver `userModules.solver' ...
module `userModules.solver' : residual scale factor = 4.6121e+03
module `userModules.solver' : iter = 1, scaled residual = 2.6311e-15
The Newton-Raphson solver converged in 1 iterations

*** WARNING: data set `userModules.view.history' : unknown table: `nodes/nodalHistory'

Iteration       : 64
Elapsed runtime : 4.624 seconds

New displacement factor 1.280

Starting the Newton-Raphson solver `userModules.solver' ...
module `userModules.solver' : residual scale factor = 4.7037e+03
module `userModules.solver' : iter = 1, scaled residual = 4.6819e-16
The Newton-Raphson solver converged in 1 iterations

*** WARNING: data set `userModules.view.history' : unknown table: `nodes/nodalHistory'

Iteration       : 65
Elapsed runtime : 4.640 seconds

New displacement factor 1.300

Starting the Newton-Raphson solver `userModules.solver' ...
module `userModules.solver' : residual scale factor = 4.7958e+03
module `userModules.solver' : iter = 1, scaled residual = 3.5689e-15
The Newton-Raphson solver converged in 1 iterations

*** WARNING: data set `userModules.view.history' : unknown table: `nodes/nodalHistory'

Iteration       : 66
Elapsed runtime : 4.657 seconds

New displacement factor 1.320

Starting the Newton-Raphson solver `userModules.solver' ...
module `userModules.solver' : residual scale factor = 4.8883e+03
module `userModules.solver' : iter = 1, scaled residual = 5.6820e-15
The Newton-Raphson solver converged in 1 iterations

*** WARNING: data set `userModules.view.history' : unknown table: `nodes/nodalHistory'

Iteration       : 67
Elapsed runtime : 4.673 seconds

New displacement factor 1.340

Starting the Newton-Raphson solver `userModules.solver' ...
module `userModules.solver' : residual scale factor = 4.9813e+03
module `userModules.solver' : iter = 1, scaled residual = 3.2557e-15
The Newton-Raphson solver converged in 1 iterations

*** WARNING: data set `userModules.view.history' : unknown table: `nodes/nodalHistory'

Iteration       : 68
Elapsed runtime : 4.690 seconds

New displacement factor 1.360

Starting the Newton-Raphson solver `userModules.solver' ...
module `userModules.solver' : residual scale factor = 5.0747e+03
module `userModules.solver' : iter = 1, scaled residual = 1.7680e-15
The Newton-Raphson solver converged in 1 iterations

*** WARNING: data set `userModules.view.history' : unknown table: `nodes/nodalHistory'

Iteration       : 69
Elapsed runtime : 4.707 seconds

New displacement factor 1.380

Starting the Newton-Raphson solver `userModules.solver' ...
module `userModules.solver' : residual scale factor = 5.1685e+03
module `userModules.solver' : iter = 1, scaled residual = 2.0034e-15
The Newton-Raphson solver converged in 1 iterations

*** WARNING: data set `userModules.view.history' : unknown table: `nodes/nodalHistory'

Iteration       : 70
Elapsed runtime : 4.724 seconds

New displacement factor 1.400

Starting the Newton-Raphson solver `userModules.solver' ...
module `userModules.solver' : residual scale factor = 5.2628e+03
module `userModules.solver' : iter = 1, scaled residual = 1.7777e-15
The Newton-Raphson solver converged in 1 iterations

*** WARNING: data set `userModules.view.history' : unknown table: `nodes/nodalHistory'

Iteration       : 71
Elapsed runtime : 4.740 seconds

New displacement factor 1.420

Starting the Newton-Raphson solver `userModules.solver' ...
module `userModules.solver' : residual scale factor = 5.3575e+03
module `userModules.solver' : iter = 1, scaled residual = 2.3748e-15
The Newton-Raphson solver converged in 1 iterations

*** WARNING: data set `userModules.view.history' : unknown table: `nodes/nodalHistory'

Iteration       : 72
Elapsed runtime : 4.757 seconds

New displacement factor 1.440

Starting the Newton-Raphson solver `userModules.solver' ...
module `userModules.solver' : residual scale factor = 5.4526e+03
module `userModules.solver' : iter = 1, scaled residual = 1.4831e-15
The Newton-Raphson solver converged in 1 iterations

*** WARNING: data set `userModules.view.history' : unknown table: `nodes/nodalHistory'

Iteration       : 73
Elapsed runtime : 4.773 seconds

New displacement factor 1.460

Starting the Newton-Raphson solver `userModules.solver' ...
module `userModules.solver' : residual scale factor = 5.5483e+03
module `userModules.solver' : iter = 1, scaled residual = 3.3870e-15
The Newton-Raphson solver converged in 1 iterations

*** WARNING: data set `userModules.view.history' : unknown table: `nodes/nodalHistory'

Iteration       : 74
Elapsed runtime : 4.789 seconds

New displacement factor 1.480

Starting the Newton-Raphson solver `userModules.solver' ...
module `userModules.solver' : residual scale factor = 5.6443e+03
module `userModules.solver' : iter = 1, scaled residual = 3.6194e-15
The Newton-Raphson solver converged in 1 iterations

*** WARNING: data set `userModules.view.history' : unknown table: `nodes/nodalHistory'

Iteration       : 75
Elapsed runtime : 4.806 seconds

New displacement factor 1.500

Starting the Newton-Raphson solver `userModules.solver' ...
module `userModules.solver' : residual scale factor = 5.7408e+03
module `userModules.solver' : iter = 1, scaled residual = 2.8614e-15
The Newton-Raphson solver converged in 1 iterations

*** WARNING: data set `userModules.view.history' : unknown table: `nodes/nodalHistory'

Iteration       : 76
Elapsed runtime : 4.823 seconds

New displacement factor 1.520

Starting the Newton-Raphson solver `userModules.solver' ...
module `userModules.solver' : residual scale factor = 5.8378e+03
module `userModules.solver' : iter = 1, scaled residual = 1.7480e-15
The Newton-Raphson solver converged in 1 iterations

*** WARNING: data set `userModules.view.history' : unknown table: `nodes/nodalHistory'

Iteration       : 77
Elapsed runtime : 4.840 seconds

New displacement factor 1.540

Starting the Newton-Raphson solver `userModules.solver' ...
module `userModules.solver' : residual scale factor = 5.9352e+03
module `userModules.solver' : iter = 1, scaled residual = 2.9475e-15
The Newton-Raphson solver converged in 1 iterations

*** WARNING: data set `userModules.view.history' : unknown table: `nodes/nodalHistory'

Iteration       : 78
Elapsed runtime : 4.856 seconds

New displacement factor 1.560

Starting the Newton-Raphson solver `userModules.solver' ...
module `userModules.solver' : residual scale factor = 6.0331e+03
module `userModules.solver' : iter = 1, scaled residual = 2.1476e-15
The Newton-Raphson solver converged in 1 iterations

*** WARNING: data set `userModules.view.history' : unknown table: `nodes/nodalHistory'

Iteration       : 79
Elapsed runtime : 4.873 seconds

New displacement factor 1.580

Starting the Newton-Raphson solver `userModules.solver' ...
module `userModules.solver' : residual scale factor = 6.1314e+03
module `userModules.solver' : iter = 1, scaled residual = 3.6195e-15
The Newton-Raphson solver converged in 1 iterations

*** WARNING: data set `userModules.view.history' : unknown table: `nodes/nodalHistory'

Iteration       : 80
Elapsed runtime : 4.888 seconds

New displacement factor 1.600

Starting the Newton-Raphson solver `userModules.solver' ...
module `userModules.solver' : residual scale factor = 6.2302e+03
module `userModules.solver' : iter = 1, scaled residual = 2.1503e-15
The Newton-Raphson solver converged in 1 iterations

*** WARNING: data set `userModules.view.history' : unknown table: `nodes/nodalHistory'

Iteration       : 81
Elapsed runtime : 4.905 seconds

New displacement factor 1.620

Starting the Newton-Raphson solver `userModules.solver' ...
module `userModules.solver' : residual scale factor = 6.3294e+03
module `userModules.solver' : iter = 1, scaled residual = 2.0282e-15
The Newton-Raphson solver converged in 1 iterations

*** WARNING: data set `userModules.view.history' : unknown table: `nodes/nodalHistory'

Iteration       : 82
Elapsed runtime : 4.922 seconds

New displacement factor 1.640

Starting the Newton-Raphson solver `userModules.solver' ...
module `userModules.solver' : residual scale factor = 6.4291e+03
module `userModules.solver' : iter = 1, scaled residual = 1.1159e-15
The Newton-Raphson solver converged in 1 iterations

*** WARNING: data set `userModules.view.history' : unknown table: `nodes/nodalHistory'

Iteration       : 83
Elapsed runtime : 4.939 seconds

New displacement factor 1.660

Starting the Newton-Raphson solver `userModules.solver' ...
module `userModules.solver' : residual scale factor = 6.5293e+03
module `userModules.solver' : iter = 1, scaled residual = 2.0539e-15
The Newton-Raphson solver converged in 1 iterations

*** WARNING: data set `userModules.view.history' : unknown table: `nodes/nodalHistory'

Iteration       : 84
Elapsed runtime : 4.955 seconds

New displacement factor 1.680

Starting the Newton-Raphson solver `userModules.solver' ...
module `userModules.solver' : residual scale factor = 6.6299e+03
module `userModules.solver' : iter = 1, scaled residual = 1.5662e-15
The Newton-Raphson solver converged in 1 iterations

*** WARNING: data set `userModules.view.history' : unknown table: `nodes/nodalHistory'

Iteration       : 85
Elapsed runtime : 4.972 seconds

New displacement factor 1.700

Starting the Newton-Raphson solver `userModules.solver' ...
module `userModules.solver' : residual scale factor = 6.7310e+03
module `userModules.solver' : iter = 1, scaled residual = 3.4288e-15
The Newton-Raphson solver converged in 1 iterations

*** WARNING: data set `userModules.view.history' : unknown table: `nodes/nodalHistory'

Iteration       : 86
Elapsed runtime : 4.988 seconds

New displacement factor 1.720

Starting the Newton-Raphson solver `userModules.solver' ...
module `userModules.solver' : residual scale factor = 6.8325e+03
module `userModules.solver' : iter = 1, scaled residual = 3.6158e-15
The Newton-Raphson solver converged in 1 iterations

*** WARNING: data set `userModules.view.history' : unknown table: `nodes/nodalHistory'

Iteration       : 87
Elapsed runtime : 5.005 seconds

New displacement factor 1.740

Starting the Newton-Raphson solver `userModules.solver' ...
module `userModules.solver' : residual scale factor = 6.9345e+03
module `userModules.solver' : iter = 1, scaled residual = 3.2025e-15
The Newton-Raphson solver converged in 1 iterations

*** WARNING: data set `userModules.view.history' : unknown table: `nodes/nodalHistory'

Iteration       : 88
Elapsed runtime : 5.022 seconds

New displacement factor 1.760

Starting the Newton-Raphson solver `userModules.solver' ...
module `userModules.solver' : residual scale factor = 7.0370e+03
module `userModules.solver' : iter = 1, scaled residual = 2.6450e-15
The Newton-Raphson solver converged in 1 iterations

*** WARNING: data set `userModules.view.history' : unknown table: `nodes/nodalHistory'

Iteration       : 89
Elapsed runtime : 5.039 seconds

New displacement factor 1.780

Starting the Newton-Raphson solver `userModules.solver' ...
module `userModules.solver' : residual scale factor = 7.1400e+03
module `userModules.solver' : iter = 1, scaled residual = 3.1554e-15
The Newton-Raphson solver converged in 1 iterations

*** WARNING: data set `userModules.view.history' : unknown table: `nodes/nodalHistory'

Iteration       : 90
Elapsed runtime : 5.056 seconds

New displacement factor 1.800

Starting the Newton-Raphson solver `userModules.solver' ...
module `userModules.solver' : residual scale factor = 7.2434e+03
module `userModules.solver' : iter = 1, scaled residual = 1.9550e-15
The Newton-Raphson solver converged in 1 iterations

*** WARNING: data set `userModules.view.history' : unknown table: `nodes/nodalHistory'

Iteration       : 91
Elapsed runtime : 5.072 seconds

New displacement factor 1.820

Starting the Newton-Raphson solver `userModules.solver' ...
module `userModules.solver' : residual scale factor = 7.3473e+03
module `userModules.solver' : iter = 1, scaled residual = 2.2037e-15
The Newton-Raphson solver converged in 1 iterations

*** WARNING: data set `userModules.view.history' : unknown table: `nodes/nodalHistory'

Iteration       : 92
Elapsed runtime : 5.089 seconds

New displacement factor 1.840

Starting the Newton-Raphson solver `userModules.solver' ...
module `userModules.solver' : residual scale factor = 7.4517e+03
module `userModules.solver' : iter = 1, scaled residual = 1.7894e-15
The Newton-Raphson solver converged in 1 iterations

*** WARNING: data set `userModules.view.history' : unknown table: `nodes/nodalHistory'

Iteration       : 93
Elapsed runtime : 5.106 seconds

New displacement factor 1.860

Starting the Newton-Raphson solver `userModules.solver' ...
module `userModules.solver' : residual scale factor = 7.5566e+03
module `userModules.solver' : iter = 1, scaled residual = 2.2391e-15
The Newton-Raphson solver converged in 1 iterations

*** WARNING: data set `userModules.view.history' : unknown table: `nodes/nodalHistory'

Iteration       : 94
Elapsed runtime : 5.123 seconds

New displacement factor 1.880

Starting the Newton-Raphson solver `userModules.solver' ...
module `userModules.solver' : residual scale factor = 7.6619e+03
module `userModules.solver' : iter = 1, scaled residual = 2.8517e-15
The Newton-Raphson solver converged in 1 iterations

*** WARNING: data set `userModules.view.history' : unknown table: `nodes/nodalHistory'

Iteration       : 95
Elapsed runtime : 5.139 seconds

New displacement factor 1.900

Starting the Newton-Raphson solver `userModules.solver' ...
module `userModules.solver' : residual scale factor = 7.7677e+03
module `userModules.solver' : iter = 1, scaled residual = 2.4412e-15
The Newton-Raphson solver converged in 1 iterations

*** WARNING: data set `userModules.view.history' : unknown table: `nodes/nodalHistory'

Iteration       : 96
Elapsed runtime : 5.156 seconds

New displacement factor 1.920

Starting the Newton-Raphson solver `userModules.solver' ...
module `userModules.solver' : residual scale factor = 7.8740e+03
module `userModules.solver' : iter = 1, scaled residual = 6.9076e-16
The Newton-Raphson solver converged in 1 iterations

*** WARNING: data set `userModules.view.history' : unknown table: `nodes/nodalHistory'

Iteration       : 97
Elapsed runtime : 5.173 seconds

New displacement factor 1.940

Starting the Newton-Raphson solver `userModules.solver' ...
module `userModules.solver' : residual scale factor = 7.9808e+03
module `userModules.solver' : iter = 1, scaled residual = 2.3264e-15
The Newton-Raphson solver converged in 1 iterations

*** WARNING: data set `userModules.view.history' : unknown table: `nodes/nodalHistory'

Iteration       : 98
Elapsed runtime : 5.189 seconds

New displacement factor 1.960

Starting the Newton-Raphson solver `userModules.solver' ...
module `userModules.solver' : residual scale factor = 8.0881e+03
module `userModules.solver' : iter = 1, scaled residual = 3.1166e-15
The Newton-Raphson solver converged in 1 iterations

*** WARNING: data set `userModules.view.history' : unknown table: `nodes/nodalHistory'

Iteration       : 99
Elapsed runtime : 5.206 seconds

New displacement factor 1.980

Starting the Newton-Raphson solver `userModules.solver' ...
module `userModules.solver' : residual scale factor = 8.1958e+03
module `userModules.solver' : iter = 1, scaled residual = 1.7530e-15
The Newton-Raphson solver converged in 1 iterations

*** WARNING: data set `userModules.view.history' : unknown table: `nodes/nodalHistory'

Iteration       : 100
Elapsed runtime : 5.223 seconds

New displacement factor 2.000

Starting the Newton-Raphson solver `userModules.solver' ...
module `userModules.solver' : residual scale factor = 8.3041e+03
module `userModules.solver' : iter = 1, scaled residual = 8.4834e-16
The Newton-Raphson solver converged in 1 iterations

*** WARNING: data set `userModules.view.history' : unknown table: `nodes/nodalHistory'

Iteration       : 101
Elapsed runtime : 6.914 seconds

New displacement factor 2.020

Starting the Newton-Raphson solver `userModules.solver' ...
module `userModules.solver' : residual scale factor = 8.4128e+03
module `userModules.solver' : iter = 1, scaled residual = 1.6350e-15
The Newton-Raphson solver converged in 1 iterations

*** WARNING: data set `userModules.view.history' : unknown table: `nodes/nodalHistory'

Iteration       : 102
Elapsed runtime : 6.943 seconds

New displacement factor 2.040

Starting the Newton-Raphson solver `userModules.solver' ...
module `userModules.solver' : residual scale factor = 8.5220e+03
module `userModules.solver' : iter = 1, scaled residual = 2.8903e-15
The Newton-Raphson solver converged in 1 iterations

*** WARNING: data set `userModules.view.history' : unknown table: `nodes/nodalHistory'

Iteration       : 103
Elapsed runtime : 6.957 seconds

New displacement factor 2.060

Starting the Newton-Raphson solver `userModules.solver' ...
module `userModules.solver' : residual scale factor = 8.6317e+03
module `userModules.solver' : iter = 1, scaled residual = 2.0527e-15
The Newton-Raphson solver converged in 1 iterations

*** WARNING: data set `userModules.view.history' : unknown table: `nodes/nodalHistory'

Iteration       : 104
Elapsed runtime : 6.965 seconds

New displacement factor 2.080

Starting the Newton-Raphson solver `userModules.solver' ...
module `userModules.solver' : residual scale factor = 8.7420e+03
module `userModules.solver' : iter = 1, scaled residual = 2.1963e-15
The Newton-Raphson solver converged in 1 iterations

*** WARNING: data set `userModules.view.history' : unknown table: `nodes/nodalHistory'

Iteration       : 105
Elapsed runtime : 6.972 seconds

New displacement factor 2.100

Starting the Newton-Raphson solver `userModules.solver' ...
module `userModules.solver' : residual scale factor = 8.8527e+03
module `userModules.solver' : iter = 1, scaled residual = 1.6849e-15
The Newton-Raphson solver converged in 1 iterations

*** WARNING: data set `userModules.view.history' : unknown table: `nodes/nodalHistory'

Iteration       : 106
Elapsed runtime : 6.977 seconds

New displacement factor 2.120

Starting the Newton-Raphson solver `userModules.solver' ...
module `userModules.solver' : residual scale factor = 8.9639e+03
module `userModules.solver' : iter = 1, scaled residual = 8.7595e-16
The Newton-Raphson solver converged in 1 iterations

*** WARNING: data set `userModules.view.history' : unknown table: `nodes/nodalHistory'

Iteration       : 107
Elapsed runtime : 6.988 seconds

New displacement factor 2.140

Starting the Newton-Raphson solver `userModules.solver' ...
module `userModules.solver' : residual scale factor = 9.0756e+03
module `userModules.solver' : iter = 1, scaled residual = 1.8521e-15
The Newton-Raphson solver converged in 1 iterations

*** WARNING: data set `userModules.view.history' : unknown table: `nodes/nodalHistory'

Iteration       : 108
Elapsed runtime : 7.013 seconds

New displacement factor 2.160

Starting the Newton-Raphson solver `userModules.solver' ...
module `userModules.solver' : residual scale factor = 9.1878e+03
module `userModules.solver' : iter = 1, scaled residual = 2.9655e-16
The Newton-Raphson solver converged in 1 iterations

*** WARNING: data set `userModules.view.history' : unknown table: `nodes/nodalHistory'

Iteration       : 109
Elapsed runtime : 7.035 seconds

New displacement factor 2.180

Starting the Newton-Raphson solver `userModules.solver' ...
module `userModules.solver' : residual scale factor = 9.3005e+03
module `userModules.solver' : iter = 1, scaled residual = 1.9714e-15
The Newton-Raphson solver converged in 1 iterations

*** WARNING: data set `userModules.view.history' : unknown table: `nodes/nodalHistory'

Iteration       : 110
Elapsed runtime : 7.047 seconds

New displacement factor 2.200

Starting the Newton-Raphson solver `userModules.solver' ...
module `userModules.solver' : residual scale factor = 9.4137e+03
module `userModules.solver' : iter = 1, scaled residual = 2.7932e-15
The Newton-Raphson solver converged in 1 iterations

*** WARNING: data set `userModules.view.history' : unknown table: `nodes/nodalHistory'

Iteration       : 111
Elapsed runtime : 8.690 seconds

New displacement factor 2.220

Starting the Newton-Raphson solver `userModules.solver' ...
module `userModules.solver' : residual scale factor = 9.5275e+03
module `userModules.solver' : iter = 1, scaled residual = 1.8593e-15
The Newton-Raphson solver converged in 1 iterations

*** WARNING: data set `userModules.view.history' : unknown table: `nodes/nodalHistory'

Iteration       : 112
Elapsed runtime : 8.715 seconds

New displacement factor 2.240

Starting the Newton-Raphson solver `userModules.solver' ...
module `userModules.solver' : residual scale factor = 9.6417e+03
module `userModules.solver' : iter = 1, scaled residual = 2.0305e-15
The Newton-Raphson solver converged in 1 iterations

*** WARNING: data set `userModules.view.history' : unknown table: `nodes/nodalHistory'

Iteration       : 113
Elapsed runtime : 8.732 seconds

New displacement factor 2.260

Starting the Newton-Raphson solver `userModules.solver' ...
module `userModules.solver' : residual scale factor = 9.7564e+03
module `userModules.solver' : iter = 1, scaled residual = 2.0232e-15
The Newton-Raphson solver converged in 1 iterations

*** WARNING: data set `userModules.view.history' : unknown table: `nodes/nodalHistory'

Iteration       : 114
Elapsed runtime : 8.750 seconds

New displacement factor 2.280

Starting the Newton-Raphson solver `userModules.solver' ...
module `userModules.solver' : residual scale factor = 9.8717e+03
module `userModules.solver' : iter = 1, scaled residual = 1.8023e-15
The Newton-Raphson solver converged in 1 iterations

*** WARNING: data set `userModules.view.history' : unknown table: `nodes/nodalHistory'

Iteration       : 115
Elapsed runtime : 8.764 seconds

New displacement factor 2.300

Starting the Newton-Raphson solver `userModules.solver' ...
module `userModules.solver' : residual scale factor = 9.9875e+03
module `userModules.solver' : iter = 1, scaled residual = 1.4231e-15
The Newton-Raphson solver converged in 1 iterations

*** WARNING: data set `userModules.view.history' : unknown table: `nodes/nodalHistory'

Iteration       : 116
Elapsed runtime : 8.772 seconds

New displacement factor 2.320

Starting the Newton-Raphson solver `userModules.solver' ...
module `userModules.solver' : residual scale factor = 1.0104e+04
module `userModules.solver' : iter = 1, scaled residual = 1.9717e-15
The Newton-Raphson solver converged in 1 iterations

*** WARNING: data set `userModules.view.history' : unknown table: `nodes/nodalHistory'

Iteration       : 117
Elapsed runtime : 8.778 seconds

New displacement factor 2.340

Starting the Newton-Raphson solver `userModules.solver' ...
module `userModules.solver' : residual scale factor = 1.0221e+04
module `userModules.solver' : iter = 1, scaled residual = 2.6108e-15
The Newton-Raphson solver converged in 1 iterations

*** WARNING: data set `userModules.view.history' : unknown table: `nodes/nodalHistory'

Iteration       : 118
Elapsed runtime : 8.784 seconds

New displacement factor 2.360

Starting the Newton-Raphson solver `userModules.solver' ...
module `userModules.solver' : residual scale factor = 1.0338e+04
module `userModules.solver' : iter = 1, scaled residual = 2.8744e-15
The Newton-Raphson solver converged in 1 iterations

*** WARNING: data set `userModules.view.history' : unknown table: `nodes/nodalHistory'

Iteration       : 119
Elapsed runtime : 8.789 seconds

New displacement factor 2.380

Starting the Newton-Raphson solver `userModules.solver' ...
module `userModules.solver' : residual scale factor = 1.0456e+04
module `userModules.solver' : iter = 1, scaled residual = 2.6639e-15
The Newton-Raphson solver converged in 1 iterations

*** WARNING: data set `userModules.view.history' : unknown table: `nodes/nodalHistory'

Iteration       : 120
Elapsed runtime : 8.804 seconds

New displacement factor 2.400

Starting the Newton-Raphson solver `userModules.solver' ...
module `userModules.solver' : residual scale factor = 1.0574e+04
module `userModules.solver' : iter = 1, scaled residual = 1.7993e-15
The Newton-Raphson solver converged in 1 iterations

*** WARNING: data set `userModules.view.history' : unknown table: `nodes/nodalHistory'

Iteration       : 121
Elapsed runtime : 10.02 seconds

New displacement factor 2.420

Starting the Newton-Raphson solver `userModules.solver' ...
module `userModules.solver' : residual scale factor = 1.0693e+04
module `userModules.solver' : iter = 1, scaled residual = 1.6689e-15
The Newton-Raphson solver converged in 1 iterations

*** WARNING: data set `userModules.view.history' : unknown table: `nodes/nodalHistory'

Iteration       : 122
Elapsed runtime : 10.04 seconds

New displacement factor 2.440

Starting the Newton-Raphson solver `userModules.solver' ...
module `userModules.solver' : residual scale factor = 1.0813e+04
module `userModules.solver' : iter = 1, scaled residual = 3.0040e-15
The Newton-Raphson solver converged in 1 iterations

*** WARNING: data set `userModules.view.history' : unknown table: `nodes/nodalHistory'

Iteration       : 123
Elapsed runtime : 10.06 seconds

New displacement factor 2.460

Starting the Newton-Raphson solver `userModules.solver' ...
module `userModules.solver' : residual scale factor = 1.0932e+04
module `userModules.solver' : iter = 1, scaled residual = 8.1438e-16
The Newton-Raphson solver converged in 1 iterations

*** WARNING: data set `userModules.view.history' : unknown table: `nodes/nodalHistory'

Iteration       : 124
Elapsed runtime : 10.07 seconds

New displacement factor 2.480

Starting the Newton-Raphson solver `userModules.solver' ...
module `userModules.solver' : residual scale factor = 1.1053e+04
module `userModules.solver' : iter = 1, scaled residual = 2.8961e-16
The Newton-Raphson solver converged in 1 iterations

*** WARNING: data set `userModules.view.history' : unknown table: `nodes/nodalHistory'

Iteration       : 125
Elapsed runtime : 10.08 seconds

New displacement factor 2.500

Starting the Newton-Raphson solver `userModules.solver' ...
module `userModules.solver' : residual scale factor = 1.1174e+04
module `userModules.solver' : iter = 1, scaled residual = 1.7790e-15
The Newton-Raphson solver converged in 1 iterations

*** WARNING: data set `userModules.view.history' : unknown table: `nodes/nodalHistory'

Iteration       : 126
Elapsed runtime : 10.08 seconds

New displacement factor 2.520

Starting the Newton-Raphson solver `userModules.solver' ...
module `userModules.solver' : residual scale factor = 1.1296e+04
module `userModules.solver' : iter = 1, scaled residual = 1.8984e-15
The Newton-Raphson solver converged in 1 iterations

*** WARNING: data set `userModules.view.history' : unknown table: `nodes/nodalHistory'

Iteration       : 127
Elapsed runtime : 10.09 seconds

New displacement factor 2.540

Starting the Newton-Raphson solver `userModules.solver' ...
module `userModules.solver' : residual scale factor = 1.1418e+04
module `userModules.solver' : iter = 1, scaled residual = 2.0778e-15
The Newton-Raphson solver converged in 1 iterations

*** WARNING: data set `userModules.view.history' : unknown table: `nodes/nodalHistory'

Iteration       : 128
Elapsed runtime : 10.10 seconds

New displacement factor 2.560

Starting the Newton-Raphson solver `userModules.solver' ...
module `userModules.solver' : residual scale factor = 1.1540e+04
module `userModules.solver' : iter = 1, scaled residual = 1.8818e-15
The Newton-Raphson solver converged in 1 iterations

*** WARNING: data set `userModules.view.history' : unknown table: `nodes/nodalHistory'

Iteration       : 129
Elapsed runtime : 10.12 seconds

New displacement factor 2.580

Starting the Newton-Raphson solver `userModules.solver' ...
module `userModules.solver' : residual scale factor = 1.1664e+04
module `userModules.solver' : iter = 1, scaled residual = 1.7601e-15
The Newton-Raphson solver converged in 1 iterations

*** WARNING: data set `userModules.view.history' : unknown table: `nodes/nodalHistory'

Iteration       : 130
Elapsed runtime : 10.14 seconds

New displacement factor 2.600

Starting the Newton-Raphson solver `userModules.solver' ...
module `userModules.solver' : residual scale factor = 1.1787e+04
module `userModules.solver' : iter = 1, scaled residual = 1.8455e-15
The Newton-Raphson solver converged in 1 iterations

*** WARNING: data set `userModules.view.history' : unknown table: `nodes/nodalHistory'

Iteration       : 131
Elapsed runtime : 11.50 seconds

New displacement factor 2.620

Starting the Newton-Raphson solver `userModules.solver' ...
module `userModules.solver' : residual scale factor = 1.1912e+04
module `userModules.solver' : iter = 1, scaled residual = 2.8071e-15
The Newton-Raphson solver converged in 1 iterations

*** WARNING: data set `userModules.view.history' : unknown table: `nodes/nodalHistory'

Iteration       : 132
Elapsed runtime : 11.53 seconds

New displacement factor 2.640

Starting the Newton-Raphson solver `userModules.solver' ...
module `userModules.solver' : residual scale factor = 1.2036e+04
module `userModules.solver' : iter = 1, scaled residual = 3.1163e-15
The Newton-Raphson solver converged in 1 iterations

*** WARNING: data set `userModules.view.history' : unknown table: `nodes/nodalHistory'

Iteration       : 133
Elapsed runtime : 11.55 seconds

New displacement factor 2.660

Starting the Newton-Raphson solver `userModules.solver' ...
module `userModules.solver' : residual scale factor = 1.2162e+04
module `userModules.solver' : iter = 1, scaled residual = 5.7153e-03
module `userModules.solver' : iter = 2, scaled residual = 3.3177e-03
module `userModules.solver' : iter = 3, scaled residual = 2.3375e-03
module `userModules.solver' : iter = 4, scaled residual = 1.4689e-03
module `userModules.solver' : iter = 5, scaled residual = 1.0404e-03
module `userModules.solver' : iter = 6, scaled residual = 6.5697e-04
The Newton-Raphson solver converged in 6 iterations

*** WARNING: data set `userModules.view.history' : unknown table: `nodes/nodalHistory'

Iteration       : 134
Elapsed runtime : 11.56 seconds

New displacement factor 2.680

Starting the Newton-Raphson solver `userModules.solver' ...
module `userModules.solver' : residual scale factor = 1.2094e+04
module `userModules.solver' : iter = 1, scaled residual = 5.9791e-03
module `userModules.solver' : iter = 2, scaled residual = 4.5225e-03
module `userModules.solver' : iter = 3, scaled residual = 2.8135e-03
module `userModules.solver' : iter = 4, scaled residual = 2.0946e-03
module `userModules.solver' : iter = 5, scaled residual = 1.3325e-03
module `userModules.solver' : iter = 6, scaled residual = 1.0111e-03
module `userModules.solver' : iter = 7, scaled residual = 6.5243e-04
The Newton-Raphson solver converged in 7 iterations

*** WARNING: data set `userModules.view.history' : unknown table: `nodes/nodalHistory'

Iteration       : 135
Elapsed runtime : 11.58 seconds

New displacement factor 2.700

Starting the Newton-Raphson solver `userModules.solver' ...
module `userModules.solver' : residual scale factor = 1.2107e+04
module `userModules.solver' : iter = 1, scaled residual = 6.1117e-03
module `userModules.solver' : iter = 2, scaled residual = 4.7992e-03
module `userModules.solver' : iter = 3, scaled residual = 3.0466e-03
module `userModules.solver' : iter = 4, scaled residual = 2.3463e-03
module `userModules.solver' : iter = 5, scaled residual = 1.5292e-03
module `userModules.solver' : iter = 6, scaled residual = 1.1897e-03
module `userModules.solver' : iter = 7, scaled residual = 7.8724e-04
The Newton-Raphson solver converged in 7 iterations

*** WARNING: data set `userModules.view.history' : unknown table: `nodes/nodalHistory'

Iteration       : 136
Elapsed runtime : 11.60 seconds

New displacement factor 2.720

Starting the Newton-Raphson solver `userModules.solver' ...
module `userModules.solver' : residual scale factor = 1.2109e+04
module `userModules.solver' : iter = 1, scaled residual = 6.2171e-03
module `userModules.solver' : iter = 2, scaled residual = 5.1151e-03
module `userModules.solver' : iter = 3, scaled residual = 3.3436e-03
module `userModules.solver' : iter = 4, scaled residual = 2.6884e-03
module `userModules.solver' : iter = 5, scaled residual = 1.8096e-03
module `userModules.solver' : iter = 6, scaled residual = 1.4485e-03
module `userModules.solver' : iter = 7, scaled residual = 9.8844e-04
The Newton-Raphson solver converged in 7 iterations

*** WARNING: data set `userModules.view.history' : unknown table: `nodes/nodalHistory'

Iteration       : 137
Elapsed runtime : 11.61 seconds

New displacement factor 2.740

Starting the Newton-Raphson solver `userModules.solver' ...
module `userModules.solver' : residual scale factor = 1.2100e+04
module `userModules.solver' : iter = 1, scaled residual = 6.3627e-03
module `userModules.solver' : iter = 2, scaled residual = 5.6069e-03
module `userModules.solver' : iter = 3, scaled residual = 3.8040e-03
module `userModules.solver' : iter = 4, scaled residual = 3.2769e-03
module `userModules.solver' : iter = 5, scaled residual = 2.2967e-03
module `userModules.solver' : iter = 6, scaled residual = 1.9395e-03
module `userModules.solver' : iter = 7, scaled residual = 1.3823e-03
module `userModules.solver' : iter = 8, scaled residual = 1.1598e-03
module `userModules.solver' : iter = 9, scaled residual = 8.3321e-04
The Newton-Raphson solver converged in 9 iterations

*** WARNING: data set `userModules.view.history' : unknown table: `nodes/nodalHistory'

Iteration       : 138
Elapsed runtime : 11.63 seconds

New displacement factor 2.760

Starting the Newton-Raphson solver `userModules.solver' ...
module `userModules.solver' : residual scale factor = 1.2085e+04
module `userModules.solver' : iter = 1, scaled residual = 6.7527e-03
module `userModules.solver' : iter = 2, scaled residual = 6.6600e-03
module `userModules.solver' : iter = 3, scaled residual = 4.6846e-03
module `userModules.solver' : iter = 4, scaled residual = 4.5480e-03
module `userModules.solver' : iter = 5, scaled residual = 3.3172e-03
module `userModules.solver' : iter = 6, scaled residual = 3.1191e-03
module `userModules.solver' : iter = 7, scaled residual = 2.3381e-03
module `userModules.solver' : iter = 8, scaled residual = 2.1408e-03
module `userModules.solver' : iter = 9, scaled residual = 1.6357e-03
module `userModules.solver' : iter = 10, scaled residual = 1.4689e-03
module `userModules.solver' : iter = 11, scaled residual = 1.1366e-03
module `userModules.solver' : iter = 12, scaled residual = 1.0074e-03
module `userModules.solver' : iter = 13, scaled residual = 7.8567e-04
The Newton-Raphson solver converged in 13 iterations

*** WARNING: data set `userModules.view.history' : unknown table: `nodes/nodalHistory'

Iteration       : 139
Elapsed runtime : 11.66 seconds

New displacement factor 2.780

Starting the Newton-Raphson solver `userModules.solver' ...
module `userModules.solver' : residual scale factor = 1.2052e+04
module `userModules.solver' : iter = 1, scaled residual = 7.2463e-03
module `userModules.solver' : iter = 2, scaled residual = 8.6110e-03
module `userModules.solver' : iter = 3, scaled residual = 6.1874e-03
module `userModules.solver' : iter = 4, scaled residual = 7.5330e-03
module `userModules.solver' : iter = 5, scaled residual = 5.4958e-03
module `userModules.solver' : iter = 6, scaled residual = 6.5645e-03
module `userModules.solver' : iter = 7, scaled residual = 4.9014e-03
module `userModules.solver' : iter = 8, scaled residual = 5.7076e-03
module `userModules.solver' : iter = 9, scaled residual = 4.3648e-03
module `userModules.solver' : iter = 10, scaled residual = 4.9568e-03
module `userModules.solver' : iter = 11, scaled residual = 3.8771e-03
module `userModules.solver' : iter = 12, scaled residual = 4.3020e-03
module `userModules.solver' : iter = 13, scaled residual = 3.4348e-03
module `userModules.solver' : iter = 14, scaled residual = 3.7324e-03
module `userModules.solver' : iter = 15, scaled residual = 3.0355e-03
module `userModules.solver' : iter = 16, scaled residual = 3.2376e-03
module `userModules.solver' : iter = 17, scaled residual = 2.6768e-03
module `userModules.solver' : iter = 18, scaled residual = 2.8081e-03
module `userModules.solver' : iter = 19, scaled residual = 2.3560e-03
module `userModules.solver' : iter = 20, scaled residual = 2.4356e-03
module `userModules.solver' : iter = 21, scaled residual = 2.0701e-03
module `userModules.solver' : iter = 22, scaled residual = 2.1127e-03
module `userModules.solver' : iter = 23, scaled residual = 1.8163e-03
module `userModules.solver' : iter = 24, scaled residual = 1.8327e-03
module `userModules.solver' : iter = 25, scaled residual = 1.5916e-03
module `userModules.solver' : iter = 26, scaled residual = 1.5901e-03
module `userModules.solver' : iter = 27, scaled residual = 1.3932e-03
module `userModules.solver' : iter = 28, scaled residual = 1.3798e-03
module `userModules.solver' : iter = 29, scaled residual = 1.2184e-03
module `userModules.solver' : iter = 30, scaled residual = 1.1975e-03
module `userModules.solver' : iter = 31, scaled residual = 1.0647e-03
module `userModules.solver' : iter = 32, scaled residual = 1.0394e-03
module `userModules.solver' : iter = 33, scaled residual = 9.2971e-04
The Newton-Raphson solver converged in 33 iterations

*** WARNING: data set `userModules.view.history' : unknown table: `nodes/nodalHistory'

Iteration       : 140
Elapsed runtime : 11.72 seconds

New displacement factor 2.800

Starting the Newton-Raphson solver `userModules.solver' ...
module `userModules.solver' : residual scale factor = 1.1997e+04
module `userModules.solver' : iter = 1, scaled residual = 7.9478e-03
module `userModules.solver' : iter = 2, scaled residual = 3.4989e-02
module `userModules.solver' : iter = 3, scaled residual = 9.9296e-03
module `userModules.solver' : iter = 4, scaled residual = 7.4869e-03
module `userModules.solver' : iter = 5, scaled residual = 2.9277e-02
module `userModules.solver' : iter = 6, scaled residual = 9.8291e-03
module `userModules.solver' : iter = 7, scaled residual = 7.4044e-03
module `userModules.solver' : iter = 8, scaled residual = 2.8724e-02
module `userModules.solver' : iter = 9, scaled residual = 9.7665e-03
module `userModules.solver' : iter = 10, scaled residual = 7.3617e-03
module `userModules.solver' : iter = 11, scaled residual = 2.8134e-02
module `userModules.solver' : iter = 12, scaled residual = 9.7206e-03
module `userModules.solver' : iter = 13, scaled residual = 7.3343e-03
module `userModules.solver' : iter = 14, scaled residual = 2.7752e-02
module `userModules.solver' : iter = 15, scaled residual = 9.6836e-03
module `userModules.solver' : iter = 16, scaled residual = 7.3138e-03
module `userModules.solver' : iter = 17, scaled residual = 2.7479e-02
module `userModules.solver' : iter = 18, scaled residual = 9.6524e-03
module `userModules.solver' : iter = 19, scaled residual = 7.2974e-03
module `userModules.solver' : iter = 20, scaled residual = 2.7279e-02
module `userModules.solver' : iter = 21, scaled residual = 9.6248e-03
module `userModules.solver' : iter = 22, scaled residual = 7.2835e-03
module `userModules.solver' : iter = 23, scaled residual = 2.7126e-02
module `userModules.solver' : iter = 24, scaled residual = 9.5998e-03
module `userModules.solver' : iter = 25, scaled residual = 7.2714e-03
module `userModules.solver' : iter = 26, scaled residual = 2.7005e-02
module `userModules.solver' : iter = 27, scaled residual = 9.5764e-03
module `userModules.solver' : iter = 28, scaled residual = 7.2604e-03
module `userModules.solver' : iter = 29, scaled residual = 2.6904e-02
module `userModules.solver' : iter = 30, scaled residual = 9.5542e-03
module `userModules.solver' : iter = 31, scaled residual = 7.2501e-03
module `userModules.solver' : iter = 32, scaled residual = 2.6818e-02
module `userModules.solver' : iter = 33, scaled residual = 9.5327e-03
module `userModules.solver' : iter = 34, scaled residual = 7.2404e-03
module `userModules.solver' : iter = 35, scaled residual = 2.6741e-02
module `userModules.solver' : iter = 36, scaled residual = 9.5119e-03
module `userModules.solver' : iter = 37, scaled residual = 7.2310e-03
module `userModules.solver' : iter = 38, scaled residual = 2.6670e-02
module `userModules.solver' : iter = 39, scaled residual = 9.4914e-03
module `userModules.solver' : iter = 40, scaled residual = 7.2219e-03
module `userModules.solver' : iter = 41, scaled residual = 2.6603e-02
module `userModules.solver' : iter = 42, scaled residual = 9.4712e-03
module `userModules.solver' : iter = 43, scaled residual = 7.2129e-03
module `userModules.solver' : iter = 44, scaled residual = 2.6540e-02
module `userModules.solver' : iter = 45, scaled residual = 9.4512e-03
module `userModules.solver' : iter = 46, scaled residual = 7.2040e-03
module `userModules.solver' : iter = 47, scaled residual = 2.6478e-02
module `userModules.solver' : iter = 48, scaled residual = 9.4314e-03
module `userModules.solver' : iter = 49, scaled residual = 7.1952e-03
module `userModules.solver' : iter = 50, scaled residual = 2.6418e-02
module `userModules.solver' : iter = 51, scaled residual = 9.4117e-03

*** ERROR: Fatal runtime error

*** ERROR:   Type    : jem::Exception
*** ERROR:   Context : module `userModules.solver'
*** ERROR:   Message : no convergence achieved in 51 iterations; final residual: 9.411711e-03

*** ERROR: Stack trace:

*** ERROR:   ../src/feel(_ZN4jive7implict12NonlinModule5solveERKN3jem4util10PropertiesES6_+0x429)
*** ERROR:   [0x55687c79c5e1]
*** ERROR:   ../src/feel(_ZN4jive7implict12SolverModule3runERKN3jem4util10PropertiesE+0x4c) [0x55687c7a7ea8]
*** ERROR:   ../src/feel(_ZN4jive3app14UserconfModule3runERKN3jem4util10PropertiesE+0x116) [0x55687ca176f8]
*** ERROR:   ../src/feel(_ZN4jive3app11ChainModule3runERKN3jem4util10PropertiesE+0x155) [0x55687c9ef911]
*** ERROR:   ../src/feel(_ZN4jive3app12ReportModule3runERKN3jem4util10PropertiesE+0x41) [0x55687ca0f885]
*** ERROR:   ../src/feel(_ZN4jive3app11Application7runLoopERN3jem6StringERNS0_6ModuleERKNS2_4util10PropertiesESA_SA_+0xd7)
*** ERROR:   [0x55687c9e94bb]
*** ERROR:   ../src/feel(_ZN4jive3app11Application4execEiPPcPFN3jem3RefINS0_6ModuleEEEvE+0xc4b)
*** ERROR:   [0x55687c9ed3f9]
*** ERROR:   ../src/feel(main+0x27) [0x55687c6d17ea]
*** ERROR:   /lib/x86_64-linux-gnu/libc.so.6(__libc_start_main+0xe7) [0x7ff5b4739b97]
*** ERROR:   ../src/feel(_start+0x2a) [0x55687c6c295a]

