Log file created on Mon Mar 30 01:10:09 CEST 2020.

Reading data from `bar.mesh' ...

  bar.mesh, line 1: reading tag `Nodes' ...
  bar.mesh, line 14: done reading tag `Nodes'
  bar.mesh, line 16: reading tag `Elements' ...
  bar.mesh, line 22: done reading tag `Elements'
  bar.mesh, line 24: reading tag `ElementGroup' ...
  bar.mesh, line 26: done reading tag `ElementGroup'
  bar.mesh, line 28: reading tag `ElementGroup' ...
  bar.mesh, line 30: done reading tag `ElementGroup'

 ...Created NodeGroup `right' with 2 nodes.
 ...Created NodeGroup `left' with 2 nodes.
 ...Created NodeGroup `lbot' with 1 nodes.

Created a new model named `model'.

Data summary:

  nodes ......................................... 12
  node dofs ..................................... 24
  node groups ................................... 5
  node tables ................................... 0
  node data bases ............................... 0
  elements ...................................... 5
  element groups ................................ 4
  element tables ................................ 0
  element data bases ............................ 0
  boundaries .................................... 0
  boundary groups ............................... 2
  boundary tables ............................... 0
  boundary data bases ........................... 0
  functions ..................................... 0

userModules.view : loaded configuration data from `specimen.view'
userModules.view.mesh : building graphics mesh ...
userModules.view.mesh : ready; graphics mesh contains:

  vertices  ...... 17
  faces     ...... 5
  triangles ...... 20
  lines     ...... 0
  edges     ...... 16

*** WARNING: module `userModules.view' : unsupported image type: `png'; supported type is `ppm'
*** WARNING: module `userModules.view' : snapshot files will be saved in PPM format

Application configuration data:

  log	=
  {
    file	= "-specimen.log";
    rank	= 0;
    pattern	= "*.info";
    logPrefix	= "";
    outPrefix	= "";
    warnPrefix	= "*** WARNING: ";
    errPrefix	= "*** ERROR: ";
  };
  userModules	=
  {
    solver	=
    {
      maxIter	= 50;
      tiny	= 1.00000e-300;
      precision	= 0.00100000;
      maxIncr	= 10.0000;
      lineSearch	= false;
      deltaCons	= false;
      updateWhen	= none;
      solver	=
      {
        type	= "SkylineLU";
        lenient	= true;
        precision	= 0.000500000;
        zeroThreshold	= 1.49012e-08;
        maxZeroPivots	= 0;
        reorder	= true;
        useThreads	= false;
        printPivots	= false;
      };
    };
    graph	=
    {
      sampleWhen	= true;
      dataSets	= [ "lodi" ];
      window	=
      {
        bgColor	= "white";
        title	= "userModules.graph";
        width	= 400;
        height	= 200;
      };
      camera	=
      {
        range	= 1.00000;
        position	= [ -0.00000, -0.00000 ];
        zoom	= 0.00000;
        quality	= 1;
        autoQuality	= false;
      };
      graph	=
      {
        hidden	= false;
        width	= 1.00000;
        height	= 1.00000;
        showKey	= true;
        keyPos	= [ 0.900000, 0.900000 ];
        title	= "";
        xLabel	= "";
        yLabel	= "";
        scaleStep	= 0.100000;
        xRange	= "auto";
        yRange	= "auto";
      };
      lodi	=
      {
        key	= "userModules.graph.lodi";
        maxPoints	= -1;
        pointStyle	= none;
        lineWidth	= 1.20000;
        lineColor	= "black";
        xData	= "model.model.lodi.disp[0]";
        yData	= "model.model.lodi.load[0]";
      };
    };
    view	=
    {
      snapFile	= "specimen%2i.png";
      configFile	= "specimen.view";
      updateWhen	= true;
      snapWhen	= false;
      offScreen	= false;
      camera	=
      {
        type	= "Perspective";
        farClip	= 30.5303;
        nearClip	= 5.53032;
        viewAngle	= 40.0000;
        position	= [ -0.00000, -0.00000, 18.0303 ];
        zoom	= 0.00000;
        quality	= 1;
        autoQuality	= false;
      };
      state	=
      {
        type	= "Vector";
        vector	= "nodes/state";
        nullValue	= 0.00000;
      };
      history	=
      {
        type	= "Table";
        table	= "nodes/nodalHistory";
        tableType	= "Dense";
        nullValue	= 0.00000;
      };
      dataSets	= [ "state", "history" ];
      window	=
      {
        bgColor	= "white";
        title	= "feel.userModules.view";
        width	= 400;
        height	= 200;
      };
      world	=
      {
        scale	= 1.00000;
        rotmat	= [ 1.00000, 0.00000, 0.00000, 0.00000, 1.00000, 0.00000, 0.00000, 0.00000, 1.00000 ];
        translation	= [ 0.00000, 0.00000, 0.00000 ];
      };
      lights	=
      {
        light0	=
        {
          color	= "white20";
          direction	= [ -1.00000, -0.00000, -0.00000 ];
          enable	= true;
        };
        light1	=
        {
          color	= "white20";
          direction	= [ -0.00000, -1.00000, -0.00000 ];
          enable	= true;
        };
        light2	=
        {
          color	= "white";
          direction	= [ -0.00000, -0.00000, -1.00000 ];
          enable	= true;
        };
        light3	=
        {
          color	= "white20";
          direction	= [ 1.00000, 1.00000, -0.00000 ];
          enable	= false;
        };
        specular	= false;
        ambient	= "white20";
      };
      markerStyles	=
      {
        points	=
        {
          size	= 3.00000;
          color	= "black";
        };
        orbs	=
        {
          size	= -0.0100000;
          quality	= 1;
          color	= "gold";
        };
        numbers	=
        {
          font	= "proportional medium";
          color	= "black";
        };
        circles	=
        {
          size	= "medium";
          color	= "black";
        };
        diamonds	=
        {
          size	= "medium";
          color	= "black";
        };
        discs	=
        {
          size	= "medium";
          color	= "black";
        };
        squares	=
        {
          size	= "medium";
          color	= "black";
        };
        styles	= [];
      };
      palettes	=
      {
        linear	=
        {
          minValue	= 0.00000;
          maxValue	= 1.00000;
          minColor	= "blue";
          maxColor	= "red";
        };
        rainbow	=
        {
          minValue	= 0.00000;
          maxValue	= 1.00000;
        };
        custom	=
        {
          colors	= [ "blue", "green", "yellow", "orange", "red" ];
          ranges	= [ 0.00000, 0.200000, 0.400000, 0.600000, 0.800000, 1.00000 ];
          hideMinMax	= false;
        };
        palettes	= [];
      };
      mesh	=
      {
        elements	= "all";
        scale	= 1.00000;
        rotmat	= [ 1.00000, 0.00000, 0.00000, 0.00000, 1.00000, 0.00000, 0.00000, 0.00000, 1.00000 ];
        translation	= [ 0.00000, 0.00000, 0.00000 ];
        pointSize	= 1.00000;
        lineWidth	= 1.00000;
        shadeModel	= "Smooth";
        color	= "gray";
        material	=
        {
          specular	= "black";
          shininess	= 0.00000;
        };
        edgeColor	= "black";
        nodeColor	= "black";
        showEdges	= true;
        showLines	= true;
        showFaces	= true;
        hidden	= false;
        deformation	=
        {
          scale	= 1.00000;
          autoScale	= false;
          scaleStep	= 0.100000;
          dx	= "state[dx]";
          dy	= "state[dy]";
          dz	= "0.000";
        };
        colors	=
        {
          palette	= "rainbow";
          title	= "";
          data	= "state[dx]";
          autoScale	= true;
          scaleStep	= 0.100000;
        };
      };
    };
  };
  sample	=
  {
    file	= "lodi.dat";
    header	= "";
    separator	= " ";
    append	= false;
    precision	= 8;
    dataSets	= [ "i", "model.model.lodi.disp[0]", "model.model.lodi.load[0]" ];
    sampleWhen	= "accepted";
  };
  control	=
  {
    prompt	= ">";
    cmdFile	= "";
    fgMode	= true;
    pause	= -1.00000;
    runWhile	= "i<1";
  };
  userInput	=
  {
    input	=
    {
      storageMode	= "Default";
      file	= "bar.mesh";
      maxParts	= 0;
      tableFilter	= "*";
      dbaseFilter	= "*";
      funcFilter	= "*";
    };
    ngroup	=
    {
      nodeGroups	= [ "right", "left", "lbot" ];
      elemGroups	= [];
      right	=
      {
        all	= false;
        restrictToGroups	= [];
        eps	= 1.00000e-05;
        xtype	= "max";
      };
      left	=
      {
        all	= false;
        restrictToGroups	= [];
        eps	= 1.00000e-05;
        xtype	= "min";
      };
      lbot	=
      {
        all	= false;
        restrictToGroups	= [];
        eps	= 1.00000e-05;
        xtype	= "min";
        ytype	= "min";
      };
    };
  };
  storageMode	= "Default";
  shapeTable	=
  {
    type	= "Auto";
    boundaryElems	= "";
    interfaceElems	= "";
    maxPrecision	= 0;
  };
  model	=
  {
    type	= "Matrix";
    model	=
    {
      type	= "Multi";
      models	= [ "elas", "melro", "tension", "lodi" ];
      elas	=
      {
        type	= "NLSolid";
        elements	= "elastic";
        shape	=
        {
          type	= "Quad4";
          shapeFuncs	=
          {
            type	= "Linear";
          };
          intScheme	= [ "Gauss2*Gauss2", "2", "2", "2", "2" ];
        };
        material	=
        {
          type	= "NeoHooke";
          dim	= 2;
          lambda	= 5000.00;
          mu	= 6000.00;
          kappa0	= 2.50000;
          kappau	= 3.00000;
          state	= "PLANE_STRAIN";
        };
        thickness	= 1.00000;
      };
      melro	=
      {
        type	= "NLSolid";
        elements	= "damage";
        shape	=
        {
          type	= "Quad4";
          shapeFuncs	=
          {
            type	= "Linear";
          };
          intScheme	= [ "Gauss2*Gauss2", "2", "2", "2", "2" ];
        };
        material	=
        {
          type	= "NeoHooke";
          dim	= 2;
          lambda	= 5000.00;
          mu	= 6000.00;
          kappa0	= 0.200000;
          kappau	= 3.00000;
          state	= "PLANE_STRAIN";
        };
        thickness	= 1.00000;
      };
      tension	=
      {
        type	= "Dirichlet";
        dispIncr	= 0.0200000;
        initDisp	= 0.00000;
        maxDisp	= 1.79769e+308;
        nodeGroups	= [ "right", "lbot", "left" ];
        dofs	= [ "dx", "dy", "dx" ];
        factors	= [ 1.00000, 0.00000, 0.00000 ];
      };
      lodi	=
      {
        type	= "LoadDisp";
        nodes	= [ 10, 11 ];
      };
    };
    debug	= 0;
    linear	= false;
    matrix0	=
    {
      type	= "Sparse";
      symmetric	= false;
      optimize	= "Runtime";
    };
  };
  init	=
  {
    reorder	= false;
    vectors	= [];
  };
  xoutput	=
  {
    write	= true;
    table	= "stress";
    interval	= 1;
    dissipation	= true;
    writeCracks	= true;
    writeCohInfo	= false;
  };

*** WARNING: Unknown properties:

*** WARNING:   sample.type
*** WARNING:   userModules.graph.updateWhen

*** WARNING: Initialization phase completed with warnings.

  Elapsed CPU  time : 0.07000 seconds.
  Elapsed real time : 0.2069 seconds.

Iteration       : 0
Elapsed runtime : 0.2080 seconds

New displacement factor 0.000

Starting the Newton-Raphson solver `userModules.solver' ...
module `userModules.solver' : residual scale factor = 0.0000e+00
The Newton-Raphson solver converged in 1 iterations

*** WARNING: data set `userModules.view.history' : unknown table: `nodes/nodalHistory'

Iteration       : 1
Elapsed runtime : 3.394 seconds

New displacement factor 0.02000

Starting the Newton-Raphson solver `userModules.solver' ...
module `userModules.solver' : residual scale factor = 6.2020e+01
module `userModules.solver' : iter = 1, scaled residual = 8.3763e-04
The Newton-Raphson solver converged in 1 iterations

*** WARNING: data set `userModules.view.history' : unknown table: `nodes/nodalHistory'

Iteration       : 2
Elapsed runtime : 3.411 seconds

New displacement factor 0.04000

Starting the Newton-Raphson solver `userModules.solver' ...
module `userModules.solver' : residual scale factor = 1.2386e+02
module `userModules.solver' : iter = 1, scaled residual = 4.1787e-04
The Newton-Raphson solver converged in 1 iterations

*** WARNING: data set `userModules.view.history' : unknown table: `nodes/nodalHistory'

Iteration       : 3
Elapsed runtime : 3.420 seconds

New displacement factor 0.06000

Starting the Newton-Raphson solver `userModules.solver' ...
module `userModules.solver' : residual scale factor = 1.8552e+02
module `userModules.solver' : iter = 1, scaled residual = 2.7806e-04
The Newton-Raphson solver converged in 1 iterations

*** WARNING: data set `userModules.view.history' : unknown table: `nodes/nodalHistory'

Iteration       : 4
Elapsed runtime : 3.428 seconds

New displacement factor 0.08000

Starting the Newton-Raphson solver `userModules.solver' ...
module `userModules.solver' : residual scale factor = 2.4699e+02
module `userModules.solver' : iter = 1, scaled residual = 2.0815e-04
The Newton-Raphson solver converged in 1 iterations

*** WARNING: data set `userModules.view.history' : unknown table: `nodes/nodalHistory'

Iteration       : 5
Elapsed runtime : 3.433 seconds

New displacement factor 0.1000

Starting the Newton-Raphson solver `userModules.solver' ...
module `userModules.solver' : residual scale factor = 3.0829e+02
module `userModules.solver' : iter = 1, scaled residual = 1.6621e-04
The Newton-Raphson solver converged in 1 iterations

*** WARNING: data set `userModules.view.history' : unknown table: `nodes/nodalHistory'

Iteration       : 6
Elapsed runtime : 3.436 seconds

New displacement factor 0.1200

Starting the Newton-Raphson solver `userModules.solver' ...
module `userModules.solver' : residual scale factor = 3.6940e+02
module `userModules.solver' : iter = 1, scaled residual = 1.3825e-04
The Newton-Raphson solver converged in 1 iterations

*** WARNING: data set `userModules.view.history' : unknown table: `nodes/nodalHistory'

Iteration       : 7
Elapsed runtime : 3.451 seconds

New displacement factor 0.1400

Starting the Newton-Raphson solver `userModules.solver' ...
module `userModules.solver' : residual scale factor = 4.3034e+02
module `userModules.solver' : iter = 1, scaled residual = 1.1828e-04
The Newton-Raphson solver converged in 1 iterations

*** WARNING: data set `userModules.view.history' : unknown table: `nodes/nodalHistory'

Iteration       : 8
Elapsed runtime : 3.468 seconds

New displacement factor 0.1600

Starting the Newton-Raphson solver `userModules.solver' ...
module `userModules.solver' : residual scale factor = 4.9110e+02
module `userModules.solver' : iter = 1, scaled residual = 1.0331e-04
The Newton-Raphson solver converged in 1 iterations

*** WARNING: data set `userModules.view.history' : unknown table: `nodes/nodalHistory'

Iteration       : 9
Elapsed runtime : 3.485 seconds

New displacement factor 0.1800

Starting the Newton-Raphson solver `userModules.solver' ...
module `userModules.solver' : residual scale factor = 5.5169e+02
module `userModules.solver' : iter = 1, scaled residual = 9.1658e-05
The Newton-Raphson solver converged in 1 iterations

*** WARNING: data set `userModules.view.history' : unknown table: `nodes/nodalHistory'

Iteration       : 10
Elapsed runtime : 3.501 seconds

New displacement factor 0.2000

Starting the Newton-Raphson solver `userModules.solver' ...
module `userModules.solver' : residual scale factor = 6.1210e+02
module `userModules.solver' : iter = 1, scaled residual = 8.2340e-05
The Newton-Raphson solver converged in 1 iterations

*** WARNING: data set `userModules.view.history' : unknown table: `nodes/nodalHistory'

Iteration       : 11
Elapsed runtime : 3.518 seconds

New displacement factor 0.2200

Starting the Newton-Raphson solver `userModules.solver' ...
module `userModules.solver' : residual scale factor = 6.7233e+02
module `userModules.solver' : iter = 1, scaled residual = 7.4717e-05
The Newton-Raphson solver converged in 1 iterations

*** WARNING: data set `userModules.view.history' : unknown table: `nodes/nodalHistory'

Iteration       : 12
Elapsed runtime : 3.539 seconds

New displacement factor 0.2400

Starting the Newton-Raphson solver `userModules.solver' ...
module `userModules.solver' : residual scale factor = 7.3240e+02
module `userModules.solver' : iter = 1, scaled residual = 6.8365e-05
The Newton-Raphson solver converged in 1 iterations

*** WARNING: data set `userModules.view.history' : unknown table: `nodes/nodalHistory'

Iteration       : 13
Elapsed runtime : 3.557 seconds

New displacement factor 0.2600

Starting the Newton-Raphson solver `userModules.solver' ...
module `userModules.solver' : residual scale factor = 7.9229e+02
module `userModules.solver' : iter = 1, scaled residual = 6.2990e-05
The Newton-Raphson solver converged in 1 iterations

*** WARNING: data set `userModules.view.history' : unknown table: `nodes/nodalHistory'

Iteration       : 14
Elapsed runtime : 3.571 seconds

New displacement factor 0.2800

Starting the Newton-Raphson solver `userModules.solver' ...
module `userModules.solver' : residual scale factor = 8.5201e+02
module `userModules.solver' : iter = 1, scaled residual = 5.8383e-05
The Newton-Raphson solver converged in 1 iterations

*** WARNING: data set `userModules.view.history' : unknown table: `nodes/nodalHistory'

Iteration       : 15
Elapsed runtime : 3.586 seconds

New displacement factor 0.3000

Starting the Newton-Raphson solver `userModules.solver' ...
module `userModules.solver' : residual scale factor = 9.1156e+02
module `userModules.solver' : iter = 1, scaled residual = 5.4392e-05
The Newton-Raphson solver converged in 1 iterations

*** WARNING: data set `userModules.view.history' : unknown table: `nodes/nodalHistory'

Iteration       : 16
Elapsed runtime : 3.603 seconds

New displacement factor 0.3200

Starting the Newton-Raphson solver `userModules.solver' ...
module `userModules.solver' : residual scale factor = 9.7095e+02
module `userModules.solver' : iter = 1, scaled residual = 5.0899e-05
The Newton-Raphson solver converged in 1 iterations

*** WARNING: data set `userModules.view.history' : unknown table: `nodes/nodalHistory'

Iteration       : 17
Elapsed runtime : 3.619 seconds

New displacement factor 0.3400

Starting the Newton-Raphson solver `userModules.solver' ...
module `userModules.solver' : residual scale factor = 1.0302e+03
module `userModules.solver' : iter = 1, scaled residual = 4.7818e-05
The Newton-Raphson solver converged in 1 iterations

*** WARNING: data set `userModules.view.history' : unknown table: `nodes/nodalHistory'

Iteration       : 18
Elapsed runtime : 3.636 seconds

New displacement factor 0.3600

Starting the Newton-Raphson solver `userModules.solver' ...
module `userModules.solver' : residual scale factor = 1.0892e+03
module `userModules.solver' : iter = 1, scaled residual = 4.5079e-05
The Newton-Raphson solver converged in 1 iterations

*** WARNING: data set `userModules.view.history' : unknown table: `nodes/nodalHistory'

Iteration       : 19
Elapsed runtime : 3.654 seconds

New displacement factor 0.3800

Starting the Newton-Raphson solver `userModules.solver' ...
module `userModules.solver' : residual scale factor = 1.1481e+03
module `userModules.solver' : iter = 1, scaled residual = 4.2629e-05
The Newton-Raphson solver converged in 1 iterations

*** WARNING: data set `userModules.view.history' : unknown table: `nodes/nodalHistory'

Iteration       : 20
Elapsed runtime : 3.669 seconds

New displacement factor 0.4000

Starting the Newton-Raphson solver `userModules.solver' ...
module `userModules.solver' : residual scale factor = 1.2068e+03
module `userModules.solver' : iter = 1, scaled residual = 4.0424e-05
The Newton-Raphson solver converged in 1 iterations

*** WARNING: data set `userModules.view.history' : unknown table: `nodes/nodalHistory'

Iteration       : 21
Elapsed runtime : 3.684 seconds

New displacement factor 0.4200

Starting the Newton-Raphson solver `userModules.solver' ...
module `userModules.solver' : residual scale factor = 1.2654e+03
module `userModules.solver' : iter = 1, scaled residual = 3.8429e-05
The Newton-Raphson solver converged in 1 iterations

*** WARNING: data set `userModules.view.history' : unknown table: `nodes/nodalHistory'

Iteration       : 22
Elapsed runtime : 3.701 seconds

New displacement factor 0.4400

Starting the Newton-Raphson solver `userModules.solver' ...
module `userModules.solver' : residual scale factor = 1.3238e+03
module `userModules.solver' : iter = 1, scaled residual = 3.6616e-05
The Newton-Raphson solver converged in 1 iterations

*** WARNING: data set `userModules.view.history' : unknown table: `nodes/nodalHistory'

Iteration       : 23
Elapsed runtime : 3.718 seconds

New displacement factor 0.4600

Starting the Newton-Raphson solver `userModules.solver' ...
module `userModules.solver' : residual scale factor = 1.3820e+03
module `userModules.solver' : iter = 1, scaled residual = 3.4961e-05
The Newton-Raphson solver converged in 1 iterations

*** WARNING: data set `userModules.view.history' : unknown table: `nodes/nodalHistory'

Iteration       : 24
Elapsed runtime : 3.735 seconds

New displacement factor 0.4800

Starting the Newton-Raphson solver `userModules.solver' ...
module `userModules.solver' : residual scale factor = 1.4401e+03
module `userModules.solver' : iter = 1, scaled residual = 3.3444e-05
The Newton-Raphson solver converged in 1 iterations

*** WARNING: data set `userModules.view.history' : unknown table: `nodes/nodalHistory'

Iteration       : 25
Elapsed runtime : 3.751 seconds

New displacement factor 0.5000

Starting the Newton-Raphson solver `userModules.solver' ...
module `userModules.solver' : residual scale factor = 1.4980e+03
module `userModules.solver' : iter = 1, scaled residual = 3.2048e-05
The Newton-Raphson solver converged in 1 iterations

*** WARNING: data set `userModules.view.history' : unknown table: `nodes/nodalHistory'

Iteration       : 26
Elapsed runtime : 3.769 seconds

New displacement factor 0.5200

Starting the Newton-Raphson solver `userModules.solver' ...
module `userModules.solver' : residual scale factor = 1.5558e+03
module `userModules.solver' : iter = 1, scaled residual = 3.0760e-05
The Newton-Raphson solver converged in 1 iterations

*** WARNING: data set `userModules.view.history' : unknown table: `nodes/nodalHistory'

Iteration       : 27
Elapsed runtime : 3.785 seconds

New displacement factor 0.5400

Starting the Newton-Raphson solver `userModules.solver' ...
module `userModules.solver' : residual scale factor = 1.6134e+03
module `userModules.solver' : iter = 1, scaled residual = 2.9568e-05
The Newton-Raphson solver converged in 1 iterations

*** WARNING: data set `userModules.view.history' : unknown table: `nodes/nodalHistory'

Iteration       : 28
Elapsed runtime : 3.801 seconds

New displacement factor 0.5600

Starting the Newton-Raphson solver `userModules.solver' ...
module `userModules.solver' : residual scale factor = 1.6708e+03
module `userModules.solver' : iter = 1, scaled residual = 2.8461e-05
The Newton-Raphson solver converged in 1 iterations

*** WARNING: data set `userModules.view.history' : unknown table: `nodes/nodalHistory'

Iteration       : 29
Elapsed runtime : 3.819 seconds

New displacement factor 0.5800

Starting the Newton-Raphson solver `userModules.solver' ...
module `userModules.solver' : residual scale factor = 1.7281e+03
module `userModules.solver' : iter = 1, scaled residual = 2.7430e-05
The Newton-Raphson solver converged in 1 iterations

*** WARNING: data set `userModules.view.history' : unknown table: `nodes/nodalHistory'

Iteration       : 30
Elapsed runtime : 3.835 seconds

New displacement factor 0.6000

Starting the Newton-Raphson solver `userModules.solver' ...
module `userModules.solver' : residual scale factor = 1.7853e+03
module `userModules.solver' : iter = 1, scaled residual = 2.6469e-05
The Newton-Raphson solver converged in 1 iterations

*** WARNING: data set `userModules.view.history' : unknown table: `nodes/nodalHistory'

Iteration       : 31
Elapsed runtime : 3.852 seconds

New displacement factor 0.6200

Starting the Newton-Raphson solver `userModules.solver' ...
module `userModules.solver' : residual scale factor = 1.8423e+03
module `userModules.solver' : iter = 1, scaled residual = 2.5569e-05
The Newton-Raphson solver converged in 1 iterations

*** WARNING: data set `userModules.view.history' : unknown table: `nodes/nodalHistory'

Iteration       : 32
Elapsed runtime : 3.869 seconds

New displacement factor 0.6400

Starting the Newton-Raphson solver `userModules.solver' ...
module `userModules.solver' : residual scale factor = 1.8991e+03
module `userModules.solver' : iter = 1, scaled residual = 2.4726e-05
The Newton-Raphson solver converged in 1 iterations

*** WARNING: data set `userModules.view.history' : unknown table: `nodes/nodalHistory'

Iteration       : 33
Elapsed runtime : 3.885 seconds

New displacement factor 0.6600

Starting the Newton-Raphson solver `userModules.solver' ...
module `userModules.solver' : residual scale factor = 1.9558e+03
module `userModules.solver' : iter = 1, scaled residual = 2.3934e-05
The Newton-Raphson solver converged in 1 iterations

*** WARNING: data set `userModules.view.history' : unknown table: `nodes/nodalHistory'

Iteration       : 34
Elapsed runtime : 3.902 seconds

New displacement factor 0.6800

Starting the Newton-Raphson solver `userModules.solver' ...
module `userModules.solver' : residual scale factor = 2.0123e+03
module `userModules.solver' : iter = 1, scaled residual = 2.3189e-05
The Newton-Raphson solver converged in 1 iterations

*** WARNING: data set `userModules.view.history' : unknown table: `nodes/nodalHistory'

Iteration       : 35
Elapsed runtime : 3.919 seconds

New displacement factor 0.7000

Starting the Newton-Raphson solver `userModules.solver' ...
module `userModules.solver' : residual scale factor = 2.0687e+03
module `userModules.solver' : iter = 1, scaled residual = 2.2487e-05
The Newton-Raphson solver converged in 1 iterations

*** WARNING: data set `userModules.view.history' : unknown table: `nodes/nodalHistory'

Iteration       : 36
Elapsed runtime : 3.935 seconds

New displacement factor 0.7200

Starting the Newton-Raphson solver `userModules.solver' ...
module `userModules.solver' : residual scale factor = 2.1250e+03
module `userModules.solver' : iter = 1, scaled residual = 2.1823e-05
The Newton-Raphson solver converged in 1 iterations

*** WARNING: data set `userModules.view.history' : unknown table: `nodes/nodalHistory'

Iteration       : 37
Elapsed runtime : 3.952 seconds

New displacement factor 0.7400

Starting the Newton-Raphson solver `userModules.solver' ...
module `userModules.solver' : residual scale factor = 2.1811e+03
module `userModules.solver' : iter = 1, scaled residual = 2.1196e-05
The Newton-Raphson solver converged in 1 iterations

*** WARNING: data set `userModules.view.history' : unknown table: `nodes/nodalHistory'

Iteration       : 38
Elapsed runtime : 3.968 seconds

New displacement factor 0.7600

Starting the Newton-Raphson solver `userModules.solver' ...
module `userModules.solver' : residual scale factor = 2.2370e+03
module `userModules.solver' : iter = 1, scaled residual = 2.0602e-05
The Newton-Raphson solver converged in 1 iterations

*** WARNING: data set `userModules.view.history' : unknown table: `nodes/nodalHistory'

Iteration       : 39
Elapsed runtime : 3.986 seconds

New displacement factor 0.7800

Starting the Newton-Raphson solver `userModules.solver' ...
module `userModules.solver' : residual scale factor = 2.2928e+03
module `userModules.solver' : iter = 1, scaled residual = 2.0038e-05
The Newton-Raphson solver converged in 1 iterations

*** WARNING: data set `userModules.view.history' : unknown table: `nodes/nodalHistory'

Iteration       : 40
Elapsed runtime : 4.002 seconds

New displacement factor 0.8000

Starting the Newton-Raphson solver `userModules.solver' ...
module `userModules.solver' : residual scale factor = 2.3485e+03
module `userModules.solver' : iter = 1, scaled residual = 1.9503e-05
The Newton-Raphson solver converged in 1 iterations

*** WARNING: data set `userModules.view.history' : unknown table: `nodes/nodalHistory'

Iteration       : 41
Elapsed runtime : 4.018 seconds

New displacement factor 0.8200

Starting the Newton-Raphson solver `userModules.solver' ...
module `userModules.solver' : residual scale factor = 2.4040e+03
module `userModules.solver' : iter = 1, scaled residual = 1.8994e-05
The Newton-Raphson solver converged in 1 iterations

*** WARNING: data set `userModules.view.history' : unknown table: `nodes/nodalHistory'

Iteration       : 42
Elapsed runtime : 4.035 seconds

New displacement factor 0.8400

Starting the Newton-Raphson solver `userModules.solver' ...
module `userModules.solver' : residual scale factor = 2.4594e+03
module `userModules.solver' : iter = 1, scaled residual = 1.8509e-05
The Newton-Raphson solver converged in 1 iterations

*** WARNING: data set `userModules.view.history' : unknown table: `nodes/nodalHistory'

Iteration       : 43
Elapsed runtime : 4.052 seconds

New displacement factor 0.8600

Starting the Newton-Raphson solver `userModules.solver' ...
module `userModules.solver' : residual scale factor = 2.5146e+03
module `userModules.solver' : iter = 1, scaled residual = 1.8047e-05
The Newton-Raphson solver converged in 1 iterations

*** WARNING: data set `userModules.view.history' : unknown table: `nodes/nodalHistory'

Iteration       : 44
Elapsed runtime : 4.069 seconds

New displacement factor 0.8800

Starting the Newton-Raphson solver `userModules.solver' ...
module `userModules.solver' : residual scale factor = 2.5697e+03
module `userModules.solver' : iter = 1, scaled residual = 1.7606e-05
The Newton-Raphson solver converged in 1 iterations

*** WARNING: data set `userModules.view.history' : unknown table: `nodes/nodalHistory'

Iteration       : 45
Elapsed runtime : 4.085 seconds

New displacement factor 0.9000

Starting the Newton-Raphson solver `userModules.solver' ...
module `userModules.solver' : residual scale factor = 2.6247e+03
module `userModules.solver' : iter = 1, scaled residual = 1.7185e-05
The Newton-Raphson solver converged in 1 iterations

*** WARNING: data set `userModules.view.history' : unknown table: `nodes/nodalHistory'

Iteration       : 46
Elapsed runtime : 4.102 seconds

New displacement factor 0.9200

Starting the Newton-Raphson solver `userModules.solver' ...
module `userModules.solver' : residual scale factor = 2.6795e+03
module `userModules.solver' : iter = 1, scaled residual = 1.6782e-05
The Newton-Raphson solver converged in 1 iterations

*** WARNING: data set `userModules.view.history' : unknown table: `nodes/nodalHistory'

Iteration       : 47
Elapsed runtime : 4.119 seconds

New displacement factor 0.9400

Starting the Newton-Raphson solver `userModules.solver' ...
module `userModules.solver' : residual scale factor = 2.7342e+03
module `userModules.solver' : iter = 1, scaled residual = 1.6396e-05
The Newton-Raphson solver converged in 1 iterations

*** WARNING: data set `userModules.view.history' : unknown table: `nodes/nodalHistory'

Iteration       : 48
Elapsed runtime : 4.135 seconds

New displacement factor 0.9600

Starting the Newton-Raphson solver `userModules.solver' ...
module `userModules.solver' : residual scale factor = 2.7887e+03
module `userModules.solver' : iter = 1, scaled residual = 1.6027e-05
The Newton-Raphson solver converged in 1 iterations

*** WARNING: data set `userModules.view.history' : unknown table: `nodes/nodalHistory'

Iteration       : 49
Elapsed runtime : 4.152 seconds

New displacement factor 0.9800

Starting the Newton-Raphson solver `userModules.solver' ...
module `userModules.solver' : residual scale factor = 2.8431e+03
module `userModules.solver' : iter = 1, scaled residual = 1.5673e-05
The Newton-Raphson solver converged in 1 iterations

*** WARNING: data set `userModules.view.history' : unknown table: `nodes/nodalHistory'

Iteration       : 50
Elapsed runtime : 4.169 seconds

New displacement factor 1.000

Starting the Newton-Raphson solver `userModules.solver' ...
module `userModules.solver' : residual scale factor = 2.8974e+03
module `userModules.solver' : iter = 1, scaled residual = 1.5333e-05
The Newton-Raphson solver converged in 1 iterations

*** WARNING: data set `userModules.view.history' : unknown table: `nodes/nodalHistory'

Iteration       : 51
Elapsed runtime : 4.185 seconds

New displacement factor 1.020

Starting the Newton-Raphson solver `userModules.solver' ...
module `userModules.solver' : residual scale factor = 2.9515e+03
module `userModules.solver' : iter = 1, scaled residual = 1.5006e-05
The Newton-Raphson solver converged in 1 iterations

*** WARNING: data set `userModules.view.history' : unknown table: `nodes/nodalHistory'

Iteration       : 52
Elapsed runtime : 4.202 seconds

New displacement factor 1.040

Starting the Newton-Raphson solver `userModules.solver' ...
module `userModules.solver' : residual scale factor = 3.0055e+03
module `userModules.solver' : iter = 1, scaled residual = 1.4692e-05
The Newton-Raphson solver converged in 1 iterations

*** WARNING: data set `userModules.view.history' : unknown table: `nodes/nodalHistory'

Iteration       : 53
Elapsed runtime : 4.219 seconds

New displacement factor 1.060

Starting the Newton-Raphson solver `userModules.solver' ...
module `userModules.solver' : residual scale factor = 3.0594e+03
module `userModules.solver' : iter = 1, scaled residual = 1.4390e-05
The Newton-Raphson solver converged in 1 iterations

*** WARNING: data set `userModules.view.history' : unknown table: `nodes/nodalHistory'

Iteration       : 54
Elapsed runtime : 4.236 seconds

New displacement factor 1.080

Starting the Newton-Raphson solver `userModules.solver' ...
module `userModules.solver' : residual scale factor = 3.1131e+03
module `userModules.solver' : iter = 1, scaled residual = 1.4099e-05
The Newton-Raphson solver converged in 1 iterations

*** WARNING: data set `userModules.view.history' : unknown table: `nodes/nodalHistory'

Iteration       : 55
Elapsed runtime : 4.252 seconds

New displacement factor 1.100

Starting the Newton-Raphson solver `userModules.solver' ...
module `userModules.solver' : residual scale factor = 3.1667e+03
module `userModules.solver' : iter = 1, scaled residual = 1.3819e-05
The Newton-Raphson solver converged in 1 iterations

*** WARNING: data set `userModules.view.history' : unknown table: `nodes/nodalHistory'

Iteration       : 56
Elapsed runtime : 4.269 seconds

New displacement factor 1.120

Starting the Newton-Raphson solver `userModules.solver' ...
module `userModules.solver' : residual scale factor = 3.2202e+03
module `userModules.solver' : iter = 1, scaled residual = 1.3549e-05
The Newton-Raphson solver converged in 1 iterations

*** WARNING: data set `userModules.view.history' : unknown table: `nodes/nodalHistory'

Iteration       : 57
Elapsed runtime : 4.286 seconds

New displacement factor 1.140

Starting the Newton-Raphson solver `userModules.solver' ...
module `userModules.solver' : residual scale factor = 3.2735e+03
module `userModules.solver' : iter = 1, scaled residual = 1.3289e-05
The Newton-Raphson solver converged in 1 iterations

*** WARNING: data set `userModules.view.history' : unknown table: `nodes/nodalHistory'

Iteration       : 58
Elapsed runtime : 4.302 seconds

New displacement factor 1.160

Starting the Newton-Raphson solver `userModules.solver' ...
module `userModules.solver' : residual scale factor = 3.3267e+03
module `userModules.solver' : iter = 1, scaled residual = 1.3037e-05
The Newton-Raphson solver converged in 1 iterations

*** WARNING: data set `userModules.view.history' : unknown table: `nodes/nodalHistory'

Iteration       : 59
Elapsed runtime : 4.319 seconds

New displacement factor 1.180

Starting the Newton-Raphson solver `userModules.solver' ...
module `userModules.solver' : residual scale factor = 3.3798e+03
module `userModules.solver' : iter = 1, scaled residual = 1.2794e-05
The Newton-Raphson solver converged in 1 iterations

*** WARNING: data set `userModules.view.history' : unknown table: `nodes/nodalHistory'

Iteration       : 60
Elapsed runtime : 4.336 seconds

New displacement factor 1.200

Starting the Newton-Raphson solver `userModules.solver' ...
module `userModules.solver' : residual scale factor = 3.4328e+03
module `userModules.solver' : iter = 1, scaled residual = 1.2560e-05
The Newton-Raphson solver converged in 1 iterations

*** WARNING: data set `userModules.view.history' : unknown table: `nodes/nodalHistory'

Iteration       : 61
Elapsed runtime : 4.353 seconds

New displacement factor 1.220

Starting the Newton-Raphson solver `userModules.solver' ...
module `userModules.solver' : residual scale factor = 3.4856e+03
module `userModules.solver' : iter = 1, scaled residual = 1.2333e-05
The Newton-Raphson solver converged in 1 iterations

*** WARNING: data set `userModules.view.history' : unknown table: `nodes/nodalHistory'

Iteration       : 62
Elapsed runtime : 4.369 seconds

New displacement factor 1.240

Starting the Newton-Raphson solver `userModules.solver' ...
module `userModules.solver' : residual scale factor = 3.5383e+03
module `userModules.solver' : iter = 1, scaled residual = 1.2113e-05
The Newton-Raphson solver converged in 1 iterations

*** WARNING: data set `userModules.view.history' : unknown table: `nodes/nodalHistory'

Iteration       : 63
Elapsed runtime : 4.386 seconds

New displacement factor 1.260

Starting the Newton-Raphson solver `userModules.solver' ...
module `userModules.solver' : residual scale factor = 3.5909e+03
module `userModules.solver' : iter = 1, scaled residual = 1.1901e-05
The Newton-Raphson solver converged in 1 iterations

*** WARNING: data set `userModules.view.history' : unknown table: `nodes/nodalHistory'

Iteration       : 64
Elapsed runtime : 4.403 seconds

New displacement factor 1.280

Starting the Newton-Raphson solver `userModules.solver' ...
module `userModules.solver' : residual scale factor = 3.6434e+03
module `userModules.solver' : iter = 1, scaled residual = 1.1695e-05
The Newton-Raphson solver converged in 1 iterations

*** WARNING: data set `userModules.view.history' : unknown table: `nodes/nodalHistory'

Iteration       : 65
Elapsed runtime : 4.419 seconds

New displacement factor 1.300

Starting the Newton-Raphson solver `userModules.solver' ...
module `userModules.solver' : residual scale factor = 3.6957e+03
module `userModules.solver' : iter = 1, scaled residual = 1.1495e-05
The Newton-Raphson solver converged in 1 iterations

*** WARNING: data set `userModules.view.history' : unknown table: `nodes/nodalHistory'

Iteration       : 66
Elapsed runtime : 4.435 seconds

New displacement factor 1.320

Starting the Newton-Raphson solver `userModules.solver' ...
module `userModules.solver' : residual scale factor = 3.7479e+03
module `userModules.solver' : iter = 1, scaled residual = 1.1302e-05
The Newton-Raphson solver converged in 1 iterations

*** WARNING: data set `userModules.view.history' : unknown table: `nodes/nodalHistory'

Iteration       : 67
Elapsed runtime : 4.453 seconds

New displacement factor 1.340

Starting the Newton-Raphson solver `userModules.solver' ...
module `userModules.solver' : residual scale factor = 3.8000e+03
module `userModules.solver' : iter = 1, scaled residual = 1.1115e-05
The Newton-Raphson solver converged in 1 iterations

*** WARNING: data set `userModules.view.history' : unknown table: `nodes/nodalHistory'

Iteration       : 68
Elapsed runtime : 4.469 seconds

New displacement factor 1.360

Starting the Newton-Raphson solver `userModules.solver' ...
module `userModules.solver' : residual scale factor = 3.8520e+03
module `userModules.solver' : iter = 1, scaled residual = 1.0933e-05
The Newton-Raphson solver converged in 1 iterations

*** WARNING: data set `userModules.view.history' : unknown table: `nodes/nodalHistory'

Iteration       : 69
Elapsed runtime : 4.486 seconds

New displacement factor 1.380

Starting the Newton-Raphson solver `userModules.solver' ...
module `userModules.solver' : residual scale factor = 3.9038e+03
module `userModules.solver' : iter = 1, scaled residual = 1.0756e-05
The Newton-Raphson solver converged in 1 iterations

*** WARNING: data set `userModules.view.history' : unknown table: `nodes/nodalHistory'

Iteration       : 70
Elapsed runtime : 4.502 seconds

New displacement factor 1.400

Starting the Newton-Raphson solver `userModules.solver' ...
module `userModules.solver' : residual scale factor = 3.9555e+03
module `userModules.solver' : iter = 1, scaled residual = 1.0585e-05
The Newton-Raphson solver converged in 1 iterations

*** WARNING: data set `userModules.view.history' : unknown table: `nodes/nodalHistory'

Iteration       : 71
Elapsed runtime : 4.519 seconds

New displacement factor 1.420

Starting the Newton-Raphson solver `userModules.solver' ...
module `userModules.solver' : residual scale factor = 4.0071e+03
module `userModules.solver' : iter = 1, scaled residual = 1.0418e-05
The Newton-Raphson solver converged in 1 iterations

*** WARNING: data set `userModules.view.history' : unknown table: `nodes/nodalHistory'

Iteration       : 72
Elapsed runtime : 4.535 seconds

New displacement factor 1.440

Starting the Newton-Raphson solver `userModules.solver' ...
module `userModules.solver' : residual scale factor = 4.0586e+03
module `userModules.solver' : iter = 1, scaled residual = 1.0256e-05
The Newton-Raphson solver converged in 1 iterations

*** WARNING: data set `userModules.view.history' : unknown table: `nodes/nodalHistory'

Iteration       : 73
Elapsed runtime : 4.552 seconds

New displacement factor 1.460

Starting the Newton-Raphson solver `userModules.solver' ...
module `userModules.solver' : residual scale factor = 4.1100e+03
module `userModules.solver' : iter = 1, scaled residual = 1.0099e-05
The Newton-Raphson solver converged in 1 iterations

*** WARNING: data set `userModules.view.history' : unknown table: `nodes/nodalHistory'

Iteration       : 74
Elapsed runtime : 4.570 seconds

New displacement factor 1.480

Starting the Newton-Raphson solver `userModules.solver' ...
module `userModules.solver' : residual scale factor = 4.1613e+03
module `userModules.solver' : iter = 1, scaled residual = 9.9458e-06
The Newton-Raphson solver converged in 1 iterations

*** WARNING: data set `userModules.view.history' : unknown table: `nodes/nodalHistory'

Iteration       : 75
Elapsed runtime : 4.586 seconds

New displacement factor 1.500

Starting the Newton-Raphson solver `userModules.solver' ...
module `userModules.solver' : residual scale factor = 4.2124e+03
module `userModules.solver' : iter = 1, scaled residual = 9.7968e-06
The Newton-Raphson solver converged in 1 iterations

*** WARNING: data set `userModules.view.history' : unknown table: `nodes/nodalHistory'

Iteration       : 76
Elapsed runtime : 4.602 seconds

New displacement factor 1.520

Starting the Newton-Raphson solver `userModules.solver' ...
module `userModules.solver' : residual scale factor = 4.2634e+03
module `userModules.solver' : iter = 1, scaled residual = 9.6518e-06
The Newton-Raphson solver converged in 1 iterations

*** WARNING: data set `userModules.view.history' : unknown table: `nodes/nodalHistory'

Iteration       : 77
Elapsed runtime : 4.619 seconds

New displacement factor 1.540

Starting the Newton-Raphson solver `userModules.solver' ...
module `userModules.solver' : residual scale factor = 4.3143e+03
module `userModules.solver' : iter = 1, scaled residual = 9.5107e-06
The Newton-Raphson solver converged in 1 iterations

*** WARNING: data set `userModules.view.history' : unknown table: `nodes/nodalHistory'

Iteration       : 78
Elapsed runtime : 4.636 seconds

New displacement factor 1.560

Starting the Newton-Raphson solver `userModules.solver' ...
module `userModules.solver' : residual scale factor = 4.3651e+03
module `userModules.solver' : iter = 1, scaled residual = 9.3732e-06
The Newton-Raphson solver converged in 1 iterations

*** WARNING: data set `userModules.view.history' : unknown table: `nodes/nodalHistory'

Iteration       : 79
Elapsed runtime : 4.653 seconds

New displacement factor 1.580

Starting the Newton-Raphson solver `userModules.solver' ...
module `userModules.solver' : residual scale factor = 4.4158e+03
module `userModules.solver' : iter = 1, scaled residual = 9.2392e-06
The Newton-Raphson solver converged in 1 iterations

*** WARNING: data set `userModules.view.history' : unknown table: `nodes/nodalHistory'

Iteration       : 80
Elapsed runtime : 4.670 seconds

New displacement factor 1.600

Starting the Newton-Raphson solver `userModules.solver' ...
module `userModules.solver' : residual scale factor = 4.4663e+03
module `userModules.solver' : iter = 1, scaled residual = 9.1086e-06
The Newton-Raphson solver converged in 1 iterations

*** WARNING: data set `userModules.view.history' : unknown table: `nodes/nodalHistory'

Iteration       : 81
Elapsed runtime : 4.686 seconds

New displacement factor 1.620

Starting the Newton-Raphson solver `userModules.solver' ...
module `userModules.solver' : residual scale factor = 4.5168e+03
module `userModules.solver' : iter = 1, scaled residual = 8.9813e-06
The Newton-Raphson solver converged in 1 iterations

*** WARNING: data set `userModules.view.history' : unknown table: `nodes/nodalHistory'

Iteration       : 82
Elapsed runtime : 4.703 seconds

New displacement factor 1.640

Starting the Newton-Raphson solver `userModules.solver' ...
module `userModules.solver' : residual scale factor = 4.5671e+03
module `userModules.solver' : iter = 1, scaled residual = 8.8571e-06
The Newton-Raphson solver converged in 1 iterations

*** WARNING: data set `userModules.view.history' : unknown table: `nodes/nodalHistory'

Iteration       : 83
Elapsed runtime : 4.719 seconds

New displacement factor 1.660

Starting the Newton-Raphson solver `userModules.solver' ...
module `userModules.solver' : residual scale factor = 4.6174e+03
module `userModules.solver' : iter = 1, scaled residual = 8.7360e-06
The Newton-Raphson solver converged in 1 iterations

*** WARNING: data set `userModules.view.history' : unknown table: `nodes/nodalHistory'

Iteration       : 84
Elapsed runtime : 4.736 seconds

New displacement factor 1.680

Starting the Newton-Raphson solver `userModules.solver' ...
module `userModules.solver' : residual scale factor = 4.6675e+03
module `userModules.solver' : iter = 1, scaled residual = 8.6178e-06
The Newton-Raphson solver converged in 1 iterations

*** WARNING: data set `userModules.view.history' : unknown table: `nodes/nodalHistory'

Iteration       : 85
Elapsed runtime : 4.755 seconds

New displacement factor 1.700

Starting the Newton-Raphson solver `userModules.solver' ...
module `userModules.solver' : residual scale factor = 4.7175e+03
module `userModules.solver' : iter = 1, scaled residual = 8.5025e-06
The Newton-Raphson solver converged in 1 iterations

*** WARNING: data set `userModules.view.history' : unknown table: `nodes/nodalHistory'

Iteration       : 86
Elapsed runtime : 4.771 seconds

New displacement factor 1.720

Starting the Newton-Raphson solver `userModules.solver' ...
module `userModules.solver' : residual scale factor = 4.7674e+03
module `userModules.solver' : iter = 1, scaled residual = 8.3898e-06
The Newton-Raphson solver converged in 1 iterations

*** WARNING: data set `userModules.view.history' : unknown table: `nodes/nodalHistory'

Iteration       : 87
Elapsed runtime : 4.787 seconds

New displacement factor 1.740

Starting the Newton-Raphson solver `userModules.solver' ...
module `userModules.solver' : residual scale factor = 4.8172e+03
module `userModules.solver' : iter = 1, scaled residual = 8.2798e-06
The Newton-Raphson solver converged in 1 iterations

*** WARNING: data set `userModules.view.history' : unknown table: `nodes/nodalHistory'

Iteration       : 88
Elapsed runtime : 4.803 seconds

New displacement factor 1.760

Starting the Newton-Raphson solver `userModules.solver' ...
module `userModules.solver' : residual scale factor = 4.8669e+03
module `userModules.solver' : iter = 1, scaled residual = 8.1723e-06
The Newton-Raphson solver converged in 1 iterations

*** WARNING: data set `userModules.view.history' : unknown table: `nodes/nodalHistory'

Iteration       : 89
Elapsed runtime : 4.819 seconds

New displacement factor 1.780

Starting the Newton-Raphson solver `userModules.solver' ...
module `userModules.solver' : residual scale factor = 4.9164e+03
module `userModules.solver' : iter = 1, scaled residual = 8.0673e-06
The Newton-Raphson solver converged in 1 iterations

*** WARNING: data set `userModules.view.history' : unknown table: `nodes/nodalHistory'

Iteration       : 90
Elapsed runtime : 4.836 seconds

New displacement factor 1.800

Starting the Newton-Raphson solver `userModules.solver' ...
module `userModules.solver' : residual scale factor = 4.9659e+03
module `userModules.solver' : iter = 1, scaled residual = 7.9647e-06
The Newton-Raphson solver converged in 1 iterations

*** WARNING: data set `userModules.view.history' : unknown table: `nodes/nodalHistory'

Iteration       : 91
Elapsed runtime : 4.853 seconds

New displacement factor 1.820

Starting the Newton-Raphson solver `userModules.solver' ...
module `userModules.solver' : residual scale factor = 5.0153e+03
module `userModules.solver' : iter = 1, scaled residual = 7.8643e-06
The Newton-Raphson solver converged in 1 iterations

*** WARNING: data set `userModules.view.history' : unknown table: `nodes/nodalHistory'

Iteration       : 92
Elapsed runtime : 4.869 seconds

New displacement factor 1.840

Starting the Newton-Raphson solver `userModules.solver' ...
module `userModules.solver' : residual scale factor = 5.0646e+03
module `userModules.solver' : iter = 1, scaled residual = 4.9484e-03
module `userModules.solver' : iter = 2, scaled residual = 6.4224e-02
module `userModules.solver' : iter = 3, scaled residual = 1.0964e-02
module `userModules.solver' : iter = 4, scaled residual = 5.9937e-03
module `userModules.solver' : iter = 5, scaled residual = 4.0615e-04
The Newton-Raphson solver converged in 5 iterations

*** WARNING: data set `userModules.view.history' : unknown table: `nodes/nodalHistory'

Iteration       : 93
Elapsed runtime : 4.889 seconds

New displacement factor 1.860

Starting the Newton-Raphson solver `userModules.solver' ...
module `userModules.solver' : residual scale factor = 4.6492e+03
module `userModules.solver' : iter = 1, scaled residual = 5.7476e-02
module `userModules.solver' : iter = 2, scaled residual = 8.3112e-03
module `userModules.solver' : iter = 3, scaled residual = 4.5983e-03
module `userModules.solver' : iter = 4, scaled residual = 2.3040e-04
The Newton-Raphson solver converged in 4 iterations

*** WARNING: data set `userModules.view.history' : unknown table: `nodes/nodalHistory'

Iteration       : 94
Elapsed runtime : 4.902 seconds

New displacement factor 1.880

Starting the Newton-Raphson solver `userModules.solver' ...
module `userModules.solver' : residual scale factor = 4.2002e+03
module `userModules.solver' : iter = 1, scaled residual = 3.0197e-02
module `userModules.solver' : iter = 2, scaled residual = 2.0587e-03
module `userModules.solver' : iter = 3, scaled residual = 1.8442e-03
module `userModules.solver' : iter = 4, scaled residual = 9.8597e-05
The Newton-Raphson solver converged in 4 iterations

*** WARNING: data set `userModules.view.history' : unknown table: `nodes/nodalHistory'

Iteration       : 95
Elapsed runtime : 4.917 seconds

New displacement factor 1.900

Starting the Newton-Raphson solver `userModules.solver' ...
module `userModules.solver' : residual scale factor = 3.9167e+03
module `userModules.solver' : iter = 1, scaled residual = 2.3899e-02
module `userModules.solver' : iter = 2, scaled residual = 1.2323e-03
module `userModules.solver' : iter = 3, scaled residual = 1.3039e-03
module `userModules.solver' : iter = 4, scaled residual = 9.5544e-05
The Newton-Raphson solver converged in 4 iterations

*** WARNING: data set `userModules.view.history' : unknown table: `nodes/nodalHistory'

Iteration       : 96
Elapsed runtime : 4.934 seconds

New displacement factor 1.920

Starting the Newton-Raphson solver `userModules.solver' ...
module `userModules.solver' : residual scale factor = 3.6995e+03
module `userModules.solver' : iter = 1, scaled residual = 2.0913e-02
module `userModules.solver' : iter = 2, scaled residual = 1.1073e-03
module `userModules.solver' : iter = 3, scaled residual = 1.0398e-03
module `userModules.solver' : iter = 4, scaled residual = 8.6608e-05
The Newton-Raphson solver converged in 4 iterations

*** WARNING: data set `userModules.view.history' : unknown table: `nodes/nodalHistory'

Iteration       : 97
Elapsed runtime : 4.951 seconds

New displacement factor 1.940

Starting the Newton-Raphson solver `userModules.solver' ...
module `userModules.solver' : residual scale factor = 3.5186e+03
module `userModules.solver' : iter = 1, scaled residual = 1.9050e-02
module `userModules.solver' : iter = 2, scaled residual = 1.0709e-03
module `userModules.solver' : iter = 3, scaled residual = 8.6914e-04
The Newton-Raphson solver converged in 3 iterations

*** WARNING: data set `userModules.view.history' : unknown table: `nodes/nodalHistory'

Iteration       : 98
Elapsed runtime : 4.967 seconds

New displacement factor 1.960

Starting the Newton-Raphson solver `userModules.solver' ...
module `userModules.solver' : residual scale factor = 3.3609e+03
module `userModules.solver' : iter = 1, scaled residual = 1.7633e-02
module `userModules.solver' : iter = 2, scaled residual = 1.0490e-03
module `userModules.solver' : iter = 3, scaled residual = 7.4011e-04
The Newton-Raphson solver converged in 3 iterations

*** WARNING: data set `userModules.view.history' : unknown table: `nodes/nodalHistory'

Iteration       : 99
Elapsed runtime : 4.984 seconds

New displacement factor 1.980

Starting the Newton-Raphson solver `userModules.solver' ...
module `userModules.solver' : residual scale factor = 3.2212e+03
module `userModules.solver' : iter = 1, scaled residual = 1.6672e-02
module `userModules.solver' : iter = 2, scaled residual = 1.0177e-03
module `userModules.solver' : iter = 3, scaled residual = 6.4791e-04
The Newton-Raphson solver converged in 3 iterations

*** WARNING: data set `userModules.view.history' : unknown table: `nodes/nodalHistory'

Iteration       : 100
Elapsed runtime : 5.001 seconds

New displacement factor 2.000

Starting the Newton-Raphson solver `userModules.solver' ...
module `userModules.solver' : residual scale factor = 3.0946e+03
module `userModules.solver' : iter = 1, scaled residual = 1.5922e-02
module `userModules.solver' : iter = 2, scaled residual = 9.8539e-04
The Newton-Raphson solver converged in 2 iterations

*** WARNING: data set `userModules.view.history' : unknown table: `nodes/nodalHistory'

Iteration       : 101
Elapsed runtime : 7.458 seconds

New displacement factor 2.020

Starting the Newton-Raphson solver `userModules.solver' ...
module `userModules.solver' : residual scale factor = 2.9712e+03
module `userModules.solver' : iter = 1, scaled residual = 1.4729e-02
module `userModules.solver' : iter = 2, scaled residual = 9.1253e-04
The Newton-Raphson solver converged in 2 iterations

*** WARNING: data set `userModules.view.history' : unknown table: `nodes/nodalHistory'

Iteration       : 102
Elapsed runtime : 7.473 seconds

New displacement factor 2.040

Starting the Newton-Raphson solver `userModules.solver' ...
module `userModules.solver' : residual scale factor = 2.8646e+03
module `userModules.solver' : iter = 1, scaled residual = 1.4322e-02
module `userModules.solver' : iter = 2, scaled residual = 8.8731e-04
The Newton-Raphson solver converged in 2 iterations

*** WARNING: data set `userModules.view.history' : unknown table: `nodes/nodalHistory'

Iteration       : 103
Elapsed runtime : 7.486 seconds

New displacement factor 2.060

Starting the Newton-Raphson solver `userModules.solver' ...
module `userModules.solver' : residual scale factor = 2.7647e+03
module `userModules.solver' : iter = 1, scaled residual = 1.3958e-02
module `userModules.solver' : iter = 2, scaled residual = 8.6170e-04
The Newton-Raphson solver converged in 2 iterations

*** WARNING: data set `userModules.view.history' : unknown table: `nodes/nodalHistory'

Iteration       : 104
Elapsed runtime : 7.496 seconds

New displacement factor 2.080

Starting the Newton-Raphson solver `userModules.solver' ...
module `userModules.solver' : residual scale factor = 2.6708e+03
module `userModules.solver' : iter = 1, scaled residual = 1.3652e-02
module `userModules.solver' : iter = 2, scaled residual = 8.3762e-04
The Newton-Raphson solver converged in 2 iterations

*** WARNING: data set `userModules.view.history' : unknown table: `nodes/nodalHistory'

Iteration       : 105
Elapsed runtime : 7.501 seconds

New displacement factor 2.100

Starting the Newton-Raphson solver `userModules.solver' ...
module `userModules.solver' : residual scale factor = 2.5820e+03
module `userModules.solver' : iter = 1, scaled residual = 1.3391e-02
module `userModules.solver' : iter = 2, scaled residual = 8.1508e-04
The Newton-Raphson solver converged in 2 iterations

*** WARNING: data set `userModules.view.history' : unknown table: `nodes/nodalHistory'

Iteration       : 106
Elapsed runtime : 7.505 seconds

New displacement factor 2.120

Starting the Newton-Raphson solver `userModules.solver' ...
module `userModules.solver' : residual scale factor = 2.4977e+03
module `userModules.solver' : iter = 1, scaled residual = 1.3169e-02
module `userModules.solver' : iter = 2, scaled residual = 7.9405e-04
The Newton-Raphson solver converged in 2 iterations

*** WARNING: data set `userModules.view.history' : unknown table: `nodes/nodalHistory'

Iteration       : 107
Elapsed runtime : 7.517 seconds

New displacement factor 2.140

Starting the Newton-Raphson solver `userModules.solver' ...
module `userModules.solver' : residual scale factor = 2.4174e+03
module `userModules.solver' : iter = 1, scaled residual = 1.2980e-02
module `userModules.solver' : iter = 2, scaled residual = 7.7447e-04
The Newton-Raphson solver converged in 2 iterations

*** WARNING: data set `userModules.view.history' : unknown table: `nodes/nodalHistory'

Iteration       : 108
Elapsed runtime : 7.534 seconds

New displacement factor 2.160

Starting the Newton-Raphson solver `userModules.solver' ...
module `userModules.solver' : residual scale factor = 2.3407e+03
module `userModules.solver' : iter = 1, scaled residual = 1.2819e-02
module `userModules.solver' : iter = 2, scaled residual = 7.5627e-04
The Newton-Raphson solver converged in 2 iterations

*** WARNING: data set `userModules.view.history' : unknown table: `nodes/nodalHistory'

Iteration       : 109
Elapsed runtime : 7.550 seconds

New displacement factor 2.180

Starting the Newton-Raphson solver `userModules.solver' ...
module `userModules.solver' : residual scale factor = 2.2672e+03
module `userModules.solver' : iter = 1, scaled residual = 1.2683e-02
module `userModules.solver' : iter = 2, scaled residual = 7.3938e-04
The Newton-Raphson solver converged in 2 iterations

*** WARNING: data set `userModules.view.history' : unknown table: `nodes/nodalHistory'

Iteration       : 110
Elapsed runtime : 7.567 seconds

New displacement factor 2.200

Starting the Newton-Raphson solver `userModules.solver' ...
module `userModules.solver' : residual scale factor = 2.1966e+03
module `userModules.solver' : iter = 1, scaled residual = 1.2569e-02
module `userModules.solver' : iter = 2, scaled residual = 7.2370e-04
The Newton-Raphson solver converged in 2 iterations

*** WARNING: data set `userModules.view.history' : unknown table: `nodes/nodalHistory'

Iteration       : 111
Elapsed runtime : 9.994 seconds

New displacement factor 2.220

Starting the Newton-Raphson solver `userModules.solver' ...
module `userModules.solver' : residual scale factor = 2.1286e+03
module `userModules.solver' : iter = 1, scaled residual = 1.2475e-02
module `userModules.solver' : iter = 2, scaled residual = 7.0917e-04
The Newton-Raphson solver converged in 2 iterations

*** WARNING: data set `userModules.view.history' : unknown table: `nodes/nodalHistory'

Iteration       : 112
Elapsed runtime : 10.01 seconds

New displacement factor 2.240

Starting the Newton-Raphson solver `userModules.solver' ...
module `userModules.solver' : residual scale factor = 2.0630e+03
module `userModules.solver' : iter = 1, scaled residual = 1.2399e-02
module `userModules.solver' : iter = 2, scaled residual = 6.9571e-04
The Newton-Raphson solver converged in 2 iterations

*** WARNING: data set `userModules.view.history' : unknown table: `nodes/nodalHistory'

Iteration       : 113
Elapsed runtime : 10.02 seconds

New displacement factor 2.260

Starting the Newton-Raphson solver `userModules.solver' ...
module `userModules.solver' : residual scale factor = 1.9997e+03
module `userModules.solver' : iter = 1, scaled residual = 1.2339e-02
module `userModules.solver' : iter = 2, scaled residual = 6.8325e-04
The Newton-Raphson solver converged in 2 iterations

*** WARNING: data set `userModules.view.history' : unknown table: `nodes/nodalHistory'

Iteration       : 114
Elapsed runtime : 10.03 seconds

New displacement factor 2.280

Starting the Newton-Raphson solver `userModules.solver' ...
module `userModules.solver' : residual scale factor = 1.9384e+03
module `userModules.solver' : iter = 1, scaled residual = 1.2295e-02
module `userModules.solver' : iter = 2, scaled residual = 6.7175e-04
The Newton-Raphson solver converged in 2 iterations

*** WARNING: data set `userModules.view.history' : unknown table: `nodes/nodalHistory'

Iteration       : 115
Elapsed runtime : 10.04 seconds

New displacement factor 2.300

Starting the Newton-Raphson solver `userModules.solver' ...
module `userModules.solver' : residual scale factor = 1.8790e+03
module `userModules.solver' : iter = 1, scaled residual = 1.2265e-02
module `userModules.solver' : iter = 2, scaled residual = 6.6114e-04
The Newton-Raphson solver converged in 2 iterations

*** WARNING: data set `userModules.view.history' : unknown table: `nodes/nodalHistory'

Iteration       : 116
Elapsed runtime : 10.04 seconds

New displacement factor 2.320

Starting the Newton-Raphson solver `userModules.solver' ...
module `userModules.solver' : residual scale factor = 1.8213e+03
module `userModules.solver' : iter = 1, scaled residual = 1.2249e-02
module `userModules.solver' : iter = 2, scaled residual = 6.5138e-04
The Newton-Raphson solver converged in 2 iterations

*** WARNING: data set `userModules.view.history' : unknown table: `nodes/nodalHistory'

Iteration       : 117
Elapsed runtime : 10.05 seconds

New displacement factor 2.340

Starting the Newton-Raphson solver `userModules.solver' ...
module `userModules.solver' : residual scale factor = 1.7653e+03
module `userModules.solver' : iter = 1, scaled residual = 1.2246e-02
module `userModules.solver' : iter = 2, scaled residual = 6.4242e-04
The Newton-Raphson solver converged in 2 iterations

*** WARNING: data set `userModules.view.history' : unknown table: `nodes/nodalHistory'

Iteration       : 118
Elapsed runtime : 10.07 seconds

New displacement factor 2.360

Starting the Newton-Raphson solver `userModules.solver' ...
module `userModules.solver' : residual scale factor = 1.7108e+03
module `userModules.solver' : iter = 1, scaled residual = 1.2256e-02
module `userModules.solver' : iter = 2, scaled residual = 6.3423e-04
The Newton-Raphson solver converged in 2 iterations

*** WARNING: data set `userModules.view.history' : unknown table: `nodes/nodalHistory'

Iteration       : 119
Elapsed runtime : 10.09 seconds

New displacement factor 2.380

Starting the Newton-Raphson solver `userModules.solver' ...
module `userModules.solver' : residual scale factor = 1.6577e+03
module `userModules.solver' : iter = 1, scaled residual = 1.2278e-02
module `userModules.solver' : iter = 2, scaled residual = 6.2678e-04
The Newton-Raphson solver converged in 2 iterations

*** WARNING: data set `userModules.view.history' : unknown table: `nodes/nodalHistory'

Iteration       : 120
Elapsed runtime : 10.10 seconds

New displacement factor 2.400

Starting the Newton-Raphson solver `userModules.solver' ...
module `userModules.solver' : residual scale factor = 1.6060e+03
module `userModules.solver' : iter = 1, scaled residual = 1.2313e-02
module `userModules.solver' : iter = 2, scaled residual = 6.2004e-04
The Newton-Raphson solver converged in 2 iterations

*** WARNING: data set `userModules.view.history' : unknown table: `nodes/nodalHistory'

Iteration       : 121
Elapsed runtime : 11.45 seconds

New displacement factor 2.420

Starting the Newton-Raphson solver `userModules.solver' ...
module `userModules.solver' : residual scale factor = 1.5556e+03
module `userModules.solver' : iter = 1, scaled residual = 1.2359e-02
module `userModules.solver' : iter = 2, scaled residual = 6.1398e-04
The Newton-Raphson solver converged in 2 iterations

*** WARNING: data set `userModules.view.history' : unknown table: `nodes/nodalHistory'

Iteration       : 122
Elapsed runtime : 11.46 seconds

New displacement factor 2.440

Starting the Newton-Raphson solver `userModules.solver' ...
module `userModules.solver' : residual scale factor = 1.5063e+03
module `userModules.solver' : iter = 1, scaled residual = 1.2418e-02
module `userModules.solver' : iter = 2, scaled residual = 6.0859e-04
The Newton-Raphson solver converged in 2 iterations

*** WARNING: data set `userModules.view.history' : unknown table: `nodes/nodalHistory'

Iteration       : 123
Elapsed runtime : 11.48 seconds

New displacement factor 2.460

Starting the Newton-Raphson solver `userModules.solver' ...
module `userModules.solver' : residual scale factor = 1.4582e+03
module `userModules.solver' : iter = 1, scaled residual = 1.2489e-02
module `userModules.solver' : iter = 2, scaled residual = 6.0385e-04
The Newton-Raphson solver converged in 2 iterations

*** WARNING: data set `userModules.view.history' : unknown table: `nodes/nodalHistory'

Iteration       : 124
Elapsed runtime : 11.49 seconds

New displacement factor 2.480

Starting the Newton-Raphson solver `userModules.solver' ...
module `userModules.solver' : residual scale factor = 1.4112e+03
module `userModules.solver' : iter = 1, scaled residual = 1.2573e-02
module `userModules.solver' : iter = 2, scaled residual = 5.9975e-04
The Newton-Raphson solver converged in 2 iterations

*** WARNING: data set `userModules.view.history' : unknown table: `nodes/nodalHistory'

Iteration       : 125
Elapsed runtime : 11.50 seconds

New displacement factor 2.500

Starting the Newton-Raphson solver `userModules.solver' ...
module `userModules.solver' : residual scale factor = 1.3651e+03
module `userModules.solver' : iter = 1, scaled residual = 1.2669e-02
module `userModules.solver' : iter = 2, scaled residual = 5.9628e-04
The Newton-Raphson solver converged in 2 iterations

*** WARNING: data set `userModules.view.history' : unknown table: `nodes/nodalHistory'

Iteration       : 126
Elapsed runtime : 11.50 seconds

New displacement factor 2.520

Starting the Newton-Raphson solver `userModules.solver' ...
module `userModules.solver' : residual scale factor = 1.3200e+03
module `userModules.solver' : iter = 1, scaled residual = 1.2778e-02
module `userModules.solver' : iter = 2, scaled residual = 5.9344e-04
The Newton-Raphson solver converged in 2 iterations

*** WARNING: data set `userModules.view.history' : unknown table: `nodes/nodalHistory'

Iteration       : 127
Elapsed runtime : 11.51 seconds

New displacement factor 2.540

Starting the Newton-Raphson solver `userModules.solver' ...
module `userModules.solver' : residual scale factor = 1.2759e+03
module `userModules.solver' : iter = 1, scaled residual = 1.2901e-02
module `userModules.solver' : iter = 2, scaled residual = 5.9122e-04
The Newton-Raphson solver converged in 2 iterations

*** WARNING: data set `userModules.view.history' : unknown table: `nodes/nodalHistory'

Iteration       : 128
Elapsed runtime : 11.52 seconds

New displacement factor 2.560

Starting the Newton-Raphson solver `userModules.solver' ...
module `userModules.solver' : residual scale factor = 1.2326e+03
module `userModules.solver' : iter = 1, scaled residual = 1.3038e-02
module `userModules.solver' : iter = 2, scaled residual = 5.8964e-04
The Newton-Raphson solver converged in 2 iterations

*** WARNING: data set `userModules.view.history' : unknown table: `nodes/nodalHistory'

Iteration       : 129
Elapsed runtime : 11.54 seconds

New displacement factor 2.580

Starting the Newton-Raphson solver `userModules.solver' ...
module `userModules.solver' : residual scale factor = 1.1901e+03
module `userModules.solver' : iter = 1, scaled residual = 1.3190e-02
module `userModules.solver' : iter = 2, scaled residual = 5.8870e-04
The Newton-Raphson solver converged in 2 iterations

*** WARNING: data set `userModules.view.history' : unknown table: `nodes/nodalHistory'

Iteration       : 130
Elapsed runtime : 11.55 seconds

New displacement factor 2.600

Starting the Newton-Raphson solver `userModules.solver' ...
module `userModules.solver' : residual scale factor = 1.1485e+03
module `userModules.solver' : iter = 1, scaled residual = 1.3357e-02
module `userModules.solver' : iter = 2, scaled residual = 5.8841e-04
The Newton-Raphson solver converged in 2 iterations

*** WARNING: data set `userModules.view.history' : unknown table: `nodes/nodalHistory'

Iteration       : 131
Elapsed runtime : 13.29 seconds

New displacement factor 2.620

Starting the Newton-Raphson solver `userModules.solver' ...
module `userModules.solver' : residual scale factor = 1.1075e+03
module `userModules.solver' : iter = 1, scaled residual = 1.3541e-02
module `userModules.solver' : iter = 2, scaled residual = 5.8879e-04
The Newton-Raphson solver converged in 2 iterations

*** WARNING: data set `userModules.view.history' : unknown table: `nodes/nodalHistory'

Iteration       : 132
Elapsed runtime : 13.30 seconds

New displacement factor 2.640

Starting the Newton-Raphson solver `userModules.solver' ...
module `userModules.solver' : residual scale factor = 1.0674e+03
module `userModules.solver' : iter = 1, scaled residual = 1.3743e-02
module `userModules.solver' : iter = 2, scaled residual = 5.8986e-04
The Newton-Raphson solver converged in 2 iterations

*** WARNING: data set `userModules.view.history' : unknown table: `nodes/nodalHistory'

Iteration       : 133
Elapsed runtime : 13.32 seconds

New displacement factor 2.660

Starting the Newton-Raphson solver `userModules.solver' ...
module `userModules.solver' : residual scale factor = 1.0279e+03
module `userModules.solver' : iter = 1, scaled residual = 1.3963e-02
module `userModules.solver' : iter = 2, scaled residual = 5.9164e-04
The Newton-Raphson solver converged in 2 iterations

*** WARNING: data set `userModules.view.history' : unknown table: `nodes/nodalHistory'

Iteration       : 134
Elapsed runtime : 13.32 seconds

New displacement factor 2.680

Starting the Newton-Raphson solver `userModules.solver' ...
module `userModules.solver' : residual scale factor = 9.8903e+02
module `userModules.solver' : iter = 1, scaled residual = 1.4204e-02
module `userModules.solver' : iter = 2, scaled residual = 5.9417e-04
The Newton-Raphson solver converged in 2 iterations

*** WARNING: data set `userModules.view.history' : unknown table: `nodes/nodalHistory'

Iteration       : 135
Elapsed runtime : 13.33 seconds

New displacement factor 2.700

Starting the Newton-Raphson solver `userModules.solver' ...
module `userModules.solver' : residual scale factor = 9.5085e+02
module `userModules.solver' : iter = 1, scaled residual = 1.4466e-02
module `userModules.solver' : iter = 2, scaled residual = 5.9750e-04
The Newton-Raphson solver converged in 2 iterations

*** WARNING: data set `userModules.view.history' : unknown table: `nodes/nodalHistory'

Iteration       : 136
Elapsed runtime : 13.33 seconds

New displacement factor 2.720

Starting the Newton-Raphson solver `userModules.solver' ...
module `userModules.solver' : residual scale factor = 9.1327e+02
module `userModules.solver' : iter = 1, scaled residual = 1.4753e-02
module `userModules.solver' : iter = 2, scaled residual = 6.0166e-04
The Newton-Raphson solver converged in 2 iterations

*** WARNING: data set `userModules.view.history' : unknown table: `nodes/nodalHistory'

Iteration       : 137
Elapsed runtime : 13.35 seconds

New displacement factor 2.740

Starting the Newton-Raphson solver `userModules.solver' ...
module `userModules.solver' : residual scale factor = 8.7629e+02
module `userModules.solver' : iter = 1, scaled residual = 1.5065e-02
module `userModules.solver' : iter = 2, scaled residual = 6.0671e-04
The Newton-Raphson solver converged in 2 iterations

*** WARNING: data set `userModules.view.history' : unknown table: `nodes/nodalHistory'

Iteration       : 138
Elapsed runtime : 13.37 seconds

New displacement factor 2.760

Starting the Newton-Raphson solver `userModules.solver' ...
module `userModules.solver' : residual scale factor = 8.3987e+02
module `userModules.solver' : iter = 1, scaled residual = 1.5406e-02
module `userModules.solver' : iter = 2, scaled residual = 6.1272e-04
The Newton-Raphson solver converged in 2 iterations

*** WARNING: data set `userModules.view.history' : unknown table: `nodes/nodalHistory'

Iteration       : 139
Elapsed runtime : 13.38 seconds

New displacement factor 2.780

Starting the Newton-Raphson solver `userModules.solver' ...
module `userModules.solver' : residual scale factor = 8.0400e+02
module `userModules.solver' : iter = 1, scaled residual = 1.5778e-02
module `userModules.solver' : iter = 2, scaled residual = 6.1978e-04
The Newton-Raphson solver converged in 2 iterations

*** WARNING: data set `userModules.view.history' : unknown table: `nodes/nodalHistory'

Iteration       : 140
Elapsed runtime : 13.40 seconds

New displacement factor 2.800

Starting the Newton-Raphson solver `userModules.solver' ...
module `userModules.solver' : residual scale factor = 7.6866e+02
module `userModules.solver' : iter = 1, scaled residual = 1.6186e-02
module `userModules.solver' : iter = 2, scaled residual = 6.2796e-04
The Newton-Raphson solver converged in 2 iterations

*** WARNING: data set `userModules.view.history' : unknown table: `nodes/nodalHistory'

Iteration       : 141
Elapsed runtime : 14.57 seconds

New displacement factor 2.820

Starting the Newton-Raphson solver `userModules.solver' ...
module `userModules.solver' : residual scale factor = 7.3383e+02
module `userModules.solver' : iter = 1, scaled residual = 1.6632e-02
module `userModules.solver' : iter = 2, scaled residual = 6.3738e-04
The Newton-Raphson solver converged in 2 iterations

*** WARNING: data set `userModules.view.history' : unknown table: `nodes/nodalHistory'

Iteration       : 142
Elapsed runtime : 14.59 seconds

New displacement factor 2.840

Starting the Newton-Raphson solver `userModules.solver' ...
module `userModules.solver' : residual scale factor = 6.9949e+02
module `userModules.solver' : iter = 1, scaled residual = 1.7122e-02
module `userModules.solver' : iter = 2, scaled residual = 6.4818e-04
The Newton-Raphson solver converged in 2 iterations

*** WARNING: data set `userModules.view.history' : unknown table: `nodes/nodalHistory'

Iteration       : 143
Elapsed runtime : 14.61 seconds

New displacement factor 2.860

Starting the Newton-Raphson solver `userModules.solver' ...
module `userModules.solver' : residual scale factor = 6.6562e+02
module `userModules.solver' : iter = 1, scaled residual = 1.7660e-02
module `userModules.solver' : iter = 2, scaled residual = 6.6050e-04
The Newton-Raphson solver converged in 2 iterations

*** WARNING: data set `userModules.view.history' : unknown table: `nodes/nodalHistory'

Iteration       : 144
Elapsed runtime : 14.62 seconds

New displacement factor 2.880

Starting the Newton-Raphson solver `userModules.solver' ...
module `userModules.solver' : residual scale factor = 6.3220e+02
module `userModules.solver' : iter = 1, scaled residual = 1.8255e-02
module `userModules.solver' : iter = 2, scaled residual = 6.7453e-04
The Newton-Raphson solver converged in 2 iterations

*** WARNING: data set `userModules.view.history' : unknown table: `nodes/nodalHistory'

Iteration       : 145
Elapsed runtime : 14.63 seconds

New displacement factor 2.900

Starting the Newton-Raphson solver `userModules.solver' ...
module `userModules.solver' : residual scale factor = 5.9924e+02
module `userModules.solver' : iter = 1, scaled residual = 1.8913e-02
module `userModules.solver' : iter = 2, scaled residual = 6.9050e-04
The Newton-Raphson solver converged in 2 iterations

*** WARNING: data set `userModules.view.history' : unknown table: `nodes/nodalHistory'

Iteration       : 146
Elapsed runtime : 14.63 seconds

New displacement factor 2.920

Starting the Newton-Raphson solver `userModules.solver' ...
module `userModules.solver' : residual scale factor = 5.6670e+02
module `userModules.solver' : iter = 1, scaled residual = 1.9644e-02
module `userModules.solver' : iter = 2, scaled residual = 7.0868e-04
The Newton-Raphson solver converged in 2 iterations

*** WARNING: data set `userModules.view.history' : unknown table: `nodes/nodalHistory'

Iteration       : 147
Elapsed runtime : 14.64 seconds

New displacement factor 2.940

Starting the Newton-Raphson solver `userModules.solver' ...
module `userModules.solver' : residual scale factor = 5.3457e+02
module `userModules.solver' : iter = 1, scaled residual = 2.0459e-02
module `userModules.solver' : iter = 2, scaled residual = 7.2939e-04
The Newton-Raphson solver converged in 2 iterations

*** WARNING: data set `userModules.view.history' : unknown table: `nodes/nodalHistory'

Iteration       : 148
Elapsed runtime : 14.65 seconds

New displacement factor 2.960

Starting the Newton-Raphson solver `userModules.solver' ...
module `userModules.solver' : residual scale factor = 5.0284e+02
module `userModules.solver' : iter = 1, scaled residual = 2.1374e-02
module `userModules.solver' : iter = 2, scaled residual = 7.5305e-04
The Newton-Raphson solver converged in 2 iterations

*** WARNING: data set `userModules.view.history' : unknown table: `nodes/nodalHistory'

Iteration       : 149
Elapsed runtime : 14.67 seconds

New displacement factor 2.980

Starting the Newton-Raphson solver `userModules.solver' ...
module `userModules.solver' : residual scale factor = 4.7151e+02
module `userModules.solver' : iter = 1, scaled residual = 2.2405e-02
module `userModules.solver' : iter = 2, scaled residual = 7.8016e-04
The Newton-Raphson solver converged in 2 iterations

*** WARNING: data set `userModules.view.history' : unknown table: `nodes/nodalHistory'

Iteration       : 150
Elapsed runtime : 14.68 seconds

New displacement factor 3.000

Starting the Newton-Raphson solver `userModules.solver' ...
module `userModules.solver' : residual scale factor = 4.4055e+02
module `userModules.solver' : iter = 1, scaled residual = 2.3574e-02
module `userModules.solver' : iter = 2, scaled residual = 8.1136e-04
The Newton-Raphson solver converged in 2 iterations

*** WARNING: data set `userModules.view.history' : unknown table: `nodes/nodalHistory'

Iteration       : 151
Elapsed runtime : 15.89 seconds

New displacement factor 3.020

Starting the Newton-Raphson solver `userModules.solver' ...
module `userModules.solver' : residual scale factor = 4.0996e+02
module `userModules.solver' : iter = 1, scaled residual = 2.4910e-02
module `userModules.solver' : iter = 2, scaled residual = 8.4746e-04
The Newton-Raphson solver converged in 2 iterations

*** WARNING: data set `userModules.view.history' : unknown table: `nodes/nodalHistory'

Iteration       : 152
Elapsed runtime : 15.90 seconds

New displacement factor 3.040

Starting the Newton-Raphson solver `userModules.solver' ...
module `userModules.solver' : residual scale factor = 3.7972e+02
module `userModules.solver' : iter = 1, scaled residual = 2.6450e-02
module `userModules.solver' : iter = 2, scaled residual = 8.8953e-04
The Newton-Raphson solver converged in 2 iterations

*** WARNING: data set `userModules.view.history' : unknown table: `nodes/nodalHistory'

Iteration       : 153
Elapsed runtime : 15.91 seconds

New displacement factor 3.060

Starting the Newton-Raphson solver `userModules.solver' ...
module `userModules.solver' : residual scale factor = 3.4983e+02
module `userModules.solver' : iter = 1, scaled residual = 2.8242e-02
module `userModules.solver' : iter = 2, scaled residual = 9.3896e-04
The Newton-Raphson solver converged in 2 iterations

*** WARNING: data set `userModules.view.history' : unknown table: `nodes/nodalHistory'

Iteration       : 154
Elapsed runtime : 15.92 seconds

New displacement factor 3.080

Starting the Newton-Raphson solver `userModules.solver' ...
module `userModules.solver' : residual scale factor = 3.2027e+02
module `userModules.solver' : iter = 1, scaled residual = 3.0351e-02
module `userModules.solver' : iter = 2, scaled residual = 9.9763e-04
The Newton-Raphson solver converged in 2 iterations

*** WARNING: data set `userModules.view.history' : unknown table: `nodes/nodalHistory'

Iteration       : 155
Elapsed runtime : 15.92 seconds

New displacement factor 3.100

Starting the Newton-Raphson solver `userModules.solver' ...
module `userModules.solver' : residual scale factor = 2.9104e+02
module `userModules.solver' : iter = 1, scaled residual = 3.2867e-02
module `userModules.solver' : iter = 2, scaled residual = 1.0681e-03
module `userModules.solver' : iter = 3, scaled residual = 1.2398e-04
The Newton-Raphson solver converged in 3 iterations

*** WARNING: data set `userModules.view.history' : unknown table: `nodes/nodalHistory'

Iteration       : 156
Elapsed runtime : 15.93 seconds

New displacement factor 3.120

Starting the Newton-Raphson solver `userModules.solver' ...
module `userModules.solver' : residual scale factor = 2.6253e+02
module `userModules.solver' : iter = 1, scaled residual = 3.5998e-02
module `userModules.solver' : iter = 2, scaled residual = 1.1570e-03
module `userModules.solver' : iter = 3, scaled residual = 1.3205e-04
The Newton-Raphson solver converged in 3 iterations

*** WARNING: data set `userModules.view.history' : unknown table: `nodes/nodalHistory'

Iteration       : 157
Elapsed runtime : 15.93 seconds

New displacement factor 3.140

Starting the Newton-Raphson solver `userModules.solver' ...
module `userModules.solver' : residual scale factor = 2.3391e+02
module `userModules.solver' : iter = 1, scaled residual = 3.9768e-02
module `userModules.solver' : iter = 2, scaled residual = 1.2638e-03
module `userModules.solver' : iter = 3, scaled residual = 1.4189e-04
The Newton-Raphson solver converged in 3 iterations

*** WARNING: data set `userModules.view.history' : unknown table: `nodes/nodalHistory'

Iteration       : 158
Elapsed runtime : 15.95 seconds

New displacement factor 3.160

Starting the Newton-Raphson solver `userModules.solver' ...
module `userModules.solver' : residual scale factor = 2.0558e+02
module `userModules.solver' : iter = 1, scaled residual = 4.4543e-02
module `userModules.solver' : iter = 2, scaled residual = 1.3999e-03
module `userModules.solver' : iter = 3, scaled residual = 1.5462e-04
The Newton-Raphson solver converged in 3 iterations

*** WARNING: data set `userModules.view.history' : unknown table: `nodes/nodalHistory'

Iteration       : 159
Elapsed runtime : 15.97 seconds

New displacement factor 3.180

Starting the Newton-Raphson solver `userModules.solver' ...
module `userModules.solver' : residual scale factor = 1.7756e+02
module `userModules.solver' : iter = 1, scaled residual = 5.0781e-02
module `userModules.solver' : iter = 2, scaled residual = 1.5783e-03
module `userModules.solver' : iter = 3, scaled residual = 1.7153e-04
The Newton-Raphson solver converged in 3 iterations

*** WARNING: data set `userModules.view.history' : unknown table: `nodes/nodalHistory'

Iteration       : 160
Elapsed runtime : 15.98 seconds

New displacement factor 3.200

Starting the Newton-Raphson solver `userModules.solver' ...
module `userModules.solver' : residual scale factor = 1.4981e+02
module `userModules.solver' : iter = 1, scaled residual = 5.9269e-02
module `userModules.solver' : iter = 2, scaled residual = 1.8219e-03
module `userModules.solver' : iter = 3, scaled residual = 1.9486e-04
The Newton-Raphson solver converged in 3 iterations

*** WARNING: data set `userModules.view.history' : unknown table: `nodes/nodalHistory'

Iteration       : 161
Elapsed runtime : 17.19 seconds

New displacement factor 3.220

Starting the Newton-Raphson solver `userModules.solver' ...
module `userModules.solver' : residual scale factor = 1.2234e+02
module `userModules.solver' : iter = 1, scaled residual = 7.1483e-02
module `userModules.solver' : iter = 2, scaled residual = 2.1733e-03
module `userModules.solver' : iter = 3, scaled residual = 2.2879e-04
The Newton-Raphson solver converged in 3 iterations

*** WARNING: data set `userModules.view.history' : unknown table: `nodes/nodalHistory'

Iteration       : 162
Elapsed runtime : 17.21 seconds

New displacement factor 3.240

Starting the Newton-Raphson solver `userModules.solver' ...
module `userModules.solver' : residual scale factor = 9.5140e+01
module `userModules.solver' : iter = 1, scaled residual = 9.0547e-02
module `userModules.solver' : iter = 2, scaled residual = 2.7230e-03
module `userModules.solver' : iter = 3, scaled residual = 2.8219e-04
The Newton-Raphson solver converged in 3 iterations

*** WARNING: data set `userModules.view.history' : unknown table: `nodes/nodalHistory'

Iteration       : 163
Elapsed runtime : 17.22 seconds

New displacement factor 3.260

Starting the Newton-Raphson solver `userModules.solver' ...
module `userModules.solver' : residual scale factor = 6.8203e+01
module `userModules.solver' : iter = 1, scaled residual = 1.2444e-01
module `userModules.solver' : iter = 2, scaled residual = 3.7019e-03
module `userModules.solver' : iter = 3, scaled residual = 3.7771e-04
The Newton-Raphson solver converged in 3 iterations

*** WARNING: data set `userModules.view.history' : unknown table: `nodes/nodalHistory'

Iteration       : 164
Elapsed runtime : 17.23 seconds

New displacement factor 3.280

Starting the Newton-Raphson solver `userModules.solver' ...
module `userModules.solver' : residual scale factor = 4.1522e+01
module `userModules.solver' : iter = 1, scaled residual = 2.0141e-01
module `userModules.solver' : iter = 2, scaled residual = 5.9273e-03
module `userModules.solver' : iter = 3, scaled residual = 5.9550e-04
The Newton-Raphson solver converged in 3 iterations

*** WARNING: data set `userModules.view.history' : unknown table: `nodes/nodalHistory'

Iteration       : 165
Elapsed runtime : 17.24 seconds

New displacement factor 3.300

Starting the Newton-Raphson solver `userModules.solver' ...
module `userModules.solver' : residual scale factor = 1.6592e+01
module `userModules.solver' : iter = 1, scaled residual = 7.3589e-01
module `userModules.solver' : iter = 2, scaled residual = 2.0364e-04
The Newton-Raphson solver converged in 2 iterations

*** WARNING: data set `userModules.view.history' : unknown table: `nodes/nodalHistory'

Iteration       : 166
Elapsed runtime : 17.24 seconds

New displacement factor 3.320

Starting the Newton-Raphson solver `userModules.solver' ...
module `userModules.solver' : residual scale factor = 4.6927e-03
module `userModules.solver' : iter = 1, scaled residual = 5.0885e-08
The Newton-Raphson solver converged in 1 iterations

*** WARNING: data set `userModules.view.history' : unknown table: `nodes/nodalHistory'

Iteration       : 167
Elapsed runtime : 17.25 seconds

New displacement factor 3.340

Starting the Newton-Raphson solver `userModules.solver' ...
module `userModules.solver' : residual scale factor = 3.4803e-10
module `userModules.solver' : iter = 1, scaled residual = 1.6997e-02
module `userModules.solver' : iter = 2, scaled residual = 4.9746e-03
module `userModules.solver' : iter = 3, scaled residual = 3.6083e-03
module `userModules.solver' : iter = 4, scaled residual = 3.5741e-03
module `userModules.solver' : iter = 5, scaled residual = 6.9299e-03
module `userModules.solver' : iter = 6, scaled residual = 3.6744e-03
module `userModules.solver' : iter = 7, scaled residual = 3.6206e-03
module `userModules.solver' : iter = 8, scaled residual = 3.5868e-03
module `userModules.solver' : iter = 9, scaled residual = 3.5647e-03
module `userModules.solver' : iter = 10, scaled residual = 3.5497e-03
module `userModules.solver' : iter = 11, scaled residual = 3.5390e-03
module `userModules.solver' : iter = 12, scaled residual = 3.5312e-03
module `userModules.solver' : iter = 13, scaled residual = 3.5251e-03
module `userModules.solver' : iter = 14, scaled residual = 3.5204e-03
module `userModules.solver' : iter = 15, scaled residual = 7.0149e-03
module `userModules.solver' : iter = 16, scaled residual = 3.6291e-03
module `userModules.solver' : iter = 17, scaled residual = 3.5872e-03
module `userModules.solver' : iter = 18, scaled residual = 3.5614e-03
module `userModules.solver' : iter = 19, scaled residual = 3.5449e-03
module `userModules.solver' : iter = 20, scaled residual = 3.5339e-03
module `userModules.solver' : iter = 21, scaled residual = 3.5262e-03
module `userModules.solver' : iter = 22, scaled residual = 3.5207e-03
module `userModules.solver' : iter = 23, scaled residual = 3.5165e-03
module `userModules.solver' : iter = 24, scaled residual = 3.5133e-03
module `userModules.solver' : iter = 25, scaled residual = 3.5107e-03
module `userModules.solver' : iter = 26, scaled residual = 3.5087e-03
module `userModules.solver' : iter = 27, scaled residual = 3.5070e-03
module `userModules.solver' : iter = 28, scaled residual = 3.5056e-03
module `userModules.solver' : iter = 29, scaled residual = 7.1027e-03
module `userModules.solver' : iter = 30, scaled residual = 3.6021e-03
module `userModules.solver' : iter = 31, scaled residual = 3.5659e-03
module `userModules.solver' : iter = 32, scaled residual = 3.5443e-03
module `userModules.solver' : iter = 33, scaled residual = 3.5310e-03
module `userModules.solver' : iter = 34, scaled residual = 3.5225e-03
module `userModules.solver' : iter = 35, scaled residual = 3.5168e-03
module `userModules.solver' : iter = 36, scaled residual = 3.5129e-03
module `userModules.solver' : iter = 37, scaled residual = 3.5101e-03
module `userModules.solver' : iter = 38, scaled residual = 3.5079e-03
module `userModules.solver' : iter = 39, scaled residual = 3.5063e-03
module `userModules.solver' : iter = 40, scaled residual = 3.5050e-03
module `userModules.solver' : iter = 41, scaled residual = 3.5039e-03
module `userModules.solver' : iter = 42, scaled residual = 3.5030e-03
module `userModules.solver' : iter = 43, scaled residual = 3.5023e-03
module `userModules.solver' : iter = 44, scaled residual = 3.5017e-03
module `userModules.solver' : iter = 45, scaled residual = 1.2754e-02
module `userModules.solver' : iter = 46, scaled residual = 8.2183e-03
module `userModules.solver' : iter = 47, scaled residual = 3.5370e-03
module `userModules.solver' : iter = 48, scaled residual = 3.5265e-03
module `userModules.solver' : iter = 49, scaled residual = 3.5196e-03
module `userModules.solver' : iter = 50, scaled residual = 3.5149e-03
module `userModules.solver' : iter = 51, scaled residual = 3.5116e-03

*** ERROR: Fatal runtime error

*** ERROR:   Type    : jem::Exception
*** ERROR:   Context : module `userModules.solver'
*** ERROR:   Message : no convergence achieved in 51 iterations; final residual: 3.511560e-03

*** ERROR: Stack trace:

*** ERROR:   ../src/feel(_ZN4jive7implict12NonlinModule5solveERKN3jem4util10PropertiesES6_+0x429)
*** ERROR:   [0x558f66a035e1]
*** ERROR:   ../src/feel(_ZN4jive7implict12SolverModule3runERKN3jem4util10PropertiesE+0x4c) [0x558f66a0eea8]
*** ERROR:   ../src/feel(_ZN4jive3app14UserconfModule3runERKN3jem4util10PropertiesE+0x116) [0x558f66c7e6f8]
*** ERROR:   ../src/feel(_ZN4jive3app11ChainModule3runERKN3jem4util10PropertiesE+0x155) [0x558f66c56911]
*** ERROR:   ../src/feel(_ZN4jive3app12ReportModule3runERKN3jem4util10PropertiesE+0x41) [0x558f66c76885]
*** ERROR:   ../src/feel(_ZN4jive3app11Application7runLoopERN3jem6StringERNS0_6ModuleERKNS2_4util10PropertiesESA_SA_+0xd7)
*** ERROR:   [0x558f66c504bb]
*** ERROR:   ../src/feel(_ZN4jive3app11Application4execEiPPcPFN3jem3RefINS0_6ModuleEEEvE+0xc4b)
*** ERROR:   [0x558f66c543f9]
*** ERROR:   ../src/feel(main+0x27) [0x558f669387ea]
*** ERROR:   /lib/x86_64-linux-gnu/libc.so.6(__libc_start_main+0xe7) [0x7fbdb8d1db97]
*** ERROR:   ../src/feel(_start+0x2a) [0x558f6692995a]

